---
!!str 'test':
  !!str 'name': !!str 'man-test'
  !!str 'size':
  - !!int 85
  - !!str 'MB'
  !!str 'kiter': !!int 100
!!str 'cuda':
  !!str 'Kernel':
  - !!float 44.196
  - !!str 'ms'
!!str 'host':
  !!str 'CudaMallocManaged':
  - !!float 8.941
  - !!str 'ms'
  !!str 'Kernel':
  - !!float 44.232
  - !!str 'ms'
  !!str 'Local':
  - !!float 32.299
  - !!str 'ms'
!!str 'elapsed': [!!float 3.25, !!str 's']
nvprof:
  manmem:
    d2h:
      avgchunksize:
      - 166.682617
      - KB
      bandwidth:
      - 6163.818694119779
      - MB/s
      count: 996
      maxchunksize:
      - 0.996094
      - MB
      minchunksize:
      - 4.0
      - KB
      time:
      - 26.302688
      - ms
      totalsize:
      - 162.125
      - MB
    h2d:
      avgchunksize:
      - 1.930059
      - MB
      bandwidth:
      - 6131.332943650961
      - MB/s
      count: 42
      maxchunksize:
      - 2.0
      - MB
      minchunksize:
      - 384.0
      - KB
      time:
      - 13.221024
      - ms
      totalsize:
      - 81.0625
      - MB
  profile:
    elapsed:
    - 30.860151
    - ms

---
!!str 'test':
  !!str 'name': !!str 'man-test'
  !!str 'size':
  - !!int 85
  - !!str 'MB'
  !!str 'kiter': !!int 100
!!str 'cuda':
  !!str 'Kernel':
  - !!float 44.421
  - !!str 'ms'
!!str 'host':
  !!str 'CudaMallocManaged':
  - !!float 9.136
  - !!str 'ms'
  !!str 'Kernel':
  - !!float 44.462
  - !!str 'ms'
  !!str 'Local':
  - !!float 36.779
  - !!str 'ms'
!!str 'elapsed': [!!float 3.26, !!str 's']
nvprof:
  manmem:
    d2h:
      avgchunksize:
      - 166.682617
      - KB
      bandwidth:
      - 6155.513578464963
      - MB/s
      count: 996
      maxchunksize:
      - 0.996094
      - MB
      minchunksize:
      - 4.0
      - KB
      time:
      - 26.338176
      - ms
      totalsize:
      - 162.125
      - MB
    h2d:
      avgchunksize:
      - 1.930059
      - MB
      bandwidth:
      - 6130.843256129141
      - MB/s
      count: 42
      maxchunksize:
      - 2.0
      - MB
      minchunksize:
      - 384.0
      - KB
      time:
      - 13.22208
      - ms
      totalsize:
      - 81.0625
      - MB
  profile:
    elapsed:
    - 30.854838
    - ms

---
!!str 'test':
  !!str 'name': !!str 'man-test'
  !!str 'size':
  - !!int 85
  - !!str 'MB'
  !!str 'kiter': !!int 100
!!str 'cuda':
  !!str 'Kernel':
  - !!float 44.183
  - !!str 'ms'
!!str 'host':
  !!str 'CudaMallocManaged':
  - !!float 9.110
  - !!str 'ms'
  !!str 'Kernel':
  - !!float 44.223
  - !!str 'ms'
  !!str 'Local':
  - !!float 36.871
  - !!str 'ms'
!!str 'elapsed': [!!float 3.26, !!str 's']
nvprof:
  manmem:
    d2h:
      avgchunksize:
      - 166.682617
      - KB
      bandwidth:
      - 6159.210295973371
      - MB/s
      count: 996
      maxchunksize:
      - 0.996094
      - MB
      minchunksize:
      - 4.0
      - KB
      time:
      - 26.322368
      - ms
      totalsize:
      - 162.125
      - MB
    h2d:
      avgchunksize:
      - 1.930059
      - MB
      bandwidth:
      - 6134.629239468682
      - MB/s
      count: 42
      maxchunksize:
      - 2.0
      - MB
      minchunksize:
      - 384.0
      - KB
      time:
      - 13.21392
      - ms
      totalsize:
      - 81.0625
      - MB
  profile:
    elapsed:
    - 30.872564
    - ms

---
!!str 'test':
  !!str 'name': !!str 'man-test'
  !!str 'size':
  - !!int 85
  - !!str 'MB'
  !!str 'kiter': !!int 100
!!str 'cuda':
  !!str 'Kernel':
  - !!float 44.289
  - !!str 'ms'
!!str 'host':
  !!str 'CudaMallocManaged':
  - !!float 9.045
  - !!str 'ms'
  !!str 'Kernel':
  - !!float 44.325
  - !!str 'ms'
  !!str 'Local':
  - !!float 32.315
  - !!str 'ms'
!!str 'elapsed': [!!float 3.25, !!str 's']
nvprof:
  manmem:
    d2h:
      avgchunksize:
      - 166.682617
      - KB
      bandwidth:
      - 6161.592314315737
      - MB/s
      count: 996
      maxchunksize:
      - 0.996094
      - MB
      minchunksize:
      - 4.0
      - KB
      time:
      - 26.312192
      - ms
      totalsize:
      - 162.125
      - MB
    h2d:
      avgchunksize:
      - 1.930059
      - MB
      bandwidth:
      - 6131.347783887925
      - MB/s
      count: 42
      maxchunksize:
      - 2.0
      - MB
      minchunksize:
      - 384.0
      - KB
      time:
      - 13.220992
      - ms
      totalsize:
      - 81.0625
      - MB
  profile:
    elapsed:
    - 30.870326
    - ms

---
!!str 'test':
  !!str 'name': !!str 'man-test'
  !!str 'size':
  - !!int 85
  - !!str 'MB'
  !!str 'kiter': !!int 100
!!str 'cuda':
  !!str 'Kernel':
  - !!float 44.237
  - !!str 'ms'
!!str 'host':
  !!str 'CudaMallocManaged':
  - !!float 9.179
  - !!str 'ms'
  !!str 'Kernel':
  - !!float 44.278
  - !!str 'ms'
  !!str 'Local':
  - !!float 35.765
  - !!str 'ms'
!!str 'elapsed': [!!float 3.27, !!str 's']
nvprof:
  manmem:
    d2h:
      avgchunksize:
      - 166.682617
      - KB
      bandwidth:
      - 6160.977906894732
      - MB/s
      count: 996
      maxchunksize:
      - 0.996094
      - MB
      minchunksize:
      - 4.0
      - KB
      time:
      - 26.314816
      - ms
      totalsize:
      - 162.125
      - MB
    h2d:
      avgchunksize:
      - 1.930059
      - MB
      bandwidth:
      - 6134.703521177923
      - MB/s
      count: 42
      maxchunksize:
      - 2.0
      - MB
      minchunksize:
      - 384.0
      - KB
      time:
      - 13.21376
      - ms
      totalsize:
      - 81.0625
      - MB
  profile:
    elapsed:
    - 30.860075
    - ms

---
!!str 'test':
  !!str 'name': !!str 'man-test'
  !!str 'size':
  - !!int 85
  - !!str 'MB'
  !!str 'kiter': !!int 100
!!str 'cuda':
  !!str 'Kernel':
  - !!float 44.307
  - !!str 'ms'
!!str 'host':
  !!str 'CudaMallocManaged':
  - !!float 9.027
  - !!str 'ms'
  !!str 'Kernel':
  - !!float 44.342
  - !!str 'ms'
  !!str 'Local':
  - !!float 32.358
  - !!str 'ms'
!!str 'elapsed': [!!float 3.23, !!str 's']
nvprof:
  manmem:
    d2h:
      avgchunksize:
      - 166.682617
      - KB
      bandwidth:
      - 6158.820958734589
      - MB/s
      count: 996
      maxchunksize:
      - 0.996094
      - MB
      minchunksize:
      - 4.0
      - KB
      time:
      - 26.324032
      - ms
      totalsize:
      - 162.125
      - MB
    h2d:
      avgchunksize:
      - 1.930059
      - MB
      bandwidth:
      - 6134.332130619559
      - MB/s
      count: 42
      maxchunksize:
      - 2.0
      - MB
      minchunksize:
      - 384.0
      - KB
      time:
      - 13.21456
      - ms
      totalsize:
      - 81.0625
      - MB
  profile:
    elapsed:
    - 30.863758
    - ms

---
!!str 'test':
  !!str 'name': !!str 'man-test'
  !!str 'size':
  - !!int 85
  - !!str 'MB'
  !!str 'kiter': !!int 100
!!str 'cuda':
  !!str 'Kernel':
  - !!float 44.179
  - !!str 'ms'
!!str 'host':
  !!str 'CudaMallocManaged':
  - !!float 9.012
  - !!str 'ms'
  !!str 'Kernel':
  - !!float 44.218
  - !!str 'ms'
  !!str 'Local':
  - !!float 35.561
  - !!str 'ms'
!!str 'elapsed': [!!float 3.25, !!str 's']
nvprof:
  manmem:
    d2h:
      avgchunksize:
      - 166.682617
      - KB
      bandwidth:
      - 6162.611601712646
      - MB/s
      count: 996
      maxchunksize:
      - 0.996094
      - MB
      minchunksize:
      - 4.0
      - KB
      time:
      - 26.30784
      - ms
      totalsize:
      - 162.125
      - MB
    h2d:
      avgchunksize:
      - 1.930059
      - MB
      bandwidth:
      - 6134.525248097796
      - MB/s
      count: 42
      maxchunksize:
      - 2.0
      - MB
      minchunksize:
      - 384.0
      - KB
      time:
      - 13.214144
      - ms
      totalsize:
      - 81.0625
      - MB
  profile:
    elapsed:
    - 30.875122
    - ms

---
!!str 'test':
  !!str 'name': !!str 'man-test'
  !!str 'size':
  - !!int 85
  - !!str 'MB'
  !!str 'kiter': !!int 100
!!str 'cuda':
  !!str 'Kernel':
  - !!float 44.169
  - !!str 'ms'
!!str 'host':
  !!str 'CudaMallocManaged':
  - !!float 9.039
  - !!str 'ms'
  !!str 'Kernel':
  - !!float 44.207
  - !!str 'ms'
  !!str 'Local':
  - !!float 32.290
  - !!str 'ms'
!!str 'elapsed': [!!float 3.22, !!str 's']
nvprof:
  manmem:
    d2h:
      avgchunksize:
      - 166.682617
      - KB
      bandwidth:
      - 6157.720598512591
      - MB/s
      count: 996
      maxchunksize:
      - 0.996094
      - MB
      minchunksize:
      - 4.0
      - KB
      time:
      - 26.328736
      - ms
      totalsize:
      - 162.125
      - MB
    h2d:
      avgchunksize:
      - 1.930059
      - MB
      bandwidth:
      - 6137.810106585321
      - MB/s
      count: 42
      maxchunksize:
      - 2.0
      - MB
      minchunksize:
      - 384.0
      - KB
      time:
      - 13.207072
      - ms
      totalsize:
      - 81.0625
      - MB
  profile:
    elapsed:
    - 30.863898
    - ms

---
!!str 'test':
  !!str 'name': !!str 'man-test'
  !!str 'size':
  - !!int 85
  - !!str 'MB'
  !!str 'kiter': !!int 100
!!str 'cuda':
  !!str 'Kernel':
  - !!float 44.307
  - !!str 'ms'
!!str 'host':
  !!str 'CudaMallocManaged':
  - !!float 9.103
  - !!str 'ms'
  !!str 'Kernel':
  - !!float 44.344
  - !!str 'ms'
  !!str 'Local':
  - !!float 32.308
  - !!str 'ms'
!!str 'elapsed': [!!float 3.23, !!str 's']
nvprof:
  manmem:
    d2h:
      avgchunksize:
      - 166.682617
      - KB
      bandwidth:
      - 6159.165369933624
      - MB/s
      count: 996
      maxchunksize:
      - 0.996094
      - MB
      minchunksize:
      - 4.0
      - KB
      time:
      - 26.32256
      - ms
      totalsize:
      - 162.125
      - MB
    h2d:
      avgchunksize:
      - 1.930059
      - MB
      bandwidth:
      - 6134.525248097796
      - MB/s
      count: 42
      maxchunksize:
      - 2.0
      - MB
      minchunksize:
      - 384.0
      - KB
      time:
      - 13.214144
      - ms
      totalsize:
      - 81.0625
      - MB
  profile:
    elapsed:
    - 30.855376
    - ms

---
!!str 'test':
  !!str 'name': !!str 'man-test'
  !!str 'size':
  - !!int 85
  - !!str 'MB'
  !!str 'kiter': !!int 100
!!str 'cuda':
  !!str 'Kernel':
  - !!float 44.330
  - !!str 'ms'
!!str 'host':
  !!str 'CudaMallocManaged':
  - !!float 9.056
  - !!str 'ms'
  !!str 'Kernel':
  - !!float 44.374
  - !!str 'ms'
  !!str 'Local':
  - !!float 32.349
  - !!str 'ms'
!!str 'elapsed': [!!float 3.20, !!str 's']
nvprof:
  manmem:
    d2h:
      avgchunksize:
      - 166.682617
      - KB
      bandwidth:
      - 6160.468491231825
      - MB/s
      count: 996
      maxchunksize:
      - 0.996094
      - MB
      minchunksize:
      - 4.0
      - KB
      time:
      - 26.316992
      - ms
      totalsize:
      - 162.125
      - MB
    h2d:
      avgchunksize:
      - 1.930059
      - MB
      bandwidth:
      - 6133.396425821635
      - MB/s
      count: 42
      maxchunksize:
      - 2.0
      - MB
      minchunksize:
      - 384.0
      - KB
      time:
      - 13.216576
      - ms
      totalsize:
      - 81.0625
      - MB
  profile:
    elapsed:
    - 30.867994
    - ms

