---
!!str 'test':
  !!str 'name': !!str 'man-test'
  !!str 'size':
  - !!int 49
  - !!str 'MB'
  !!str 'kiter': !!int 100
!!str 'cuda':
  !!str 'Kernel':
  - !!float 25.690
  - !!str 'ms'
!!str 'host':
  !!str 'CudaMallocManaged':
  - !!float 5.281
  - !!str 'ms'
  !!str 'Kernel':
  - !!float 25.727
  - !!str 'ms'
  !!str 'Local':
  - !!float 19.115
  - !!str 'ms'
!!str 'elapsed': [!!float 3.18, !!str 's']
nvprof:
  manmem:
    d2h:
      avgchunksize:
      - 165.006836
      - KB
      bandwidth:
      - 6160.8731133916235
      - MB/s
      count: 580
      maxchunksize:
      - 0.996094
      - MB
      minchunksize:
      - 4.0
      - KB
      time:
      - 15.17008
      - ms
      totalsize:
      - 93.460938
      - MB
    h2d:
      avgchunksize:
      - 1.869218
      - MB
      bandwidth:
      - 6131.1656103971345
      - MB/s
      count: 25
      maxchunksize:
      - 2.0
      - MB
      minchunksize:
      - 364.0
      - KB
      time:
      - 7.621792
      - ms
      totalsize:
      - 46.730469
      - MB
  profile:
    elapsed:
    - 17.800427
    - ms

---
!!str 'test':
  !!str 'name': !!str 'man-test'
  !!str 'size':
  - !!int 49
  - !!str 'MB'
  !!str 'kiter': !!int 100
!!str 'cuda':
  !!str 'Kernel':
  - !!float 25.703
  - !!str 'ms'
!!str 'host':
  !!str 'CudaMallocManaged':
  - !!float 5.228
  - !!str 'ms'
  !!str 'Kernel':
  - !!float 25.738
  - !!str 'ms'
  !!str 'Local':
  - !!float 18.645
  - !!str 'ms'
!!str 'elapsed': [!!float 3.18, !!str 's']
nvprof:
  manmem:
    d2h:
      avgchunksize:
      - 165.006836
      - KB
      bandwidth:
      - 6163.96767702136
      - MB/s
      count: 580
      maxchunksize:
      - 0.996094
      - MB
      minchunksize:
      - 4.0
      - KB
      time:
      - 15.162464
      - ms
      totalsize:
      - 93.460938
      - MB
    h2d:
      avgchunksize:
      - 1.869218
      - MB
      bandwidth:
      - 6131.448781332661
      - MB/s
      count: 25
      maxchunksize:
      - 2.0
      - MB
      minchunksize:
      - 364.0
      - KB
      time:
      - 7.62144
      - ms
      totalsize:
      - 46.730469
      - MB
  profile:
    elapsed:
    - 17.792168
    - ms

---
!!str 'test':
  !!str 'name': !!str 'man-test'
  !!str 'size':
  - !!int 49
  - !!str 'MB'
  !!str 'kiter': !!int 100
!!str 'cuda':
  !!str 'Kernel':
  - !!float 25.728
  - !!str 'ms'
!!str 'host':
  !!str 'CudaMallocManaged':
  - !!float 5.441
  - !!str 'ms'
  !!str 'Kernel':
  - !!float 25.760
  - !!str 'ms'
  !!str 'Local':
  - !!float 18.599
  - !!str 'ms'
!!str 'elapsed': [!!float 3.18, !!str 's']
nvprof:
  manmem:
    d2h:
      avgchunksize:
      - 165.006836
      - KB
      bandwidth:
      - 6164.227865987628
      - MB/s
      count: 580
      maxchunksize:
      - 0.996094
      - MB
      minchunksize:
      - 4.0
      - KB
      time:
      - 15.161824
      - ms
      totalsize:
      - 93.460938
      - MB
    h2d:
      avgchunksize:
      - 1.869218
      - MB
      bandwidth:
      - 6136.653483871781
      - MB/s
      count: 25
      maxchunksize:
      - 2.0
      - MB
      minchunksize:
      - 364.0
      - KB
      time:
      - 7.614976
      - ms
      totalsize:
      - 46.730469
      - MB
  profile:
    elapsed:
    - 17.790573
    - ms

---
!!str 'test':
  !!str 'name': !!str 'man-test'
  !!str 'size':
  - !!int 49
  - !!str 'MB'
  !!str 'kiter': !!int 100
!!str 'cuda':
  !!str 'Kernel':
  - !!float 25.504
  - !!str 'ms'
!!str 'host':
  !!str 'CudaMallocManaged':
  - !!float 5.194
  - !!str 'ms'
  !!str 'Kernel':
  - !!float 25.538
  - !!str 'ms'
  !!str 'Local':
  - !!float 18.744
  - !!str 'ms'
!!str 'elapsed': [!!float 3.14, !!str 's']
nvprof:
  manmem:
    d2h:
      avgchunksize:
      - 165.006836
      - KB
      bandwidth:
      - 6164.188836242375
      - MB/s
      count: 580
      maxchunksize:
      - 0.996094
      - MB
      minchunksize:
      - 4.0
      - KB
      time:
      - 15.16192
      - ms
      totalsize:
      - 93.460938
      - MB
    h2d:
      avgchunksize:
      - 1.869218
      - MB
      bandwidth:
      - 6130.985424328681
      - MB/s
      count: 25
      maxchunksize:
      - 2.0
      - MB
      minchunksize:
      - 364.0
      - KB
      time:
      - 7.622016
      - ms
      totalsize:
      - 46.730469
      - MB
  profile:
    elapsed:
    - 17.795882
    - ms

---
!!str 'test':
  !!str 'name': !!str 'man-test'
  !!str 'size':
  - !!int 49
  - !!str 'MB'
  !!str 'kiter': !!int 100
!!str 'cuda':
  !!str 'Kernel':
  - !!float 25.804
  - !!str 'ms'
!!str 'host':
  !!str 'CudaMallocManaged':
  - !!float 5.422
  - !!str 'ms'
  !!str 'Kernel':
  - !!float 25.847
  - !!str 'ms'
  !!str 'Local':
  - !!float 24.428
  - !!str 'ms'
!!str 'elapsed': [!!float 3.18, !!str 's']
nvprof:
  manmem:
    d2h:
      avgchunksize:
      - 165.006836
      - KB
      bandwidth:
      - 6153.629959989296
      - MB/s
      count: 580
      maxchunksize:
      - 0.996094
      - MB
      minchunksize:
      - 4.0
      - KB
      time:
      - 15.187936
      - ms
      totalsize:
      - 93.460938
      - MB
    h2d:
      avgchunksize:
      - 1.869218
      - MB
      bandwidth:
      - 6130.444929662607
      - MB/s
      count: 25
      maxchunksize:
      - 2.0
      - MB
      minchunksize:
      - 364.0
      - KB
      time:
      - 7.622688
      - ms
      totalsize:
      - 46.730469
      - MB
  profile:
    elapsed:
    - 17.801488
    - ms

---
!!str 'test':
  !!str 'name': !!str 'man-test'
  !!str 'size':
  - !!int 49
  - !!str 'MB'
  !!str 'kiter': !!int 100
!!str 'cuda':
  !!str 'Kernel':
  - !!float 25.611
  - !!str 'ms'
!!str 'host':
  !!str 'CudaMallocManaged':
  - !!float 5.263
  - !!str 'ms'
  !!str 'Kernel':
  - !!float 25.644
  - !!str 'ms'
  !!str 'Local':
  - !!float 18.657
  - !!str 'ms'
!!str 'elapsed': [!!float 3.18, !!str 's']
nvprof:
  manmem:
    d2h:
      avgchunksize:
      - 165.006836
      - KB
      bandwidth:
      - 6152.813254446097
      - MB/s
      count: 580
      maxchunksize:
      - 0.996094
      - MB
      minchunksize:
      - 4.0
      - KB
      time:
      - 15.189952
      - ms
      totalsize:
      - 93.460938
      - MB
    h2d:
      avgchunksize:
      - 1.869218
      - MB
      bandwidth:
      - 6137.091906526974
      - MB/s
      count: 25
      maxchunksize:
      - 2.0
      - MB
      minchunksize:
      - 364.0
      - KB
      time:
      - 7.614432
      - ms
      totalsize:
      - 46.730469
      - MB
  profile:
    elapsed:
    - 17.790348
    - ms

---
!!str 'test':
  !!str 'name': !!str 'man-test'
  !!str 'size':
  - !!int 49
  - !!str 'MB'
  !!str 'kiter': !!int 100
!!str 'cuda':
  !!str 'Kernel':
  - !!float 25.832
  - !!str 'ms'
!!str 'host':
  !!str 'CudaMallocManaged':
  - !!float 5.339
  - !!str 'ms'
  !!str 'Kernel':
  - !!float 25.874
  - !!str 'ms'
  !!str 'Local':
  - !!float 23.324
  - !!str 'ms'
!!str 'elapsed': [!!float 3.17, !!str 's']
nvprof:
  manmem:
    d2h:
      avgchunksize:
      - 165.006836
      - KB
      bandwidth:
      - 6162.485019232351
      - MB/s
      count: 580
      maxchunksize:
      - 0.996094
      - MB
      minchunksize:
      - 4.0
      - KB
      time:
      - 15.166112
      - ms
      totalsize:
      - 93.460938
      - MB
    h2d:
      avgchunksize:
      - 1.869218
      - MB
      bandwidth:
      - 6130.239051998808
      - MB/s
      count: 25
      maxchunksize:
      - 2.0
      - MB
      minchunksize:
      - 364.0
      - KB
      time:
      - 7.622944
      - ms
      totalsize:
      - 46.730469
      - MB
  profile:
    elapsed:
    - 17.796585
    - ms

---
!!str 'test':
  !!str 'name': !!str 'man-test'
  !!str 'size':
  - !!int 49
  - !!str 'MB'
  !!str 'kiter': !!int 100
!!str 'cuda':
  !!str 'Kernel':
  - !!float 25.496
  - !!str 'ms'
!!str 'host':
  !!str 'CudaMallocManaged':
  - !!float 5.268
  - !!str 'ms'
  !!str 'Kernel':
  - !!float 25.529
  - !!str 'ms'
  !!str 'Local':
  - !!float 18.636
  - !!str 'ms'
!!str 'elapsed': [!!float 3.18, !!str 's']
nvprof:
  manmem:
    d2h:
      avgchunksize:
      - 165.006836
      - KB
      bandwidth:
      - 6149.393225602696
      - MB/s
      count: 580
      maxchunksize:
      - 0.996094
      - MB
      minchunksize:
      - 4.0
      - KB
      time:
      - 15.1984
      - ms
      totalsize:
      - 93.460938
      - MB
    h2d:
      avgchunksize:
      - 1.869218
      - MB
      bandwidth:
      - 6136.576121670288
      - MB/s
      count: 25
      maxchunksize:
      - 2.0
      - MB
      minchunksize:
      - 364.0
      - KB
      time:
      - 7.615072
      - ms
      totalsize:
      - 46.730469
      - MB
  profile:
    elapsed:
    - 17.789484
    - ms

---
!!str 'test':
  !!str 'name': !!str 'man-test'
  !!str 'size':
  - !!int 49
  - !!str 'MB'
  !!str 'kiter': !!int 100
!!str 'cuda':
  !!str 'Kernel':
  - !!float 25.844
  - !!str 'ms'
!!str 'host':
  !!str 'CudaMallocManaged':
  - !!float 5.278
  - !!str 'ms'
  !!str 'Kernel':
  - !!float 25.876
  - !!str 'ms'
  !!str 'Local':
  - !!float 18.621
  - !!str 'ms'
!!str 'elapsed': [!!float 3.15, !!str 's']
nvprof:
  manmem:
    d2h:
      avgchunksize:
      - 165.006836
      - KB
      bandwidth:
      - 6161.081053857301
      - MB/s
      count: 580
      maxchunksize:
      - 0.996094
      - MB
      minchunksize:
      - 4.0
      - KB
      time:
      - 15.169568
      - ms
      totalsize:
      - 93.460938
      - MB
    h2d:
      avgchunksize:
      - 1.869218
      - MB
      bandwidth:
      - 6136.808214126625
      - MB/s
      count: 25
      maxchunksize:
      - 2.0
      - MB
      minchunksize:
      - 364.0
      - KB
      time:
      - 7.614784
      - ms
      totalsize:
      - 46.730469
      - MB
  profile:
    elapsed:
    - 17.792234
    - ms

---
!!str 'test':
  !!str 'name': !!str 'man-test'
  !!str 'size':
  - !!int 49
  - !!str 'MB'
  !!str 'kiter': !!int 100
!!str 'cuda':
  !!str 'Kernel':
  - !!float 25.832
  - !!str 'ms'
!!str 'host':
  !!str 'CudaMallocManaged':
  - !!float 5.287
  - !!str 'ms'
  !!str 'Kernel':
  - !!float 25.875
  - !!str 'ms'
  !!str 'Local':
  - !!float 24.429
  - !!str 'ms'
!!str 'elapsed': [!!float 3.21, !!str 's']
nvprof:
  manmem:
    d2h:
      avgchunksize:
      - 165.006836
      - KB
      bandwidth:
      - 6163.564427528921
      - MB/s
      count: 580
      maxchunksize:
      - 0.996094
      - MB
      minchunksize:
      - 4.0
      - KB
      time:
      - 15.163456
      - ms
      totalsize:
      - 93.460938
      - MB
    h2d:
      avgchunksize:
      - 1.869218
      - MB
      bandwidth:
      - 6136.834003261039
      - MB/s
      count: 25
      maxchunksize:
      - 2.0
      - MB
      minchunksize:
      - 364.0
      - KB
      time:
      - 7.614752
      - ms
      totalsize:
      - 46.730469
      - MB
  profile:
    elapsed:
    - 17.792396
    - ms

