---
!!str 'test':
  !!str 'name': !!str 'man-test'
  !!str 'size':
  - !!int 2
  - !!str 'MB'
  !!str 'kiter': !!int 100
!!str 'cuda':
  !!str 'Kernel':
  - !!float 1.400
  - !!str 'ms'
!!str 'host':
  !!str 'CudaMallocManaged':
  - !!float 0.425
  - !!str 'ms'
  !!str 'Kernel':
  - !!float 1.430
  - !!str 'ms'
  !!str 'Local':
  - !!float 1.171
  - !!str 'ms'
!!str 'elapsed': [!!float 3.09, !!str 's']
nvprof:
  manmem:
    d2h:
      avgchunksize:
      - 97.799805
      - KB
      bandwidth:
      - 6104.138971264956
      - MB/s
      count: 40
      maxchunksize:
      - 544.0
      - KB
      minchunksize:
      - 4.0
      - KB
      time:
      - 0.625856
      - ms
      totalsize:
      - 3.820312
      - MB
    h2d:
      avgchunksize:
      - 978.0
      - KB
      bandwidth:
      - 6111.013001638002
      - MB/s
      count: 2
      maxchunksize:
      - 1.535156
      - MB
      minchunksize:
      - 384.0
      - KB
      time:
      - 0.312576
      - ms
      totalsize:
      - 1.910156
      - MB
  profile:
    elapsed:
    - 0.739592
    - ms

---
!!str 'test':
  !!str 'name': !!str 'man-test'
  !!str 'size':
  - !!int 2
  - !!str 'MB'
  !!str 'kiter': !!int 100
!!str 'cuda':
  !!str 'Kernel':
  - !!float 1.183
  - !!str 'ms'
!!str 'host':
  !!str 'CudaMallocManaged':
  - !!float 0.407
  - !!str 'ms'
  !!str 'Kernel':
  - !!float 1.202
  - !!str 'ms'
  !!str 'Local':
  - !!float 0.804
  - !!str 'ms'
!!str 'elapsed': [!!float 3.11, !!str 's']
nvprof:
  manmem:
    d2h:
      avgchunksize:
      - 97.799805
      - KB
      bandwidth:
      - 6008.2913940614
      - MB/s
      count: 40
      maxchunksize:
      - 544.0
      - KB
      minchunksize:
      - 4.0
      - KB
      time:
      - 0.63584
      - ms
      totalsize:
      - 3.820312
      - MB
    h2d:
      avgchunksize:
      - 978.0
      - KB
      bandwidth:
      - 6113.5164891437935
      - MB/s
      count: 2
      maxchunksize:
      - 1.535156
      - MB
      minchunksize:
      - 384.0
      - KB
      time:
      - 0.312448
      - ms
      totalsize:
      - 1.910156
      - MB
  profile:
    elapsed:
    - 0.7442
    - ms

---
!!str 'test':
  !!str 'name': !!str 'man-test'
  !!str 'size':
  - !!int 2
  - !!str 'MB'
  !!str 'kiter': !!int 100
!!str 'cuda':
  !!str 'Kernel':
  - !!float 1.199
  - !!str 'ms'
!!str 'host':
  !!str 'CudaMallocManaged':
  - !!float 0.398
  - !!str 'ms'
  !!str 'Kernel':
  - !!float 1.219
  - !!str 'ms'
  !!str 'Local':
  - !!float 0.795
  - !!str 'ms'
!!str 'elapsed': [!!float 3.09, !!str 's']
nvprof:
  manmem:
    d2h:
      avgchunksize:
      - 97.799805
      - KB
      bandwidth:
      - 6058.294428092966
      - MB/s
      count: 40
      maxchunksize:
      - 544.0
      - KB
      minchunksize:
      - 4.0
      - KB
      time:
      - 0.630592
      - ms
      totalsize:
      - 3.820312
      - MB
    h2d:
      avgchunksize:
      - 978.0
      - KB
      bandwidth:
      - 6111.638681273676
      - MB/s
      count: 2
      maxchunksize:
      - 1.535156
      - MB
      minchunksize:
      - 384.0
      - KB
      time:
      - 0.312544
      - ms
      totalsize:
      - 1.910156
      - MB
  profile:
    elapsed:
    - 0.739304
    - ms

---
!!str 'test':
  !!str 'name': !!str 'man-test'
  !!str 'size':
  - !!int 2
  - !!str 'MB'
  !!str 'kiter': !!int 100
!!str 'cuda':
  !!str 'Kernel':
  - !!float 1.337
  - !!str 'ms'
!!str 'host':
  !!str 'CudaMallocManaged':
  - !!float 0.395
  - !!str 'ms'
  !!str 'Kernel':
  - !!float 1.378
  - !!str 'ms'
  !!str 'Local':
  - !!float 1.342
  - !!str 'ms'
!!str 'elapsed': [!!float 3.11, !!str 's']
nvprof:
  manmem:
    d2h:
      avgchunksize:
      - 97.799805
      - KB
      bandwidth:
      - 5993.210341365462
      - MB/s
      count: 40
      maxchunksize:
      - 544.0
      - KB
      minchunksize:
      - 4.0
      - KB
      time:
      - 0.63744
      - ms
      totalsize:
      - 3.820312
      - MB
    h2d:
      avgchunksize:
      - 978.0
      - KB
      bandwidth:
      - 6112.890424987199
      - MB/s
      count: 2
      maxchunksize:
      - 1.535156
      - MB
      minchunksize:
      - 384.0
      - KB
      time:
      - 0.31248
      - ms
      totalsize:
      - 1.910156
      - MB
  profile:
    elapsed:
    - 0.74212
    - ms

---
!!str 'test':
  !!str 'name': !!str 'man-test'
  !!str 'size':
  - !!int 2
  - !!str 'MB'
  !!str 'kiter': !!int 100
!!str 'cuda':
  !!str 'Kernel':
  - !!float 1.270
  - !!str 'ms'
!!str 'host':
  !!str 'CudaMallocManaged':
  - !!float 0.335
  - !!str 'ms'
  !!str 'Kernel':
  - !!float 1.291
  - !!str 'ms'
  !!str 'Local':
  - !!float 0.796
  - !!str 'ms'
!!str 'elapsed': [!!float 3.08, !!str 's']
nvprof:
  manmem:
    d2h:
      avgchunksize:
      - 97.799805
      - KB
      bandwidth:
      - 6008.593789320045
      - MB/s
      count: 40
      maxchunksize:
      - 544.0
      - KB
      minchunksize:
      - 4.0
      - KB
      time:
      - 0.635808
      - ms
      totalsize:
      - 3.820312
      - MB
    h2d:
      avgchunksize:
      - 978.0
      - KB
      bandwidth:
      - 6113.5164891437935
      - MB/s
      count: 2
      maxchunksize:
      - 1.535156
      - MB
      minchunksize:
      - 384.0
      - KB
      time:
      - 0.312448
      - ms
      totalsize:
      - 1.910156
      - MB
  profile:
    elapsed:
    - 0.739304
    - ms

---
!!str 'test':
  !!str 'name': !!str 'man-test'
  !!str 'size':
  - !!int 2
  - !!str 'MB'
  !!str 'kiter': !!int 100
!!str 'cuda':
  !!str 'Kernel':
  - !!float 1.200
  - !!str 'ms'
!!str 'host':
  !!str 'CudaMallocManaged':
  - !!float 0.330
  - !!str 'ms'
  !!str 'Kernel':
  - !!float 1.231
  - !!str 'ms'
  !!str 'Local':
  - !!float 0.808
  - !!str 'ms'
!!str 'elapsed': [!!float 3.10, !!str 's']
nvprof:
  manmem:
    d2h:
      avgchunksize:
      - 97.799805
      - KB
      bandwidth:
      - 6053.072554885159
      - MB/s
      count: 40
      maxchunksize:
      - 544.0
      - KB
      minchunksize:
      - 4.0
      - KB
      time:
      - 0.631136
      - ms
      totalsize:
      - 3.820312
      - MB
    h2d:
      avgchunksize:
      - 978.0
      - KB
      bandwidth:
      - 6112.26448904362
      - MB/s
      count: 2
      maxchunksize:
      - 1.535156
      - MB
      minchunksize:
      - 384.0
      - KB
      time:
      - 0.312512
      - ms
      totalsize:
      - 1.910156
      - MB
  profile:
    elapsed:
    - 0.741736
    - ms

---
!!str 'test':
  !!str 'name': !!str 'man-test'
  !!str 'size':
  - !!int 2
  - !!str 'MB'
  !!str 'kiter': !!int 100
!!str 'cuda':
  !!str 'Kernel':
  - !!float 1.309
  - !!str 'ms'
!!str 'host':
  !!str 'CudaMallocManaged':
  - !!float 0.362
  - !!str 'ms'
  !!str 'Kernel':
  - !!float 1.329
  - !!str 'ms'
  !!str 'Local':
  - !!float 0.832
  - !!str 'ms'
!!str 'elapsed': [!!float 3.10, !!str 's']
nvprof:
  manmem:
    d2h:
      avgchunksize:
      - 97.799805
      - KB
      bandwidth:
      - 6064.449354871483
      - MB/s
      count: 40
      maxchunksize:
      - 544.0
      - KB
      minchunksize:
      - 4.0
      - KB
      time:
      - 0.629952
      - ms
      totalsize:
      - 3.820312
      - MB
    h2d:
      avgchunksize:
      - 978.0
      - KB
      bandwidth:
      - 6112.26448904362
      - MB/s
      count: 2
      maxchunksize:
      - 1.535156
      - MB
      minchunksize:
      - 384.0
      - KB
      time:
      - 0.312512
      - ms
      totalsize:
      - 1.910156
      - MB
  profile:
    elapsed:
    - 0.7426
    - ms

---
!!str 'test':
  !!str 'name': !!str 'man-test'
  !!str 'size':
  - !!int 2
  - !!str 'MB'
  !!str 'kiter': !!int 100
!!str 'cuda':
  !!str 'Kernel':
  - !!float 1.197
  - !!str 'ms'
!!str 'host':
  !!str 'CudaMallocManaged':
  - !!float 0.354
  - !!str 'ms'
  !!str 'Kernel':
  - !!float 1.218
  - !!str 'ms'
  !!str 'Local':
  - !!float 0.786
  - !!str 'ms'
!!str 'elapsed': [!!float 3.11, !!str 's']
nvprof:
  manmem:
    d2h:
      avgchunksize:
      - 97.799805
      - KB
      bandwidth:
      - 6060.447230823899
      - MB/s
      count: 40
      maxchunksize:
      - 544.0
      - KB
      minchunksize:
      - 4.0
      - KB
      time:
      - 0.630368
      - ms
      totalsize:
      - 3.820312
      - MB
    h2d:
      avgchunksize:
      - 978.0
      - KB
      bandwidth:
      - 6112.26448904362
      - MB/s
      count: 2
      maxchunksize:
      - 1.535156
      - MB
      minchunksize:
      - 384.0
      - KB
      time:
      - 0.312512
      - ms
      totalsize:
      - 1.910156
      - MB
  profile:
    elapsed:
    - 0.741
    - ms

---
!!str 'test':
  !!str 'name': !!str 'man-test'
  !!str 'size':
  - !!int 2
  - !!str 'MB'
  !!str 'kiter': !!int 100
!!str 'cuda':
  !!str 'Kernel':
  - !!float 1.215
  - !!str 'ms'
!!str 'host':
  !!str 'CudaMallocManaged':
  - !!float 0.326
  - !!str 'ms'
  !!str 'Kernel':
  - !!float 1.235
  - !!str 'ms'
  !!str 'Local':
  - !!float 0.825
  - !!str 'ms'
!!str 'elapsed': [!!float 3.10, !!str 's']
nvprof:
  manmem:
    d2h:
      avgchunksize:
      - 97.799805
      - KB
      bandwidth:
      - 6059.8319882239475
      - MB/s
      count: 40
      maxchunksize:
      - 544.0
      - KB
      minchunksize:
      - 4.0
      - KB
      time:
      - 0.630432
      - ms
      totalsize:
      - 3.820312
      - MB
    h2d:
      avgchunksize:
      - 978.0
      - KB
      bandwidth:
      - 6112.890424987199
      - MB/s
      count: 2
      maxchunksize:
      - 1.535156
      - MB
      minchunksize:
      - 384.0
      - KB
      time:
      - 0.31248
      - ms
      totalsize:
      - 1.910156
      - MB
  profile:
    elapsed:
    - 0.740936
    - ms

---
!!str 'test':
  !!str 'name': !!str 'man-test'
  !!str 'size':
  - !!int 2
  - !!str 'MB'
  !!str 'kiter': !!int 100
!!str 'cuda':
  !!str 'Kernel':
  - !!float 1.343
  - !!str 'ms'
!!str 'host':
  !!str 'CudaMallocManaged':
  - !!float 0.395
  - !!str 'ms'
  !!str 'Kernel':
  - !!float 1.377
  - !!str 'ms'
  !!str 'Local':
  - !!float 1.331
  - !!str 'ms'
!!str 'elapsed': [!!float 3.12, !!str 's']
nvprof:
  manmem:
    d2h:
      avgchunksize:
      - 97.799805
      - KB
      bandwidth:
      - 6064.449354871483
      - MB/s
      count: 40
      maxchunksize:
      - 544.0
      - KB
      minchunksize:
      - 4.0
      - KB
      time:
      - 0.629952
      - ms
      totalsize:
      - 3.820312
      - MB
    h2d:
      avgchunksize:
      - 978.0
      - KB
      bandwidth:
      - 6112.26448904362
      - MB/s
      count: 2
      maxchunksize:
      - 1.535156
      - MB
      minchunksize:
      - 384.0
      - KB
      time:
      - 0.312512
      - ms
      totalsize:
      - 1.910156
      - MB
  profile:
    elapsed:
    - 0.738504
    - ms

