---
!!str 'test':
  !!str 'name': !!str 'async-test'
  !!str 'size':
  - !!int 42
  - !!str 'MB'
  !!str 'kiter': !!int 100
!!str 'cuda':
  !!str 'Kernel':
  - !!float 15.184
  - !!str 'ms'
  !!str 'To Device':
  - !!float 6.457
  - !!str 'ms'
  !!str 'To Host':
  - !!float 6.380
  - !!str 'ms'
  !!str 'Bandwidth (To Device)':
  - !!float 6504.445
  - !!str 'MB/s'
  !!str 'Bandwidth (To Host)':
  - !!float 6582.774
  - !!str 'MB/s'
!!str 'host':
  !!str 'Kernel':
  - !!float 0.031
  - !!str 'ms'
  !!str 'Local':
  - !!float 10.018
  - !!str 'ms'
  !!str 'To Device':
  - !!float 0.037
  - !!str 'ms'
  !!str 'To Host':
  - !!float 0.013
  - !!str 'ms'
  !!str 'Bandwidth (To Device)':
  - !!float 1134811.109
  - !!str 'MB/s'
  !!str 'Bandwidth (To Host)':
  - !!float 3252990.406
  - !!str 'MB/s'
!!str 'elapsed': [!!float 3.16, !!str 's']
---
!!str 'test':
  !!str 'name': !!str 'async-test'
  !!str 'size':
  - !!int 42
  - !!str 'MB'
  !!str 'kiter': !!int 100
!!str 'cuda':
  !!str 'Kernel':
  - !!float 15.183
  - !!str 'ms'
  !!str 'To Device':
  - !!float 6.443
  - !!str 'ms'
  !!str 'To Host':
  - !!float 6.354
  - !!str 'ms'
  !!str 'Bandwidth (To Device)':
  - !!float 6518.401
  - !!str 'MB/s'
  !!str 'Bandwidth (To Host)':
  - !!float 6609.593
  - !!str 'MB/s'
!!str 'host':
  !!str 'Kernel':
  - !!float 0.031
  - !!str 'ms'
  !!str 'Local':
  - !!float 10.464
  - !!str 'ms'
  !!str 'To Device':
  - !!float 0.039
  - !!str 'ms'
  !!str 'To Host':
  - !!float 0.014
  - !!str 'ms'
  !!str 'Bandwidth (To Device)':
  - !!float 1081482.146
  - !!str 'MB/s'
  !!str 'Bandwidth (To Host)':
  - !!float 3067213.841
  - !!str 'MB/s'
!!str 'elapsed': [!!float 3.17, !!str 's']
---
!!str 'test':
  !!str 'name': !!str 'async-test'
  !!str 'size':
  - !!int 42
  - !!str 'MB'
  !!str 'kiter': !!int 100
!!str 'cuda':
  !!str 'Kernel':
  - !!float 15.180
  - !!str 'ms'
  !!str 'To Device':
  - !!float 6.435
  - !!str 'ms'
  !!str 'To Host':
  - !!float 6.348
  - !!str 'ms'
  !!str 'Bandwidth (To Device)':
  - !!float 6527.153
  - !!str 'MB/s'
  !!str 'Bandwidth (To Host)':
  - !!float 6615.889
  - !!str 'MB/s'
!!str 'host':
  !!str 'Kernel':
  - !!float 0.018
  - !!str 'ms'
  !!str 'Local':
  - !!float 5.851
  - !!str 'ms'
  !!str 'To Device':
  - !!float 0.022
  - !!str 'ms'
  !!str 'To Host':
  - !!float 0.007
  - !!str 'ms'
  !!str 'Bandwidth (To Device)':
  - !!float 1882703.924
  - !!str 'MB/s'
  !!str 'Bandwidth (To Host)':
  - !!float 6404293.860
  - !!str 'MB/s'
!!str 'elapsed': [!!float 3.11, !!str 's']
---
!!str 'test':
  !!str 'name': !!str 'async-test'
  !!str 'size':
  - !!int 42
  - !!str 'MB'
  !!str 'kiter': !!int 100
!!str 'cuda':
  !!str 'Kernel':
  - !!float 15.184
  - !!str 'ms'
  !!str 'To Device':
  - !!float 6.455
  - !!str 'ms'
  !!str 'To Host':
  - !!float 6.346
  - !!str 'ms'
  !!str 'Bandwidth (To Device)':
  - !!float 6505.993
  - !!str 'MB/s'
  !!str 'Bandwidth (To Host)':
  - !!float 6618.759
  - !!str 'MB/s'
!!str 'host':
  !!str 'Kernel':
  - !!float 0.019
  - !!str 'ms'
  !!str 'Local':
  - !!float 5.772
  - !!str 'ms'
  !!str 'To Device':
  - !!float 0.024
  - !!str 'ms'
  !!str 'To Host':
  - !!float 0.012
  - !!str 'ms'
  !!str 'Bandwidth (To Device)':
  - !!float 1751432.824
  - !!str 'MB/s'
  !!str 'Bandwidth (To Host)':
  - !!float 3483689.377
  - !!str 'MB/s'
!!str 'elapsed': [!!float 3.14, !!str 's']
---
!!str 'test':
  !!str 'name': !!str 'async-test'
  !!str 'size':
  - !!int 42
  - !!str 'MB'
  !!str 'kiter': !!int 100
!!str 'cuda':
  !!str 'Kernel':
  - !!float 15.180
  - !!str 'ms'
  !!str 'To Device':
  - !!float 6.450
  - !!str 'ms'
  !!str 'To Host':
  - !!float 6.354
  - !!str 'ms'
  !!str 'Bandwidth (To Device)':
  - !!float 6511.480
  - !!str 'MB/s'
  !!str 'Bandwidth (To Host)':
  - !!float 6609.593
  - !!str 'MB/s'
!!str 'host':
  !!str 'Kernel':
  - !!float 0.027
  - !!str 'ms'
  !!str 'Local':
  - !!float 8.886
  - !!str 'ms'
  !!str 'To Device':
  - !!float 0.033
  - !!str 'ms'
  !!str 'To Host':
  - !!float 0.011
  - !!str 'ms'
  !!str 'Bandwidth (To Device)':
  - !!float 1283912.911
  - !!str 'MB/s'
  !!str 'Bandwidth (To Host)':
  - !!float 3727312.667
  - !!str 'MB/s'
!!str 'elapsed': [!!float 3.15, !!str 's']
---
!!str 'test':
  !!str 'name': !!str 'async-test'
  !!str 'size':
  - !!int 42
  - !!str 'MB'
  !!str 'kiter': !!int 100
!!str 'cuda':
  !!str 'Kernel':
  - !!float 15.184
  - !!str 'ms'
  !!str 'To Device':
  - !!float 6.506
  - !!str 'ms'
  !!str 'To Host':
  - !!float 6.345
  - !!str 'ms'
  !!str 'Bandwidth (To Device)':
  - !!float 6455.624
  - !!str 'MB/s'
  !!str 'Bandwidth (To Host)':
  - !!float 6619.126
  - !!str 'MB/s'
!!str 'host':
  !!str 'Kernel':
  - !!float 0.018
  - !!str 'ms'
  !!str 'Local':
  - !!float 5.781
  - !!str 'ms'
  !!str 'To Device':
  - !!float 0.023
  - !!str 'ms'
  !!str 'To Host':
  - !!float 0.007
  - !!str 'ms'
  !!str 'Bandwidth (To Device)':
  - !!float 1855833.111
  - !!str 'MB/s'
  !!str 'Bandwidth (To Host)':
  - !!float 6266690.410
  - !!str 'MB/s'
!!str 'elapsed': [!!float 3.13, !!str 's']
---
!!str 'test':
  !!str 'name': !!str 'async-test'
  !!str 'size':
  - !!int 42
  - !!str 'MB'
  !!str 'kiter': !!int 100
!!str 'cuda':
  !!str 'Kernel':
  - !!float 15.181
  - !!str 'ms'
  !!str 'To Device':
  - !!float 6.436
  - !!str 'ms'
  !!str 'To Host':
  - !!float 6.354
  - !!str 'ms'
  !!str 'Bandwidth (To Device)':
  - !!float 6525.595
  - !!str 'MB/s'
  !!str 'Bandwidth (To Host)':
  - !!float 6609.725
  - !!str 'MB/s'
!!str 'host':
  !!str 'Kernel':
  - !!float 0.029
  - !!str 'ms'
  !!str 'Local':
  - !!float 9.671
  - !!str 'ms'
  !!str 'To Device':
  - !!float 0.035
  - !!str 'ms'
  !!str 'To Host':
  - !!float 0.013
  - !!str 'ms'
  !!str 'Bandwidth (To Device)':
  - !!float 1183280.530
  - !!str 'MB/s'
  !!str 'Bandwidth (To Host)':
  - !!float 3308599.270
  - !!str 'MB/s'
!!str 'elapsed': [!!float 3.14, !!str 's']
---
!!str 'test':
  !!str 'name': !!str 'async-test'
  !!str 'size':
  - !!int 42
  - !!str 'MB'
  !!str 'kiter': !!int 100
!!str 'cuda':
  !!str 'Kernel':
  - !!float 15.178
  - !!str 'ms'
  !!str 'To Device':
  - !!float 6.436
  - !!str 'ms'
  !!str 'To Host':
  - !!float 6.348
  - !!str 'ms'
  !!str 'Bandwidth (To Device)':
  - !!float 6525.531
  - !!str 'MB/s'
  !!str 'Bandwidth (To Host)':
  - !!float 6616.590
  - !!str 'MB/s'
!!str 'host':
  !!str 'Kernel':
  - !!float 0.024
  - !!str 'ms'
  !!str 'Local':
  - !!float 7.915
  - !!str 'ms'
  !!str 'To Device':
  - !!float 0.031
  - !!str 'ms'
  !!str 'To Host':
  - !!float 0.010
  - !!str 'ms'
  !!str 'Bandwidth (To Device)':
  - !!float 1360920.227
  - !!str 'MB/s'
  !!str 'Bandwidth (To Host)':
  - !!float 4181120.869
  - !!str 'MB/s'
!!str 'elapsed': [!!float 3.15, !!str 's']
---
!!str 'test':
  !!str 'name': !!str 'async-test'
  !!str 'size':
  - !!int 42
  - !!str 'MB'
  !!str 'kiter': !!int 100
!!str 'cuda':
  !!str 'Kernel':
  - !!float 15.183
  - !!str 'ms'
  !!str 'To Device':
  - !!float 6.485
  - !!str 'ms'
  !!str 'To Host':
  - !!float 6.347
  - !!str 'ms'
  !!str 'Bandwidth (To Device)':
  - !!float 6476.330
  - !!str 'MB/s'
  !!str 'Bandwidth (To Host)':
  - !!float 6617.490
  - !!str 'MB/s'
!!str 'host':
  !!str 'Kernel':
  - !!float 0.032
  - !!str 'ms'
  !!str 'Local':
  - !!float 10.234
  - !!str 'ms'
  !!str 'To Device':
  - !!float 0.039
  - !!str 'ms'
  !!str 'To Host':
  - !!float 0.014
  - !!str 'ms'
  !!str 'Bandwidth (To Device)':
  - !!float 1090127.940
  - !!str 'MB/s'
  !!str 'Bandwidth (To Host)':
  - !!float 3092280.896
  - !!str 'MB/s'
!!str 'elapsed': [!!float 3.15, !!str 's']
---
!!str 'test':
  !!str 'name': !!str 'async-test'
  !!str 'size':
  - !!int 42
  - !!str 'MB'
  !!str 'kiter': !!int 100
!!str 'cuda':
  !!str 'Kernel':
  - !!float 15.183
  - !!str 'ms'
  !!str 'To Device':
  - !!float 6.434
  - !!str 'ms'
  !!str 'To Host':
  - !!float 6.372
  - !!str 'ms'
  !!str 'Bandwidth (To Device)':
  - !!float 6527.251
  - !!str 'MB/s'
  !!str 'Bandwidth (To Host)':
  - !!float 6591.038
  - !!str 'MB/s'
!!str 'host':
  !!str 'Kernel':
  - !!float 0.018
  - !!str 'ms'
  !!str 'Local':
  - !!float 5.779
  - !!str 'ms'
  !!str 'To Device':
  - !!float 0.023
  - !!str 'ms'
  !!str 'To Host':
  - !!float 0.007
  - !!str 'ms'
  !!str 'Bandwidth (To Device)':
  - !!float 1849458.767
  - !!str 'MB/s'
  !!str 'Bandwidth (To Host)':
  - !!float 6280747.589
  - !!str 'MB/s'
!!str 'elapsed': [!!float 3.12, !!str 's']
