---
!!str 'test':
  !!str 'name': !!str 'async-test'
  !!str 'size':
  - !!int 90
  - !!str 'MB'
  !!str 'kiter': !!int 100
!!str 'cuda':
  !!str 'Kernel':
  - !!float 32.528
  - !!str 'ms'
  !!str 'To Device':
  - !!float 13.801
  - !!str 'ms'
  !!str 'To Host':
  - !!float 13.595
  - !!str 'ms'
  !!str 'Bandwidth (To Device)':
  - !!float 6521.164
  - !!str 'MB/s'
  !!str 'Bandwidth (To Host)':
  - !!float 6620.061
  - !!str 'MB/s'
!!str 'host':
  !!str 'Kernel':
  - !!float 0.029
  - !!str 'ms'
  !!str 'Local':
  - !!float 17.235
  - !!str 'ms'
  !!str 'To Device':
  - !!float 0.036
  - !!str 'ms'
  !!str 'To Host':
  - !!float 0.012
  - !!str 'ms'
  !!str 'Bandwidth (To Device)':
  - !!float 2526865.237
  - !!str 'MB/s'
  !!str 'Bandwidth (To Host)':
  - !!float 7565514.386
  - !!str 'MB/s'
!!str 'elapsed': [!!float 3.21, !!str 's']
---
!!str 'test':
  !!str 'name': !!str 'async-test'
  !!str 'size':
  - !!int 90
  - !!str 'MB'
  !!str 'kiter': !!int 100
!!str 'cuda':
  !!str 'Kernel':
  - !!float 32.523
  - !!str 'ms'
  !!str 'To Device':
  - !!float 13.808
  - !!str 'ms'
  !!str 'To Host':
  - !!float 13.591
  - !!str 'ms'
  !!str 'Bandwidth (To Device)':
  - !!float 6517.869
  - !!str 'MB/s'
  !!str 'Bandwidth (To Host)':
  - !!float 6621.978
  - !!str 'MB/s'
!!str 'host':
  !!str 'Kernel':
  - !!float 0.029
  - !!str 'ms'
  !!str 'Local':
  - !!float 17.253
  - !!str 'ms'
  !!str 'To Device':
  - !!float 0.035
  - !!str 'ms'
  !!str 'To Host':
  - !!float 0.012
  - !!str 'ms'
  !!str 'Bandwidth (To Device)':
  - !!float 2544726.981
  - !!str 'MB/s'
  !!str 'Bandwidth (To Host)':
  - !!float 7432435.307
  - !!str 'MB/s'
!!str 'elapsed': [!!float 3.21, !!str 's']
---
!!str 'test':
  !!str 'name': !!str 'async-test'
  !!str 'size':
  - !!int 90
  - !!str 'MB'
  !!str 'kiter': !!int 100
!!str 'cuda':
  !!str 'Kernel':
  - !!float 32.511
  - !!str 'ms'
  !!str 'To Device':
  - !!float 13.795
  - !!str 'ms'
  !!str 'To Host':
  - !!float 13.587
  - !!str 'ms'
  !!str 'Bandwidth (To Device)':
  - !!float 6524.143
  - !!str 'MB/s'
  !!str 'Bandwidth (To Host)':
  - !!float 6624.037
  - !!str 'MB/s'
!!str 'host':
  !!str 'Kernel':
  - !!float 0.018
  - !!str 'ms'
  !!str 'Local':
  - !!float 12.369
  - !!str 'ms'
  !!str 'To Device':
  - !!float 0.022
  - !!str 'ms'
  !!str 'To Host':
  - !!float 0.006
  - !!str 'ms'
  !!str 'Bandwidth (To Device)':
  - !!float 4022677.295
  - !!str 'MB/s'
  !!str 'Bandwidth (To Host)':
  - !!float 13988088.146
  - !!str 'MB/s'
!!str 'elapsed': [!!float 3.19, !!str 's']
---
!!str 'test':
  !!str 'name': !!str 'async-test'
  !!str 'size':
  - !!int 90
  - !!str 'MB'
  !!str 'kiter': !!int 100
!!str 'cuda':
  !!str 'Kernel':
  - !!float 32.508
  - !!str 'ms'
  !!str 'To Device':
  - !!float 13.822
  - !!str 'ms'
  !!str 'To Host':
  - !!float 13.592
  - !!str 'ms'
  !!str 'Bandwidth (To Device)':
  - !!float 6511.275
  - !!str 'MB/s'
  !!str 'Bandwidth (To Host)':
  - !!float 6621.402
  - !!str 'MB/s'
!!str 'host':
  !!str 'Kernel':
  - !!float 0.029
  - !!str 'ms'
  !!str 'Local':
  - !!float 17.330
  - !!str 'ms'
  !!str 'To Device':
  - !!float 0.037
  - !!str 'ms'
  !!str 'To Host':
  - !!float 0.013
  - !!str 'ms'
  !!str 'Bandwidth (To Device)':
  - !!float 2459536.487
  - !!str 'MB/s'
  !!str 'Bandwidth (To Host)':
  - !!float 7123583.911
  - !!str 'MB/s'
!!str 'elapsed': [!!float 3.22, !!str 's']
---
!!str 'test':
  !!str 'name': !!str 'async-test'
  !!str 'size':
  - !!int 90
  - !!str 'MB'
  !!str 'kiter': !!int 100
!!str 'cuda':
  !!str 'Kernel':
  - !!float 32.513
  - !!str 'ms'
  !!str 'To Device':
  - !!float 13.808
  - !!str 'ms'
  !!str 'To Host':
  - !!float 13.595
  - !!str 'ms'
  !!str 'Bandwidth (To Device)':
  - !!float 6517.975
  - !!str 'MB/s'
  !!str 'Bandwidth (To Host)':
  - !!float 6620.248
  - !!str 'MB/s'
!!str 'host':
  !!str 'Kernel':
  - !!float 0.029
  - !!str 'ms'
  !!str 'Local':
  - !!float 17.324
  - !!str 'ms'
  !!str 'To Device':
  - !!float 0.036
  - !!str 'ms'
  !!str 'To Host':
  - !!float 0.012
  - !!str 'ms'
  !!str 'Bandwidth (To Device)':
  - !!float 2532411.129
  - !!str 'MB/s'
  !!str 'Bandwidth (To Host)':
  - !!float 7319401.361
  - !!str 'MB/s'
!!str 'elapsed': [!!float 3.21, !!str 's']
---
!!str 'test':
  !!str 'name': !!str 'async-test'
  !!str 'size':
  - !!int 90
  - !!str 'MB'
  !!str 'kiter': !!int 100
!!str 'cuda':
  !!str 'Kernel':
  - !!float 32.518
  - !!str 'ms'
  !!str 'To Device':
  - !!float 13.814
  - !!str 'ms'
  !!str 'To Host':
  - !!float 13.584
  - !!str 'ms'
  !!str 'Bandwidth (To Device)':
  - !!float 6515.211
  - !!str 'MB/s'
  !!str 'Bandwidth (To Host)':
  - !!float 6625.176
  - !!str 'MB/s'
!!str 'host':
  !!str 'Kernel':
  - !!float 0.018
  - !!str 'ms'
  !!str 'Local':
  - !!float 12.379
  - !!str 'ms'
  !!str 'To Device':
  - !!float 0.023
  - !!str 'ms'
  !!str 'To Host':
  - !!float 0.007
  - !!str 'ms'
  !!str 'Bandwidth (To Device)':
  - !!float 3840054.577
  - !!str 'MB/s'
  !!str 'Bandwidth (To Host)':
  - !!float 13426728.201
  - !!str 'MB/s'
!!str 'elapsed': [!!float 3.18, !!str 's']
---
!!str 'test':
  !!str 'name': !!str 'async-test'
  !!str 'size':
  - !!int 90
  - !!str 'MB'
  !!str 'kiter': !!int 100
!!str 'cuda':
  !!str 'Kernel':
  - !!float 32.510
  - !!str 'ms'
  !!str 'To Device':
  - !!float 13.857
  - !!str 'ms'
  !!str 'To Host':
  - !!float 13.587
  - !!str 'ms'
  !!str 'Bandwidth (To Device)':
  - !!float 6494.975
  - !!str 'MB/s'
  !!str 'Bandwidth (To Host)':
  - !!float 6624.068
  - !!str 'MB/s'
!!str 'host':
  !!str 'Kernel':
  - !!float 0.019
  - !!str 'ms'
  !!str 'Local':
  - !!float 12.374
  - !!str 'ms'
  !!str 'To Device':
  - !!float 0.023
  - !!str 'ms'
  !!str 'To Host':
  - !!float 0.007
  - !!str 'ms'
  !!str 'Bandwidth (To Device)':
  - !!float 3851393.321
  - !!str 'MB/s'
  !!str 'Bandwidth (To Host)':
  - !!float 12829559.391
  - !!str 'MB/s'
!!str 'elapsed': [!!float 3.18, !!str 's']
---
!!str 'test':
  !!str 'name': !!str 'async-test'
  !!str 'size':
  - !!int 90
  - !!str 'MB'
  !!str 'kiter': !!int 100
!!str 'cuda':
  !!str 'Kernel':
  - !!float 32.526
  - !!str 'ms'
  !!str 'To Device':
  - !!float 13.781
  - !!str 'ms'
  !!str 'To Host':
  - !!float 13.590
  - !!str 'ms'
  !!str 'Bandwidth (To Device)':
  - !!float 6530.794
  - !!str 'MB/s'
  !!str 'Bandwidth (To Host)':
  - !!float 6622.384
  - !!str 'MB/s'
!!str 'host':
  !!str 'Kernel':
  - !!float 0.018
  - !!str 'ms'
  !!str 'Local':
  - !!float 12.371
  - !!str 'ms'
  !!str 'To Device':
  - !!float 0.022
  - !!str 'ms'
  !!str 'To Host':
  - !!float 0.007
  - !!str 'ms'
  !!str 'Bandwidth (To Device)':
  - !!float 4013349.348
  - !!str 'MB/s'
  !!str 'Bandwidth (To Host)':
  - !!float 13818418.414
  - !!str 'MB/s'
!!str 'elapsed': [!!float 3.17, !!str 's']
---
!!str 'test':
  !!str 'name': !!str 'async-test'
  !!str 'size':
  - !!int 90
  - !!str 'MB'
  !!str 'kiter': !!int 100
!!str 'cuda':
  !!str 'Kernel':
  - !!float 32.521
  - !!str 'ms'
  !!str 'To Device':
  - !!float 13.822
  - !!str 'ms'
  !!str 'To Host':
  - !!float 13.591
  - !!str 'ms'
  !!str 'Bandwidth (To Device)':
  - !!float 6511.290
  - !!str 'MB/s'
  !!str 'Bandwidth (To Host)':
  - !!float 6621.869
  - !!str 'MB/s'
!!str 'host':
  !!str 'Kernel':
  - !!float 0.018
  - !!str 'ms'
  !!str 'Local':
  - !!float 12.372
  - !!str 'ms'
  !!str 'To Device':
  - !!float 0.023
  - !!str 'ms'
  !!str 'To Host':
  - !!float 0.007
  - !!str 'ms'
  !!str 'Bandwidth (To Device)':
  - !!float 3908427.460
  - !!str 'MB/s'
  !!str 'Bandwidth (To Host)':
  - !!float 13681872.778
  - !!str 'MB/s'
!!str 'elapsed': [!!float 3.18, !!str 's']
---
!!str 'test':
  !!str 'name': !!str 'async-test'
  !!str 'size':
  - !!int 90
  - !!str 'MB'
  !!str 'kiter': !!int 100
!!str 'cuda':
  !!str 'Kernel':
  - !!float 32.510
  - !!str 'ms'
  !!str 'To Device':
  - !!float 13.782
  - !!str 'ms'
  !!str 'To Host':
  - !!float 13.586
  - !!str 'ms'
  !!str 'Bandwidth (To Device)':
  - !!float 6530.218
  - !!str 'MB/s'
  !!str 'Bandwidth (To Host)':
  - !!float 6624.614
  - !!str 'MB/s'
!!str 'host':
  !!str 'Kernel':
  - !!float 0.018
  - !!str 'ms'
  !!str 'Local':
  - !!float 12.367
  - !!str 'ms'
  !!str 'To Device':
  - !!float 0.023
  - !!str 'ms'
  !!str 'To Host':
  - !!float 0.007
  - !!str 'ms'
  !!str 'Bandwidth (To Device)':
  - !!float 3977520.623
  - !!str 'MB/s'
  !!str 'Bandwidth (To Host)':
  - !!float 13744556.984
  - !!str 'MB/s'
!!str 'elapsed': [!!float 3.19, !!str 's']
