---
!!str 'test':
  !!str 'name': !!str 'async-test'
  !!str 'size':
  - !!int 47
  - !!str 'MB'
  !!str 'kiter': !!int 100
!!str 'cuda':
  !!str 'Kernel':
  - !!float 16.989
  - !!str 'ms'
  !!str 'To Device':
  - !!float 7.222
  - !!str 'ms'
  !!str 'To Host':
  - !!float 7.104
  - !!str 'ms'
  !!str 'Bandwidth (To Device)':
  - !!float 6508.076
  - !!str 'MB/s'
  !!str 'Bandwidth (To Host)':
  - !!float 6615.511
  - !!str 'MB/s'
!!str 'host':
  !!str 'Kernel':
  - !!float 0.020
  - !!str 'ms'
  !!str 'Local':
  - !!float 6.473
  - !!str 'ms'
  !!str 'To Device':
  - !!float 0.024
  - !!str 'ms'
  !!str 'To Host':
  - !!float 0.007
  - !!str 'ms'
  !!str 'Bandwidth (To Device)':
  - !!float 1924082.109
  - !!str 'MB/s'
  !!str 'Bandwidth (To Host)':
  - !!float 6436531.591
  - !!str 'MB/s'
!!str 'elapsed': [!!float 3.14, !!str 's']
---
!!str 'test':
  !!str 'name': !!str 'async-test'
  !!str 'size':
  - !!int 47
  - !!str 'MB'
  !!str 'kiter': !!int 100
!!str 'cuda':
  !!str 'Kernel':
  - !!float 16.987
  - !!str 'ms'
  !!str 'To Device':
  - !!float 7.222
  - !!str 'ms'
  !!str 'To Host':
  - !!float 7.102
  - !!str 'ms'
  !!str 'Bandwidth (To Device)':
  - !!float 6507.384
  - !!str 'MB/s'
  !!str 'Bandwidth (To Host)':
  - !!float 6617.657
  - !!str 'MB/s'
!!str 'host':
  !!str 'Kernel':
  - !!float 0.033
  - !!str 'ms'
  !!str 'Local':
  - !!float 11.445
  - !!str 'ms'
  !!str 'To Device':
  - !!float 0.041
  - !!str 'ms'
  !!str 'To Host':
  - !!float 0.014
  - !!str 'ms'
  !!str 'Bandwidth (To Device)':
  - !!float 1139410.742
  - !!str 'MB/s'
  !!str 'Bandwidth (To Host)':
  - !!float 3346116.594
  - !!str 'MB/s'
!!str 'elapsed': [!!float 3.17, !!str 's']
---
!!str 'test':
  !!str 'name': !!str 'async-test'
  !!str 'size':
  - !!int 47
  - !!str 'MB'
  !!str 'kiter': !!int 100
!!str 'cuda':
  !!str 'Kernel':
  - !!float 16.988
  - !!str 'ms'
  !!str 'To Device':
  - !!float 7.208
  - !!str 'ms'
  !!str 'To Host':
  - !!float 7.091
  - !!str 'ms'
  !!str 'Bandwidth (To Device)':
  - !!float 6520.355
  - !!str 'MB/s'
  !!str 'Bandwidth (To Host)':
  - !!float 6628.079
  - !!str 'MB/s'
!!str 'host':
  !!str 'Kernel':
  - !!float 0.031
  - !!str 'ms'
  !!str 'Local':
  - !!float 10.932
  - !!str 'ms'
  !!str 'To Device':
  - !!float 0.038
  - !!str 'ms'
  !!str 'To Host':
  - !!float 0.013
  - !!str 'ms'
  !!str 'Bandwidth (To Device)':
  - !!float 1234912.995
  - !!str 'MB/s'
  !!str 'Bandwidth (To Host)':
  - !!float 3530350.310
  - !!str 'MB/s'
!!str 'elapsed': [!!float 3.16, !!str 's']
---
!!str 'test':
  !!str 'name': !!str 'async-test'
  !!str 'size':
  - !!int 47
  - !!str 'MB'
  !!str 'kiter': !!int 100
!!str 'cuda':
  !!str 'Kernel':
  - !!float 16.986
  - !!str 'ms'
  !!str 'To Device':
  - !!float 7.208
  - !!str 'ms'
  !!str 'To Host':
  - !!float 7.138
  - !!str 'ms'
  !!str 'Bandwidth (To Device)':
  - !!float 6520.384
  - !!str 'MB/s'
  !!str 'Bandwidth (To Host)':
  - !!float 6584.134
  - !!str 'MB/s'
!!str 'host':
  !!str 'Kernel':
  - !!float 0.032
  - !!str 'ms'
  !!str 'Local':
  - !!float 11.290
  - !!str 'ms'
  !!str 'To Device':
  - !!float 0.039
  - !!str 'ms'
  !!str 'To Host':
  - !!float 0.014
  - !!str 'ms'
  !!str 'Bandwidth (To Device)':
  - !!float 1193457.598
  - !!str 'MB/s'
  !!str 'Bandwidth (To Host)':
  - !!float 3472445.784
  - !!str 'MB/s'
!!str 'elapsed': [!!float 3.14, !!str 's']
---
!!str 'test':
  !!str 'name': !!str 'async-test'
  !!str 'size':
  - !!int 47
  - !!str 'MB'
  !!str 'kiter': !!int 100
!!str 'cuda':
  !!str 'Kernel':
  - !!float 16.988
  - !!str 'ms'
  !!str 'To Device':
  - !!float 7.201
  - !!str 'ms'
  !!str 'To Host':
  - !!float 7.095
  - !!str 'ms'
  !!str 'Bandwidth (To Device)':
  - !!float 6526.526
  - !!str 'MB/s'
  !!str 'Bandwidth (To Host)':
  - !!float 6624.403
  - !!str 'MB/s'
!!str 'host':
  !!str 'Kernel':
  - !!float 0.019
  - !!str 'ms'
  !!str 'Local':
  - !!float 6.459
  - !!str 'ms'
  !!str 'To Device':
  - !!float 0.023
  - !!str 'ms'
  !!str 'To Host':
  - !!float 0.007
  - !!str 'ms'
  !!str 'Bandwidth (To Device)':
  - !!float 2056783.234
  - !!str 'MB/s'
  !!str 'Bandwidth (To Host)':
  - !!float 6958773.124
  - !!str 'MB/s'
!!str 'elapsed': [!!float 3.14, !!str 's']
---
!!str 'test':
  !!str 'name': !!str 'async-test'
  !!str 'size':
  - !!int 47
  - !!str 'MB'
  !!str 'kiter': !!int 100
!!str 'cuda':
  !!str 'Kernel':
  - !!float 16.990
  - !!str 'ms'
  !!str 'To Device':
  - !!float 7.201
  - !!str 'ms'
  !!str 'To Host':
  - !!float 7.094
  - !!str 'ms'
  !!str 'Bandwidth (To Device)':
  - !!float 6526.962
  - !!str 'MB/s'
  !!str 'Bandwidth (To Host)':
  - !!float 6625.389
  - !!str 'MB/s'
!!str 'host':
  !!str 'Kernel':
  - !!float 0.018
  - !!str 'ms'
  !!str 'Local':
  - !!float 6.470
  - !!str 'ms'
  !!str 'To Device':
  - !!float 0.022
  - !!str 'ms'
  !!str 'To Host':
  - !!float 0.007
  - !!str 'ms'
  !!str 'Bandwidth (To Device)':
  - !!float 2138384.534
  - !!str 'MB/s'
  !!str 'Bandwidth (To Host)':
  - !!float 7150396.118
  - !!str 'MB/s'
!!str 'elapsed': [!!float 3.13, !!str 's']
---
!!str 'test':
  !!str 'name': !!str 'async-test'
  !!str 'size':
  - !!int 47
  - !!str 'MB'
  !!str 'kiter': !!int 100
!!str 'cuda':
  !!str 'Kernel':
  - !!float 16.990
  - !!str 'ms'
  !!str 'To Device':
  - !!float 7.241
  - !!str 'ms'
  !!str 'To Host':
  - !!float 7.103
  - !!str 'ms'
  !!str 'Bandwidth (To Device)':
  - !!float 6490.618
  - !!str 'MB/s'
  !!str 'Bandwidth (To Host)':
  - !!float 6616.614
  - !!str 'MB/s'
!!str 'host':
  !!str 'Kernel':
  - !!float 0.018
  - !!str 'ms'
  !!str 'Local':
  - !!float 6.468
  - !!str 'ms'
  !!str 'To Device':
  - !!float 0.023
  - !!str 'ms'
  !!str 'To Host':
  - !!float 0.007
  - !!str 'ms'
  !!str 'Bandwidth (To Device)':
  - !!float 2030130.607
  - !!str 'MB/s'
  !!str 'Bandwidth (To Host)':
  - !!float 6724789.481
  - !!str 'MB/s'
!!str 'elapsed': [!!float 3.14, !!str 's']
---
!!str 'test':
  !!str 'name': !!str 'async-test'
  !!str 'size':
  - !!int 47
  - !!str 'MB'
  !!str 'kiter': !!int 100
!!str 'cuda':
  !!str 'Kernel':
  - !!float 16.987
  - !!str 'ms'
  !!str 'To Device':
  - !!float 7.215
  - !!str 'ms'
  !!str 'To Host':
  - !!float 7.136
  - !!str 'ms'
  !!str 'Bandwidth (To Device)':
  - !!float 6514.253
  - !!str 'MB/s'
  !!str 'Bandwidth (To Host)':
  - !!float 6586.054
  - !!str 'MB/s'
!!str 'host':
  !!str 'Kernel':
  - !!float 0.018
  - !!str 'ms'
  !!str 'Local':
  - !!float 6.484
  - !!str 'ms'
  !!str 'To Device':
  - !!float 0.023
  - !!str 'ms'
  !!str 'To Host':
  - !!float 0.007
  - !!str 'ms'
  !!str 'Bandwidth (To Device)':
  - !!float 2001087.993
  - !!str 'MB/s'
  !!str 'Bandwidth (To Host)':
  - !!float 7081445.484
  - !!str 'MB/s'
!!str 'elapsed': [!!float 3.12, !!str 's']
---
!!str 'test':
  !!str 'name': !!str 'async-test'
  !!str 'size':
  - !!int 47
  - !!str 'MB'
  !!str 'kiter': !!int 100
!!str 'cuda':
  !!str 'Kernel':
  - !!float 16.991
  - !!str 'ms'
  !!str 'To Device':
  - !!float 7.208
  - !!str 'ms'
  !!str 'To Host':
  - !!float 7.103
  - !!str 'ms'
  !!str 'Bandwidth (To Device)':
  - !!float 6520.644
  - !!str 'MB/s'
  !!str 'Bandwidth (To Host)':
  - !!float 6616.614
  - !!str 'MB/s'
!!str 'host':
  !!str 'Kernel':
  - !!float 0.019
  - !!str 'ms'
  !!str 'Local':
  - !!float 6.472
  - !!str 'ms'
  !!str 'To Device':
  - !!float 0.024
  - !!str 'ms'
  !!str 'To Host':
  - !!float 0.007
  - !!str 'ms'
  !!str 'Bandwidth (To Device)':
  - !!float 1948491.094
  - !!str 'MB/s'
  !!str 'Bandwidth (To Host)':
  - !!float 6373685.067
  - !!str 'MB/s'
!!str 'elapsed': [!!float 3.13, !!str 's']
---
!!str 'test':
  !!str 'name': !!str 'async-test'
  !!str 'size':
  - !!int 47
  - !!str 'MB'
  !!str 'kiter': !!int 100
!!str 'cuda':
  !!str 'Kernel':
  - !!float 16.987
  - !!str 'ms'
  !!str 'To Device':
  - !!float 7.209
  - !!str 'ms'
  !!str 'To Host':
  - !!float 7.097
  - !!str 'ms'
  !!str 'Bandwidth (To Device)':
  - !!float 6519.892
  - !!str 'MB/s'
  !!str 'Bandwidth (To Host)':
  - !!float 6622.849
  - !!str 'MB/s'
!!str 'host':
  !!str 'Kernel':
  - !!float 0.031
  - !!str 'ms'
  !!str 'Local':
  - !!float 10.902
  - !!str 'ms'
  !!str 'To Device':
  - !!float 0.037
  - !!str 'ms'
  !!str 'To Host':
  - !!float 0.013
  - !!str 'ms'
  !!str 'Bandwidth (To Device)':
  - !!float 1257445.854
  - !!str 'MB/s'
  !!str 'Bandwidth (To Host)':
  - !!float 3722736.925
  - !!str 'MB/s'
!!str 'elapsed': [!!float 3.17, !!str 's']
