---
!!str 'test':
  !!str 'name': !!str 'async-test'
  !!str 'size':
  - !!int 76
  - !!str 'MB'
  !!str 'kiter': !!int 100
!!str 'cuda':
  !!str 'Kernel':
  - !!float 27.463
  - !!str 'ms'
  !!str 'To Device':
  - !!float 11.673
  - !!str 'ms'
  !!str 'To Host':
  - !!float 11.477
  - !!str 'ms'
  !!str 'Bandwidth (To Device)':
  - !!float 6510.922
  - !!str 'MB/s'
  !!str 'Bandwidth (To Host)':
  - !!float 6622.080
  - !!str 'MB/s'
!!str 'host':
  !!str 'Kernel':
  - !!float 0.019
  - !!str 'ms'
  !!str 'Local':
  - !!float 10.456
  - !!str 'ms'
  !!str 'To Device':
  - !!float 0.024
  - !!str 'ms'
  !!str 'To Host':
  - !!float 0.007
  - !!str 'ms'
  !!str 'Bandwidth (To Device)':
  - !!float 3200641.374
  - !!str 'MB/s'
  !!str 'Bandwidth (To Host)':
  - !!float 11279197.007
  - !!str 'MB/s'
!!str 'elapsed': [!!float 3.17, !!str 's']
---
!!str 'test':
  !!str 'name': !!str 'async-test'
  !!str 'size':
  - !!int 76
  - !!str 'MB'
  !!str 'kiter': !!int 100
!!str 'cuda':
  !!str 'Kernel':
  - !!float 27.457
  - !!str 'ms'
  !!str 'To Device':
  - !!float 11.659
  - !!str 'ms'
  !!str 'To Host':
  - !!float 11.497
  - !!str 'ms'
  !!str 'Bandwidth (To Device)':
  - !!float 6518.445
  - !!str 'MB/s'
  !!str 'Bandwidth (To Host)':
  - !!float 6610.542
  - !!str 'MB/s'
!!str 'host':
  !!str 'Kernel':
  - !!float 0.031
  - !!str 'ms'
  !!str 'Local':
  - !!float 16.028
  - !!str 'ms'
  !!str 'To Device':
  - !!float 0.037
  - !!str 'ms'
  !!str 'To Host':
  - !!float 0.013
  - !!str 'ms'
  !!str 'Bandwidth (To Device)':
  - !!float 2052978.995
  - !!str 'MB/s'
  !!str 'Bandwidth (To Host)':
  - !!float 5770194.323
  - !!str 'MB/s'
!!str 'elapsed': [!!float 3.19, !!str 's']
---
!!str 'test':
  !!str 'name': !!str 'async-test'
  !!str 'size':
  - !!int 76
  - !!str 'MB'
  !!str 'kiter': !!int 100
!!str 'cuda':
  !!str 'Kernel':
  - !!float 27.454
  - !!str 'ms'
  !!str 'To Device':
  - !!float 11.690
  - !!str 'ms'
  !!str 'To Host':
  - !!float 11.482
  - !!str 'ms'
  !!str 'Bandwidth (To Device)':
  - !!float 6501.458
  - !!str 'MB/s'
  !!str 'Bandwidth (To Host)':
  - !!float 6619.072
  - !!str 'MB/s'
!!str 'host':
  !!str 'Kernel':
  - !!float 0.029
  - !!str 'ms'
  !!str 'Local':
  - !!float 15.391
  - !!str 'ms'
  !!str 'To Device':
  - !!float 0.036
  - !!str 'ms'
  !!str 'To Host':
  - !!float 0.012
  - !!str 'ms'
  !!str 'Bandwidth (To Device)':
  - !!float 2082398.877
  - !!str 'MB/s'
  !!str 'Bandwidth (To Host)':
  - !!float 6236090.049
  - !!str 'MB/s'
!!str 'elapsed': [!!float 3.20, !!str 's']
---
!!str 'test':
  !!str 'name': !!str 'async-test'
  !!str 'size':
  - !!int 76
  - !!str 'MB'
  !!str 'kiter': !!int 100
!!str 'cuda':
  !!str 'Kernel':
  - !!float 27.467
  - !!str 'ms'
  !!str 'To Device':
  - !!float 11.647
  - !!str 'ms'
  !!str 'To Host':
  - !!float 11.482
  - !!str 'ms'
  !!str 'Bandwidth (To Device)':
  - !!float 6525.466
  - !!str 'MB/s'
  !!str 'Bandwidth (To Host)':
  - !!float 6619.035
  - !!str 'MB/s'
!!str 'host':
  !!str 'Kernel':
  - !!float 0.029
  - !!str 'ms'
  !!str 'Local':
  - !!float 15.403
  - !!str 'ms'
  !!str 'To Device':
  - !!float 0.036
  - !!str 'ms'
  !!str 'To Host':
  - !!float 0.012
  - !!str 'ms'
  !!str 'Bandwidth (To Device)':
  - !!float 2140220.485
  - !!str 'MB/s'
  !!str 'Bandwidth (To Host)':
  - !!float 6248395.086
  - !!str 'MB/s'
!!str 'elapsed': [!!float 3.20, !!str 's']
---
!!str 'test':
  !!str 'name': !!str 'async-test'
  !!str 'size':
  - !!int 76
  - !!str 'MB'
  !!str 'kiter': !!int 100
!!str 'cuda':
  !!str 'Kernel':
  - !!float 27.453
  - !!str 'ms'
  !!str 'To Device':
  - !!float 11.645
  - !!str 'ms'
  !!str 'To Host':
  - !!float 11.482
  - !!str 'ms'
  !!str 'Bandwidth (To Device)':
  - !!float 6526.452
  - !!str 'MB/s'
  !!str 'Bandwidth (To Host)':
  - !!float 6619.127
  - !!str 'MB/s'
!!str 'host':
  !!str 'Kernel':
  - !!float 0.021
  - !!str 'ms'
  !!str 'Local':
  - !!float 10.810
  - !!str 'ms'
  !!str 'To Device':
  - !!float 0.025
  - !!str 'ms'
  !!str 'To Host':
  - !!float 0.008
  - !!str 'ms'
  !!str 'Bandwidth (To Device)':
  - !!float 3006298.633
  - !!str 'MB/s'
  !!str 'Bandwidth (To Host)':
  - !!float 9578929.850
  - !!str 'MB/s'
!!str 'elapsed': [!!float 3.18, !!str 's']
---
!!str 'test':
  !!str 'name': !!str 'async-test'
  !!str 'size':
  - !!int 76
  - !!str 'MB'
  !!str 'kiter': !!int 100
!!str 'cuda':
  !!str 'Kernel':
  - !!float 27.471
  - !!str 'ms'
  !!str 'To Device':
  - !!float 11.674
  - !!str 'ms'
  !!str 'To Host':
  - !!float 11.483
  - !!str 'ms'
  !!str 'Bandwidth (To Device)':
  - !!float 6510.351
  - !!str 'MB/s'
  !!str 'Bandwidth (To Host)':
  - !!float 6618.334
  - !!str 'MB/s'
!!str 'host':
  !!str 'Kernel':
  - !!float 0.029
  - !!str 'ms'
  !!str 'Local':
  - !!float 15.401
  - !!str 'ms'
  !!str 'To Device':
  - !!float 0.035
  - !!str 'ms'
  !!str 'To Host':
  - !!float 0.012
  - !!str 'ms'
  !!str 'Bandwidth (To Device)':
  - !!float 2144629.326
  - !!str 'MB/s'
  !!str 'Bandwidth (To Host)':
  - !!float 6303851.147
  - !!str 'MB/s'
!!str 'elapsed': [!!float 3.20, !!str 's']
---
!!str 'test':
  !!str 'name': !!str 'async-test'
  !!str 'size':
  - !!int 76
  - !!str 'MB'
  !!str 'kiter': !!int 100
!!str 'cuda':
  !!str 'Kernel':
  - !!float 27.458
  - !!str 'ms'
  !!str 'To Device':
  - !!float 11.667
  - !!str 'ms'
  !!str 'To Host':
  - !!float 11.476
  - !!str 'ms'
  !!str 'Bandwidth (To Device)':
  - !!float 6513.832
  - !!str 'MB/s'
  !!str 'Bandwidth (To Host)':
  - !!float 6622.431
  - !!str 'MB/s'
!!str 'host':
  !!str 'Kernel':
  - !!float 0.019
  - !!str 'ms'
  !!str 'Local':
  - !!float 10.478
  - !!str 'ms'
  !!str 'To Device':
  - !!float 0.023
  - !!str 'ms'
  !!str 'To Host':
  - !!float 0.007
  - !!str 'ms'
  !!str 'Bandwidth (To Device)':
  - !!float 3327170.538
  - !!str 'MB/s'
  !!str 'Bandwidth (To Host)':
  - !!float 11133786.908
  - !!str 'MB/s'
!!str 'elapsed': [!!float 3.17, !!str 's']
---
!!str 'test':
  !!str 'name': !!str 'async-test'
  !!str 'size':
  - !!int 76
  - !!str 'MB'
  !!str 'kiter': !!int 100
!!str 'cuda':
  !!str 'Kernel':
  - !!float 27.461
  - !!str 'ms'
  !!str 'To Device':
  - !!float 11.660
  - !!str 'ms'
  !!str 'To Host':
  - !!float 11.483
  - !!str 'ms'
  !!str 'Bandwidth (To Device)':
  - !!float 6518.177
  - !!str 'MB/s'
  !!str 'Bandwidth (To Host)':
  - !!float 6618.371
  - !!str 'MB/s'
!!str 'host':
  !!str 'Kernel':
  - !!float 0.030
  - !!str 'ms'
  !!str 'Local':
  - !!float 15.406
  - !!str 'ms'
  !!str 'To Device':
  - !!float 0.036
  - !!str 'ms'
  !!str 'To Host':
  - !!float 0.012
  - !!str 'ms'
  !!str 'Bandwidth (To Device)':
  - !!float 2109449.024
  - !!str 'MB/s'
  !!str 'Bandwidth (To Host)':
  - !!float 6254565.833
  - !!str 'MB/s'
!!str 'elapsed': [!!float 3.20, !!str 's']
---
!!str 'test':
  !!str 'name': !!str 'async-test'
  !!str 'size':
  - !!int 76
  - !!str 'MB'
  !!str 'kiter': !!int 100
!!str 'cuda':
  !!str 'Kernel':
  - !!float 27.463
  - !!str 'ms'
  !!str 'To Device':
  - !!float 11.645
  - !!str 'ms'
  !!str 'To Host':
  - !!float 11.483
  - !!str 'ms'
  !!str 'Bandwidth (To Device)':
  - !!float 6526.076
  - !!str 'MB/s'
  !!str 'Bandwidth (To Host)':
  - !!float 6618.426
  - !!str 'MB/s'
!!str 'host':
  !!str 'Kernel':
  - !!float 0.027
  - !!str 'ms'
  !!str 'Local':
  - !!float 14.491
  - !!str 'ms'
  !!str 'To Device':
  - !!float 0.032
  - !!str 'ms'
  !!str 'To Host':
  - !!float 0.011
  - !!str 'ms'
  !!str 'Bandwidth (To Device)':
  - !!float 2355907.791
  - !!str 'MB/s'
  !!str 'Bandwidth (To Host)':
  - !!float 6687129.734
  - !!str 'MB/s'
!!str 'elapsed': [!!float 3.20, !!str 's']
---
!!str 'test':
  !!str 'name': !!str 'async-test'
  !!str 'size':
  - !!int 76
  - !!str 'MB'
  !!str 'kiter': !!int 100
!!str 'cuda':
  !!str 'Kernel':
  - !!float 27.467
  - !!str 'ms'
  !!str 'To Device':
  - !!float 11.637
  - !!str 'ms'
  !!str 'To Host':
  - !!float 11.476
  - !!str 'ms'
  !!str 'Bandwidth (To Device)':
  - !!float 6530.992
  - !!str 'MB/s'
  !!str 'Bandwidth (To Host)':
  - !!float 6622.173
  - !!str 'MB/s'
!!str 'host':
  !!str 'Kernel':
  - !!float 0.018
  - !!str 'ms'
  !!str 'Local':
  - !!float 10.465
  - !!str 'ms'
  !!str 'To Device':
  - !!float 0.023
  - !!str 'ms'
  !!str 'To Host':
  - !!float 0.007
  - !!str 'ms'
  !!str 'Bandwidth (To Device)':
  - !!float 3286879.571
  - !!str 'MB/s'
  !!str 'Bandwidth (To Host)':
  - !!float 11430174.377
  - !!str 'MB/s'
!!str 'elapsed': [!!float 3.15, !!str 's']
