---
!!str 'test':
  !!str 'name': !!str 'async-test'
  !!str 'size':
  - !!int 33
  - !!str 'MB'
  !!str 'kiter': !!int 100
!!str 'cuda':
  !!str 'Kernel':
  - !!float 11.934
  - !!str 'ms'
  !!str 'To Device':
  - !!float 5.086
  - !!str 'ms'
  !!str 'To Host':
  - !!float 4.995
  - !!str 'ms'
  !!str 'Bandwidth (To Device)':
  - !!float 6488.429
  - !!str 'MB/s'
  !!str 'Bandwidth (To Host)':
  - !!float 6606.015
  - !!str 'MB/s'
!!str 'host':
  !!str 'Kernel':
  - !!float 0.019
  - !!str 'ms'
  !!str 'Local':
  - !!float 4.661
  - !!str 'ms'
  !!str 'To Device':
  - !!float 0.024
  - !!str 'ms'
  !!str 'To Host':
  - !!float 0.007
  - !!str 'ms'
  !!str 'Bandwidth (To Device)':
  - !!float 1376696.870
  - !!str 'MB/s'
  !!str 'Bandwidth (To Host)':
  - !!float 4676126.397
  - !!str 'MB/s'
!!str 'elapsed': [!!float 3.12, !!str 's']
---
!!str 'test':
  !!str 'name': !!str 'async-test'
  !!str 'size':
  - !!int 33
  - !!str 'MB'
  !!str 'kiter': !!int 100
!!str 'cuda':
  !!str 'Kernel':
  - !!float 11.935
  - !!str 'ms'
  !!str 'To Device':
  - !!float 5.058
  - !!str 'ms'
  !!str 'To Host':
  - !!float 5.026
  - !!str 'ms'
  !!str 'Bandwidth (To Device)':
  - !!float 6524.596
  - !!str 'MB/s'
  !!str 'Bandwidth (To Host)':
  - !!float 6565.638
  - !!str 'MB/s'
!!str 'host':
  !!str 'Kernel':
  - !!float 0.032
  - !!str 'ms'
  !!str 'Local':
  - !!float 8.742
  - !!str 'ms'
  !!str 'To Device':
  - !!float 0.038
  - !!str 'ms'
  !!str 'To Host':
  - !!float 0.014
  - !!str 'ms'
  !!str 'Bandwidth (To Device)':
  - !!float 861806.273
  - !!str 'MB/s'
  !!str 'Bandwidth (To Host)':
  - !!float 2373205.608
  - !!str 'MB/s'
!!str 'elapsed': [!!float 3.15, !!str 's']
---
!!str 'test':
  !!str 'name': !!str 'async-test'
  !!str 'size':
  - !!int 33
  - !!str 'MB'
  !!str 'kiter': !!int 100
!!str 'cuda':
  !!str 'Kernel':
  - !!float 11.935
  - !!str 'ms'
  !!str 'To Device':
  - !!float 5.071
  - !!str 'ms'
  !!str 'To Host':
  - !!float 4.986
  - !!str 'ms'
  !!str 'Bandwidth (To Device)':
  - !!float 6507.551
  - !!str 'MB/s'
  !!str 'Bandwidth (To Host)':
  - !!float 6618.692
  - !!str 'MB/s'
!!str 'host':
  !!str 'Kernel':
  - !!float 0.018
  - !!str 'ms'
  !!str 'Local':
  - !!float 4.582
  - !!str 'ms'
  !!str 'To Device':
  - !!float 0.023
  - !!str 'ms'
  !!str 'To Host':
  - !!float 0.006
  - !!str 'ms'
  !!str 'Bandwidth (To Device)':
  - !!float 1444808.405
  - !!str 'MB/s'
  !!str 'Bandwidth (To Host)':
  - !!float 5102740.680
  - !!str 'MB/s'
!!str 'elapsed': [!!float 3.10, !!str 's']
---
!!str 'test':
  !!str 'name': !!str 'async-test'
  !!str 'size':
  - !!int 33
  - !!str 'MB'
  !!str 'kiter': !!int 100
!!str 'cuda':
  !!str 'Kernel':
  - !!float 11.941
  - !!str 'ms'
  !!str 'To Device':
  - !!float 5.093
  - !!str 'ms'
  !!str 'To Host':
  - !!float 5.012
  - !!str 'ms'
  !!str 'Bandwidth (To Device)':
  - !!float 6479.216
  - !!str 'MB/s'
  !!str 'Bandwidth (To Host)':
  - !!float 6583.663
  - !!str 'MB/s'
!!str 'host':
  !!str 'Kernel':
  - !!float 0.019
  - !!str 'ms'
  !!str 'Local':
  - !!float 4.550
  - !!str 'ms'
  !!str 'To Device':
  - !!float 0.024
  - !!str 'ms'
  !!str 'To Host':
  - !!float 0.007
  - !!str 'ms'
  !!str 'Bandwidth (To Device)':
  - !!float 1393027.311
  - !!str 'MB/s'
  !!str 'Bandwidth (To Host)':
  - !!float 4850716.446
  - !!str 'MB/s'
!!str 'elapsed': [!!float 3.12, !!str 's']
---
!!str 'test':
  !!str 'name': !!str 'async-test'
  !!str 'size':
  - !!int 33
  - !!str 'MB'
  !!str 'kiter': !!int 100
!!str 'cuda':
  !!str 'Kernel':
  - !!float 11.933
  - !!str 'ms'
  !!str 'To Device':
  - !!float 5.072
  - !!str 'ms'
  !!str 'To Host':
  - !!float 4.994
  - !!str 'ms'
  !!str 'Bandwidth (To Device)':
  - !!float 6505.580
  - !!str 'MB/s'
  !!str 'Bandwidth (To Host)':
  - !!float 6607.920
  - !!str 'MB/s'
!!str 'host':
  !!str 'Kernel':
  - !!float 0.018
  - !!str 'ms'
  !!str 'Local':
  - !!float 4.537
  - !!str 'ms'
  !!str 'To Device':
  - !!float 0.023
  - !!str 'ms'
  !!str 'To Host':
  - !!float 0.007
  - !!str 'ms'
  !!str 'Bandwidth (To Device)':
  - !!float 1448041.774
  - !!str 'MB/s'
  !!str 'Bandwidth (To Host)':
  - !!float 4908437.302
  - !!str 'MB/s'
!!str 'elapsed': [!!float 3.13, !!str 's']
---
!!str 'test':
  !!str 'name': !!str 'async-test'
  !!str 'size':
  - !!int 33
  - !!str 'MB'
  !!str 'kiter': !!int 100
!!str 'cuda':
  !!str 'Kernel':
  - !!float 11.933
  - !!str 'ms'
  !!str 'To Device':
  - !!float 5.072
  - !!str 'ms'
  !!str 'To Host':
  - !!float 4.993
  - !!str 'ms'
  !!str 'Bandwidth (To Device)':
  - !!float 6506.401
  - !!str 'MB/s'
  !!str 'Bandwidth (To Host)':
  - !!float 6609.699
  - !!str 'MB/s'
!!str 'host':
  !!str 'Kernel':
  - !!float 0.030
  - !!str 'ms'
  !!str 'Local':
  - !!float 8.330
  - !!str 'ms'
  !!str 'To Device':
  - !!float 0.037
  - !!str 'ms'
  !!str 'To Host':
  - !!float 0.013
  - !!str 'ms'
  !!str 'Bandwidth (To Device)':
  - !!float 893760.467
  - !!str 'MB/s'
  !!str 'Bandwidth (To Host)':
  - !!float 2595314.509
  - !!str 'MB/s'
!!str 'elapsed': [!!float 3.15, !!str 's']
---
!!str 'test':
  !!str 'name': !!str 'async-test'
  !!str 'size':
  - !!int 33
  - !!str 'MB'
  !!str 'kiter': !!int 100
!!str 'cuda':
  !!str 'Kernel':
  - !!float 11.939
  - !!str 'ms'
  !!str 'To Device':
  - !!float 5.064
  - !!str 'ms'
  !!str 'To Host':
  - !!float 5.007
  - !!str 'ms'
  !!str 'Bandwidth (To Device)':
  - !!float 6516.144
  - !!str 'MB/s'
  !!str 'Bandwidth (To Host)':
  - !!float 6590.352
  - !!str 'MB/s'
!!str 'host':
  !!str 'Kernel':
  - !!float 0.033
  - !!str 'ms'
  !!str 'Local':
  - !!float 8.508
  - !!str 'ms'
  !!str 'To Device':
  - !!float 0.045
  - !!str 'ms'
  !!str 'To Host':
  - !!float 0.014
  - !!str 'ms'
  !!str 'Bandwidth (To Device)':
  - !!float 734266.921
  - !!str 'MB/s'
  !!str 'Bandwidth (To Host)':
  - !!float 2441688.789
  - !!str 'MB/s'
!!str 'elapsed': [!!float 3.17, !!str 's']
---
!!str 'test':
  !!str 'name': !!str 'async-test'
  !!str 'size':
  - !!int 33
  - !!str 'MB'
  !!str 'kiter': !!int 100
!!str 'cuda':
  !!str 'Kernel':
  - !!float 11.930
  - !!str 'ms'
  !!str 'To Device':
  - !!float 5.086
  - !!str 'ms'
  !!str 'To Host':
  - !!float 4.993
  - !!str 'ms'
  !!str 'Bandwidth (To Device)':
  - !!float 6487.776
  - !!str 'MB/s'
  !!str 'Bandwidth (To Host)':
  - !!float 6609.783
  - !!str 'MB/s'
!!str 'host':
  !!str 'Kernel':
  - !!float 0.019
  - !!str 'ms'
  !!str 'Local':
  - !!float 4.536
  - !!str 'ms'
  !!str 'To Device':
  - !!float 0.023
  - !!str 'ms'
  !!str 'To Host':
  - !!float 0.007
  - !!str 'ms'
  !!str 'Bandwidth (To Device)':
  - !!float 1417501.030
  - !!str 'MB/s'
  !!str 'Bandwidth (To Host)':
  - !!float 4768702.887
  - !!str 'MB/s'
!!str 'elapsed': [!!float 3.13, !!str 's']
---
!!str 'test':
  !!str 'name': !!str 'async-test'
  !!str 'size':
  - !!int 33
  - !!str 'MB'
  !!str 'kiter': !!int 100
!!str 'cuda':
  !!str 'Kernel':
  - !!float 11.934
  - !!str 'ms'
  !!str 'To Device':
  - !!float 5.073
  - !!str 'ms'
  !!str 'To Host':
  - !!float 4.984
  - !!str 'ms'
  !!str 'Bandwidth (To Device)':
  - !!float 6505.046
  - !!str 'MB/s'
  !!str 'Bandwidth (To Host)':
  - !!float 6621.327
  - !!str 'MB/s'
!!str 'host':
  !!str 'Kernel':
  - !!float 0.018
  - !!str 'ms'
  !!str 'Local':
  - !!float 4.535
  - !!str 'ms'
  !!str 'To Device':
  - !!float 0.022
  - !!str 'ms'
  !!str 'To Host':
  - !!float 0.007
  - !!str 'ms'
  !!str 'Bandwidth (To Device)':
  - !!float 1466641.066
  - !!str 'MB/s'
  !!str 'Bandwidth (To Host)':
  - !!float 4950408.638
  - !!str 'MB/s'
!!str 'elapsed': [!!float 3.12, !!str 's']
---
!!str 'test':
  !!str 'name': !!str 'async-test'
  !!str 'size':
  - !!int 33
  - !!str 'MB'
  !!str 'kiter': !!int 100
!!str 'cuda':
  !!str 'Kernel':
  - !!float 11.933
  - !!str 'ms'
  !!str 'To Device':
  - !!float 5.073
  - !!str 'ms'
  !!str 'To Host':
  - !!float 4.985
  - !!str 'ms'
  !!str 'Bandwidth (To Device)':
  - !!float 6505.498
  - !!str 'MB/s'
  !!str 'Bandwidth (To Host)':
  - !!float 6620.222
  - !!str 'MB/s'
!!str 'host':
  !!str 'Kernel':
  - !!float 0.021
  - !!str 'ms'
  !!str 'Local':
  - !!float 8.683
  - !!str 'ms'
  !!str 'To Device':
  - !!float 0.025
  - !!str 'ms'
  !!str 'To Host':
  - !!float 0.007
  - !!str 'ms'
  !!str 'Bandwidth (To Device)':
  - !!float 1307166.725
  - !!str 'MB/s'
  !!str 'Bandwidth (To Host)':
  - !!float 4535379.876
  - !!str 'MB/s'
!!str 'elapsed': [!!float 3.14, !!str 's']
