---
!!str 'test':
  !!str 'name': !!str 'async-test'
  !!str 'size':
  - !!int 40
  - !!str 'MB'
  !!str 'kiter': !!int 100
!!str 'cuda':
  !!str 'Kernel':
  - !!float 14.465
  - !!str 'ms'
  !!str 'To Device':
  - !!float 6.129
  - !!str 'ms'
  !!str 'To Host':
  - !!float 6.072
  - !!str 'ms'
  !!str 'Bandwidth (To Device)':
  - !!float 6526.241
  - !!str 'MB/s'
  !!str 'Bandwidth (To Host)':
  - !!float 6587.462
  - !!str 'MB/s'
!!str 'host':
  !!str 'Kernel':
  - !!float 0.029
  - !!str 'ms'
  !!str 'Local':
  - !!float 9.287
  - !!str 'ms'
  !!str 'To Device':
  - !!float 0.036
  - !!str 'ms'
  !!str 'To Host':
  - !!float 0.012
  - !!str 'ms'
  !!str 'Bandwidth (To Device)':
  - !!float 1121722.113
  - !!str 'MB/s'
  !!str 'Bandwidth (To Host)':
  - !!float 3315882.354
  - !!str 'MB/s'
!!str 'elapsed': [!!float 3.16, !!str 's']
---
!!str 'test':
  !!str 'name': !!str 'async-test'
  !!str 'size':
  - !!int 40
  - !!str 'MB'
  !!str 'kiter': !!int 100
!!str 'cuda':
  !!str 'Kernel':
  - !!float 14.459
  - !!str 'ms'
  !!str 'To Device':
  - !!float 6.137
  - !!str 'ms'
  !!str 'To Host':
  - !!float 6.064
  - !!str 'ms'
  !!str 'Bandwidth (To Device)':
  - !!float 6517.972
  - !!str 'MB/s'
  !!str 'Bandwidth (To Host)':
  - !!float 6596.083
  - !!str 'MB/s'
!!str 'host':
  !!str 'Kernel':
  - !!float 0.032
  - !!str 'ms'
  !!str 'Local':
  - !!float 10.173
  - !!str 'ms'
  !!str 'To Device':
  - !!float 0.039
  - !!str 'ms'
  !!str 'To Host':
  - !!float 0.014
  - !!str 'ms'
  !!str 'Bandwidth (To Device)':
  - !!float 1024419.629
  - !!str 'MB/s'
  !!str 'Bandwidth (To Host)':
  - !!float 2962705.639
  - !!str 'MB/s'
!!str 'elapsed': [!!float 3.15, !!str 's']
---
!!str 'test':
  !!str 'name': !!str 'async-test'
  !!str 'size':
  - !!int 40
  - !!str 'MB'
  !!str 'kiter': !!int 100
!!str 'cuda':
  !!str 'Kernel':
  - !!float 14.461
  - !!str 'ms'
  !!str 'To Device':
  - !!float 6.149
  - !!str 'ms'
  !!str 'To Host':
  - !!float 6.044
  - !!str 'ms'
  !!str 'Bandwidth (To Device)':
  - !!float 6504.608
  - !!str 'MB/s'
  !!str 'Bandwidth (To Host)':
  - !!float 6617.874
  - !!str 'MB/s'
!!str 'host':
  !!str 'Kernel':
  - !!float 0.019
  - !!str 'ms'
  !!str 'Local':
  - !!float 5.499
  - !!str 'ms'
  !!str 'To Device':
  - !!float 0.029
  - !!str 'ms'
  !!str 'To Host':
  - !!float 0.007
  - !!str 'ms'
  !!str 'Bandwidth (To Device)':
  - !!float 1399562.240
  - !!str 'MB/s'
  !!str 'Bandwidth (To Host)':
  - !!float 5863308.243
  - !!str 'MB/s'
!!str 'elapsed': [!!float 3.14, !!str 's']
---
!!str 'test':
  !!str 'name': !!str 'async-test'
  !!str 'size':
  - !!int 40
  - !!str 'MB'
  !!str 'kiter': !!int 100
!!str 'cuda':
  !!str 'Kernel':
  - !!float 14.460
  - !!str 'ms'
  !!str 'To Device':
  - !!float 6.143
  - !!str 'ms'
  !!str 'To Host':
  - !!float 6.044
  - !!str 'ms'
  !!str 'Bandwidth (To Device)':
  - !!float 6511.554
  - !!str 'MB/s'
  !!str 'Bandwidth (To Host)':
  - !!float 6617.804
  - !!str 'MB/s'
!!str 'host':
  !!str 'Kernel':
  - !!float 0.019
  - !!str 'ms'
  !!str 'Local':
  - !!float 5.505
  - !!str 'ms'
  !!str 'To Device':
  - !!float 0.024
  - !!str 'ms'
  !!str 'To Host':
  - !!float 0.007
  - !!str 'ms'
  !!str 'Bandwidth (To Device)':
  - !!float 1686176.917
  - !!str 'MB/s'
  !!str 'Bandwidth (To Host)':
  - !!float 5961175.683
  - !!str 'MB/s'
!!str 'elapsed': [!!float 3.14, !!str 's']
---
!!str 'test':
  !!str 'name': !!str 'async-test'
  !!str 'size':
  - !!int 40
  - !!str 'MB'
  !!str 'kiter': !!int 100
!!str 'cuda':
  !!str 'Kernel':
  - !!float 14.459
  - !!str 'ms'
  !!str 'To Device':
  - !!float 6.172
  - !!str 'ms'
  !!str 'To Host':
  - !!float 6.051
  - !!str 'ms'
  !!str 'Bandwidth (To Device)':
  - !!float 6480.328
  - !!str 'MB/s'
  !!str 'Bandwidth (To Host)':
  - !!float 6610.874
  - !!str 'MB/s'
!!str 'host':
  !!str 'Kernel':
  - !!float 0.029
  - !!str 'ms'
  !!str 'Local':
  - !!float 9.239
  - !!str 'ms'
  !!str 'To Device':
  - !!float 0.036
  - !!str 'ms'
  !!str 'To Host':
  - !!float 0.013
  - !!str 'ms'
  !!str 'Bandwidth (To Device)':
  - !!float 1118522.660
  - !!str 'MB/s'
  !!str 'Bandwidth (To Host)':
  - !!float 3167272.851
  - !!str 'MB/s'
!!str 'elapsed': [!!float 3.16, !!str 's']
---
!!str 'test':
  !!str 'name': !!str 'async-test'
  !!str 'size':
  - !!int 40
  - !!str 'MB'
  !!str 'kiter': !!int 100
!!str 'cuda':
  !!str 'Kernel':
  - !!float 14.458
  - !!str 'ms'
  !!str 'To Device':
  - !!float 6.130
  - !!str 'ms'
  !!str 'To Host':
  - !!float 6.044
  - !!str 'ms'
  !!str 'Bandwidth (To Device)':
  - !!float 6525.526
  - !!str 'MB/s'
  !!str 'Bandwidth (To Host)':
  - !!float 6618.154
  - !!str 'MB/s'
!!str 'host':
  !!str 'Kernel':
  - !!float 0.018
  - !!str 'ms'
  !!str 'Local':
  - !!float 5.496
  - !!str 'ms'
  !!str 'To Device':
  - !!float 0.023
  - !!str 'ms'
  !!str 'To Host':
  - !!float 0.007
  - !!str 'ms'
  !!str 'Bandwidth (To Device)':
  - !!float 1708211.856
  - !!str 'MB/s'
  !!str 'Bandwidth (To Host)':
  - !!float 5716662.688
  - !!str 'MB/s'
!!str 'elapsed': [!!float 3.13, !!str 's']
---
!!str 'test':
  !!str 'name': !!str 'async-test'
  !!str 'size':
  - !!int 40
  - !!str 'MB'
  !!str 'kiter': !!int 100
!!str 'cuda':
  !!str 'Kernel':
  - !!float 14.459
  - !!str 'ms'
  !!str 'To Device':
  - !!float 6.150
  - !!str 'ms'
  !!str 'To Host':
  - !!float 6.044
  - !!str 'ms'
  !!str 'Bandwidth (To Device)':
  - !!float 6504.506
  - !!str 'MB/s'
  !!str 'Bandwidth (To Host)':
  - !!float 6617.944
  - !!str 'MB/s'
!!str 'host':
  !!str 'Kernel':
  - !!float 0.019
  - !!str 'ms'
  !!str 'Local':
  - !!float 5.513
  - !!str 'ms'
  !!str 'To Device':
  - !!float 0.023
  - !!str 'ms'
  !!str 'To Host':
  - !!float 0.007
  - !!str 'ms'
  !!str 'Bandwidth (To Device)':
  - !!float 1714288.297
  - !!str 'MB/s'
  !!str 'Bandwidth (To Host)':
  - !!float 5704433.661
  - !!str 'MB/s'
!!str 'elapsed': [!!float 3.14, !!str 's']
---
!!str 'test':
  !!str 'name': !!str 'async-test'
  !!str 'size':
  - !!int 40
  - !!str 'MB'
  !!str 'kiter': !!int 100
!!str 'cuda':
  !!str 'Kernel':
  - !!float 14.460
  - !!str 'ms'
  !!str 'To Device':
  - !!float 6.205
  - !!str 'ms'
  !!str 'To Host':
  - !!float 6.045
  - !!str 'ms'
  !!str 'Bandwidth (To Device)':
  - !!float 6446.539
  - !!str 'MB/s'
  !!str 'Bandwidth (To Host)':
  - !!float 6616.998
  - !!str 'MB/s'
!!str 'host':
  !!str 'Kernel':
  - !!float 0.018
  - !!str 'ms'
  !!str 'Local':
  - !!float 5.516
  - !!str 'ms'
  !!str 'To Device':
  - !!float 0.023
  - !!str 'ms'
  !!str 'To Host':
  - !!float 0.007
  - !!str 'ms'
  !!str 'Bandwidth (To Device)':
  - !!float 1742745.244
  - !!str 'MB/s'
  !!str 'Bandwidth (To Host)':
  - !!float 6036747.484
  - !!str 'MB/s'
!!str 'elapsed': [!!float 3.14, !!str 's']
---
!!str 'test':
  !!str 'name': !!str 'async-test'
  !!str 'size':
  - !!int 40
  - !!str 'MB'
  !!str 'kiter': !!int 100
!!str 'cuda':
  !!str 'Kernel':
  - !!float 14.460
  - !!str 'ms'
  !!str 'To Device':
  - !!float 6.129
  - !!str 'ms'
  !!str 'To Host':
  - !!float 6.045
  - !!str 'ms'
  !!str 'Bandwidth (To Device)':
  - !!float 6526.616
  - !!str 'MB/s'
  !!str 'Bandwidth (To Host)':
  - !!float 6617.453
  - !!str 'MB/s'
!!str 'host':
  !!str 'Kernel':
  - !!float 0.018
  - !!str 'ms'
  !!str 'Local':
  - !!float 5.516
  - !!str 'ms'
  !!str 'To Device':
  - !!float 0.022
  - !!str 'ms'
  !!str 'To Host':
  - !!float 0.007
  - !!str 'ms'
  !!str 'Bandwidth (To Device)':
  - !!float 1798538.167
  - !!str 'MB/s'
  !!str 'Bandwidth (To Host)':
  - !!float 5926728.231
  - !!str 'MB/s'
!!str 'elapsed': [!!float 3.13, !!str 's']
---
!!str 'test':
  !!str 'name': !!str 'async-test'
  !!str 'size':
  - !!int 40
  - !!str 'MB'
  !!str 'kiter': !!int 100
!!str 'cuda':
  !!str 'Kernel':
  - !!float 14.462
  - !!str 'ms'
  !!str 'To Device':
  - !!float 6.156
  - !!str 'ms'
  !!str 'To Host':
  - !!float 6.044
  - !!str 'ms'
  !!str 'Bandwidth (To Device)':
  - !!float 6497.407
  - !!str 'MB/s'
  !!str 'Bandwidth (To Host)':
  - !!float 6618.364
  - !!str 'MB/s'
!!str 'host':
  !!str 'Kernel':
  - !!float 0.019
  - !!str 'ms'
  !!str 'Local':
  - !!float 5.501
  - !!str 'ms'
  !!str 'To Device':
  - !!float 0.023
  - !!str 'ms'
  !!str 'To Host':
  - !!float 0.007
  - !!str 'ms'
  !!str 'Bandwidth (To Device)':
  - !!float 1702975.512
  - !!str 'MB/s'
  !!str 'Bandwidth (To Host)':
  - !!float 5698744.669
  - !!str 'MB/s'
!!str 'elapsed': [!!float 3.14, !!str 's']
