---
!!str 'test':
  !!str 'name': !!str 'async-test'
  !!str 'size':
  - !!int 61
  - !!str 'MB'
  !!str 'kiter': !!int 100
!!str 'cuda':
  !!str 'Kernel':
  - !!float 22.051
  - !!str 'ms'
  !!str 'To Device':
  - !!float 9.399
  - !!str 'ms'
  !!str 'To Host':
  - !!float 9.215
  - !!str 'ms'
  !!str 'Bandwidth (To Device)':
  - !!float 6490.145
  - !!str 'MB/s'
  !!str 'Bandwidth (To Host)':
  - !!float 6619.717
  - !!str 'MB/s'
!!str 'host':
  !!str 'Kernel':
  - !!float 0.019
  - !!str 'ms'
  !!str 'Local':
  - !!float 8.380
  - !!str 'ms'
  !!str 'To Device':
  - !!float 0.024
  - !!str 'ms'
  !!str 'To Host':
  - !!float 0.007
  - !!str 'ms'
  !!str 'Bandwidth (To Device)':
  - !!float 2552928.751
  - !!str 'MB/s'
  !!str 'Bandwidth (To Host)':
  - !!float 8535004.836
  - !!str 'MB/s'
!!str 'elapsed': [!!float 3.16, !!str 's']
---
!!str 'test':
  !!str 'name': !!str 'async-test'
  !!str 'size':
  - !!int 61
  - !!str 'MB'
  !!str 'kiter': !!int 100
!!str 'cuda':
  !!str 'Kernel':
  - !!float 22.053
  - !!str 'ms'
  !!str 'To Device':
  - !!float 9.356
  - !!str 'ms'
  !!str 'To Host':
  - !!float 9.205
  - !!str 'ms'
  !!str 'Bandwidth (To Device)':
  - !!float 6519.713
  - !!str 'MB/s'
  !!str 'Bandwidth (To Host)':
  - !!float 6626.597
  - !!str 'MB/s'
!!str 'host':
  !!str 'Kernel':
  - !!float 0.018
  - !!str 'ms'
  !!str 'Local':
  - !!float 8.413
  - !!str 'ms'
  !!str 'To Device':
  - !!float 0.022
  - !!str 'ms'
  !!str 'To Host':
  - !!float 0.006
  - !!str 'ms'
  !!str 'Bandwidth (To Device)':
  - !!float 2712302.337
  - !!str 'MB/s'
  !!str 'Bandwidth (To Host)':
  - !!float 9394683.438
  - !!str 'MB/s'
!!str 'elapsed': [!!float 3.14, !!str 's']
---
!!str 'test':
  !!str 'name': !!str 'async-test'
  !!str 'size':
  - !!int 61
  - !!str 'MB'
  !!str 'kiter': !!int 100
!!str 'cuda':
  !!str 'Kernel':
  - !!float 22.046
  - !!str 'ms'
  !!str 'To Device':
  - !!float 9.351
  - !!str 'ms'
  !!str 'To Host':
  - !!float 9.222
  - !!str 'ms'
  !!str 'Bandwidth (To Device)':
  - !!float 6523.260
  - !!str 'MB/s'
  !!str 'Bandwidth (To Host)':
  - !!float 6614.777
  - !!str 'MB/s'
!!str 'host':
  !!str 'Kernel':
  - !!float 0.031
  - !!str 'ms'
  !!str 'Local':
  - !!float 13.346
  - !!str 'ms'
  !!str 'To Device':
  - !!float 0.037
  - !!str 'ms'
  !!str 'To Host':
  - !!float 0.013
  - !!str 'ms'
  !!str 'Bandwidth (To Device)':
  - !!float 1630266.445
  - !!str 'MB/s'
  !!str 'Bandwidth (To Host)':
  - !!float 4659309.469
  - !!str 'MB/s'
!!str 'elapsed': [!!float 3.20, !!str 's']
---
!!str 'test':
  !!str 'name': !!str 'async-test'
  !!str 'size':
  - !!int 61
  - !!str 'MB'
  !!str 'kiter': !!int 100
!!str 'cuda':
  !!str 'Kernel':
  - !!float 22.045
  - !!str 'ms'
  !!str 'To Device':
  - !!float 9.344
  - !!str 'ms'
  !!str 'To Host':
  - !!float 9.215
  - !!str 'ms'
  !!str 'Bandwidth (To Device)':
  - !!float 6528.287
  - !!str 'MB/s'
  !!str 'Bandwidth (To Host)':
  - !!float 6619.717
  - !!str 'MB/s'
!!str 'host':
  !!str 'Kernel':
  - !!float 0.018
  - !!str 'ms'
  !!str 'Local':
  - !!float 8.394
  - !!str 'ms'
  !!str 'To Device':
  - !!float 0.023
  - !!str 'ms'
  !!str 'To Host':
  - !!float 0.007
  - !!str 'ms'
  !!str 'Bandwidth (To Device)':
  - !!float 2608607.576
  - !!str 'MB/s'
  !!str 'Bandwidth (To Host)':
  - !!float 9027627.581
  - !!str 'MB/s'
!!str 'elapsed': [!!float 3.14, !!str 's']
---
!!str 'test':
  !!str 'name': !!str 'async-test'
  !!str 'size':
  - !!int 61
  - !!str 'MB'
  !!str 'kiter': !!int 100
!!str 'cuda':
  !!str 'Kernel':
  - !!float 22.036
  - !!str 'ms'
  !!str 'To Device':
  - !!float 9.371
  - !!str 'ms'
  !!str 'To Host':
  - !!float 9.220
  - !!str 'ms'
  !!str 'Bandwidth (To Device)':
  - !!float 6509.404
  - !!str 'MB/s'
  !!str 'Bandwidth (To Host)':
  - !!float 6616.040
  - !!str 'MB/s'
!!str 'host':
  !!str 'Kernel':
  - !!float 0.031
  - !!str 'ms'
  !!str 'Local':
  - !!float 13.804
  - !!str 'ms'
  !!str 'To Device':
  - !!float 0.037
  - !!str 'ms'
  !!str 'To Host':
  - !!float 0.013
  - !!str 'ms'
  !!str 'Bandwidth (To Device)':
  - !!float 1645438.055
  - !!str 'MB/s'
  !!str 'Bandwidth (To Host)':
  - !!float 4782038.222
  - !!str 'MB/s'
!!str 'elapsed': [!!float 3.16, !!str 's']
---
!!str 'test':
  !!str 'name': !!str 'async-test'
  !!str 'size':
  - !!int 61
  - !!str 'MB'
  !!str 'kiter': !!int 100
!!str 'cuda':
  !!str 'Kernel':
  - !!float 22.041
  - !!str 'ms'
  !!str 'To Device':
  - !!float 9.365
  - !!str 'ms'
  !!str 'To Host':
  - !!float 9.274
  - !!str 'ms'
  !!str 'Bandwidth (To Device)':
  - !!float 6513.786
  - !!str 'MB/s'
  !!str 'Bandwidth (To Host)':
  - !!float 6577.755
  - !!str 'MB/s'
!!str 'host':
  !!str 'Kernel':
  - !!float 0.030
  - !!str 'ms'
  !!str 'Local':
  - !!float 13.756
  - !!str 'ms'
  !!str 'To Device':
  - !!float 0.037
  - !!str 'ms'
  !!str 'To Host':
  - !!float 0.013
  - !!str 'ms'
  !!str 'Bandwidth (To Device)':
  - !!float 1636081.954
  - !!str 'MB/s'
  !!str 'Bandwidth (To Host)':
  - !!float 4556975.913
  - !!str 'MB/s'
!!str 'elapsed': [!!float 3.19, !!str 's']
---
!!str 'test':
  !!str 'name': !!str 'async-test'
  !!str 'size':
  - !!int 61
  - !!str 'MB'
  !!str 'kiter': !!int 100
!!str 'cuda':
  !!str 'Kernel':
  - !!float 22.044
  - !!str 'ms'
  !!str 'To Device':
  - !!float 9.351
  - !!str 'ms'
  !!str 'To Host':
  - !!float 9.215
  - !!str 'ms'
  !!str 'Bandwidth (To Device)':
  - !!float 6523.505
  - !!str 'MB/s'
  !!str 'Bandwidth (To Host)':
  - !!float 6619.717
  - !!str 'MB/s'
!!str 'host':
  !!str 'Kernel':
  - !!float 0.018
  - !!str 'ms'
  !!str 'Local':
  - !!float 8.397
  - !!str 'ms'
  !!str 'To Device':
  - !!float 0.023
  - !!str 'ms'
  !!str 'To Host':
  - !!float 0.007
  - !!str 'ms'
  !!str 'Bandwidth (To Device)':
  - !!float 2612070.379
  - !!str 'MB/s'
  !!str 'Bandwidth (To Host)':
  - !!float 8956053.379
  - !!str 'MB/s'
!!str 'elapsed': [!!float 3.16, !!str 's']
---
!!str 'test':
  !!str 'name': !!str 'async-test'
  !!str 'size':
  - !!int 61
  - !!str 'MB'
  !!str 'kiter': !!int 100
!!str 'cuda':
  !!str 'Kernel':
  - !!float 22.043
  - !!str 'ms'
  !!str 'To Device':
  - !!float 9.343
  - !!str 'ms'
  !!str 'To Host':
  - !!float 9.214
  - !!str 'ms'
  !!str 'Bandwidth (To Device)':
  - !!float 6529.024
  - !!str 'MB/s'
  !!str 'Bandwidth (To Host)':
  - !!float 6620.038
  - !!str 'MB/s'
!!str 'host':
  !!str 'Kernel':
  - !!float 0.019
  - !!str 'ms'
  !!str 'Local':
  - !!float 8.386
  - !!str 'ms'
  !!str 'To Device':
  - !!float 0.023
  - !!str 'ms'
  !!str 'To Host':
  - !!float 0.007
  - !!str 'ms'
  !!str 'Bandwidth (To Device)':
  - !!float 2632587.267
  - !!str 'MB/s'
  !!str 'Bandwidth (To Host)':
  - !!float 8657348.789
  - !!str 'MB/s'
!!str 'elapsed': [!!float 3.15, !!str 's']
---
!!str 'test':
  !!str 'name': !!str 'async-test'
  !!str 'size':
  - !!int 61
  - !!str 'MB'
  !!str 'kiter': !!int 100
!!str 'cuda':
  !!str 'Kernel':
  - !!float 22.044
  - !!str 'ms'
  !!str 'To Device':
  - !!float 9.378
  - !!str 'ms'
  !!str 'To Host':
  - !!float 9.220
  - !!str 'ms'
  !!str 'Bandwidth (To Device)':
  - !!float 6504.873
  - !!str 'MB/s'
  !!str 'Bandwidth (To Host)':
  - !!float 6615.856
  - !!str 'MB/s'
!!str 'host':
  !!str 'Kernel':
  - !!float 0.024
  - !!str 'ms'
  !!str 'Local':
  - !!float 10.408
  - !!str 'ms'
  !!str 'To Device':
  - !!float 0.029
  - !!str 'ms'
  !!str 'To Host':
  - !!float 0.009
  - !!str 'ms'
  !!str 'Bandwidth (To Device)':
  - !!float 2068486.930
  - !!str 'MB/s'
  !!str 'Bandwidth (To Host)':
  - !!float 6531714.270
  - !!str 'MB/s'
!!str 'elapsed': [!!float 3.16, !!str 's']
---
!!str 'test':
  !!str 'name': !!str 'async-test'
  !!str 'size':
  - !!int 61
  - !!str 'MB'
  !!str 'kiter': !!int 100
!!str 'cuda':
  !!str 'Kernel':
  - !!float 22.044
  - !!str 'ms'
  !!str 'To Device':
  - !!float 9.363
  - !!str 'ms'
  !!str 'To Host':
  - !!float 9.214
  - !!str 'ms'
  !!str 'Bandwidth (To Device)':
  - !!float 6514.743
  - !!str 'MB/s'
  !!str 'Bandwidth (To Host)':
  - !!float 6620.521
  - !!str 'MB/s'
!!str 'host':
  !!str 'Kernel':
  - !!float 0.019
  - !!str 'ms'
  !!str 'Local':
  - !!float 8.387
  - !!str 'ms'
  !!str 'To Device':
  - !!float 0.023
  - !!str 'ms'
  !!str 'To Host':
  - !!float 0.007
  - !!str 'ms'
  !!str 'Bandwidth (To Device)':
  - !!float 2665487.418
  - !!str 'MB/s'
  !!str 'Bandwidth (To Host)':
  - !!float 8515940.188
  - !!str 'MB/s'
!!str 'elapsed': [!!float 3.16, !!str 's']
