---
!!str 'test':
  !!str 'name': !!str 'async-test'
  !!str 'size':
  - !!int 39
  - !!str 'MB'
  !!str 'kiter': !!int 100
!!str 'cuda':
  !!str 'Kernel':
  - !!float 14.099
  - !!str 'ms'
  !!str 'To Device':
  - !!float 5.983
  - !!str 'ms'
  !!str 'To Host':
  - !!float 5.894
  - !!str 'ms'
  !!str 'Bandwidth (To Device)':
  - !!float 6517.986
  - !!str 'MB/s'
  !!str 'Bandwidth (To Host)':
  - !!float 6617.077
  - !!str 'MB/s'
!!str 'host':
  !!str 'Kernel':
  - !!float 0.030
  - !!str 'ms'
  !!str 'Local':
  - !!float 9.056
  - !!str 'ms'
  !!str 'To Device':
  - !!float 0.036
  - !!str 'ms'
  !!str 'To Host':
  - !!float 0.012
  - !!str 'ms'
  !!str 'Bandwidth (To Device)':
  - !!float 1081804.125
  - !!str 'MB/s'
  !!str 'Bandwidth (To Host)':
  - !!float 3176852.289
  - !!str 'MB/s'
!!str 'elapsed': [!!float 3.15, !!str 's']
---
!!str 'test':
  !!str 'name': !!str 'async-test'
  !!str 'size':
  - !!int 39
  - !!str 'MB'
  !!str 'kiter': !!int 100
!!str 'cuda':
  !!str 'Kernel':
  - !!float 14.096
  - !!str 'ms'
  !!str 'To Device':
  - !!float 6.033
  - !!str 'ms'
  !!str 'To Host':
  - !!float 5.893
  - !!str 'ms'
  !!str 'Bandwidth (To Device)':
  - !!float 6464.535
  - !!str 'MB/s'
  !!str 'Bandwidth (To Host)':
  - !!float 6618.083
  - !!str 'MB/s'
!!str 'host':
  !!str 'Kernel':
  - !!float 0.019
  - !!str 'ms'
  !!str 'Local':
  - !!float 5.377
  - !!str 'ms'
  !!str 'To Device':
  - !!float 0.024
  - !!str 'ms'
  !!str 'To Host':
  - !!float 0.007
  - !!str 'ms'
  !!str 'Bandwidth (To Device)':
  - !!float 1652991.934
  - !!str 'MB/s'
  !!str 'Bandwidth (To Host)':
  - !!float 5737684.081
  - !!str 'MB/s'
!!str 'elapsed': [!!float 3.13, !!str 's']
---
!!str 'test':
  !!str 'name': !!str 'async-test'
  !!str 'size':
  - !!int 39
  - !!str 'MB'
  !!str 'kiter': !!int 100
!!str 'cuda':
  !!str 'Kernel':
  - !!float 14.100
  - !!str 'ms'
  !!str 'To Device':
  - !!float 5.997
  - !!str 'ms'
  !!str 'To Host':
  - !!float 5.892
  - !!str 'ms'
  !!str 'Bandwidth (To Device)':
  - !!float 6503.239
  - !!str 'MB/s'
  !!str 'Bandwidth (To Host)':
  - !!float 6619.341
  - !!str 'MB/s'
!!str 'host':
  !!str 'Kernel':
  - !!float 0.019
  - !!str 'ms'
  !!str 'Local':
  - !!float 5.376
  - !!str 'ms'
  !!str 'To Device':
  - !!float 0.023
  - !!str 'ms'
  !!str 'To Host':
  - !!float 0.007
  - !!str 'ms'
  !!str 'Bandwidth (To Device)':
  - !!float 1663923.487
  - !!str 'MB/s'
  !!str 'Bandwidth (To Host)':
  - !!float 5813810.181
  - !!str 'MB/s'
!!str 'elapsed': [!!float 3.14, !!str 's']
---
!!str 'test':
  !!str 'name': !!str 'async-test'
  !!str 'size':
  - !!int 39
  - !!str 'MB'
  !!str 'kiter': !!int 100
!!str 'cuda':
  !!str 'Kernel':
  - !!float 14.097
  - !!str 'ms'
  !!str 'To Device':
  - !!float 6.011
  - !!str 'ms'
  !!str 'To Host':
  - !!float 5.899
  - !!str 'ms'
  !!str 'Bandwidth (To Device)':
  - !!float 6488.178
  - !!str 'MB/s'
  !!str 'Bandwidth (To Host)':
  - !!float 6610.723
  - !!str 'MB/s'
!!str 'host':
  !!str 'Kernel':
  - !!float 0.025
  - !!str 'ms'
  !!str 'Local':
  - !!float 7.231
  - !!str 'ms'
  !!str 'To Device':
  - !!float 0.030
  - !!str 'ms'
  !!str 'To Host':
  - !!float 0.010
  - !!str 'ms'
  !!str 'Bandwidth (To Device)':
  - !!float 1302790.670
  - !!str 'MB/s'
  !!str 'Bandwidth (To Host)':
  - !!float 3944875.450
  - !!str 'MB/s'
!!str 'elapsed': [!!float 3.14, !!str 's']
---
!!str 'test':
  !!str 'name': !!str 'async-test'
  !!str 'size':
  - !!int 39
  - !!str 'MB'
  !!str 'kiter': !!int 100
!!str 'cuda':
  !!str 'Kernel':
  - !!float 14.096
  - !!str 'ms'
  !!str 'To Device':
  - !!float 6.075
  - !!str 'ms'
  !!str 'To Host':
  - !!float 5.892
  - !!str 'ms'
  !!str 'Bandwidth (To Device)':
  - !!float 6419.891
  - !!str 'MB/s'
  !!str 'Bandwidth (To Host)':
  - !!float 6618.550
  - !!str 'MB/s'
!!str 'host':
  !!str 'Kernel':
  - !!float 0.019
  - !!str 'ms'
  !!str 'Local':
  - !!float 5.364
  - !!str 'ms'
  !!str 'To Device':
  - !!float 0.023
  - !!str 'ms'
  !!str 'To Host':
  - !!float 0.007
  - !!str 'ms'
  !!str 'Bandwidth (To Device)':
  - !!float 1672988.662
  - !!str 'MB/s'
  !!str 'Bandwidth (To Host)':
  - !!float 5487412.227
  - !!str 'MB/s'
!!str 'elapsed': [!!float 3.13, !!str 's']
---
!!str 'test':
  !!str 'name': !!str 'async-test'
  !!str 'size':
  - !!int 39
  - !!str 'MB'
  !!str 'kiter': !!int 100
!!str 'cuda':
  !!str 'Kernel':
  - !!float 14.101
  - !!str 'ms'
  !!str 'To Device':
  - !!float 6.074
  - !!str 'ms'
  !!str 'To Host':
  - !!float 5.894
  - !!str 'ms'
  !!str 'Bandwidth (To Device)':
  - !!float 6421.176
  - !!str 'MB/s'
  !!str 'Bandwidth (To Host)':
  - !!float 6617.149
  - !!str 'MB/s'
!!str 'host':
  !!str 'Kernel':
  - !!float 0.019
  - !!str 'ms'
  !!str 'Local':
  - !!float 5.365
  - !!str 'ms'
  !!str 'To Device':
  - !!float 0.022
  - !!str 'ms'
  !!str 'To Host':
  - !!float 0.006
  - !!str 'ms'
  !!str 'Bandwidth (To Device)':
  - !!float 1738002.527
  - !!str 'MB/s'
  !!str 'Bandwidth (To Host)':
  - !!float 6087892.397
  - !!str 'MB/s'
!!str 'elapsed': [!!float 3.14, !!str 's']
---
!!str 'test':
  !!str 'name': !!str 'async-test'
  !!str 'size':
  - !!int 39
  - !!str 'MB'
  !!str 'kiter': !!int 100
!!str 'cuda':
  !!str 'Kernel':
  - !!float 14.097
  - !!str 'ms'
  !!str 'To Device':
  - !!float 6.004
  - !!str 'ms'
  !!str 'To Host':
  - !!float 5.901
  - !!str 'ms'
  !!str 'Bandwidth (To Device)':
  - !!float 6495.544
  - !!str 'MB/s'
  !!str 'Bandwidth (To Host)':
  - !!float 6608.752
  - !!str 'MB/s'
!!str 'host':
  !!str 'Kernel':
  - !!float 0.031
  - !!str 'ms'
  !!str 'Local':
  - !!float 9.478
  - !!str 'ms'
  !!str 'To Device':
  - !!float 0.037
  - !!str 'ms'
  !!str 'To Host':
  - !!float 0.013
  - !!str 'ms'
  !!str 'Bandwidth (To Device)':
  - !!float 1051612.207
  - !!str 'MB/s'
  !!str 'Bandwidth (To Host)':
  - !!float 3089032.768
  - !!str 'MB/s'
!!str 'elapsed': [!!float 3.16, !!str 's']
---
!!str 'test':
  !!str 'name': !!str 'async-test'
  !!str 'size':
  - !!int 39
  - !!str 'MB'
  !!str 'kiter': !!int 100
!!str 'cuda':
  !!str 'Kernel':
  - !!float 14.099
  - !!str 'ms'
  !!str 'To Device':
  - !!float 6.032
  - !!str 'ms'
  !!str 'To Host':
  - !!float 5.889
  - !!str 'ms'
  !!str 'Bandwidth (To Device)':
  - !!float 6465.461
  - !!str 'MB/s'
  !!str 'Bandwidth (To Host)':
  - !!float 6622.578
  - !!str 'MB/s'
!!str 'host':
  !!str 'Kernel':
  - !!float 0.018
  - !!str 'ms'
  !!str 'Local':
  - !!float 5.379
  - !!str 'ms'
  !!str 'To Device':
  - !!float 0.023
  - !!str 'ms'
  !!str 'To Host':
  - !!float 0.007
  - !!str 'ms'
  !!str 'Bandwidth (To Device)':
  - !!float 1731443.735
  - !!str 'MB/s'
  !!str 'Bandwidth (To Host)':
  - !!float 5744445.234
  - !!str 'MB/s'
!!str 'elapsed': [!!float 3.13, !!str 's']
---
!!str 'test':
  !!str 'name': !!str 'async-test'
  !!str 'size':
  - !!int 39
  - !!str 'MB'
  !!str 'kiter': !!int 100
!!str 'cuda':
  !!str 'Kernel':
  - !!float 14.099
  - !!str 'ms'
  !!str 'To Device':
  - !!float 5.975
  - !!str 'ms'
  !!str 'To Host':
  - !!float 5.893
  - !!str 'ms'
  !!str 'Bandwidth (To Device)':
  - !!float 6526.537
  - !!str 'MB/s'
  !!str 'Bandwidth (To Host)':
  - !!float 6618.011
  - !!str 'MB/s'
!!str 'host':
  !!str 'Kernel':
  - !!float 0.018
  - !!str 'ms'
  !!str 'Local':
  - !!float 5.438
  - !!str 'ms'
  !!str 'To Device':
  - !!float 0.023
  - !!str 'ms'
  !!str 'To Host':
  - !!float 0.007
  - !!str 'ms'
  !!str 'Bandwidth (To Device)':
  - !!float 1685278.886
  - !!str 'MB/s'
  !!str 'Bandwidth (To Host)':
  - !!float 5957689.993
  - !!str 'MB/s'
!!str 'elapsed': [!!float 3.11, !!str 's']
---
!!str 'test':
  !!str 'name': !!str 'async-test'
  !!str 'size':
  - !!int 39
  - !!str 'MB'
  !!str 'kiter': !!int 100
!!str 'cuda':
  !!str 'Kernel':
  - !!float 14.097
  - !!str 'ms'
  !!str 'To Device':
  - !!float 5.977
  - !!str 'ms'
  !!str 'To Host':
  - !!float 5.894
  - !!str 'ms'
  !!str 'Bandwidth (To Device)':
  - !!float 6524.860
  - !!str 'MB/s'
  !!str 'Bandwidth (To Host)':
  - !!float 6616.754
  - !!str 'MB/s'
!!str 'host':
  !!str 'Kernel':
  - !!float 0.032
  - !!str 'ms'
  !!str 'Local':
  - !!float 9.446
  - !!str 'ms'
  !!str 'To Device':
  - !!float 0.038
  - !!str 'ms'
  !!str 'To Host':
  - !!float 0.013
  - !!str 'ms'
  !!str 'Bandwidth (To Device)':
  - !!float 1016844.541
  - !!str 'MB/s'
  !!str 'Bandwidth (To Host)':
  - !!float 3020371.646
  - !!str 'MB/s'
!!str 'elapsed': [!!float 3.15, !!str 's']
