---
!!str 'test':
  !!str 'name': !!str 'async-test'
  !!str 'size':
  - !!int 26
  - !!str 'MB'
  !!str 'kiter': !!int 100
!!str 'cuda':
  !!str 'Kernel':
  - !!float 9.407
  - !!str 'ms'
  !!str 'To Device':
  - !!float 3.986
  - !!str 'ms'
  !!str 'To Host':
  - !!float 3.924
  - !!str 'ms'
  !!str 'Bandwidth (To Device)':
  - !!float 6522.800
  - !!str 'MB/s'
  !!str 'Bandwidth (To Host)':
  - !!float 6625.134
  - !!str 'MB/s'
!!str 'host':
  !!str 'Kernel':
  - !!float 0.018
  - !!str 'ms'
  !!str 'Local':
  - !!float 3.628
  - !!str 'ms'
  !!str 'To Device':
  - !!float 0.023
  - !!str 'ms'
  !!str 'To Host':
  - !!float 0.006
  - !!str 'ms'
  !!str 'Bandwidth (To Device)':
  - !!float 1150974.330
  - !!str 'MB/s'
  !!str 'Bandwidth (To Host)':
  - !!float 4012866.049
  - !!str 'MB/s'
!!str 'elapsed': [!!float 3.10, !!str 's']
---
!!str 'test':
  !!str 'name': !!str 'async-test'
  !!str 'size':
  - !!int 26
  - !!str 'MB'
  !!str 'kiter': !!int 100
!!str 'cuda':
  !!str 'Kernel':
  - !!float 9.403
  - !!str 'ms'
  !!str 'To Device':
  - !!float 3.993
  - !!str 'ms'
  !!str 'To Host':
  - !!float 3.983
  - !!str 'ms'
  !!str 'Bandwidth (To Device)':
  - !!float 6511.404
  - !!str 'MB/s'
  !!str 'Bandwidth (To Host)':
  - !!float 6527.988
  - !!str 'MB/s'
!!str 'host':
  !!str 'Kernel':
  - !!float 0.018
  - !!str 'ms'
  !!str 'Local':
  - !!float 3.607
  - !!str 'ms'
  !!str 'To Device':
  - !!float 0.023
  - !!str 'ms'
  !!str 'To Host':
  - !!float 0.007
  - !!str 'ms'
  !!str 'Bandwidth (To Device)':
  - !!float 1127025.841
  - !!str 'MB/s'
  !!str 'Bandwidth (To Host)':
  - !!float 3973614.417
  - !!str 'MB/s'
!!str 'elapsed': [!!float 3.11, !!str 's']
---
!!str 'test':
  !!str 'name': !!str 'async-test'
  !!str 'size':
  - !!int 26
  - !!str 'MB'
  !!str 'kiter': !!int 100
!!str 'cuda':
  !!str 'Kernel':
  - !!float 9.404
  - !!str 'ms'
  !!str 'To Device':
  - !!float 4.014
  - !!str 'ms'
  !!str 'To Host':
  - !!float 3.935
  - !!str 'ms'
  !!str 'Bandwidth (To Device)':
  - !!float 6476.627
  - !!str 'MB/s'
  !!str 'Bandwidth (To Host)':
  - !!float 6607.946
  - !!str 'MB/s'
!!str 'host':
  !!str 'Kernel':
  - !!float 0.019
  - !!str 'ms'
  !!str 'Local':
  - !!float 6.876
  - !!str 'ms'
  !!str 'To Device':
  - !!float 0.024
  - !!str 'ms'
  !!str 'To Host':
  - !!float 0.007
  - !!str 'ms'
  !!str 'Bandwidth (To Device)':
  - !!float 1063064.118
  - !!str 'MB/s'
  !!str 'Bandwidth (To Host)':
  - !!float 3694665.217
  - !!str 'MB/s'
!!str 'elapsed': [!!float 3.14, !!str 's']
---
!!str 'test':
  !!str 'name': !!str 'async-test'
  !!str 'size':
  - !!int 26
  - !!str 'MB'
  !!str 'kiter': !!int 100
!!str 'cuda':
  !!str 'Kernel':
  - !!float 9.405
  - !!str 'ms'
  !!str 'To Device':
  - !!float 4.014
  - !!str 'ms'
  !!str 'To Host':
  - !!float 3.929
  - !!str 'ms'
  !!str 'Bandwidth (To Device)':
  - !!float 6476.730
  - !!str 'MB/s'
  !!str 'Bandwidth (To Host)':
  - !!float 6616.771
  - !!str 'MB/s'
!!str 'host':
  !!str 'Kernel':
  - !!float 0.033
  - !!str 'ms'
  !!str 'Local':
  - !!float 7.166
  - !!str 'ms'
  !!str 'To Device':
  - !!float 0.040
  - !!str 'ms'
  !!str 'To Host':
  - !!float 0.015
  - !!str 'ms'
  !!str 'Bandwidth (To Device)':
  - !!float 648217.585
  - !!str 'MB/s'
  !!str 'Bandwidth (To Host)':
  - !!float 1792194.053
  - !!str 'MB/s'
!!str 'elapsed': [!!float 3.15, !!str 's']
---
!!str 'test':
  !!str 'name': !!str 'async-test'
  !!str 'size':
  - !!int 26
  - !!str 'MB'
  !!str 'kiter': !!int 100
!!str 'cuda':
  !!str 'Kernel':
  - !!float 9.399
  - !!str 'ms'
  !!str 'To Device':
  - !!float 3.987
  - !!str 'ms'
  !!str 'To Host':
  - !!float 3.923
  - !!str 'ms'
  !!str 'Bandwidth (To Device)':
  - !!float 6520.863
  - !!str 'MB/s'
  !!str 'Bandwidth (To Host)':
  - !!float 6626.809
  - !!str 'MB/s'
!!str 'host':
  !!str 'Kernel':
  - !!float 0.019
  - !!str 'ms'
  !!str 'Local':
  - !!float 3.570
  - !!str 'ms'
  !!str 'To Device':
  - !!float 0.023
  - !!str 'ms'
  !!str 'To Host':
  - !!float 0.007
  - !!str 'ms'
  !!str 'Bandwidth (To Device)':
  - !!float 1151484.084
  - !!str 'MB/s'
  !!str 'Bandwidth (To Host)':
  - !!float 3768569.232
  - !!str 'MB/s'
!!str 'elapsed': [!!float 3.12, !!str 's']
---
!!str 'test':
  !!str 'name': !!str 'async-test'
  !!str 'size':
  - !!int 26
  - !!str 'MB'
  !!str 'kiter': !!int 100
!!str 'cuda':
  !!str 'Kernel':
  - !!float 9.405
  - !!str 'ms'
  !!str 'To Device':
  - !!float 3.986
  - !!str 'ms'
  !!str 'To Host':
  - !!float 3.935
  - !!str 'ms'
  !!str 'Bandwidth (To Device)':
  - !!float 6521.962
  - !!str 'MB/s'
  !!str 'Bandwidth (To Host)':
  - !!float 6607.838
  - !!str 'MB/s'
!!str 'host':
  !!str 'Kernel':
  - !!float 0.030
  - !!str 'ms'
  !!str 'Local':
  - !!float 6.817
  - !!str 'ms'
  !!str 'To Device':
  - !!float 0.037
  - !!str 'ms'
  !!str 'To Host':
  - !!float 0.013
  - !!str 'ms'
  !!str 'Bandwidth (To Device)':
  - !!float 706965.389
  - !!str 'MB/s'
  !!str 'Bandwidth (To Host)':
  - !!float 2070672.119
  - !!str 'MB/s'
!!str 'elapsed': [!!float 3.15, !!str 's']
---
!!str 'test':
  !!str 'name': !!str 'async-test'
  !!str 'size':
  - !!int 26
  - !!str 'MB'
  !!str 'kiter': !!int 100
!!str 'cuda':
  !!str 'Kernel':
  - !!float 9.402
  - !!str 'ms'
  !!str 'To Device':
  - !!float 3.992
  - !!str 'ms'
  !!str 'To Host':
  - !!float 3.934
  - !!str 'ms'
  !!str 'Bandwidth (To Device)':
  - !!float 6512.448
  - !!str 'MB/s'
  !!str 'Bandwidth (To Host)':
  - !!float 6609.128
  - !!str 'MB/s'
!!str 'host':
  !!str 'Kernel':
  - !!float 0.034
  - !!str 'ms'
  !!str 'Local':
  - !!float 7.260
  - !!str 'ms'
  !!str 'To Device':
  - !!float 0.041
  - !!str 'ms'
  !!str 'To Host':
  - !!float 0.015
  - !!str 'ms'
  !!str 'Bandwidth (To Device)':
  - !!float 640362.531
  - !!str 'MB/s'
  !!str 'Bandwidth (To Host)':
  - !!float 1769626.949
  - !!str 'MB/s'
!!str 'elapsed': [!!float 3.15, !!str 's']
---
!!str 'test':
  !!str 'name': !!str 'async-test'
  !!str 'size':
  - !!int 26
  - !!str 'MB'
  !!str 'kiter': !!int 100
!!str 'cuda':
  !!str 'Kernel':
  - !!float 9.406
  - !!str 'ms'
  !!str 'To Device':
  - !!float 3.986
  - !!str 'ms'
  !!str 'To Host':
  - !!float 3.940
  - !!str 'ms'
  !!str 'Bandwidth (To Device)':
  - !!float 6522.433
  - !!str 'MB/s'
  !!str 'Bandwidth (To Host)':
  - !!float 6598.233
  - !!str 'MB/s'
!!str 'host':
  !!str 'Kernel':
  - !!float 0.031
  - !!str 'ms'
  !!str 'Local':
  - !!float 6.771
  - !!str 'ms'
  !!str 'To Device':
  - !!float 0.037
  - !!str 'ms'
  !!str 'To Host':
  - !!float 0.013
  - !!str 'ms'
  !!str 'Bandwidth (To Device)':
  - !!float 693852.823
  - !!str 'MB/s'
  !!str 'Bandwidth (To Host)':
  - !!float 1978341.130
  - !!str 'MB/s'
!!str 'elapsed': [!!float 3.14, !!str 's']
---
!!str 'test':
  !!str 'name': !!str 'async-test'
  !!str 'size':
  - !!int 26
  - !!str 'MB'
  !!str 'kiter': !!int 100
!!str 'cuda':
  !!str 'Kernel':
  - !!float 9.402
  - !!str 'ms'
  !!str 'To Device':
  - !!float 4.035
  - !!str 'ms'
  !!str 'To Host':
  - !!float 3.938
  - !!str 'ms'
  !!str 'Bandwidth (To Device)':
  - !!float 6443.038
  - !!str 'MB/s'
  !!str 'Bandwidth (To Host)':
  - !!float 6602.630
  - !!str 'MB/s'
!!str 'host':
  !!str 'Kernel':
  - !!float 0.019
  - !!str 'ms'
  !!str 'Local':
  - !!float 5.954
  - !!str 'ms'
  !!str 'To Device':
  - !!float 0.023
  - !!str 'ms'
  !!str 'To Host':
  - !!float 0.007
  - !!str 'ms'
  !!str 'Bandwidth (To Device)':
  - !!float 1124150.775
  - !!str 'MB/s'
  !!str 'Bandwidth (To Host)':
  - !!float 3876451.339
  - !!str 'MB/s'
!!str 'elapsed': [!!float 3.14, !!str 's']
---
!!str 'test':
  !!str 'name': !!str 'async-test'
  !!str 'size':
  - !!int 26
  - !!str 'MB'
  !!str 'kiter': !!int 100
!!str 'cuda':
  !!str 'Kernel':
  - !!float 9.403
  - !!str 'ms'
  !!str 'To Device':
  - !!float 3.993
  - !!str 'ms'
  !!str 'To Host':
  - !!float 3.974
  - !!str 'ms'
  !!str 'Bandwidth (To Device)':
  - !!float 6511.665
  - !!str 'MB/s'
  !!str 'Bandwidth (To Host)':
  - !!float 6542.391
  - !!str 'MB/s'
!!str 'host':
  !!str 'Kernel':
  - !!float 0.018
  - !!str 'ms'
  !!str 'Local':
  - !!float 3.600
  - !!str 'ms'
  !!str 'To Device':
  - !!float 0.023
  - !!str 'ms'
  !!str 'To Host':
  - !!float 0.007
  - !!str 'ms'
  !!str 'Bandwidth (To Device)':
  - !!float 1125221.117
  - !!str 'MB/s'
  !!str 'Bandwidth (To Host)':
  - !!float 3823435.166
  - !!str 'MB/s'
!!str 'elapsed': [!!float 3.11, !!str 's']
