---
!!str 'test':
  !!str 'name': !!str 'async-test'
  !!str 'size':
  - !!int 44
  - !!str 'MB'
  !!str 'kiter': !!int 100
!!str 'cuda':
  !!str 'Kernel':
  - !!float 15.914
  - !!str 'ms'
  !!str 'To Device':
  - !!float 6.796
  - !!str 'ms'
  !!str 'To Host':
  - !!float 6.650
  - !!str 'ms'
  !!str 'Bandwidth (To Device)':
  - !!float 6474.010
  - !!str 'MB/s'
  !!str 'Bandwidth (To Host)':
  - !!float 6616.888
  - !!str 'MB/s'
!!str 'host':
  !!str 'Kernel':
  - !!float 0.019
  - !!str 'ms'
  !!str 'Local':
  - !!float 6.052
  - !!str 'ms'
  !!str 'To Device':
  - !!float 0.023
  - !!str 'ms'
  !!str 'To Host':
  - !!float 0.007
  - !!str 'ms'
  !!str 'Bandwidth (To Device)':
  - !!float 1932418.343
  - !!str 'MB/s'
  !!str 'Bandwidth (To Host)':
  - !!float 6249891.086
  - !!str 'MB/s'
!!str 'elapsed': [!!float 3.14, !!str 's']
---
!!str 'test':
  !!str 'name': !!str 'async-test'
  !!str 'size':
  - !!int 44
  - !!str 'MB'
  !!str 'kiter': !!int 100
!!str 'cuda':
  !!str 'Kernel':
  - !!float 15.905
  - !!str 'ms'
  !!str 'To Device':
  - !!float 6.750
  - !!str 'ms'
  !!str 'To Host':
  - !!float 6.657
  - !!str 'ms'
  !!str 'Bandwidth (To Device)':
  - !!float 6518.884
  - !!str 'MB/s'
  !!str 'Bandwidth (To Host)':
  - !!float 6609.000
  - !!str 'MB/s'
!!str 'host':
  !!str 'Kernel':
  - !!float 0.032
  - !!str 'ms'
  !!str 'Local':
  - !!float 10.938
  - !!str 'ms'
  !!str 'To Device':
  - !!float 0.039
  - !!str 'ms'
  !!str 'To Host':
  - !!float 0.014
  - !!str 'ms'
  !!str 'Bandwidth (To Device)':
  - !!float 1115033.787
  - !!str 'MB/s'
  !!str 'Bandwidth (To Host)':
  - !!float 3226459.870
  - !!str 'MB/s'
!!str 'elapsed': [!!float 3.16, !!str 's']
---
!!str 'test':
  !!str 'name': !!str 'async-test'
  !!str 'size':
  - !!int 44
  - !!str 'MB'
  !!str 'kiter': !!int 100
!!str 'cuda':
  !!str 'Kernel':
  - !!float 15.899
  - !!str 'ms'
  !!str 'To Device':
  - !!float 6.810
  - !!str 'ms'
  !!str 'To Host':
  - !!float 6.650
  - !!str 'ms'
  !!str 'Bandwidth (To Device)':
  - !!float 6460.625
  - !!str 'MB/s'
  !!str 'Bandwidth (To Host)':
  - !!float 6616.792
  - !!str 'MB/s'
!!str 'host':
  !!str 'Kernel':
  - !!float 0.019
  - !!str 'ms'
  !!str 'Local':
  - !!float 6.058
  - !!str 'ms'
  !!str 'To Device':
  - !!float 0.023
  - !!str 'ms'
  !!str 'To Host':
  - !!float 0.006
  - !!str 'ms'
  !!str 'Bandwidth (To Device)':
  - !!float 1913426.103
  - !!str 'MB/s'
  !!str 'Bandwidth (To Host)':
  - !!float 6862013.919
  - !!str 'MB/s'
!!str 'elapsed': [!!float 3.14, !!str 's']
---
!!str 'test':
  !!str 'name': !!str 'async-test'
  !!str 'size':
  - !!int 44
  - !!str 'MB'
  !!str 'kiter': !!int 100
!!str 'cuda':
  !!str 'Kernel':
  - !!float 15.904
  - !!str 'ms'
  !!str 'To Device':
  - !!float 6.762
  - !!str 'ms'
  !!str 'To Host':
  - !!float 6.649
  - !!str 'ms'
  !!str 'Bandwidth (To Device)':
  - !!float 6506.452
  - !!str 'MB/s'
  !!str 'Bandwidth (To Host)':
  - !!float 6617.524
  - !!str 'MB/s'
!!str 'host':
  !!str 'Kernel':
  - !!float 0.028
  - !!str 'ms'
  !!str 'Local':
  - !!float 9.576
  - !!str 'ms'
  !!str 'To Device':
  - !!float 0.034
  - !!str 'ms'
  !!str 'To Host':
  - !!float 0.012
  - !!str 'ms'
  !!str 'Bandwidth (To Device)':
  - !!float 1282739.082
  - !!str 'MB/s'
  !!str 'Bandwidth (To Host)':
  - !!float 3760618.226
  - !!str 'MB/s'
!!str 'elapsed': [!!float 3.17, !!str 's']
---
!!str 'test':
  !!str 'name': !!str 'async-test'
  !!str 'size':
  - !!int 44
  - !!str 'MB'
  !!str 'kiter': !!int 100
!!str 'cuda':
  !!str 'Kernel':
  - !!float 15.900
  - !!str 'ms'
  !!str 'To Device':
  - !!float 6.742
  - !!str 'ms'
  !!str 'To Host':
  - !!float 6.688
  - !!str 'ms'
  !!str 'Bandwidth (To Device)':
  - !!float 6526.372
  - !!str 'MB/s'
  !!str 'Bandwidth (To Host)':
  - !!float 6579.179
  - !!str 'MB/s'
!!str 'host':
  !!str 'Kernel':
  - !!float 0.022
  - !!str 'ms'
  !!str 'Local':
  - !!float 6.060
  - !!str 'ms'
  !!str 'To Device':
  - !!float 0.023
  - !!str 'ms'
  !!str 'To Host':
  - !!float 0.007
  - !!str 'ms'
  !!str 'Bandwidth (To Device)':
  - !!float 1910103.462
  - !!str 'MB/s'
  !!str 'Bandwidth (To Host)':
  - !!float 6592633.090
  - !!str 'MB/s'
!!str 'elapsed': [!!float 3.12, !!str 's']
---
!!str 'test':
  !!str 'name': !!str 'async-test'
  !!str 'size':
  - !!int 44
  - !!str 'MB'
  !!str 'kiter': !!int 100
!!str 'cuda':
  !!str 'Kernel':
  - !!float 15.905
  - !!str 'ms'
  !!str 'To Device':
  - !!float 6.763
  - !!str 'ms'
  !!str 'To Host':
  - !!float 6.670
  - !!str 'ms'
  !!str 'Bandwidth (To Device)':
  - !!float 6505.560
  - !!str 'MB/s'
  !!str 'Bandwidth (To Host)':
  - !!float 6596.951
  - !!str 'MB/s'
!!str 'host':
  !!str 'Kernel':
  - !!float 0.030
  - !!str 'ms'
  !!str 'Local':
  - !!float 10.337
  - !!str 'ms'
  !!str 'To Device':
  - !!float 0.038
  - !!str 'ms'
  !!str 'To Host':
  - !!float 0.013
  - !!str 'ms'
  !!str 'Bandwidth (To Device)':
  - !!float 1169352.679
  - !!str 'MB/s'
  !!str 'Bandwidth (To Host)':
  - !!float 3372364.011
  - !!str 'MB/s'
!!str 'elapsed': [!!float 3.17, !!str 's']
---
!!str 'test':
  !!str 'name': !!str 'async-test'
  !!str 'size':
  - !!int 44
  - !!str 'MB'
  !!str 'kiter': !!int 100
!!str 'cuda':
  !!str 'Kernel':
  - !!float 15.907
  - !!str 'ms'
  !!str 'To Device':
  - !!float 6.762
  - !!str 'ms'
  !!str 'To Host':
  - !!float 6.649
  - !!str 'ms'
  !!str 'Bandwidth (To Device)':
  - !!float 6506.822
  - !!str 'MB/s'
  !!str 'Bandwidth (To Host)':
  - !!float 6617.524
  - !!str 'MB/s'
!!str 'host':
  !!str 'Kernel':
  - !!float 0.026
  - !!str 'ms'
  !!str 'Local':
  - !!float 6.056
  - !!str 'ms'
  !!str 'To Device':
  - !!float 0.024
  - !!str 'ms'
  !!str 'To Host':
  - !!float 0.007
  - !!str 'ms'
  !!str 'Bandwidth (To Device)':
  - !!float 1831241.239
  - !!str 'MB/s'
  !!str 'Bandwidth (To Host)':
  - !!float 6229538.899
  - !!str 'MB/s'
!!str 'elapsed': [!!float 3.15, !!str 's']
---
!!str 'test':
  !!str 'name': !!str 'async-test'
  !!str 'size':
  - !!int 44
  - !!str 'MB'
  !!str 'kiter': !!int 100
!!str 'cuda':
  !!str 'Kernel':
  - !!float 15.900
  - !!str 'ms'
  !!str 'To Device':
  - !!float 6.838
  - !!str 'ms'
  !!str 'To Host':
  - !!float 6.643
  - !!str 'ms'
  !!str 'Bandwidth (To Device)':
  - !!float 6434.142
  - !!str 'MB/s'
  !!str 'Bandwidth (To Host)':
  - !!float 6623.645
  - !!str 'MB/s'
!!str 'host':
  !!str 'Kernel':
  - !!float 0.018
  - !!str 'ms'
  !!str 'Local':
  - !!float 6.056
  - !!str 'ms'
  !!str 'To Device':
  - !!float 0.022
  - !!str 'ms'
  !!str 'To Host':
  - !!float 0.007
  - !!str 'ms'
  !!str 'Bandwidth (To Device)':
  - !!float 1973590.798
  - !!str 'MB/s'
  !!str 'Bandwidth (To Host)':
  - !!float 6625392.749
  - !!str 'MB/s'
!!str 'elapsed': [!!float 3.14, !!str 's']
---
!!str 'test':
  !!str 'name': !!str 'async-test'
  !!str 'size':
  - !!int 44
  - !!str 'MB'
  !!str 'kiter': !!int 100
!!str 'cuda':
  !!str 'Kernel':
  - !!float 15.904
  - !!str 'ms'
  !!str 'To Device':
  - !!float 6.749
  - !!str 'ms'
  !!str 'To Host':
  - !!float 6.648
  - !!str 'ms'
  !!str 'Bandwidth (To Device)':
  - !!float 6519.100
  - !!str 'MB/s'
  !!str 'Bandwidth (To Host)':
  - !!float 6618.544
  - !!str 'MB/s'
!!str 'host':
  !!str 'Kernel':
  - !!float 0.030
  - !!str 'ms'
  !!str 'Local':
  - !!float 10.444
  - !!str 'ms'
  !!str 'To Device':
  - !!float 0.037
  - !!str 'ms'
  !!str 'To Host':
  - !!float 0.013
  - !!str 'ms'
  !!str 'Bandwidth (To Device)':
  - !!float 1195728.816
  - !!str 'MB/s'
  !!str 'Bandwidth (To Host)':
  - !!float 3500893.797
  - !!str 'MB/s'
!!str 'elapsed': [!!float 3.18, !!str 's']
---
!!str 'test':
  !!str 'name': !!str 'async-test'
  !!str 'size':
  - !!int 44
  - !!str 'MB'
  !!str 'kiter': !!int 100
!!str 'cuda':
  !!str 'Kernel':
  - !!float 15.903
  - !!str 'ms'
  !!str 'To Device':
  - !!float 6.803
  - !!str 'ms'
  !!str 'To Host':
  - !!float 6.650
  - !!str 'ms'
  !!str 'Bandwidth (To Device)':
  - !!float 6467.158
  - !!str 'MB/s'
  !!str 'Bandwidth (To Host)':
  - !!float 6616.314
  - !!str 'MB/s'
!!str 'host':
  !!str 'Kernel':
  - !!float 0.019
  - !!str 'ms'
  !!str 'Local':
  - !!float 6.050
  - !!str 'ms'
  !!str 'To Device':
  - !!float 0.022
  - !!str 'ms'
  !!str 'To Host':
  - !!float 0.007
  - !!str 'ms'
  !!str 'Bandwidth (To Device)':
  - !!float 1971203.497
  - !!str 'MB/s'
  !!str 'Bandwidth (To Host)':
  - !!float 6585725.677
  - !!str 'MB/s'
!!str 'elapsed': [!!float 3.14, !!str 's']
