---
!!str 'test':
  !!str 'name': !!str 'async-test'
  !!str 'size':
  - !!int 77
  - !!str 'MB'
  !!str 'kiter': !!int 100
!!str 'cuda':
  !!str 'Kernel':
  - !!float 27.811
  - !!str 'ms'
  !!str 'To Device':
  - !!float 11.861
  - !!str 'ms'
  !!str 'To Host':
  - !!float 11.626
  - !!str 'ms'
  !!str 'Bandwidth (To Device)':
  - !!float 6491.649
  - !!str 'MB/s'
  !!str 'Bandwidth (To Host)':
  - !!float 6622.958
  - !!str 'MB/s'
!!str 'host':
  !!str 'Kernel':
  - !!float 0.018
  - !!str 'ms'
  !!str 'Local':
  - !!float 10.591
  - !!str 'ms'
  !!str 'To Device':
  - !!float 0.022
  - !!str 'ms'
  !!str 'To Host':
  - !!float 0.007
  - !!str 'ms'
  !!str 'Bandwidth (To Device)':
  - !!float 3463305.877
  - !!str 'MB/s'
  !!str 'Bandwidth (To Host)':
  - !!float 10937454.484
  - !!str 'MB/s'
!!str 'elapsed': [!!float 3.17, !!str 's']
---
!!str 'test':
  !!str 'name': !!str 'async-test'
  !!str 'size':
  - !!int 77
  - !!str 'MB'
  !!str 'kiter': !!int 100
!!str 'cuda':
  !!str 'Kernel':
  - !!float 27.825
  - !!str 'ms'
  !!str 'To Device':
  - !!float 11.798
  - !!str 'ms'
  !!str 'To Host':
  - !!float 11.628
  - !!str 'ms'
  !!str 'Bandwidth (To Device)':
  - !!float 6526.636
  - !!str 'MB/s'
  !!str 'Bandwidth (To Host)':
  - !!float 6621.919
  - !!str 'MB/s'
!!str 'host':
  !!str 'Kernel':
  - !!float 0.018
  - !!str 'ms'
  !!str 'Local':
  - !!float 10.588
  - !!str 'ms'
  !!str 'To Device':
  - !!float 0.024
  - !!str 'ms'
  !!str 'To Host':
  - !!float 0.007
  - !!str 'ms'
  !!str 'Bandwidth (To Device)':
  - !!float 3261868.998
  - !!str 'MB/s'
  !!str 'Bandwidth (To Host)':
  - !!float 11395542.336
  - !!str 'MB/s'
!!str 'elapsed': [!!float 3.18, !!str 's']
---
!!str 'test':
  !!str 'name': !!str 'async-test'
  !!str 'size':
  - !!int 77
  - !!str 'MB'
  !!str 'kiter': !!int 100
!!str 'cuda':
  !!str 'Kernel':
  - !!float 27.811
  - !!str 'ms'
  !!str 'To Device':
  - !!float 11.799
  - !!str 'ms'
  !!str 'To Host':
  - !!float 11.633
  - !!str 'ms'
  !!str 'Bandwidth (To Device)':
  - !!float 6525.768
  - !!str 'MB/s'
  !!str 'Bandwidth (To Host)':
  - !!float 6619.151
  - !!str 'MB/s'
!!str 'host':
  !!str 'Kernel':
  - !!float 0.028
  - !!str 'ms'
  !!str 'Local':
  - !!float 15.507
  - !!str 'ms'
  !!str 'To Device':
  - !!float 0.035
  - !!str 'ms'
  !!str 'To Host':
  - !!float 0.012
  - !!str 'ms'
  !!str 'Bandwidth (To Device)':
  - !!float 2215690.595
  - !!str 'MB/s'
  !!str 'Bandwidth (To Host)':
  - !!float 6394791.094
  - !!str 'MB/s'
!!str 'elapsed': [!!float 3.20, !!str 's']
---
!!str 'test':
  !!str 'name': !!str 'async-test'
  !!str 'size':
  - !!int 77
  - !!str 'MB'
  !!str 'kiter': !!int 100
!!str 'cuda':
  !!str 'Kernel':
  - !!float 27.828
  - !!str 'ms'
  !!str 'To Device':
  - !!float 11.902
  - !!str 'ms'
  !!str 'To Host':
  - !!float 11.627
  - !!str 'ms'
  !!str 'Bandwidth (To Device)':
  - !!float 6469.587
  - !!str 'MB/s'
  !!str 'Bandwidth (To Host)':
  - !!float 6622.722
  - !!str 'MB/s'
!!str 'host':
  !!str 'Kernel':
  - !!float 0.019
  - !!str 'ms'
  !!str 'Local':
  - !!float 10.580
  - !!str 'ms'
  !!str 'To Device':
  - !!float 0.022
  - !!str 'ms'
  !!str 'To Host':
  - !!float 0.007
  - !!str 'ms'
  !!str 'Bandwidth (To Device)':
  - !!float 3445021.680
  - !!str 'MB/s'
  !!str 'Bandwidth (To Host)':
  - !!float 11326813.705
  - !!str 'MB/s'
!!str 'elapsed': [!!float 3.17, !!str 's']
---
!!str 'test':
  !!str 'name': !!str 'async-test'
  !!str 'size':
  - !!int 77
  - !!str 'MB'
  !!str 'kiter': !!int 100
!!str 'cuda':
  !!str 'Kernel':
  - !!float 27.813
  - !!str 'ms'
  !!str 'To Device':
  - !!float 11.792
  - !!str 'ms'
  !!str 'To Host':
  - !!float 11.621
  - !!str 'ms'
  !!str 'Bandwidth (To Device)':
  - !!float 6529.593
  - !!str 'MB/s'
  !!str 'Bandwidth (To Host)':
  - !!float 6625.840
  - !!str 'MB/s'
!!str 'host':
  !!str 'Kernel':
  - !!float 0.018
  - !!str 'ms'
  !!str 'Local':
  - !!float 10.588
  - !!str 'ms'
  !!str 'To Device':
  - !!float 0.023
  - !!str 'ms'
  !!str 'To Host':
  - !!float 0.007
  - !!str 'ms'
  !!str 'Bandwidth (To Device)':
  - !!float 3284128.617
  - !!str 'MB/s'
  !!str 'Bandwidth (To Host)':
  - !!float 11580640.632
  - !!str 'MB/s'
!!str 'elapsed': [!!float 3.15, !!str 's']
---
!!str 'test':
  !!str 'name': !!str 'async-test'
  !!str 'size':
  - !!int 77
  - !!str 'MB'
  !!str 'kiter': !!int 100
!!str 'cuda':
  !!str 'Kernel':
  - !!float 27.822
  - !!str 'ms'
  !!str 'To Device':
  - !!float 11.869
  - !!str 'ms'
  !!str 'To Host':
  - !!float 11.629
  - !!str 'ms'
  !!str 'Bandwidth (To Device)':
  - !!float 6487.343
  - !!str 'MB/s'
  !!str 'Bandwidth (To Host)':
  - !!float 6621.537
  - !!str 'MB/s'
!!str 'host':
  !!str 'Kernel':
  - !!float 0.028
  - !!str 'ms'
  !!str 'Local':
  - !!float 15.074
  - !!str 'ms'
  !!str 'To Device':
  - !!float 0.034
  - !!str 'ms'
  !!str 'To Host':
  - !!float 0.012
  - !!str 'ms'
  !!str 'Bandwidth (To Device)':
  - !!float 2285263.832
  - !!str 'MB/s'
  !!str 'Bandwidth (To Host)':
  - !!float 6573864.899
  - !!str 'MB/s'
!!str 'elapsed': [!!float 3.17, !!str 's']
---
!!str 'test':
  !!str 'name': !!str 'async-test'
  !!str 'size':
  - !!int 77
  - !!str 'MB'
  !!str 'kiter': !!int 100
!!str 'cuda':
  !!str 'Kernel':
  - !!float 27.817
  - !!str 'ms'
  !!str 'To Device':
  - !!float 11.813
  - !!str 'ms'
  !!str 'To Host':
  - !!float 11.621
  - !!str 'ms'
  !!str 'Bandwidth (To Device)':
  - !!float 6518.114
  - !!str 'MB/s'
  !!str 'Bandwidth (To Host)':
  - !!float 6625.730
  - !!str 'MB/s'
!!str 'host':
  !!str 'Kernel':
  - !!float 0.018
  - !!str 'ms'
  !!str 'Local':
  - !!float 10.579
  - !!str 'ms'
  !!str 'To Device':
  - !!float 0.023
  - !!str 'ms'
  !!str 'To Host':
  - !!float 0.007
  - !!str 'ms'
  !!str 'Bandwidth (To Device)':
  - !!float 3356129.519
  - !!str 'MB/s'
  !!str 'Bandwidth (To Host)':
  - !!float 11442960.256
  - !!str 'MB/s'
!!str 'elapsed': [!!float 3.17, !!str 's']
---
!!str 'test':
  !!str 'name': !!str 'async-test'
  !!str 'size':
  - !!int 77
  - !!str 'MB'
  !!str 'kiter': !!int 100
!!str 'cuda':
  !!str 'Kernel':
  - !!float 27.824
  - !!str 'ms'
  !!str 'To Device':
  - !!float 11.814
  - !!str 'ms'
  !!str 'To Host':
  - !!float 11.625
  - !!str 'ms'
  !!str 'Bandwidth (To Device)':
  - !!float 6517.796
  - !!str 'MB/s'
  !!str 'Bandwidth (To Host)':
  - !!float 6623.852
  - !!str 'MB/s'
!!str 'host':
  !!str 'Kernel':
  - !!float 0.018
  - !!str 'ms'
  !!str 'Local':
  - !!float 10.599
  - !!str 'ms'
  !!str 'To Device':
  - !!float 0.023
  - !!str 'ms'
  !!str 'To Host':
  - !!float 0.007
  - !!str 'ms'
  !!str 'Bandwidth (To Device)':
  - !!float 3310959.734
  - !!str 'MB/s'
  !!str 'Bandwidth (To Host)':
  - !!float 10779739.544
  - !!str 'MB/s'
!!str 'elapsed': [!!float 3.16, !!str 's']
---
!!str 'test':
  !!str 'name': !!str 'async-test'
  !!str 'size':
  - !!int 77
  - !!str 'MB'
  !!str 'kiter': !!int 100
!!str 'cuda':
  !!str 'Kernel':
  - !!float 27.823
  - !!str 'ms'
  !!str 'To Device':
  - !!float 11.855
  - !!str 'ms'
  !!str 'To Host':
  - !!float 11.634
  - !!str 'ms'
  !!str 'Bandwidth (To Device)':
  - !!float 6494.908
  - !!str 'MB/s'
  !!str 'Bandwidth (To Host)':
  - !!float 6618.240
  - !!str 'MB/s'
!!str 'host':
  !!str 'Kernel':
  - !!float 0.029
  - !!str 'ms'
  !!str 'Local':
  - !!float 16.095
  - !!str 'ms'
  !!str 'To Device':
  - !!float 0.036
  - !!str 'ms'
  !!str 'To Host':
  - !!float 0.013
  - !!str 'ms'
  !!str 'Bandwidth (To Device)':
  - !!float 2118576.959
  - !!str 'MB/s'
  !!str 'Bandwidth (To Host)':
  - !!float 6060103.854
  - !!str 'MB/s'
!!str 'elapsed': [!!float 3.20, !!str 's']
---
!!str 'test':
  !!str 'name': !!str 'async-test'
  !!str 'size':
  - !!int 77
  - !!str 'MB'
  !!str 'kiter': !!int 100
!!str 'cuda':
  !!str 'Kernel':
  - !!float 27.813
  - !!str 'ms'
  !!str 'To Device':
  - !!float 11.831
  - !!str 'ms'
  !!str 'To Host':
  - !!float 11.628
  - !!str 'ms'
  !!str 'Bandwidth (To Device)':
  - !!float 6508.083
  - !!str 'MB/s'
  !!str 'Bandwidth (To Host)':
  - !!float 6622.011
  - !!str 'MB/s'
!!str 'host':
  !!str 'Kernel':
  - !!float 0.018
  - !!str 'ms'
  !!str 'Local':
  - !!float 10.591
  - !!str 'ms'
  !!str 'To Device':
  - !!float 0.022
  - !!str 'ms'
  !!str 'To Host':
  - !!float 0.006
  - !!str 'ms'
  !!str 'Bandwidth (To Device)':
  - !!float 3457862.384
  - !!str 'MB/s'
  !!str 'Bandwidth (To Host)':
  - !!float 12044373.466
  - !!str 'MB/s'
!!str 'elapsed': [!!float 3.17, !!str 's']
