---
!!str 'test':
  !!str 'name': !!str 'async-test'
  !!str 'size':
  - !!int 80
  - !!str 'MB'
  !!str 'kiter': !!int 100
!!str 'cuda':
  !!str 'Kernel':
  - !!float 28.906
  - !!str 'ms'
  !!str 'To Device':
  - !!float 12.321
  - !!str 'ms'
  !!str 'To Host':
  - !!float 12.086
  - !!str 'ms'
  !!str 'Bandwidth (To Device)':
  - !!float 6493.018
  - !!str 'MB/s'
  !!str 'Bandwidth (To Host)':
  - !!float 6619.168
  - !!str 'MB/s'
!!str 'host':
  !!str 'Kernel':
  - !!float 0.029
  - !!str 'ms'
  !!str 'Local':
  - !!float 16.587
  - !!str 'ms'
  !!str 'To Device':
  - !!float 0.037
  - !!str 'ms'
  !!str 'To Host':
  - !!float 0.013
  - !!str 'ms'
  !!str 'Bandwidth (To Device)':
  - !!float 2178471.258
  - !!str 'MB/s'
  !!str 'Bandwidth (To Host)':
  - !!float 6233442.419
  - !!str 'MB/s'
!!str 'elapsed': [!!float 3.19, !!str 's']
---
!!str 'test':
  !!str 'name': !!str 'async-test'
  !!str 'size':
  - !!int 80
  - !!str 'MB'
  !!str 'kiter': !!int 100
!!str 'cuda':
  !!str 'Kernel':
  - !!float 28.901
  - !!str 'ms'
  !!str 'To Device':
  - !!float 12.271
  - !!str 'ms'
  !!str 'To Host':
  - !!float 12.088
  - !!str 'ms'
  !!str 'Bandwidth (To Device)':
  - !!float 6519.636
  - !!str 'MB/s'
  !!str 'Bandwidth (To Host)':
  - !!float 6617.889
  - !!str 'MB/s'
!!str 'host':
  !!str 'Kernel':
  - !!float 0.028
  - !!str 'ms'
  !!str 'Local':
  - !!float 15.370
  - !!str 'ms'
  !!str 'To Device':
  - !!float 0.034
  - !!str 'ms'
  !!str 'To Host':
  - !!float 0.012
  - !!str 'ms'
  !!str 'Bandwidth (To Device)':
  - !!float 2353910.434
  - !!str 'MB/s'
  !!str 'Bandwidth (To Host)':
  - !!float 6920415.225
  - !!str 'MB/s'
!!str 'elapsed': [!!float 3.20, !!str 's']
---
!!str 'test':
  !!str 'name': !!str 'async-test'
  !!str 'size':
  - !!int 80
  - !!str 'MB'
  !!str 'kiter': !!int 100
!!str 'cuda':
  !!str 'Kernel':
  - !!float 28.901
  - !!str 'ms'
  !!str 'To Device':
  - !!float 12.273
  - !!str 'ms'
  !!str 'To Host':
  - !!float 12.100
  - !!str 'ms'
  !!str 'Bandwidth (To Device)':
  - !!float 6518.497
  - !!str 'MB/s'
  !!str 'Bandwidth (To Host)':
  - !!float 6611.483
  - !!str 'MB/s'
!!str 'host':
  !!str 'Kernel':
  - !!float 0.029
  - !!str 'ms'
  !!str 'Local':
  - !!float 15.970
  - !!str 'ms'
  !!str 'To Device':
  - !!float 0.035
  - !!str 'ms'
  !!str 'To Host':
  - !!float 0.012
  - !!str 'ms'
  !!str 'Bandwidth (To Device)':
  - !!float 2257463.739
  - !!str 'MB/s'
  !!str 'Bandwidth (To Host)':
  - !!float 6447972.919
  - !!str 'MB/s'
!!str 'elapsed': [!!float 3.20, !!str 's']
---
!!str 'test':
  !!str 'name': !!str 'async-test'
  !!str 'size':
  - !!int 80
  - !!str 'MB'
  !!str 'kiter': !!int 100
!!str 'cuda':
  !!str 'Kernel':
  - !!float 28.909
  - !!str 'ms'
  !!str 'To Device':
  - !!float 12.334
  - !!str 'ms'
  !!str 'To Host':
  - !!float 12.082
  - !!str 'ms'
  !!str 'Bandwidth (To Device)':
  - !!float 6486.329
  - !!str 'MB/s'
  !!str 'Bandwidth (To Host)':
  - !!float 6621.587
  - !!str 'MB/s'
!!str 'host':
  !!str 'Kernel':
  - !!float 0.018
  - !!str 'ms'
  !!str 'Local':
  - !!float 11.017
  - !!str 'ms'
  !!str 'To Device':
  - !!float 0.023
  - !!str 'ms'
  !!str 'To Host':
  - !!float 0.007
  - !!str 'ms'
  !!str 'Bandwidth (To Device)':
  - !!float 3457366.351
  - !!str 'MB/s'
  !!str 'Bandwidth (To Host)':
  - !!float 11947431.302
  - !!str 'MB/s'
!!str 'elapsed': [!!float 3.17, !!str 's']
---
!!str 'test':
  !!str 'name': !!str 'async-test'
  !!str 'size':
  - !!int 80
  - !!str 'MB'
  !!str 'kiter': !!int 100
!!str 'cuda':
  !!str 'Kernel':
  - !!float 28.907
  - !!str 'ms'
  !!str 'To Device':
  - !!float 12.273
  - !!str 'ms'
  !!str 'To Host':
  - !!float 12.087
  - !!str 'ms'
  !!str 'Bandwidth (To Device)':
  - !!float 6518.310
  - !!str 'MB/s'
  !!str 'Bandwidth (To Host)':
  - !!float 6618.747
  - !!str 'MB/s'
!!str 'host':
  !!str 'Kernel':
  - !!float 0.028
  - !!str 'ms'
  !!str 'Local':
  - !!float 15.962
  - !!str 'ms'
  !!str 'To Device':
  - !!float 0.036
  - !!str 'ms'
  !!str 'To Host':
  - !!float 0.012
  - !!str 'ms'
  !!str 'Bandwidth (To Device)':
  - !!float 2203189.116
  - !!str 'MB/s'
  !!str 'Bandwidth (To Host)':
  - !!float 6530612.245
  - !!str 'MB/s'
!!str 'elapsed': [!!float 3.20, !!str 's']
---
!!str 'test':
  !!str 'name': !!str 'async-test'
  !!str 'size':
  - !!int 80
  - !!str 'MB'
  !!str 'kiter': !!int 100
!!str 'cuda':
  !!str 'Kernel':
  - !!float 28.901
  - !!str 'ms'
  !!str 'To Device':
  - !!float 12.328
  - !!str 'ms'
  !!str 'To Host':
  - !!float 12.094
  - !!str 'ms'
  !!str 'Bandwidth (To Device)':
  - !!float 6489.326
  - !!str 'MB/s'
  !!str 'Bandwidth (To Host)':
  - !!float 6615.087
  - !!str 'MB/s'
!!str 'host':
  !!str 'Kernel':
  - !!float 0.020
  - !!str 'ms'
  !!str 'Local':
  - !!float 11.003
  - !!str 'ms'
  !!str 'To Device':
  - !!float 0.026
  - !!str 'ms'
  !!str 'To Host':
  - !!float 0.008
  - !!str 'ms'
  !!str 'Bandwidth (To Device)':
  - !!float 3066426.463
  - !!str 'MB/s'
  !!str 'Bandwidth (To Host)':
  - !!float 10628404.411
  - !!str 'MB/s'
!!str 'elapsed': [!!float 3.16, !!str 's']
---
!!str 'test':
  !!str 'name': !!str 'async-test'
  !!str 'size':
  - !!int 80
  - !!str 'MB'
  !!str 'kiter': !!int 100
!!str 'cuda':
  !!str 'Kernel':
  - !!float 28.911
  - !!str 'ms'
  !!str 'To Device':
  - !!float 12.278
  - !!str 'ms'
  !!str 'To Host':
  - !!float 12.082
  - !!str 'ms'
  !!str 'Bandwidth (To Device)':
  - !!float 6515.812
  - !!str 'MB/s'
  !!str 'Bandwidth (To Host)':
  - !!float 6621.569
  - !!str 'MB/s'
!!str 'host':
  !!str 'Kernel':
  - !!float 0.019
  - !!str 'ms'
  !!str 'Local':
  - !!float 10.996
  - !!str 'ms'
  !!str 'To Device':
  - !!float 0.024
  - !!str 'ms'
  !!str 'To Host':
  - !!float 0.007
  - !!str 'ms'
  !!str 'Bandwidth (To Device)':
  - !!float 3324882.590
  - !!str 'MB/s'
  !!str 'Bandwidth (To Host)':
  - !!float 11171624.075
  - !!str 'MB/s'
!!str 'elapsed': [!!float 3.18, !!str 's']
---
!!str 'test':
  !!str 'name': !!str 'async-test'
  !!str 'size':
  - !!int 80
  - !!str 'MB'
  !!str 'kiter': !!int 100
!!str 'cuda':
  !!str 'Kernel':
  - !!float 28.907
  - !!str 'ms'
  !!str 'To Device':
  - !!float 12.278
  - !!str 'ms'
  !!str 'To Host':
  - !!float 12.074
  - !!str 'ms'
  !!str 'Bandwidth (To Device)':
  - !!float 6515.830
  - !!str 'MB/s'
  !!str 'Bandwidth (To Host)':
  - !!float 6625.904
  - !!str 'MB/s'
!!str 'host':
  !!str 'Kernel':
  - !!float 0.019
  - !!str 'ms'
  !!str 'Local':
  - !!float 11.002
  - !!str 'ms'
  !!str 'To Device':
  - !!float 0.024
  - !!str 'ms'
  !!str 'To Host':
  - !!float 0.007
  - !!str 'ms'
  !!str 'Bandwidth (To Device)':
  - !!float 3327648.600
  - !!str 'MB/s'
  !!str 'Bandwidth (To Host)':
  - !!float 11297839.288
  - !!str 'MB/s'
!!str 'elapsed': [!!float 3.17, !!str 's']
---
!!str 'test':
  !!str 'name': !!str 'async-test'
  !!str 'size':
  - !!int 80
  - !!str 'MB'
  !!str 'kiter': !!int 100
!!str 'cuda':
  !!str 'Kernel':
  - !!float 28.902
  - !!str 'ms'
  !!str 'To Device':
  - !!float 12.272
  - !!str 'ms'
  !!str 'To Host':
  - !!float 12.081
  - !!str 'ms'
  !!str 'Bandwidth (To Device)':
  - !!float 6518.854
  - !!str 'MB/s'
  !!str 'Bandwidth (To Host)':
  - !!float 6622.201
  - !!str 'MB/s'
!!str 'host':
  !!str 'Kernel':
  - !!float 0.019
  - !!str 'ms'
  !!str 'Local':
  - !!float 10.990
  - !!str 'ms'
  !!str 'To Device':
  - !!float 0.024
  - !!str 'ms'
  !!str 'To Host':
  - !!float 0.007
  - !!str 'ms'
  !!str 'Bandwidth (To Device)':
  - !!float 3331112.592
  - !!str 'MB/s'
  !!str 'Bandwidth (To Host)':
  - !!float 11426939.009
  - !!str 'MB/s'
!!str 'elapsed': [!!float 3.17, !!str 's']
---
!!str 'test':
  !!str 'name': !!str 'async-test'
  !!str 'size':
  - !!int 80
  - !!str 'MB'
  !!str 'kiter': !!int 100
!!str 'cuda':
  !!str 'Kernel':
  - !!float 28.907
  - !!str 'ms'
  !!str 'To Device':
  - !!float 12.369
  - !!str 'ms'
  !!str 'To Host':
  - !!float 12.082
  - !!str 'ms'
  !!str 'Bandwidth (To Device)':
  - !!float 6468.037
  - !!str 'MB/s'
  !!str 'Bandwidth (To Host)':
  - !!float 6621.552
  - !!str 'MB/s'
!!str 'host':
  !!str 'Kernel':
  - !!float 0.019
  - !!str 'ms'
  !!str 'Local':
  - !!float 11.010
  - !!str 'ms'
  !!str 'To Device':
  - !!float 0.024
  - !!str 'ms'
  !!str 'To Host':
  - !!float 0.007
  - !!str 'ms'
  !!str 'Bandwidth (To Device)':
  - !!float 3401505.166
  - !!str 'MB/s'
  !!str 'Bandwidth (To Host)':
  - !!float 11726766.344
  - !!str 'MB/s'
!!str 'elapsed': [!!float 3.17, !!str 's']
