---
!!str 'test':
  !!str 'name': !!str 'async-test'
  !!str 'size':
  - !!int 14
  - !!str 'MB'
  !!str 'kiter': !!int 100
!!str 'cuda':
  !!str 'Kernel':
  - !!float 5.071
  - !!str 'ms'
  !!str 'To Device':
  - !!float 2.148
  - !!str 'ms'
  !!str 'To Host':
  - !!float 2.117
  - !!str 'ms'
  !!str 'Bandwidth (To Device)':
  - !!float 6516.011
  - !!str 'MB/s'
  !!str 'Bandwidth (To Host)':
  - !!float 6612.534
  - !!str 'MB/s'
!!str 'host':
  !!str 'Kernel':
  - !!float 0.030
  - !!str 'ms'
  !!str 'Local':
  - !!float 3.808
  - !!str 'ms'
  !!str 'To Device':
  - !!float 0.037
  - !!str 'ms'
  !!str 'To Host':
  - !!float 0.013
  - !!str 'ms'
  !!str 'Bandwidth (To Device)':
  - !!float 378620.207
  - !!str 'MB/s'
  !!str 'Bandwidth (To Host)':
  - !!float 1099175.844
  - !!str 'MB/s'
!!str 'elapsed': [!!float 3.14, !!str 's']
---
!!str 'test':
  !!str 'name': !!str 'async-test'
  !!str 'size':
  - !!int 14
  - !!str 'MB'
  !!str 'kiter': !!int 100
!!str 'cuda':
  !!str 'Kernel':
  - !!float 5.072
  - !!str 'ms'
  !!str 'To Device':
  - !!float 2.149
  - !!str 'ms'
  !!str 'To Host':
  - !!float 2.119
  - !!str 'ms'
  !!str 'Bandwidth (To Device)':
  - !!float 6513.198
  - !!str 'MB/s'
  !!str 'Bandwidth (To Host)':
  - !!float 6606.841
  - !!str 'MB/s'
!!str 'host':
  !!str 'Kernel':
  - !!float 0.019
  - !!str 'ms'
  !!str 'Local':
  - !!float 1.990
  - !!str 'ms'
  !!str 'To Device':
  - !!float 0.029
  - !!str 'ms'
  !!str 'To Host':
  - !!float 0.007
  - !!str 'ms'
  !!str 'Bandwidth (To Device)':
  - !!float 483361.078
  - !!str 'MB/s'
  !!str 'Bandwidth (To Host)':
  - !!float 1964510.742
  - !!str 'MB/s'
!!str 'elapsed': [!!float 3.12, !!str 's']
---
!!str 'test':
  !!str 'name': !!str 'async-test'
  !!str 'size':
  - !!int 14
  - !!str 'MB'
  !!str 'kiter': !!int 100
!!str 'cuda':
  !!str 'Kernel':
  - !!float 5.074
  - !!str 'ms'
  !!str 'To Device':
  - !!float 2.149
  - !!str 'ms'
  !!str 'To Host':
  - !!float 2.127
  - !!str 'ms'
  !!str 'Bandwidth (To Device)':
  - !!float 6513.586
  - !!str 'MB/s'
  !!str 'Bandwidth (To Host)':
  - !!float 6582.089
  - !!str 'MB/s'
!!str 'host':
  !!str 'Kernel':
  - !!float 0.034
  - !!str 'ms'
  !!str 'Local':
  - !!float 4.173
  - !!str 'ms'
  !!str 'To Device':
  - !!float 0.040
  - !!str 'ms'
  !!str 'To Host':
  - !!float 0.014
  - !!str 'ms'
  !!str 'Bandwidth (To Device)':
  - !!float 353450.237
  - !!str 'MB/s'
  !!str 'Bandwidth (To Host)':
  - !!float 966588.659
  - !!str 'MB/s'
!!str 'elapsed': [!!float 3.14, !!str 's']
---
!!str 'test':
  !!str 'name': !!str 'async-test'
  !!str 'size':
  - !!int 14
  - !!str 'MB'
  !!str 'kiter': !!int 100
!!str 'cuda':
  !!str 'Kernel':
  - !!float 5.071
  - !!str 'ms'
  !!str 'To Device':
  - !!float 2.149
  - !!str 'ms'
  !!str 'To Host':
  - !!float 2.119
  - !!str 'ms'
  !!str 'Bandwidth (To Device)':
  - !!float 6515.721
  - !!str 'MB/s'
  !!str 'Bandwidth (To Host)':
  - !!float 6606.841
  - !!str 'MB/s'
!!str 'host':
  !!str 'Kernel':
  - !!float 0.035
  - !!str 'ms'
  !!str 'Local':
  - !!float 3.996
  - !!str 'ms'
  !!str 'To Device':
  - !!float 0.041
  - !!str 'ms'
  !!str 'To Host':
  - !!float 0.014
  - !!str 'ms'
  !!str 'Bandwidth (To Device)':
  - !!float 337522.990
  - !!str 'MB/s'
  !!str 'Bandwidth (To Host)':
  - !!float 983981.412
  - !!str 'MB/s'
!!str 'elapsed': [!!float 3.14, !!str 's']
---
!!str 'test':
  !!str 'name': !!str 'async-test'
  !!str 'size':
  - !!int 14
  - !!str 'MB'
  !!str 'kiter': !!int 100
!!str 'cuda':
  !!str 'Kernel':
  - !!float 5.073
  - !!str 'ms'
  !!str 'To Device':
  - !!float 2.158
  - !!str 'ms'
  !!str 'To Host':
  - !!float 2.117
  - !!str 'ms'
  !!str 'Bandwidth (To Device)':
  - !!float 6488.276
  - !!str 'MB/s'
  !!str 'Bandwidth (To Host)':
  - !!float 6613.933
  - !!str 'MB/s'
!!str 'host':
  !!str 'Kernel':
  - !!float 0.019
  - !!str 'ms'
  !!str 'Local':
  - !!float 2.028
  - !!str 'ms'
  !!str 'To Device':
  - !!float 0.023
  - !!str 'ms'
  !!str 'To Host':
  - !!float 0.007
  - !!str 'ms'
  !!str 'Bandwidth (To Device)':
  - !!float 610701.197
  - !!str 'MB/s'
  !!str 'Bandwidth (To Host)':
  - !!float 1915324.059
  - !!str 'MB/s'
!!str 'elapsed': [!!float 3.11, !!str 's']
---
!!str 'test':
  !!str 'name': !!str 'async-test'
  !!str 'size':
  - !!int 14
  - !!str 'MB'
  !!str 'kiter': !!int 100
!!str 'cuda':
  !!str 'Kernel':
  - !!float 5.071
  - !!str 'ms'
  !!str 'To Device':
  - !!float 2.148
  - !!str 'ms'
  !!str 'To Host':
  - !!float 2.123
  - !!str 'ms'
  !!str 'Bandwidth (To Device)':
  - !!float 6516.691
  - !!str 'MB/s'
  !!str 'Bandwidth (To Host)':
  - !!float 6593.995
  - !!str 'MB/s'
!!str 'host':
  !!str 'Kernel':
  - !!float 0.018
  - !!str 'ms'
  !!str 'Local':
  - !!float 1.928
  - !!str 'ms'
  !!str 'To Device':
  - !!float 0.023
  - !!str 'ms'
  !!str 'To Host':
  - !!float 0.007
  - !!str 'ms'
  !!str 'Bandwidth (To Device)':
  - !!float 613511.418
  - !!str 'MB/s'
  !!str 'Bandwidth (To Host)':
  - !!float 2081651.085
  - !!str 'MB/s'
!!str 'elapsed': [!!float 3.09, !!str 's']
---
!!str 'test':
  !!str 'name': !!str 'async-test'
  !!str 'size':
  - !!int 14
  - !!str 'MB'
  !!str 'kiter': !!int 100
!!str 'cuda':
  !!str 'Kernel':
  - !!float 5.073
  - !!str 'ms'
  !!str 'To Device':
  - !!float 2.164
  - !!str 'ms'
  !!str 'To Host':
  - !!float 2.118
  - !!str 'ms'
  !!str 'Bandwidth (To Device)':
  - !!float 6468.226
  - !!str 'MB/s'
  !!str 'Bandwidth (To Host)':
  - !!float 6610.535
  - !!str 'MB/s'
!!str 'host':
  !!str 'Kernel':
  - !!float 0.018
  - !!str 'ms'
  !!str 'Local':
  - !!float 1.940
  - !!str 'ms'
  !!str 'To Device':
  - !!float 0.023
  - !!str 'ms'
  !!str 'To Host':
  - !!float 0.007
  - !!str 'ms'
  !!str 'Bandwidth (To Device)':
  - !!float 599071.531
  - !!str 'MB/s'
  !!str 'Bandwidth (To Host)':
  - !!float 2145127.727
  - !!str 'MB/s'
!!str 'elapsed': [!!float 3.09, !!str 's']
---
!!str 'test':
  !!str 'name': !!str 'async-test'
  !!str 'size':
  - !!int 14
  - !!str 'MB'
  !!str 'kiter': !!int 100
!!str 'cuda':
  !!str 'Kernel':
  - !!float 5.072
  - !!str 'ms'
  !!str 'To Device':
  - !!float 2.162
  - !!str 'ms'
  !!str 'To Host':
  - !!float 2.153
  - !!str 'ms'
  !!str 'Bandwidth (To Device)':
  - !!float 6473.586
  - !!str 'MB/s'
  !!str 'Bandwidth (To Host)':
  - !!float 6503.032
  - !!str 'MB/s'
!!str 'host':
  !!str 'Kernel':
  - !!float 0.053
  - !!str 'ms'
  !!str 'Local':
  - !!float 4.218
  - !!str 'ms'
  !!str 'To Device':
  - !!float 0.040
  - !!str 'ms'
  !!str 'To Host':
  - !!float 0.018
  - !!str 'ms'
  !!str 'Bandwidth (To Device)':
  - !!float 348158.461
  - !!str 'MB/s'
  !!str 'Bandwidth (To Host)':
  - !!float 770239.535
  - !!str 'MB/s'
!!str 'elapsed': [!!float 3.12, !!str 's']
---
!!str 'test':
  !!str 'name': !!str 'async-test'
  !!str 'size':
  - !!int 14
  - !!str 'MB'
  !!str 'kiter': !!int 100
!!str 'cuda':
  !!str 'Kernel':
  - !!float 5.074
  - !!str 'ms'
  !!str 'To Device':
  - !!float 2.150
  - !!str 'ms'
  !!str 'To Host':
  - !!float 2.126
  - !!str 'ms'
  !!str 'Bandwidth (To Device)':
  - !!float 6509.806
  - !!str 'MB/s'
  !!str 'Bandwidth (To Host)':
  - !!float 6583.674
  - !!str 'MB/s'
!!str 'host':
  !!str 'Kernel':
  - !!float 0.032
  - !!str 'ms'
  !!str 'Local':
  - !!float 4.029
  - !!str 'ms'
  !!str 'To Device':
  - !!float 0.038
  - !!str 'ms'
  !!str 'To Host':
  - !!float 0.013
  - !!str 'ms'
  !!str 'Bandwidth (To Device)':
  - !!float 370503.482
  - !!str 'MB/s'
  !!str 'Bandwidth (To Host)':
  - !!float 1041987.610
  - !!str 'MB/s'
!!str 'elapsed': [!!float 3.15, !!str 's']
---
!!str 'test':
  !!str 'name': !!str 'async-test'
  !!str 'size':
  - !!int 14
  - !!str 'MB'
  !!str 'kiter': !!int 100
!!str 'cuda':
  !!str 'Kernel':
  - !!float 5.073
  - !!str 'ms'
  !!str 'To Device':
  - !!float 2.150
  - !!str 'ms'
  !!str 'To Host':
  - !!float 2.186
  - !!str 'ms'
  !!str 'Bandwidth (To Device)':
  - !!float 6510.775
  - !!str 'MB/s'
  !!str 'Bandwidth (To Host)':
  - !!float 6404.591
  - !!str 'MB/s'
!!str 'host':
  !!str 'Kernel':
  - !!float 0.018
  - !!str 'ms'
  !!str 'Local':
  - !!float 1.985
  - !!str 'ms'
  !!str 'To Device':
  - !!float 0.023
  - !!str 'ms'
  !!str 'To Host':
  - !!float 0.007
  - !!str 'ms'
  !!str 'Bandwidth (To Device)':
  - !!float 607099.334
  - !!str 'MB/s'
  !!str 'Bandwidth (To Host)':
  - !!float 2122040.859
  - !!str 'MB/s'
!!str 'elapsed': [!!float 3.11, !!str 's']
