---
!!str 'test':
  !!str 'name': !!str 'async-test'
  !!str 'size':
  - !!int 60
  - !!str 'MB'
  !!str 'kiter': !!int 100
!!str 'cuda':
  !!str 'Kernel':
  - !!float 21.682
  - !!str 'ms'
  !!str 'To Device':
  - !!float 9.197
  - !!str 'ms'
  !!str 'To Host':
  - !!float 9.064
  - !!str 'ms'
  !!str 'Bandwidth (To Device)':
  - !!float 6523.449
  - !!str 'MB/s'
  !!str 'Bandwidth (To Host)':
  - !!float 6619.392
  - !!str 'MB/s'
!!str 'host':
  !!str 'Kernel':
  - !!float 0.026
  - !!str 'ms'
  !!str 'Local':
  - !!float 11.345
  - !!str 'ms'
  !!str 'To Device':
  - !!float 0.032
  - !!str 'ms'
  !!str 'To Host':
  - !!float 0.011
  - !!str 'ms'
  !!str 'Bandwidth (To Device)':
  - !!float 1888847.261
  - !!str 'MB/s'
  !!str 'Bandwidth (To Host)':
  - !!float 5424885.465
  - !!str 'MB/s'
!!str 'elapsed': [!!float 3.18, !!str 's']
---
!!str 'test':
  !!str 'name': !!str 'async-test'
  !!str 'size':
  - !!int 60
  - !!str 'MB'
  !!str 'kiter': !!int 100
!!str 'cuda':
  !!str 'Kernel':
  - !!float 21.681
  - !!str 'ms'
  !!str 'To Device':
  - !!float 9.197
  - !!str 'ms'
  !!str 'To Host':
  - !!float 9.062
  - !!str 'ms'
  !!str 'Bandwidth (To Device)':
  - !!float 6523.948
  - !!str 'MB/s'
  !!str 'Bandwidth (To Host)':
  - !!float 6620.795
  - !!str 'MB/s'
!!str 'host':
  !!str 'Kernel':
  - !!float 0.018
  - !!str 'ms'
  !!str 'Local':
  - !!float 8.251
  - !!str 'ms'
  !!str 'To Device':
  - !!float 0.023
  - !!str 'ms'
  !!str 'To Host':
  - !!float 0.007
  - !!str 'ms'
  !!str 'Bandwidth (To Device)':
  - !!float 2591311.793
  - !!str 'MB/s'
  !!str 'Bandwidth (To Host)':
  - !!float 8853361.848
  - !!str 'MB/s'
!!str 'elapsed': [!!float 3.17, !!str 's']
---
!!str 'test':
  !!str 'name': !!str 'async-test'
  !!str 'size':
  - !!int 60
  - !!str 'MB'
  !!str 'kiter': !!int 100
!!str 'cuda':
  !!str 'Kernel':
  - !!float 21.677
  - !!str 'ms'
  !!str 'To Device':
  - !!float 9.197
  - !!str 'ms'
  !!str 'To Host':
  - !!float 9.069
  - !!str 'ms'
  !!str 'Bandwidth (To Device)':
  - !!float 6523.948
  - !!str 'MB/s'
  !!str 'Bandwidth (To Host)':
  - !!float 6615.725
  - !!str 'MB/s'
!!str 'host':
  !!str 'Kernel':
  - !!float 0.030
  - !!str 'ms'
  !!str 'Local':
  - !!float 12.864
  - !!str 'ms'
  !!str 'To Device':
  - !!float 0.036
  - !!str 'ms'
  !!str 'To Host':
  - !!float 0.012
  - !!str 'ms'
  !!str 'Bandwidth (To Device)':
  - !!float 1662489.145
  - !!str 'MB/s'
  !!str 'Bandwidth (To Host)':
  - !!float 4907109.941
  - !!str 'MB/s'
!!str 'elapsed': [!!float 3.16, !!str 's']
---
!!str 'test':
  !!str 'name': !!str 'async-test'
  !!str 'size':
  - !!int 60
  - !!str 'MB'
  !!str 'kiter': !!int 100
!!str 'cuda':
  !!str 'Kernel':
  - !!float 21.676
  - !!str 'ms'
  !!str 'To Device':
  - !!float 9.189
  - !!str 'ms'
  !!str 'To Host':
  - !!float 9.069
  - !!str 'ms'
  !!str 'Bandwidth (To Device)':
  - !!float 6529.310
  - !!str 'MB/s'
  !!str 'Bandwidth (To Host)':
  - !!float 6616.123
  - !!str 'MB/s'
!!str 'host':
  !!str 'Kernel':
  - !!float 0.030
  - !!str 'ms'
  !!str 'Local':
  - !!float 13.624
  - !!str 'ms'
  !!str 'To Device':
  - !!float 0.037
  - !!str 'ms'
  !!str 'To Host':
  - !!float 0.013
  - !!str 'ms'
  !!str 'Bandwidth (To Device)':
  - !!float 1637980.706
  - !!str 'MB/s'
  !!str 'Bandwidth (To Host)':
  - !!float 4644982.058
  - !!str 'MB/s'
!!str 'elapsed': [!!float 3.18, !!str 's']
---
!!str 'test':
  !!str 'name': !!str 'async-test'
  !!str 'size':
  - !!int 60
  - !!str 'MB'
  !!str 'kiter': !!int 100
!!str 'cuda':
  !!str 'Kernel':
  - !!float 21.678
  - !!str 'ms'
  !!str 'To Device':
  - !!float 9.196
  - !!str 'ms'
  !!str 'To Host':
  - !!float 9.070
  - !!str 'ms'
  !!str 'Bandwidth (To Device)':
  - !!float 6524.833
  - !!str 'MB/s'
  !!str 'Bandwidth (To Host)':
  - !!float 6615.002
  - !!str 'MB/s'
!!str 'host':
  !!str 'Kernel':
  - !!float 0.031
  - !!str 'ms'
  !!str 'Local':
  - !!float 13.589
  - !!str 'ms'
  !!str 'To Device':
  - !!float 0.037
  - !!str 'ms'
  !!str 'To Host':
  - !!float 0.013
  - !!str 'ms'
  !!str 'Bandwidth (To Device)':
  - !!float 1624454.670
  - !!str 'MB/s'
  !!str 'Bandwidth (To Host)':
  - !!float 4731054.506
  - !!str 'MB/s'
!!str 'elapsed': [!!float 3.19, !!str 's']
---
!!str 'test':
  !!str 'name': !!str 'async-test'
  !!str 'size':
  - !!int 60
  - !!str 'MB'
  !!str 'kiter': !!int 100
!!str 'cuda':
  !!str 'Kernel':
  - !!float 21.684
  - !!str 'ms'
  !!str 'To Device':
  - !!float 9.210
  - !!str 'ms'
  !!str 'To Host':
  - !!float 9.062
  - !!str 'ms'
  !!str 'Bandwidth (To Device)':
  - !!float 6514.722
  - !!str 'MB/s'
  !!str 'Bandwidth (To Host)':
  - !!float 6621.052
  - !!str 'MB/s'
!!str 'host':
  !!str 'Kernel':
  - !!float 0.019
  - !!str 'ms'
  !!str 'Local':
  - !!float 8.259
  - !!str 'ms'
  !!str 'To Device':
  - !!float 0.023
  - !!str 'ms'
  !!str 'To Host':
  - !!float 0.007
  - !!str 'ms'
  !!str 'Bandwidth (To Device)':
  - !!float 2556204.552
  - !!str 'MB/s'
  !!str 'Bandwidth (To Host)':
  - !!float 8732241.776
  - !!str 'MB/s'
!!str 'elapsed': [!!float 3.17, !!str 's']
---
!!str 'test':
  !!str 'name': !!str 'async-test'
  !!str 'size':
  - !!int 60
  - !!str 'MB'
  !!str 'kiter': !!int 100
!!str 'cuda':
  !!str 'Kernel':
  - !!float 21.685
  - !!str 'ms'
  !!str 'To Device':
  - !!float 9.197
  - !!str 'ms'
  !!str 'To Host':
  - !!float 9.062
  - !!str 'ms'
  !!str 'Bandwidth (To Device)':
  - !!float 6523.607
  - !!str 'MB/s'
  !!str 'Bandwidth (To Host)':
  - !!float 6621.052
  - !!str 'MB/s'
!!str 'host':
  !!str 'Kernel':
  - !!float 0.018
  - !!str 'ms'
  !!str 'Local':
  - !!float 8.252
  - !!str 'ms'
  !!str 'To Device':
  - !!float 0.023
  - !!str 'ms'
  !!str 'To Host':
  - !!float 0.007
  - !!str 'ms'
  !!str 'Bandwidth (To Device)':
  - !!float 2607755.270
  - !!str 'MB/s'
  !!str 'Bandwidth (To Host)':
  - !!float 8797541.532
  - !!str 'MB/s'
!!str 'elapsed': [!!float 3.17, !!str 's']
---
!!str 'test':
  !!str 'name': !!str 'async-test'
  !!str 'size':
  - !!int 60
  - !!str 'MB'
  !!str 'kiter': !!int 100
!!str 'cuda':
  !!str 'Kernel':
  - !!float 21.682
  - !!str 'ms'
  !!str 'To Device':
  - !!float 9.198
  - !!str 'ms'
  !!str 'To Host':
  - !!float 9.070
  - !!str 'ms'
  !!str 'Bandwidth (To Device)':
  - !!float 6523.221
  - !!str 'MB/s'
  !!str 'Bandwidth (To Host)':
  - !!float 6615.049
  - !!str 'MB/s'
!!str 'host':
  !!str 'Kernel':
  - !!float 0.030
  - !!str 'ms'
  !!str 'Local':
  - !!float 13.145
  - !!str 'ms'
  !!str 'To Device':
  - !!float 0.037
  - !!str 'ms'
  !!str 'To Host':
  - !!float 0.013
  - !!str 'ms'
  !!str 'Bandwidth (To Device)':
  - !!float 1637801.857
  - !!str 'MB/s'
  !!str 'Bandwidth (To Host)':
  - !!float 4698084.194
  - !!str 'MB/s'
!!str 'elapsed': [!!float 3.16, !!str 's']
---
!!str 'test':
  !!str 'name': !!str 'async-test'
  !!str 'size':
  - !!int 60
  - !!str 'MB'
  !!str 'kiter': !!int 100
!!str 'cuda':
  !!str 'Kernel':
  - !!float 21.688
  - !!str 'ms'
  !!str 'To Device':
  - !!float 9.241
  - !!str 'ms'
  !!str 'To Host':
  - !!float 9.061
  - !!str 'ms'
  !!str 'Bandwidth (To Device)':
  - !!float 6492.974
  - !!str 'MB/s'
  !!str 'Bandwidth (To Host)':
  - !!float 6621.871
  - !!str 'MB/s'
!!str 'host':
  !!str 'Kernel':
  - !!float 0.030
  - !!str 'ms'
  !!str 'Local':
  - !!float 13.587
  - !!str 'ms'
  !!str 'To Device':
  - !!float 0.037
  - !!str 'ms'
  !!str 'To Host':
  - !!float 0.013
  - !!str 'ms'
  !!str 'Bandwidth (To Device)':
  - !!float 1613706.819
  - !!str 'MB/s'
  !!str 'Bandwidth (To Host)':
  - !!float 4559558.724
  - !!str 'MB/s'
!!str 'elapsed': [!!float 3.18, !!str 's']
---
!!str 'test':
  !!str 'name': !!str 'async-test'
  !!str 'size':
  - !!int 60
  - !!str 'MB'
  !!str 'kiter': !!int 100
!!str 'cuda':
  !!str 'Kernel':
  - !!float 21.686
  - !!str 'ms'
  !!str 'To Device':
  - !!float 9.198
  - !!str 'ms'
  !!str 'To Host':
  - !!float 9.052
  - !!str 'ms'
  !!str 'Bandwidth (To Device)':
  - !!float 6523.267
  - !!str 'MB/s'
  !!str 'Bandwidth (To Host)':
  - !!float 6627.956
  - !!str 'MB/s'
!!str 'host':
  !!str 'Kernel':
  - !!float 0.019
  - !!str 'ms'
  !!str 'Local':
  - !!float 8.248
  - !!str 'ms'
  !!str 'To Device':
  - !!float 0.023
  - !!str 'ms'
  !!str 'To Host':
  - !!float 0.007
  - !!str 'ms'
  !!str 'Bandwidth (To Device)':
  - !!float 2575074.388
  - !!str 'MB/s'
  !!str 'Bandwidth (To Host)':
  - !!float 8510529.538
  - !!str 'MB/s'
!!str 'elapsed': [!!float 3.14, !!str 's']
