---
!!str 'test':
  !!str 'name': !!str 'async-test'
  !!str 'size':
  - !!int 72
  - !!str 'MB'
  !!str 'kiter': !!int 100
!!str 'cuda':
  !!str 'Kernel':
  - !!float 26.014
  - !!str 'ms'
  !!str 'To Device':
  - !!float 11.047
  - !!str 'ms'
  !!str 'To Host':
  - !!float 10.870
  - !!str 'ms'
  !!str 'Bandwidth (To Device)':
  - !!float 6517.707
  - !!str 'MB/s'
  !!str 'Bandwidth (To Host)':
  - !!float 6623.815
  - !!str 'MB/s'
!!str 'host':
  !!str 'Kernel':
  - !!float 0.019
  - !!str 'ms'
  !!str 'Local':
  - !!float 9.898
  - !!str 'ms'
  !!str 'To Device':
  - !!float 0.023
  - !!str 'ms'
  !!str 'To Host':
  - !!float 0.007
  - !!str 'ms'
  !!str 'Bandwidth (To Device)':
  - !!float 3089311.286
  - !!str 'MB/s'
  !!str 'Bandwidth (To Host)':
  - !!float 10241748.056
  - !!str 'MB/s'
!!str 'elapsed': [!!float 3.17, !!str 's']
---
!!str 'test':
  !!str 'name': !!str 'async-test'
  !!str 'size':
  - !!int 72
  - !!str 'MB'
  !!str 'kiter': !!int 100
!!str 'cuda':
  !!str 'Kernel':
  - !!float 26.025
  - !!str 'ms'
  !!str 'To Device':
  - !!float 11.047
  - !!str 'ms'
  !!str 'To Host':
  - !!float 10.877
  - !!str 'ms'
  !!str 'Bandwidth (To Device)':
  - !!float 6517.782
  - !!str 'MB/s'
  !!str 'Bandwidth (To Host)':
  - !!float 6619.703
  - !!str 'MB/s'
!!str 'host':
  !!str 'Kernel':
  - !!float 0.020
  - !!str 'ms'
  !!str 'Local':
  - !!float 10.316
  - !!str 'ms'
  !!str 'To Device':
  - !!float 0.026
  - !!str 'ms'
  !!str 'To Host':
  - !!float 0.008
  - !!str 'ms'
  !!str 'Bandwidth (To Device)':
  - !!float 2743046.664
  - !!str 'MB/s'
  !!str 'Bandwidth (To Host)':
  - !!float 9269922.600
  - !!str 'MB/s'
!!str 'elapsed': [!!float 3.15, !!str 's']
---
!!str 'test':
  !!str 'name': !!str 'async-test'
  !!str 'size':
  - !!int 72
  - !!str 'MB'
  !!str 'kiter': !!int 100
!!str 'cuda':
  !!str 'Kernel':
  - !!float 26.013
  - !!str 'ms'
  !!str 'To Device':
  - !!float 11.154
  - !!str 'ms'
  !!str 'To Host':
  - !!float 10.884
  - !!str 'ms'
  !!str 'Bandwidth (To Device)':
  - !!float 6455.250
  - !!str 'MB/s'
  !!str 'Bandwidth (To Host)':
  - !!float 6614.993
  - !!str 'MB/s'
!!str 'host':
  !!str 'Kernel':
  - !!float 0.027
  - !!str 'ms'
  !!str 'Local':
  - !!float 13.095
  - !!str 'ms'
  !!str 'To Device':
  - !!float 0.031
  - !!str 'ms'
  !!str 'To Host':
  - !!float 0.011
  - !!str 'ms'
  !!str 'Bandwidth (To Device)':
  - !!float 2295536.070
  - !!str 'MB/s'
  !!str 'Bandwidth (To Host)':
  - !!float 6759246.041
  - !!str 'MB/s'
!!str 'elapsed': [!!float 3.18, !!str 's']
---
!!str 'test':
  !!str 'name': !!str 'async-test'
  !!str 'size':
  - !!int 72
  - !!str 'MB'
  !!str 'kiter': !!int 100
!!str 'cuda':
  !!str 'Kernel':
  - !!float 26.004
  - !!str 'ms'
  !!str 'To Device':
  - !!float 11.040
  - !!str 'ms'
  !!str 'To Host':
  - !!float 10.878
  - !!str 'ms'
  !!str 'Bandwidth (To Device)':
  - !!float 6521.523
  - !!str 'MB/s'
  !!str 'Bandwidth (To Host)':
  - !!float 6618.885
  - !!str 'MB/s'
!!str 'host':
  !!str 'Kernel':
  - !!float 0.031
  - !!str 'ms'
  !!str 'Local':
  - !!float 15.095
  - !!str 'ms'
  !!str 'To Device':
  - !!float 0.038
  - !!str 'ms'
  !!str 'To Host':
  - !!float 0.013
  - !!str 'ms'
  !!str 'Bandwidth (To Device)':
  - !!float 1870894.107
  - !!str 'MB/s'
  !!str 'Bandwidth (To Host)':
  - !!float 5445431.011
  - !!str 'MB/s'
!!str 'elapsed': [!!float 3.20, !!str 's']
---
!!str 'test':
  !!str 'name': !!str 'async-test'
  !!str 'size':
  - !!int 72
  - !!str 'MB'
  !!str 'kiter': !!int 100
!!str 'cuda':
  !!str 'Kernel':
  - !!float 26.016
  - !!str 'ms'
  !!str 'To Device':
  - !!float 11.033
  - !!str 'ms'
  !!str 'To Host':
  - !!float 10.871
  - !!str 'ms'
  !!str 'Bandwidth (To Device)':
  - !!float 6525.968
  - !!str 'MB/s'
  !!str 'Bandwidth (To Host)':
  - !!float 6622.918
  - !!str 'MB/s'
!!str 'host':
  !!str 'Kernel':
  - !!float 0.018
  - !!str 'ms'
  !!str 'Local':
  - !!float 9.902
  - !!str 'ms'
  !!str 'To Device':
  - !!float 0.024
  - !!str 'ms'
  !!str 'To Host':
  - !!float 0.007
  - !!str 'ms'
  !!str 'Bandwidth (To Device)':
  - !!float 3007497.445
  - !!str 'MB/s'
  !!str 'Bandwidth (To Host)':
  - !!float 10005487.608
  - !!str 'MB/s'
!!str 'elapsed': [!!float 3.17, !!str 's']
---
!!str 'test':
  !!str 'name': !!str 'async-test'
  !!str 'size':
  - !!int 72
  - !!str 'MB'
  !!str 'kiter': !!int 100
!!str 'cuda':
  !!str 'Kernel':
  - !!float 26.010
  - !!str 'ms'
  !!str 'To Device':
  - !!float 11.033
  - !!str 'ms'
  !!str 'To Host':
  - !!float 10.879
  - !!str 'ms'
  !!str 'Bandwidth (To Device)':
  - !!float 6526.062
  - !!str 'MB/s'
  !!str 'Bandwidth (To Host)':
  - !!float 6618.067
  - !!str 'MB/s'
!!str 'host':
  !!str 'Kernel':
  - !!float 0.018
  - !!str 'ms'
  !!str 'Local':
  - !!float 9.892
  - !!str 'ms'
  !!str 'To Device':
  - !!float 0.025
  - !!str 'ms'
  !!str 'To Host':
  - !!float 0.007
  - !!str 'ms'
  !!str 'Bandwidth (To Device)':
  - !!float 2919805.703
  - !!str 'MB/s'
  !!str 'Bandwidth (To Host)':
  - !!float 10394036.211
  - !!str 'MB/s'
!!str 'elapsed': [!!float 3.17, !!str 's']
---
!!str 'test':
  !!str 'name': !!str 'async-test'
  !!str 'size':
  - !!int 72
  - !!str 'MB'
  !!str 'kiter': !!int 100
!!str 'cuda':
  !!str 'Kernel':
  - !!float 26.014
  - !!str 'ms'
  !!str 'To Device':
  - !!float 11.033
  - !!str 'ms'
  !!str 'To Host':
  - !!float 10.878
  - !!str 'ms'
  !!str 'Bandwidth (To Device)':
  - !!float 6525.571
  - !!str 'MB/s'
  !!str 'Bandwidth (To Host)':
  - !!float 6618.924
  - !!str 'MB/s'
!!str 'host':
  !!str 'Kernel':
  - !!float 0.024
  - !!str 'ms'
  !!str 'Local':
  - !!float 12.446
  - !!str 'ms'
  !!str 'To Device':
  - !!float 0.030
  - !!str 'ms'
  !!str 'To Host':
  - !!float 0.010
  - !!str 'ms'
  !!str 'Bandwidth (To Device)':
  - !!float 2390580.013
  - !!str 'MB/s'
  !!str 'Bandwidth (To Host)':
  - !!float 7231768.665
  - !!str 'MB/s'
!!str 'elapsed': [!!float 3.16, !!str 's']
---
!!str 'test':
  !!str 'name': !!str 'async-test'
  !!str 'size':
  - !!int 72
  - !!str 'MB'
  !!str 'kiter': !!int 100
!!str 'cuda':
  !!str 'Kernel':
  - !!float 26.019
  - !!str 'ms'
  !!str 'To Device':
  - !!float 11.054
  - !!str 'ms'
  !!str 'To Host':
  - !!float 10.877
  - !!str 'ms'
  !!str 'Bandwidth (To Device)':
  - !!float 6513.291
  - !!str 'MB/s'
  !!str 'Bandwidth (To Host)':
  - !!float 6619.508
  - !!str 'MB/s'
!!str 'host':
  !!str 'Kernel':
  - !!float 0.027
  - !!str 'ms'
  !!str 'Local':
  - !!float 13.407
  - !!str 'ms'
  !!str 'To Device':
  - !!float 0.033
  - !!str 'ms'
  !!str 'To Host':
  - !!float 0.011
  - !!str 'ms'
  !!str 'Bandwidth (To Device)':
  - !!float 2162536.458
  - !!str 'MB/s'
  !!str 'Bandwidth (To Host)':
  - !!float 6311868.925
  - !!str 'MB/s'
!!str 'elapsed': [!!float 3.16, !!str 's']
---
!!str 'test':
  !!str 'name': !!str 'async-test'
  !!str 'size':
  - !!int 72
  - !!str 'MB'
  !!str 'kiter': !!int 100
!!str 'cuda':
  !!str 'Kernel':
  - !!float 26.011
  - !!str 'ms'
  !!str 'To Device':
  - !!float 11.063
  - !!str 'ms'
  !!str 'To Host':
  - !!float 10.877
  - !!str 'ms'
  !!str 'Bandwidth (To Device)':
  - !!float 6508.148
  - !!str 'MB/s'
  !!str 'Bandwidth (To Host)':
  - !!float 6619.605
  - !!str 'MB/s'
!!str 'host':
  !!str 'Kernel':
  - !!float 0.030
  - !!str 'ms'
  !!str 'Local':
  - !!float 15.548
  - !!str 'ms'
  !!str 'To Device':
  - !!float 0.038
  - !!str 'ms'
  !!str 'To Host':
  - !!float 0.013
  - !!str 'ms'
  !!str 'Bandwidth (To Device)':
  - !!float 1912895.901
  - !!str 'MB/s'
  !!str 'Bandwidth (To Host)':
  - !!float 5679984.919
  - !!str 'MB/s'
!!str 'elapsed': [!!float 3.19, !!str 's']
---
!!str 'test':
  !!str 'name': !!str 'async-test'
  !!str 'size':
  - !!int 72
  - !!str 'MB'
  !!str 'kiter': !!int 100
!!str 'cuda':
  !!str 'Kernel':
  - !!float 26.017
  - !!str 'ms'
  !!str 'To Device':
  - !!float 11.106
  - !!str 'ms'
  !!str 'To Host':
  - !!float 10.878
  - !!str 'ms'
  !!str 'Bandwidth (To Device)':
  - !!float 6483.058
  - !!str 'MB/s'
  !!str 'Bandwidth (To Host)':
  - !!float 6618.826
  - !!str 'MB/s'
!!str 'host':
  !!str 'Kernel':
  - !!float 0.039
  - !!str 'ms'
  !!str 'Local':
  - !!float 15.492
  - !!str 'ms'
  !!str 'To Device':
  - !!float 0.038
  - !!str 'ms'
  !!str 'To Host':
  - !!float 0.013
  - !!str 'ms'
  !!str 'Bandwidth (To Device)':
  - !!float 1897269.726
  - !!str 'MB/s'
  !!str 'Bandwidth (To Host)':
  - !!float 5494466.486
  - !!str 'MB/s'
!!str 'elapsed': [!!float 3.18, !!str 's']
