---
!!str 'test':
  !!str 'name': !!str 'async-test'
  !!str 'size':
  - !!int 58
  - !!str 'MB'
  !!str 'kiter': !!int 100
!!str 'cuda':
  !!str 'Kernel':
  - !!float 20.952
  - !!str 'ms'
  !!str 'To Device':
  - !!float 8.890
  - !!str 'ms'
  !!str 'To Host':
  - !!float 8.766
  - !!str 'ms'
  !!str 'Bandwidth (To Device)':
  - !!float 6523.936
  - !!str 'MB/s'
  !!str 'Bandwidth (To Host)':
  - !!float 6616.122
  - !!str 'MB/s'
!!str 'host':
  !!str 'Kernel':
  - !!float 0.031
  - !!str 'ms'
  !!str 'Local':
  - !!float 12.991
  - !!str 'ms'
  !!str 'To Device':
  - !!float 0.038
  - !!str 'ms'
  !!str 'To Host':
  - !!float 0.013
  - !!str 'ms'
  !!str 'Bandwidth (To Device)':
  - !!float 1540855.958
  - !!str 'MB/s'
  !!str 'Bandwidth (To Host)':
  - !!float 4551825.391
  - !!str 'MB/s'
!!str 'elapsed': [!!float 3.20, !!str 's']
---
!!str 'test':
  !!str 'name': !!str 'async-test'
  !!str 'size':
  - !!int 58
  - !!str 'MB'
  !!str 'kiter': !!int 100
!!str 'cuda':
  !!str 'Kernel':
  - !!float 20.962
  - !!str 'ms'
  !!str 'To Device':
  - !!float 8.883
  - !!str 'ms'
  !!str 'To Host':
  - !!float 8.759
  - !!str 'ms'
  !!str 'Bandwidth (To Device)':
  - !!float 6529.107
  - !!str 'MB/s'
  !!str 'Bandwidth (To Host)':
  - !!float 6621.439
  - !!str 'MB/s'
!!str 'host':
  !!str 'Kernel':
  - !!float 0.019
  - !!str 'ms'
  !!str 'Local':
  - !!float 7.965
  - !!str 'ms'
  !!str 'To Device':
  - !!float 0.024
  - !!str 'ms'
  !!str 'To Host':
  - !!float 0.007
  - !!str 'ms'
  !!str 'Bandwidth (To Device)':
  - !!float 2463968.696
  - !!str 'MB/s'
  !!str 'Bandwidth (To Host)':
  - !!float 8498074.598
  - !!str 'MB/s'
!!str 'elapsed': [!!float 3.16, !!str 's']
---
!!str 'test':
  !!str 'name': !!str 'async-test'
  !!str 'size':
  - !!int 58
  - !!str 'MB'
  !!str 'kiter': !!int 100
!!str 'cuda':
  !!str 'Kernel':
  - !!float 20.958
  - !!str 'ms'
  !!str 'To Device':
  - !!float 8.905
  - !!str 'ms'
  !!str 'To Host':
  - !!float 8.766
  - !!str 'ms'
  !!str 'Bandwidth (To Device)':
  - !!float 6513.433
  - !!str 'MB/s'
  !!str 'Bandwidth (To Host)':
  - !!float 6616.146
  - !!str 'MB/s'
!!str 'host':
  !!str 'Kernel':
  - !!float 0.029
  - !!str 'ms'
  !!str 'Local':
  - !!float 12.303
  - !!str 'ms'
  !!str 'To Device':
  - !!float 0.035
  - !!str 'ms'
  !!str 'To Host':
  - !!float 0.012
  - !!str 'ms'
  !!str 'Bandwidth (To Device)':
  - !!float 1651509.415
  - !!str 'MB/s'
  !!str 'Bandwidth (To Host)':
  - !!float 4813624.295
  - !!str 'MB/s'
!!str 'elapsed': [!!float 3.16, !!str 's']
---
!!str 'test':
  !!str 'name': !!str 'async-test'
  !!str 'size':
  - !!int 58
  - !!str 'MB'
  !!str 'kiter': !!int 100
!!str 'cuda':
  !!str 'Kernel':
  - !!float 20.962
  - !!str 'ms'
  !!str 'To Device':
  - !!float 8.891
  - !!str 'ms'
  !!str 'To Host':
  - !!float 8.766
  - !!str 'ms'
  !!str 'Bandwidth (To Device)':
  - !!float 6523.608
  - !!str 'MB/s'
  !!str 'Bandwidth (To Host)':
  - !!float 6616.195
  - !!str 'MB/s'
!!str 'host':
  !!str 'Kernel':
  - !!float 0.029
  - !!str 'ms'
  !!str 'Local':
  - !!float 12.377
  - !!str 'ms'
  !!str 'To Device':
  - !!float 0.035
  - !!str 'ms'
  !!str 'To Host':
  - !!float 0.012
  - !!str 'ms'
  !!str 'Bandwidth (To Device)':
  - !!float 1634106.983
  - !!str 'MB/s'
  !!str 'Bandwidth (To Host)':
  - !!float 4891983.732
  - !!str 'MB/s'
!!str 'elapsed': [!!float 3.19, !!str 's']
---
!!str 'test':
  !!str 'name': !!str 'async-test'
  !!str 'size':
  - !!int 58
  - !!str 'MB'
  !!str 'kiter': !!int 100
!!str 'cuda':
  !!str 'Kernel':
  - !!float 20.962
  - !!str 'ms'
  !!str 'To Device':
  - !!float 8.919
  - !!str 'ms'
  !!str 'To Host':
  - !!float 8.761
  - !!str 'ms'
  !!str 'Bandwidth (To Device)':
  - !!float 6502.776
  - !!str 'MB/s'
  !!str 'Bandwidth (To Host)':
  - !!float 6620.303
  - !!str 'MB/s'
!!str 'host':
  !!str 'Kernel':
  - !!float 0.018
  - !!str 'ms'
  !!str 'Local':
  - !!float 7.989
  - !!str 'ms'
  !!str 'To Device':
  - !!float 0.023
  - !!str 'ms'
  !!str 'To Host':
  - !!float 0.007
  - !!str 'ms'
  !!str 'Bandwidth (To Device)':
  - !!float 2514495.757
  - !!str 'MB/s'
  !!str 'Bandwidth (To Host)':
  - !!float 8848109.707
  - !!str 'MB/s'
!!str 'elapsed': [!!float 3.16, !!str 's']
---
!!str 'test':
  !!str 'name': !!str 'async-test'
  !!str 'size':
  - !!int 58
  - !!str 'MB'
  !!str 'kiter': !!int 100
!!str 'cuda':
  !!str 'Kernel':
  - !!float 20.962
  - !!str 'ms'
  !!str 'To Device':
  - !!float 8.920
  - !!str 'ms'
  !!str 'To Host':
  - !!float 8.766
  - !!str 'ms'
  !!str 'Bandwidth (To Device)':
  - !!float 6501.937
  - !!str 'MB/s'
  !!str 'Bandwidth (To Host)':
  - !!float 6616.097
  - !!str 'MB/s'
!!str 'host':
  !!str 'Kernel':
  - !!float 0.032
  - !!str 'ms'
  !!str 'Local':
  - !!float 12.735
  - !!str 'ms'
  !!str 'To Device':
  - !!float 0.039
  - !!str 'ms'
  !!str 'To Host':
  - !!float 0.013
  - !!str 'ms'
  !!str 'Bandwidth (To Device)':
  - !!float 1493174.037
  - !!str 'MB/s'
  !!str 'Bandwidth (To Host)':
  - !!float 4372030.690
  - !!str 'MB/s'
!!str 'elapsed': [!!float 3.17, !!str 's']
---
!!str 'test':
  !!str 'name': !!str 'async-test'
  !!str 'size':
  - !!int 58
  - !!str 'MB'
  !!str 'kiter': !!int 100
!!str 'cuda':
  !!str 'Kernel':
  - !!float 20.964
  - !!str 'ms'
  !!str 'To Device':
  - !!float 8.933
  - !!str 'ms'
  !!str 'To Host':
  - !!float 8.766
  - !!str 'ms'
  !!str 'Bandwidth (To Device)':
  - !!float 6492.551
  - !!str 'MB/s'
  !!str 'Bandwidth (To Host)':
  - !!float 6616.049
  - !!str 'MB/s'
!!str 'host':
  !!str 'Kernel':
  - !!float 0.029
  - !!str 'ms'
  !!str 'Local':
  - !!float 12.305
  - !!str 'ms'
  !!str 'To Device':
  - !!float 0.036
  - !!str 'ms'
  !!str 'To Host':
  - !!float 0.012
  - !!str 'ms'
  !!str 'Bandwidth (To Device)':
  - !!float 1614726.444
  - !!str 'MB/s'
  !!str 'Bandwidth (To Host)':
  - !!float 4677744.909
  - !!str 'MB/s'
!!str 'elapsed': [!!float 3.17, !!str 's']
---
!!str 'test':
  !!str 'name': !!str 'async-test'
  !!str 'size':
  - !!int 58
  - !!str 'MB'
  !!str 'kiter': !!int 100
!!str 'cuda':
  !!str 'Kernel':
  - !!float 20.960
  - !!str 'ms'
  !!str 'To Device':
  - !!float 8.890
  - !!str 'ms'
  !!str 'To Host':
  - !!float 8.766
  - !!str 'ms'
  !!str 'Bandwidth (To Device)':
  - !!float 6523.890
  - !!str 'MB/s'
  !!str 'Bandwidth (To Host)':
  - !!float 6616.146
  - !!str 'MB/s'
!!str 'host':
  !!str 'Kernel':
  - !!float 0.030
  - !!str 'ms'
  !!str 'Local':
  - !!float 12.948
  - !!str 'ms'
  !!str 'To Device':
  - !!float 0.037
  - !!str 'ms'
  !!str 'To Host':
  - !!float 0.013
  - !!str 'ms'
  !!str 'Bandwidth (To Device)':
  - !!float 1562230.220
  - !!str 'MB/s'
  !!str 'Bandwidth (To Host)':
  - !!float 4433862.788
  - !!str 'MB/s'
!!str 'elapsed': [!!float 3.20, !!str 's']
---
!!str 'test':
  !!str 'name': !!str 'async-test'
  !!str 'size':
  - !!int 58
  - !!str 'MB'
  !!str 'kiter': !!int 100
!!str 'cuda':
  !!str 'Kernel':
  - !!float 20.955
  - !!str 'ms'
  !!str 'To Device':
  - !!float 8.890
  - !!str 'ms'
  !!str 'To Host':
  - !!float 8.760
  - !!str 'ms'
  !!str 'Bandwidth (To Device)':
  - !!float 6523.890
  - !!str 'MB/s'
  !!str 'Bandwidth (To Host)':
  - !!float 6621.149
  - !!str 'MB/s'
!!str 'host':
  !!str 'Kernel':
  - !!float 0.019
  - !!str 'ms'
  !!str 'Local':
  - !!float 7.977
  - !!str 'ms'
  !!str 'To Device':
  - !!float 0.024
  - !!str 'ms'
  !!str 'To Host':
  - !!float 0.007
  - !!str 'ms'
  !!str 'Bandwidth (To Device)':
  - !!float 2465225.449
  - !!str 'MB/s'
  !!str 'Bandwidth (To Host)':
  - !!float 8455949.720
  - !!str 'MB/s'
!!str 'elapsed': [!!float 3.16, !!str 's']
---
!!str 'test':
  !!str 'name': !!str 'async-test'
  !!str 'size':
  - !!int 58
  - !!str 'MB'
  !!str 'kiter': !!int 100
!!str 'cuda':
  !!str 'Kernel':
  - !!float 20.957
  - !!str 'ms'
  !!str 'To Device':
  - !!float 8.995
  - !!str 'ms'
  !!str 'To Host':
  - !!float 8.759
  - !!str 'ms'
  !!str 'Bandwidth (To Device)':
  - !!float 6448.294
  - !!str 'MB/s'
  !!str 'Bandwidth (To Host)':
  - !!float 6621.488
  - !!str 'MB/s'
!!str 'host':
  !!str 'Kernel':
  - !!float 0.019
  - !!str 'ms'
  !!str 'Local':
  - !!float 7.972
  - !!str 'ms'
  !!str 'To Device':
  - !!float 0.024
  - !!str 'ms'
  !!str 'To Host':
  - !!float 0.007
  - !!str 'ms'
  !!str 'Bandwidth (To Device)':
  - !!float 2459580.134
  - !!str 'MB/s'
  !!str 'Bandwidth (To Host)':
  - !!float 8826565.079
  - !!str 'MB/s'
!!str 'elapsed': [!!float 3.15, !!str 's']
