---
!!str 'test':
  !!str 'name': !!str 'async-test'
  !!str 'size':
  - !!int 38
  - !!str 'MB'
  !!str 'kiter': !!int 100
!!str 'cuda':
  !!str 'Kernel':
  - !!float 13.740
  - !!str 'ms'
  !!str 'To Device':
  - !!float 5.859
  - !!str 'ms'
  !!str 'To Host':
  - !!float 5.749
  - !!str 'ms'
  !!str 'Bandwidth (To Device)':
  - !!float 6485.674
  - !!str 'MB/s'
  !!str 'Bandwidth (To Host)':
  - !!float 6609.898
  - !!str 'MB/s'
!!str 'host':
  !!str 'Kernel':
  - !!float 0.020
  - !!str 'ms'
  !!str 'Local':
  - !!float 5.787
  - !!str 'ms'
  !!str 'To Device':
  - !!float 0.025
  - !!str 'ms'
  !!str 'To Host':
  - !!float 0.008
  - !!str 'ms'
  !!str 'Bandwidth (To Device)':
  - !!float 1492873.997
  - !!str 'MB/s'
  !!str 'Bandwidth (To Host)':
  - !!float 4984209.695
  - !!str 'MB/s'
!!str 'elapsed': [!!float 3.13, !!str 's']
---
!!str 'test':
  !!str 'name': !!str 'async-test'
  !!str 'size':
  - !!int 38
  - !!str 'MB'
  !!str 'kiter': !!int 100
!!str 'cuda':
  !!str 'Kernel':
  - !!float 13.740
  - !!str 'ms'
  !!str 'To Device':
  - !!float 5.919
  - !!str 'ms'
  !!str 'To Host':
  - !!float 5.743
  - !!str 'ms'
  !!str 'Bandwidth (To Device)':
  - !!float 6419.617
  - !!str 'MB/s'
  !!str 'Bandwidth (To Host)':
  - !!float 6616.969
  - !!str 'MB/s'
!!str 'host':
  !!str 'Kernel':
  - !!float 0.018
  - !!str 'ms'
  !!str 'Local':
  - !!float 5.233
  - !!str 'ms'
  !!str 'To Device':
  - !!float 0.023
  - !!str 'ms'
  !!str 'To Host':
  - !!float 0.007
  - !!str 'ms'
  !!str 'Bandwidth (To Device)':
  - !!float 1683260.895
  - !!str 'MB/s'
  !!str 'Bandwidth (To Host)':
  - !!float 5618751.252
  - !!str 'MB/s'
!!str 'elapsed': [!!float 3.14, !!str 's']
---
!!str 'test':
  !!str 'name': !!str 'async-test'
  !!str 'size':
  - !!int 38
  - !!str 'MB'
  !!str 'kiter': !!int 100
!!str 'cuda':
  !!str 'Kernel':
  - !!float 13.737
  - !!str 'ms'
  !!str 'To Device':
  - !!float 5.837
  - !!str 'ms'
  !!str 'To Host':
  - !!float 5.742
  - !!str 'ms'
  !!str 'Bandwidth (To Device)':
  - !!float 6510.351
  - !!str 'MB/s'
  !!str 'Bandwidth (To Host)':
  - !!float 6618.371
  - !!str 'MB/s'
!!str 'host':
  !!str 'Kernel':
  - !!float 0.028
  - !!str 'ms'
  !!str 'Local':
  - !!float 8.449
  - !!str 'ms'
  !!str 'To Device':
  - !!float 0.035
  - !!str 'ms'
  !!str 'To Host':
  - !!float 0.012
  - !!str 'ms'
  !!str 'Bandwidth (To Device)':
  - !!float 1083042.088
  - !!str 'MB/s'
  !!str 'Bandwidth (To Host)':
  - !!float 3230435.664
  - !!str 'MB/s'
!!str 'elapsed': [!!float 3.15, !!str 's']
---
!!str 'test':
  !!str 'name': !!str 'async-test'
  !!str 'size':
  - !!int 38
  - !!str 'MB'
  !!str 'kiter': !!int 100
!!str 'cuda':
  !!str 'Kernel':
  - !!float 13.738
  - !!str 'ms'
  !!str 'To Device':
  - !!float 5.823
  - !!str 'ms'
  !!str 'To Host':
  - !!float 5.748
  - !!str 'ms'
  !!str 'Bandwidth (To Device)':
  - !!float 6525.950
  - !!str 'MB/s'
  !!str 'Bandwidth (To Host)':
  - !!float 6610.781
  - !!str 'MB/s'
!!str 'host':
  !!str 'Kernel':
  - !!float 0.021
  - !!str 'ms'
  !!str 'Local':
  - !!float 5.850
  - !!str 'ms'
  !!str 'To Device':
  - !!float 0.026
  - !!str 'ms'
  !!str 'To Host':
  - !!float 0.008
  - !!str 'ms'
  !!str 'Bandwidth (To Device)':
  - !!float 1437582.367
  - !!str 'MB/s'
  !!str 'Bandwidth (To Host)':
  - !!float 4841948.868
  - !!str 'MB/s'
!!str 'elapsed': [!!float 3.14, !!str 's']
---
!!str 'test':
  !!str 'name': !!str 'async-test'
  !!str 'size':
  - !!int 38
  - !!str 'MB'
  !!str 'kiter': !!int 100
!!str 'cuda':
  !!str 'Kernel':
  - !!float 13.744
  - !!str 'ms'
  !!str 'To Device':
  - !!float 5.851
  - !!str 'ms'
  !!str 'To Host':
  - !!float 5.756
  - !!str 'ms'
  !!str 'Bandwidth (To Device)':
  - !!float 6494.328
  - !!str 'MB/s'
  !!str 'Bandwidth (To Host)':
  - !!float 6602.180
  - !!str 'MB/s'
!!str 'host':
  !!str 'Kernel':
  - !!float 0.022
  - !!str 'ms'
  !!str 'Local':
  - !!float 6.325
  - !!str 'ms'
  !!str 'To Device':
  - !!float 0.026
  - !!str 'ms'
  !!str 'To Host':
  - !!float 0.009
  - !!str 'ms'
  !!str 'Bandwidth (To Device)':
  - !!float 1444083.557
  - !!str 'MB/s'
  !!str 'Bandwidth (To Host)':
  - !!float 4327481.462
  - !!str 'MB/s'
!!str 'elapsed': [!!float 3.15, !!str 's']
---
!!str 'test':
  !!str 'name': !!str 'async-test'
  !!str 'size':
  - !!int 38
  - !!str 'MB'
  !!str 'kiter': !!int 100
!!str 'cuda':
  !!str 'Kernel':
  - !!float 13.738
  - !!str 'ms'
  !!str 'To Device':
  - !!float 5.858
  - !!str 'ms'
  !!str 'To Host':
  - !!float 5.749
  - !!str 'ms'
  !!str 'Bandwidth (To Device)':
  - !!float 6487.233
  - !!str 'MB/s'
  !!str 'Bandwidth (To Host)':
  - !!float 6609.714
  - !!str 'MB/s'
!!str 'host':
  !!str 'Kernel':
  - !!float 0.025
  - !!str 'ms'
  !!str 'Local':
  - !!float 7.460
  - !!str 'ms'
  !!str 'To Device':
  - !!float 0.030
  - !!str 'ms'
  !!str 'To Host':
  - !!float 0.010
  - !!str 'ms'
  !!str 'Bandwidth (To Device)':
  - !!float 1263369.064
  - !!str 'MB/s'
  !!str 'Bandwidth (To Host)':
  - !!float 3716707.230
  - !!str 'MB/s'
!!str 'elapsed': [!!float 3.15, !!str 's']
---
!!str 'test':
  !!str 'name': !!str 'async-test'
  !!str 'size':
  - !!int 38
  - !!str 'MB'
  !!str 'kiter': !!int 100
!!str 'cuda':
  !!str 'Kernel':
  - !!float 13.741
  - !!str 'ms'
  !!str 'To Device':
  - !!float 5.844
  - !!str 'ms'
  !!str 'To Host':
  - !!float 5.762
  - !!str 'ms'
  !!str 'Bandwidth (To Device)':
  - !!float 6502.223
  - !!str 'MB/s'
  !!str 'Bandwidth (To Host)':
  - !!float 6595.140
  - !!str 'MB/s'
!!str 'host':
  !!str 'Kernel':
  - !!float 0.026
  - !!str 'ms'
  !!str 'Local':
  - !!float 7.290
  - !!str 'ms'
  !!str 'To Device':
  - !!float 0.031
  - !!str 'ms'
  !!str 'To Host':
  - !!float 0.011
  - !!str 'ms'
  !!str 'Bandwidth (To Device)':
  - !!float 1244950.192
  - !!str 'MB/s'
  !!str 'Bandwidth (To Host)':
  - !!float 3600152.981
  - !!str 'MB/s'
!!str 'elapsed': [!!float 3.12, !!str 's']
---
!!str 'test':
  !!str 'name': !!str 'async-test'
  !!str 'size':
  - !!int 38
  - !!str 'MB'
  !!str 'kiter': !!int 100
!!str 'cuda':
  !!str 'Kernel':
  - !!float 13.733
  - !!str 'ms'
  !!str 'To Device':
  - !!float 5.874
  - !!str 'ms'
  !!str 'To Host':
  - !!float 5.740
  - !!str 'ms'
  !!str 'Bandwidth (To Device)':
  - !!float 6469.244
  - !!str 'MB/s'
  !!str 'Bandwidth (To Host)':
  - !!float 6620.622
  - !!str 'MB/s'
!!str 'host':
  !!str 'Kernel':
  - !!float 0.033
  - !!str 'ms'
  !!str 'Local':
  - !!float 9.778
  - !!str 'ms'
  !!str 'To Device':
  - !!float 0.040
  - !!str 'ms'
  !!str 'To Host':
  - !!float 0.037
  - !!str 'ms'
  !!str 'Bandwidth (To Device)':
  - !!float 938888.017
  - !!str 'MB/s'
  !!str 'Bandwidth (To Host)':
  - !!float 1017992.250
  - !!str 'MB/s'
!!str 'elapsed': [!!float 3.15, !!str 's']
---
!!str 'test':
  !!str 'name': !!str 'async-test'
  !!str 'size':
  - !!int 38
  - !!str 'MB'
  !!str 'kiter': !!int 100
!!str 'cuda':
  !!str 'Kernel':
  - !!float 13.742
  - !!str 'ms'
  !!str 'To Device':
  - !!float 5.827
  - !!str 'ms'
  !!str 'To Host':
  - !!float 5.749
  - !!str 'ms'
  !!str 'Bandwidth (To Device)':
  - !!float 6521.721
  - !!str 'MB/s'
  !!str 'Bandwidth (To Host)':
  - !!float 6609.934
  - !!str 'MB/s'
!!str 'host':
  !!str 'Kernel':
  - !!float 0.019
  - !!str 'ms'
  !!str 'Local':
  - !!float 5.228
  - !!str 'ms'
  !!str 'To Device':
  - !!float 0.024
  - !!str 'ms'
  !!str 'To Host':
  - !!float 0.007
  - !!str 'ms'
  !!str 'Bandwidth (To Device)':
  - !!float 1554748.771
  - !!str 'MB/s'
  !!str 'Bandwidth (To Host)':
  - !!float 5504797.148
  - !!str 'MB/s'
!!str 'elapsed': [!!float 3.14, !!str 's']
---
!!str 'test':
  !!str 'name': !!str 'async-test'
  !!str 'size':
  - !!int 38
  - !!str 'MB'
  !!str 'kiter': !!int 100
!!str 'cuda':
  !!str 'Kernel':
  - !!float 13.737
  - !!str 'ms'
  !!str 'To Device':
  - !!float 5.823
  - !!str 'ms'
  !!str 'To Host':
  - !!float 5.749
  - !!str 'ms'
  !!str 'Bandwidth (To Device)':
  - !!float 6525.986
  - !!str 'MB/s'
  !!str 'Bandwidth (To Host)':
  - !!float 6609.824
  - !!str 'MB/s'
!!str 'host':
  !!str 'Kernel':
  - !!float 0.019
  - !!str 'ms'
  !!str 'Local':
  - !!float 5.338
  - !!str 'ms'
  !!str 'To Device':
  - !!float 0.024
  - !!str 'ms'
  !!str 'To Host':
  - !!float 0.007
  - !!str 'ms'
  !!str 'Bandwidth (To Device)':
  - !!float 1588612.655
  - !!str 'MB/s'
  !!str 'Bandwidth (To Host)':
  - !!float 5182707.954
  - !!str 'MB/s'
!!str 'elapsed': [!!float 3.14, !!str 's']
