---
!!str 'test':
  !!str 'name': !!str 'async-test'
  !!str 'size':
  - !!int 57
  - !!str 'MB'
  !!str 'kiter': !!int 100
!!str 'cuda':
  !!str 'Kernel':
  - !!float 20.605
  - !!str 'ms'
  !!str 'To Device':
  - !!float 8.738
  - !!str 'ms'
  !!str 'To Host':
  - !!float 8.615
  - !!str 'ms'
  !!str 'Bandwidth (To Device)':
  - !!float 6523.499
  - !!str 'MB/s'
  !!str 'Bandwidth (To Host)':
  - !!float 6616.353
  - !!str 'MB/s'
!!str 'host':
  !!str 'Kernel':
  - !!float 0.022
  - !!str 'ms'
  !!str 'Local':
  - !!float 9.268
  - !!str 'ms'
  !!str 'To Device':
  - !!float 0.028
  - !!str 'ms'
  !!str 'To Host':
  - !!float 0.009
  - !!str 'ms'
  !!str 'Bandwidth (To Device)':
  - !!float 2059990.428
  - !!str 'MB/s'
  !!str 'Bandwidth (To Host)':
  - !!float 6380827.846
  - !!str 'MB/s'
!!str 'elapsed': [!!float 3.17, !!str 's']
---
!!str 'test':
  !!str 'name': !!str 'async-test'
  !!str 'size':
  - !!int 57
  - !!str 'MB'
  !!str 'kiter': !!int 100
!!str 'cuda':
  !!str 'Kernel':
  - !!float 20.595
  - !!str 'ms'
  !!str 'To Device':
  - !!float 8.767
  - !!str 'ms'
  !!str 'To Host':
  - !!float 8.615
  - !!str 'ms'
  !!str 'Bandwidth (To Device)':
  - !!float 6501.403
  - !!str 'MB/s'
  !!str 'Bandwidth (To Host)':
  - !!float 6616.181
  - !!str 'MB/s'
!!str 'host':
  !!str 'Kernel':
  - !!float 0.033
  - !!str 'ms'
  !!str 'Local':
  - !!float 12.556
  - !!str 'ms'
  !!str 'To Device':
  - !!float 0.039
  - !!str 'ms'
  !!str 'To Host':
  - !!float 0.014
  - !!str 'ms'
  !!str 'Bandwidth (To Device)':
  - !!float 1461649.233
  - !!str 'MB/s'
  !!str 'Bandwidth (To Host)':
  - !!float 4071133.144
  - !!str 'MB/s'
!!str 'elapsed': [!!float 3.17, !!str 's']
---
!!str 'test':
  !!str 'name': !!str 'async-test'
  !!str 'size':
  - !!int 57
  - !!str 'MB'
  !!str 'kiter': !!int 100
!!str 'cuda':
  !!str 'Kernel':
  - !!float 20.600
  - !!str 'ms'
  !!str 'To Device':
  - !!float 8.842
  - !!str 'ms'
  !!str 'To Host':
  - !!float 8.610
  - !!str 'ms'
  !!str 'Bandwidth (To Device)':
  - !!float 6446.300
  - !!str 'MB/s'
  !!str 'Bandwidth (To Host)':
  - !!float 6620.411
  - !!str 'MB/s'
!!str 'host':
  !!str 'Kernel':
  - !!float 0.019
  - !!str 'ms'
  !!str 'Local':
  - !!float 7.844
  - !!str 'ms'
  !!str 'To Device':
  - !!float 0.023
  - !!str 'ms'
  !!str 'To Host':
  - !!float 0.007
  - !!str 'ms'
  !!str 'Bandwidth (To Device)':
  - !!float 2531417.824
  - !!str 'MB/s'
  !!str 'Bandwidth (To Host)':
  - !!float 7994380.806
  - !!str 'MB/s'
!!str 'elapsed': [!!float 3.15, !!str 's']
---
!!str 'test':
  !!str 'name': !!str 'async-test'
  !!str 'size':
  - !!int 57
  - !!str 'MB'
  !!str 'kiter': !!int 100
!!str 'cuda':
  !!str 'Kernel':
  - !!float 20.602
  - !!str 'ms'
  !!str 'To Device':
  - !!float 8.767
  - !!str 'ms'
  !!str 'To Host':
  - !!float 8.615
  - !!str 'ms'
  !!str 'Bandwidth (To Device)':
  - !!float 6501.593
  - !!str 'MB/s'
  !!str 'Bandwidth (To Host)':
  - !!float 6616.329
  - !!str 'MB/s'
!!str 'host':
  !!str 'Kernel':
  - !!float 0.030
  - !!str 'ms'
  !!str 'Local':
  - !!float 12.639
  - !!str 'ms'
  !!str 'To Device':
  - !!float 0.038
  - !!str 'ms'
  !!str 'To Host':
  - !!float 0.013
  - !!str 'ms'
  !!str 'Bandwidth (To Device)':
  - !!float 1484759.967
  - !!str 'MB/s'
  !!str 'Bandwidth (To Host)':
  - !!float 4521292.548
  - !!str 'MB/s'
!!str 'elapsed': [!!float 3.18, !!str 's']
---
!!str 'test':
  !!str 'name': !!str 'async-test'
  !!str 'size':
  - !!int 57
  - !!str 'MB'
  !!str 'kiter': !!int 100
!!str 'cuda':
  !!str 'Kernel':
  - !!float 20.605
  - !!str 'ms'
  !!str 'To Device':
  - !!float 8.737
  - !!str 'ms'
  !!str 'To Host':
  - !!float 8.628
  - !!str 'ms'
  !!str 'Bandwidth (To Device)':
  - !!float 6523.762
  - !!str 'MB/s'
  !!str 'Bandwidth (To Host)':
  - !!float 6606.145
  - !!str 'MB/s'
!!str 'host':
  !!str 'Kernel':
  - !!float 0.032
  - !!str 'ms'
  !!str 'Local':
  - !!float 13.102
  - !!str 'ms'
  !!str 'To Device':
  - !!float 0.039
  - !!str 'ms'
  !!str 'To Host':
  - !!float 0.014
  - !!str 'ms'
  !!str 'Bandwidth (To Device)':
  - !!float 1461199.599
  - !!str 'MB/s'
  !!str 'Bandwidth (To Host)':
  - !!float 4196417.224
  - !!str 'MB/s'
!!str 'elapsed': [!!float 3.19, !!str 's']
---
!!str 'test':
  !!str 'name': !!str 'async-test'
  !!str 'size':
  - !!int 57
  - !!str 'MB'
  !!str 'kiter': !!int 100
!!str 'cuda':
  !!str 'Kernel':
  - !!float 20.605
  - !!str 'ms'
  !!str 'To Device':
  - !!float 8.766
  - !!str 'ms'
  !!str 'To Host':
  - !!float 8.615
  - !!str 'ms'
  !!str 'Bandwidth (To Device)':
  - !!float 6502.709
  - !!str 'MB/s'
  !!str 'Bandwidth (To Host)':
  - !!float 6616.550
  - !!str 'MB/s'
!!str 'host':
  !!str 'Kernel':
  - !!float 0.033
  - !!str 'ms'
  !!str 'Local':
  - !!float 12.554
  - !!str 'ms'
  !!str 'To Device':
  - !!float 0.039
  - !!str 'ms'
  !!str 'To Host':
  - !!float 0.014
  - !!str 'ms'
  !!str 'Bandwidth (To Device)':
  - !!float 1466802.243
  - !!str 'MB/s'
  !!str 'Bandwidth (To Host)':
  - !!float 4102190.367
  - !!str 'MB/s'
!!str 'elapsed': [!!float 3.17, !!str 's']
---
!!str 'test':
  !!str 'name': !!str 'async-test'
  !!str 'size':
  - !!int 57
  - !!str 'MB'
  !!str 'kiter': !!int 100
!!str 'cuda':
  !!str 'Kernel':
  - !!float 20.597
  - !!str 'ms'
  !!str 'To Device':
  - !!float 8.767
  - !!str 'ms'
  !!str 'To Host':
  - !!float 8.616
  - !!str 'ms'
  !!str 'Bandwidth (To Device)':
  - !!float 6501.380
  - !!str 'MB/s'
  !!str 'Bandwidth (To Host)':
  - !!float 6615.321
  - !!str 'MB/s'
!!str 'host':
  !!str 'Kernel':
  - !!float 0.030
  - !!str 'ms'
  !!str 'Local':
  - !!float 12.605
  - !!str 'ms'
  !!str 'To Device':
  - !!float 0.037
  - !!str 'ms'
  !!str 'To Host':
  - !!float 0.013
  - !!str 'ms'
  !!str 'Bandwidth (To Device)':
  - !!float 1548196.082
  - !!str 'MB/s'
  !!str 'Bandwidth (To Host)':
  - !!float 4392043.084
  - !!str 'MB/s'
!!str 'elapsed': [!!float 3.18, !!str 's']
---
!!str 'test':
  !!str 'name': !!str 'async-test'
  !!str 'size':
  - !!int 57
  - !!str 'MB'
  !!str 'kiter': !!int 100
!!str 'cuda':
  !!str 'Kernel':
  - !!float 20.596
  - !!str 'ms'
  !!str 'To Device':
  - !!float 8.738
  - !!str 'ms'
  !!str 'To Host':
  - !!float 8.616
  - !!str 'ms'
  !!str 'Bandwidth (To Device)':
  - !!float 6522.974
  - !!str 'MB/s'
  !!str 'Bandwidth (To Host)':
  - !!float 6615.640
  - !!str 'MB/s'
!!str 'host':
  !!str 'Kernel':
  - !!float 0.025
  - !!str 'ms'
  !!str 'Local':
  - !!float 10.564
  - !!str 'ms'
  !!str 'To Device':
  - !!float 0.032
  - !!str 'ms'
  !!str 'To Host':
  - !!float 0.010
  - !!str 'ms'
  !!str 'Bandwidth (To Device)':
  - !!float 1794086.908
  - !!str 'MB/s'
  !!str 'Bandwidth (To Host)':
  - !!float 5513632.729
  - !!str 'MB/s'
!!str 'elapsed': [!!float 3.14, !!str 's']
---
!!str 'test':
  !!str 'name': !!str 'async-test'
  !!str 'size':
  - !!int 57
  - !!str 'MB'
  !!str 'kiter': !!int 100
!!str 'cuda':
  !!str 'Kernel':
  - !!float 20.597
  - !!str 'ms'
  !!str 'To Device':
  - !!float 8.884
  - !!str 'ms'
  !!str 'To Host':
  - !!float 8.622
  - !!str 'ms'
  !!str 'Bandwidth (To Device)':
  - !!float 6416.252
  - !!str 'MB/s'
  !!str 'Bandwidth (To Host)':
  - !!float 6611.343
  - !!str 'MB/s'
!!str 'host':
  !!str 'Kernel':
  - !!float 0.018
  - !!str 'ms'
  !!str 'Local':
  - !!float 7.836
  - !!str 'ms'
  !!str 'To Device':
  - !!float 0.023
  - !!str 'ms'
  !!str 'To Host':
  - !!float 0.007
  - !!str 'ms'
  !!str 'Bandwidth (To Device)':
  - !!float 2523237.501
  - !!str 'MB/s'
  !!str 'Bandwidth (To Host)':
  - !!float 8221539.759
  - !!str 'MB/s'
!!str 'elapsed': [!!float 3.16, !!str 's']
---
!!str 'test':
  !!str 'name': !!str 'async-test'
  !!str 'size':
  - !!int 57
  - !!str 'MB'
  !!str 'kiter': !!int 100
!!str 'cuda':
  !!str 'Kernel':
  - !!float 20.598
  - !!str 'ms'
  !!str 'To Device':
  - !!float 8.738
  - !!str 'ms'
  !!str 'To Host':
  - !!float 8.616
  - !!str 'ms'
  !!str 'Bandwidth (To Device)':
  - !!float 6522.902
  - !!str 'MB/s'
  !!str 'Bandwidth (To Host)':
  - !!float 6615.542
  - !!str 'MB/s'
!!str 'host':
  !!str 'Kernel':
  - !!float 0.019
  - !!str 'ms'
  !!str 'Local':
  - !!float 7.827
  - !!str 'ms'
  !!str 'To Device':
  - !!float 0.025
  - !!str 'ms'
  !!str 'To Host':
  - !!float 0.007
  - !!str 'ms'
  !!str 'Bandwidth (To Device)':
  - !!float 2302934.635
  - !!str 'MB/s'
  !!str 'Bandwidth (To Host)':
  - !!float 7891448.865
  - !!str 'MB/s'
!!str 'elapsed': [!!float 3.16, !!str 's']
