---
!!str 'test':
  !!str 'name': !!str 'async-test'
  !!str 'size':
  - !!int 17
  - !!str 'MB'
  !!str 'kiter': !!int 100
!!str 'cuda':
  !!str 'Kernel':
  - !!float 6.155
  - !!str 'ms'
  !!str 'To Device':
  - !!float 2.637
  - !!str 'ms'
  !!str 'To Host':
  - !!float 2.573
  - !!str 'ms'
  !!str 'Bandwidth (To Device)':
  - !!float 6445.426
  - !!str 'MB/s'
  !!str 'Bandwidth (To Host)':
  - !!float 6607.199
  - !!str 'MB/s'
!!str 'host':
  !!str 'Kernel':
  - !!float 0.018
  - !!str 'ms'
  !!str 'Local':
  - !!float 2.348
  - !!str 'ms'
  !!str 'To Device':
  - !!float 0.023
  - !!str 'ms'
  !!str 'To Host':
  - !!float 0.007
  - !!str 'ms'
  !!str 'Bandwidth (To Device)':
  - !!float 744413.382
  - !!str 'MB/s'
  !!str 'Bandwidth (To Host)':
  - !!float 2568276.776
  - !!str 'MB/s'
!!str 'elapsed': [!!float 3.09, !!str 's']
---
!!str 'test':
  !!str 'name': !!str 'async-test'
  !!str 'size':
  - !!int 17
  - !!str 'MB'
  !!str 'kiter': !!int 100
!!str 'cuda':
  !!str 'Kernel':
  - !!float 6.155
  - !!str 'ms'
  !!str 'To Device':
  - !!float 2.608
  - !!str 'ms'
  !!str 'To Host':
  - !!float 2.573
  - !!str 'ms'
  !!str 'Bandwidth (To Device)':
  - !!float 6518.584
  - !!str 'MB/s'
  !!str 'Bandwidth (To Host)':
  - !!float 6607.117
  - !!str 'MB/s'
!!str 'host':
  !!str 'Kernel':
  - !!float 0.028
  - !!str 'ms'
  !!str 'Local':
  - !!float 3.985
  - !!str 'ms'
  !!str 'To Device':
  - !!float 0.035
  - !!str 'ms'
  !!str 'To Host':
  - !!float 0.012
  - !!str 'ms'
  !!str 'Bandwidth (To Device)':
  - !!float 486880.251
  - !!str 'MB/s'
  !!str 'Bandwidth (To Host)':
  - !!float 1426604.899
  - !!str 'MB/s'
!!str 'elapsed': [!!float 3.11, !!str 's']
---
!!str 'test':
  !!str 'name': !!str 'async-test'
  !!str 'size':
  - !!int 17
  - !!str 'MB'
  !!str 'kiter': !!int 100
!!str 'cuda':
  !!str 'Kernel':
  - !!float 6.155
  - !!str 'ms'
  !!str 'To Device':
  - !!float 2.637
  - !!str 'ms'
  !!str 'To Host':
  - !!float 2.573
  - !!str 'ms'
  !!str 'Bandwidth (To Device)':
  - !!float 6446.521
  - !!str 'MB/s'
  !!str 'Bandwidth (To Host)':
  - !!float 6607.117
  - !!str 'MB/s'
!!str 'host':
  !!str 'Kernel':
  - !!float 0.033
  - !!str 'ms'
  !!str 'Local':
  - !!float 4.688
  - !!str 'ms'
  !!str 'To Device':
  - !!float 0.041
  - !!str 'ms'
  !!str 'To Host':
  - !!float 0.014
  - !!str 'ms'
  !!str 'Bandwidth (To Device)':
  - !!float 416530.040
  - !!str 'MB/s'
  !!str 'Bandwidth (To Host)':
  - !!float 1190852.818
  - !!str 'MB/s'
!!str 'elapsed': [!!float 3.14, !!str 's']
---
!!str 'test':
  !!str 'name': !!str 'async-test'
  !!str 'size':
  - !!int 17
  - !!str 'MB'
  !!str 'kiter': !!int 100
!!str 'cuda':
  !!str 'Kernel':
  - !!float 6.158
  - !!str 'ms'
  !!str 'To Device':
  - !!float 2.629
  - !!str 'ms'
  !!str 'To Host':
  - !!float 2.573
  - !!str 'ms'
  !!str 'Bandwidth (To Device)':
  - !!float 6465.036
  - !!str 'MB/s'
  !!str 'Bandwidth (To Host)':
  - !!float 6606.624
  - !!str 'MB/s'
!!str 'host':
  !!str 'Kernel':
  - !!float 0.019
  - !!str 'ms'
  !!str 'Local':
  - !!float 2.508
  - !!str 'ms'
  !!str 'To Device':
  - !!float 0.024
  - !!str 'ms'
  !!str 'To Host':
  - !!float 0.007
  - !!str 'ms'
  !!str 'Bandwidth (To Device)':
  - !!float 708752.303
  - !!str 'MB/s'
  !!str 'Bandwidth (To Host)':
  - !!float 2460475.319
  - !!str 'MB/s'
!!str 'elapsed': [!!float 3.09, !!str 's']
---
!!str 'test':
  !!str 'name': !!str 'async-test'
  !!str 'size':
  - !!int 17
  - !!str 'MB'
  !!str 'kiter': !!int 100
!!str 'cuda':
  !!str 'Kernel':
  - !!float 6.156
  - !!str 'ms'
  !!str 'To Device':
  - !!float 2.630
  - !!str 'ms'
  !!str 'To Host':
  - !!float 2.579
  - !!str 'ms'
  !!str 'Bandwidth (To Device)':
  - !!float 6464.092
  - !!str 'MB/s'
  !!str 'Bandwidth (To Host)':
  - !!float 6591.458
  - !!str 'MB/s'
!!str 'host':
  !!str 'Kernel':
  - !!float 0.055
  - !!str 'ms'
  !!str 'Local':
  - !!float 4.648
  - !!str 'ms'
  !!str 'To Device':
  - !!float 0.040
  - !!str 'ms'
  !!str 'To Host':
  - !!float 0.014
  - !!str 'ms'
  !!str 'Bandwidth (To Device)':
  - !!float 424858.142
  - !!str 'MB/s'
  !!str 'Bandwidth (To Host)':
  - !!float 1178633.015
  - !!str 'MB/s'
!!str 'elapsed': [!!float 3.13, !!str 's']
---
!!str 'test':
  !!str 'name': !!str 'async-test'
  !!str 'size':
  - !!int 17
  - !!str 'MB'
  !!str 'kiter': !!int 100
!!str 'cuda':
  !!str 'Kernel':
  - !!float 6.155
  - !!str 'ms'
  !!str 'To Device':
  - !!float 2.644
  - !!str 'ms'
  !!str 'To Host':
  - !!float 2.599
  - !!str 'ms'
  !!str 'Bandwidth (To Device)':
  - !!float 6428.734
  - !!str 'MB/s'
  !!str 'Bandwidth (To Host)':
  - !!float 6540.897
  - !!str 'MB/s'
!!str 'host':
  !!str 'Kernel':
  - !!float 0.034
  - !!str 'ms'
  !!str 'Local':
  - !!float 4.868
  - !!str 'ms'
  !!str 'To Device':
  - !!float 0.040
  - !!str 'ms'
  !!str 'To Host':
  - !!float 0.015
  - !!str 'ms'
  !!str 'Bandwidth (To Device)':
  - !!float 422220.058
  - !!str 'MB/s'
  !!str 'Bandwidth (To Host)':
  - !!float 1166181.243
  - !!str 'MB/s'
!!str 'elapsed': [!!float 3.14, !!str 's']
---
!!str 'test':
  !!str 'name': !!str 'async-test'
  !!str 'size':
  - !!int 17
  - !!str 'MB'
  !!str 'kiter': !!int 100
!!str 'cuda':
  !!str 'Kernel':
  - !!float 6.156
  - !!str 'ms'
  !!str 'To Device':
  - !!float 2.622
  - !!str 'ms'
  !!str 'To Host':
  - !!float 2.573
  - !!str 'ms'
  !!str 'Bandwidth (To Device)':
  - !!float 6482.471
  - !!str 'MB/s'
  !!str 'Bandwidth (To Host)':
  - !!float 6607.117
  - !!str 'MB/s'
!!str 'host':
  !!str 'Kernel':
  - !!float 0.019
  - !!str 'ms'
  !!str 'Local':
  - !!float 2.424
  - !!str 'ms'
  !!str 'To Device':
  - !!float 0.024
  - !!str 'ms'
  !!str 'To Host':
  - !!float 0.007
  - !!str 'ms'
  !!str 'Bandwidth (To Device)':
  - !!float 720772.694
  - !!str 'MB/s'
  !!str 'Bandwidth (To Host)':
  - !!float 2433355.852
  - !!str 'MB/s'
!!str 'elapsed': [!!float 3.11, !!str 's']
---
!!str 'test':
  !!str 'name': !!str 'async-test'
  !!str 'size':
  - !!int 17
  - !!str 'MB'
  !!str 'kiter': !!int 100
!!str 'cuda':
  !!str 'Kernel':
  - !!float 6.153
  - !!str 'ms'
  !!str 'To Device':
  - !!float 2.623
  - !!str 'ms'
  !!str 'To Host':
  - !!float 2.614
  - !!str 'ms'
  !!str 'Bandwidth (To Device)':
  - !!float 6480.494
  - !!str 'MB/s'
  !!str 'Bandwidth (To Host)':
  - !!float 6502.864
  - !!str 'MB/s'
!!str 'host':
  !!str 'Kernel':
  - !!float 0.034
  - !!str 'ms'
  !!str 'Local':
  - !!float 4.900
  - !!str 'ms'
  !!str 'To Device':
  - !!float 0.042
  - !!str 'ms'
  !!str 'To Host':
  - !!float 0.015
  - !!str 'ms'
  !!str 'Bandwidth (To Device)':
  - !!float 403748.432
  - !!str 'MB/s'
  !!str 'Bandwidth (To Host)':
  - !!float 1160370.238
  - !!str 'MB/s'
!!str 'elapsed': [!!float 3.13, !!str 's']
---
!!str 'test':
  !!str 'name': !!str 'async-test'
  !!str 'size':
  - !!int 17
  - !!str 'MB'
  !!str 'kiter': !!int 100
!!str 'cuda':
  !!str 'Kernel':
  - !!float 6.156
  - !!str 'ms'
  !!str 'To Device':
  - !!float 2.622
  - !!str 'ms'
  !!str 'To Host':
  - !!float 2.573
  - !!str 'ms'
  !!str 'Bandwidth (To Device)':
  - !!float 6482.155
  - !!str 'MB/s'
  !!str 'Bandwidth (To Host)':
  - !!float 6607.363
  - !!str 'MB/s'
!!str 'host':
  !!str 'Kernel':
  - !!float 0.018
  - !!str 'ms'
  !!str 'Local':
  - !!float 2.336
  - !!str 'ms'
  !!str 'To Device':
  - !!float 0.034
  - !!str 'ms'
  !!str 'To Host':
  - !!float 0.007
  - !!str 'ms'
  !!str 'Bandwidth (To Device)':
  - !!float 497233.649
  - !!str 'MB/s'
  !!str 'Bandwidth (To Host)':
  - !!float 2521047.602
  - !!str 'MB/s'
!!str 'elapsed': [!!float 3.13, !!str 's']
---
!!str 'test':
  !!str 'name': !!str 'async-test'
  !!str 'size':
  - !!int 17
  - !!str 'MB'
  !!str 'kiter': !!int 100
!!str 'cuda':
  !!str 'Kernel':
  - !!float 6.156
  - !!str 'ms'
  !!str 'To Device':
  - !!float 2.609
  - !!str 'ms'
  !!str 'To Host':
  - !!float 2.574
  - !!str 'ms'
  !!str 'Bandwidth (To Device)':
  - !!float 6516.905
  - !!str 'MB/s'
  !!str 'Bandwidth (To Host)':
  - !!float 6603.831
  - !!str 'MB/s'
!!str 'host':
  !!str 'Kernel':
  - !!float 0.018
  - !!str 'ms'
  !!str 'Local':
  - !!float 2.354
  - !!str 'ms'
  !!str 'To Device':
  - !!float 0.023
  - !!str 'ms'
  !!str 'To Host':
  - !!float 0.007
  - !!str 'ms'
  !!str 'Bandwidth (To Device)':
  - !!float 752120.342
  - !!str 'MB/s'
  !!str 'Bandwidth (To Host)':
  - !!float 2608073.639
  - !!str 'MB/s'
!!str 'elapsed': [!!float 3.10, !!str 's']
