---
!!str 'test':
  !!str 'name': !!str 'async-test'
  !!str 'size':
  - !!int 55
  - !!str 'MB'
  !!str 'kiter': !!int 100
!!str 'cuda':
  !!str 'Kernel':
  - !!float 19.877
  - !!str 'ms'
  !!str 'To Device':
  - !!float 8.438
  - !!str 'ms'
  !!str 'To Host':
  - !!float 8.304
  - !!str 'ms'
  !!str 'Bandwidth (To Device)':
  - !!float 6517.709
  - !!str 'MB/s'
  !!str 'Bandwidth (To Host)':
  - !!float 6623.453
  - !!str 'MB/s'
!!str 'host':
  !!str 'Kernel':
  - !!float 0.019
  - !!str 'ms'
  !!str 'Local':
  - !!float 7.571
  - !!str 'ms'
  !!str 'To Device':
  - !!float 0.023
  - !!str 'ms'
  !!str 'To Host':
  - !!float 0.007
  - !!str 'ms'
  !!str 'Bandwidth (To Device)':
  - !!float 2400132.607
  - !!str 'MB/s'
  !!str 'Bandwidth (To Host)':
  - !!float 7935224.166
  - !!str 'MB/s'
!!str 'elapsed': [!!float 3.15, !!str 's']
---
!!str 'test':
  !!str 'name': !!str 'async-test'
  !!str 'size':
  - !!int 55
  - !!str 'MB'
  !!str 'kiter': !!int 100
!!str 'cuda':
  !!str 'Kernel':
  - !!float 19.874
  - !!str 'ms'
  !!str 'To Device':
  - !!float 8.433
  - !!str 'ms'
  !!str 'To Host':
  - !!float 8.312
  - !!str 'ms'
  !!str 'Bandwidth (To Device)':
  - !!float 6522.062
  - !!str 'MB/s'
  !!str 'Bandwidth (To Host)':
  - !!float 6616.748
  - !!str 'MB/s'
!!str 'host':
  !!str 'Kernel':
  - !!float 0.032
  - !!str 'ms'
  !!str 'Local':
  - !!float 12.753
  - !!str 'ms'
  !!str 'To Device':
  - !!float 0.038
  - !!str 'ms'
  !!str 'To Host':
  - !!float 0.014
  - !!str 'ms'
  !!str 'Bandwidth (To Device)':
  - !!float 1434994.617
  - !!str 'MB/s'
  !!str 'Bandwidth (To Host)':
  - !!float 3961895.886
  - !!str 'MB/s'
!!str 'elapsed': [!!float 3.15, !!str 's']
---
!!str 'test':
  !!str 'name': !!str 'async-test'
  !!str 'size':
  - !!int 55
  - !!str 'MB'
  !!str 'kiter': !!int 100
!!str 'cuda':
  !!str 'Kernel':
  - !!float 19.875
  - !!str 'ms'
  !!str 'To Device':
  - !!float 8.454
  - !!str 'ms'
  !!str 'To Host':
  - !!float 8.306
  - !!str 'ms'
  !!str 'Bandwidth (To Device)':
  - !!float 6505.867
  - !!str 'MB/s'
  !!str 'Bandwidth (To Host)':
  - !!float 6621.795
  - !!str 'MB/s'
!!str 'host':
  !!str 'Kernel':
  - !!float 0.018
  - !!str 'ms'
  !!str 'Local':
  - !!float 7.570
  - !!str 'ms'
  !!str 'To Device':
  - !!float 0.023
  - !!str 'ms'
  !!str 'To Host':
  - !!float 0.007
  - !!str 'ms'
  !!str 'Bandwidth (To Device)':
  - !!float 2439089.924
  - !!str 'MB/s'
  !!str 'Bandwidth (To Host)':
  - !!float 7989401.321
  - !!str 'MB/s'
!!str 'elapsed': [!!float 3.14, !!str 's']
---
!!str 'test':
  !!str 'name': !!str 'async-test'
  !!str 'size':
  - !!int 55
  - !!str 'MB'
  !!str 'kiter': !!int 100
!!str 'cuda':
  !!str 'Kernel':
  - !!float 19.873
  - !!str 'ms'
  !!str 'To Device':
  - !!float 8.431
  - !!str 'ms'
  !!str 'To Host':
  - !!float 8.312
  - !!str 'ms'
  !!str 'Bandwidth (To Device)':
  - !!float 6523.424
  - !!str 'MB/s'
  !!str 'Bandwidth (To Host)':
  - !!float 6616.748
  - !!str 'MB/s'
!!str 'host':
  !!str 'Kernel':
  - !!float 0.029
  - !!str 'ms'
  !!str 'Local':
  - !!float 11.877
  - !!str 'ms'
  !!str 'To Device':
  - !!float 0.035
  - !!str 'ms'
  !!str 'To Host':
  - !!float 0.012
  - !!str 'ms'
  !!str 'Bandwidth (To Device)':
  - !!float 1550098.326
  - !!str 'MB/s'
  !!str 'Bandwidth (To Host)':
  - !!float 4622156.374
  - !!str 'MB/s'
!!str 'elapsed': [!!float 3.19, !!str 's']
---
!!str 'test':
  !!str 'name': !!str 'async-test'
  !!str 'size':
  - !!int 55
  - !!str 'MB'
  !!str 'kiter': !!int 100
!!str 'cuda':
  !!str 'Kernel':
  - !!float 19.877
  - !!str 'ms'
  !!str 'To Device':
  - !!float 8.460
  - !!str 'ms'
  !!str 'To Host':
  - !!float 8.321
  - !!str 'ms'
  !!str 'Bandwidth (To Device)':
  - !!float 6501.388
  - !!str 'MB/s'
  !!str 'Bandwidth (To Host)':
  - !!float 6609.445
  - !!str 'MB/s'
!!str 'host':
  !!str 'Kernel':
  - !!float 0.032
  - !!str 'ms'
  !!str 'Local':
  - !!float 12.824
  - !!str 'ms'
  !!str 'To Device':
  - !!float 0.039
  - !!str 'ms'
  !!str 'To Host':
  - !!float 0.013
  - !!str 'ms'
  !!str 'Bandwidth (To Device)':
  - !!float 1415385.215
  - !!str 'MB/s'
  !!str 'Bandwidth (To Host)':
  - !!float 4101345.168
  - !!str 'MB/s'
!!str 'elapsed': [!!float 3.18, !!str 's']
---
!!str 'test':
  !!str 'name': !!str 'async-test'
  !!str 'size':
  - !!int 55
  - !!str 'MB'
  !!str 'kiter': !!int 100
!!str 'cuda':
  !!str 'Kernel':
  - !!float 19.879
  - !!str 'ms'
  !!str 'To Device':
  - !!float 8.431
  - !!str 'ms'
  !!str 'To Host':
  - !!float 8.312
  - !!str 'ms'
  !!str 'Bandwidth (To Device)':
  - !!float 6523.399
  - !!str 'MB/s'
  !!str 'Bandwidth (To Host)':
  - !!float 6616.722
  - !!str 'MB/s'
!!str 'host':
  !!str 'Kernel':
  - !!float 0.032
  - !!str 'ms'
  !!str 'Local':
  - !!float 12.815
  - !!str 'ms'
  !!str 'To Device':
  - !!float 0.038
  - !!str 'ms'
  !!str 'To Host':
  - !!float 0.013
  - !!str 'ms'
  !!str 'Bandwidth (To Device)':
  - !!float 1440406.429
  - !!str 'MB/s'
  !!str 'Bandwidth (To Host)':
  - !!float 4094322.839
  - !!str 'MB/s'
!!str 'elapsed': [!!float 3.18, !!str 's']
---
!!str 'test':
  !!str 'name': !!str 'async-test'
  !!str 'size':
  - !!int 55
  - !!str 'MB'
  !!str 'kiter': !!int 100
!!str 'cuda':
  !!str 'Kernel':
  - !!float 19.870
  - !!str 'ms'
  !!str 'To Device':
  - !!float 8.536
  - !!str 'ms'
  !!str 'To Host':
  - !!float 8.305
  - !!str 'ms'
  !!str 'Bandwidth (To Device)':
  - !!float 6442.872
  - !!str 'MB/s'
  !!str 'Bandwidth (To Host)':
  - !!float 6622.152
  - !!str 'MB/s'
!!str 'host':
  !!str 'Kernel':
  - !!float 0.018
  - !!str 'ms'
  !!str 'Local':
  - !!float 7.578
  - !!str 'ms'
  !!str 'To Device':
  - !!float 0.023
  - !!str 'ms'
  !!str 'To Host':
  - !!float 0.007
  - !!str 'ms'
  !!str 'Bandwidth (To Device)':
  - !!float 2349683.372
  - !!str 'MB/s'
  !!str 'Bandwidth (To Host)':
  - !!float 8239556.359
  - !!str 'MB/s'
!!str 'elapsed': [!!float 3.15, !!str 's']
---
!!str 'test':
  !!str 'name': !!str 'async-test'
  !!str 'size':
  - !!int 55
  - !!str 'MB'
  !!str 'kiter': !!int 100
!!str 'cuda':
  !!str 'Kernel':
  - !!float 19.875
  - !!str 'ms'
  !!str 'To Device':
  - !!float 8.446
  - !!str 'ms'
  !!str 'To Host':
  - !!float 8.305
  - !!str 'ms'
  !!str 'Bandwidth (To Device)':
  - !!float 6511.758
  - !!str 'MB/s'
  !!str 'Bandwidth (To Host)':
  - !!float 6622.127
  - !!str 'MB/s'
!!str 'host':
  !!str 'Kernel':
  - !!float 0.020
  - !!str 'ms'
  !!str 'Local':
  - !!float 7.567
  - !!str 'ms'
  !!str 'To Device':
  - !!float 0.023
  - !!str 'ms'
  !!str 'To Host':
  - !!float 0.007
  - !!str 'ms'
  !!str 'Bandwidth (To Device)':
  - !!float 2358955.123
  - !!str 'MB/s'
  !!str 'Bandwidth (To Host)':
  - !!float 7965103.359
  - !!str 'MB/s'
!!str 'elapsed': [!!float 3.15, !!str 's']
---
!!str 'test':
  !!str 'name': !!str 'async-test'
  !!str 'size':
  - !!int 55
  - !!str 'MB'
  !!str 'kiter': !!int 100
!!str 'cuda':
  !!str 'Kernel':
  - !!float 19.877
  - !!str 'ms'
  !!str 'To Device':
  - !!float 8.425
  - !!str 'ms'
  !!str 'To Host':
  - !!float 8.333
  - !!str 'ms'
  !!str 'Bandwidth (To Device)':
  - !!float 6527.909
  - !!str 'MB/s'
  !!str 'Bandwidth (To Host)':
  - !!float 6599.775
  - !!str 'MB/s'
!!str 'host':
  !!str 'Kernel':
  - !!float 0.038
  - !!str 'ms'
  !!str 'Local':
  - !!float 7.556
  - !!str 'ms'
  !!str 'To Device':
  - !!float 0.022
  - !!str 'ms'
  !!str 'To Host':
  - !!float 0.007
  - !!str 'ms'
  !!str 'Bandwidth (To Device)':
  - !!float 2489883.593
  - !!str 'MB/s'
  !!str 'Bandwidth (To Host)':
  - !!float 7766032.010
  - !!str 'MB/s'
!!str 'elapsed': [!!float 3.12, !!str 's']
---
!!str 'test':
  !!str 'name': !!str 'async-test'
  !!str 'size':
  - !!int 55
  - !!str 'MB'
  !!str 'kiter': !!int 100
!!str 'cuda':
  !!str 'Kernel':
  - !!float 19.871
  - !!str 'ms'
  !!str 'To Device':
  - !!float 8.481
  - !!str 'ms'
  !!str 'To Host':
  - !!float 8.313
  - !!str 'ms'
  !!str 'Bandwidth (To Device)':
  - !!float 6485.296
  - !!str 'MB/s'
  !!str 'Bandwidth (To Host)':
  - !!float 6615.831
  - !!str 'MB/s'
!!str 'host':
  !!str 'Kernel':
  - !!float 0.031
  - !!str 'ms'
  !!str 'Local':
  - !!float 12.829
  - !!str 'ms'
  !!str 'To Device':
  - !!float 0.039
  - !!str 'ms'
  !!str 'To Host':
  - !!float 0.014
  - !!str 'ms'
  !!str 'Bandwidth (To Device)':
  - !!float 1402070.989
  - !!str 'MB/s'
  !!str 'Bandwidth (To Host)':
  - !!float 4004589.974
  - !!str 'MB/s'
!!str 'elapsed': [!!float 3.18, !!str 's']
