---
!!str 'test':
  !!str 'name': !!str 'async-test'
  !!str 'size':
  - !!int 87
  - !!str 'MB'
  !!str 'kiter': !!int 100
!!str 'cuda':
  !!str 'Kernel':
  - !!float 31.434
  - !!str 'ms'
  !!str 'To Device':
  - !!float 13.434
  - !!str 'ms'
  !!str 'To Host':
  - !!float 13.141
  - !!str 'ms'
  !!str 'Bandwidth (To Device)':
  - !!float 6475.887
  - !!str 'MB/s'
  !!str 'Bandwidth (To Host)':
  - !!float 6620.561
  - !!str 'MB/s'
!!str 'host':
  !!str 'Kernel':
  - !!float 0.019
  - !!str 'ms'
  !!str 'Local':
  - !!float 11.961
  - !!str 'ms'
  !!str 'To Device':
  - !!float 0.023
  - !!str 'ms'
  !!str 'To Host':
  - !!float 0.007
  - !!str 'ms'
  !!str 'Bandwidth (To Device)':
  - !!float 3740767.885
  - !!str 'MB/s'
  !!str 'Bandwidth (To Host)':
  - !!float 13274189.609
  - !!str 'MB/s'
!!str 'elapsed': [!!float 3.17, !!str 's']
---
!!str 'test':
  !!str 'name': !!str 'async-test'
  !!str 'size':
  - !!int 87
  - !!str 'MB'
  !!str 'kiter': !!int 100
!!str 'cuda':
  !!str 'Kernel':
  - !!float 31.425
  - !!str 'ms'
  !!str 'To Device':
  - !!float 13.364
  - !!str 'ms'
  !!str 'To Host':
  - !!float 13.138
  - !!str 'ms'
  !!str 'Bandwidth (To Device)':
  - !!float 6509.940
  - !!str 'MB/s'
  !!str 'Bandwidth (To Host)':
  - !!float 6621.802
  - !!str 'MB/s'
!!str 'host':
  !!str 'Kernel':
  - !!float 0.030
  - !!str 'ms'
  !!str 'Local':
  - !!float 16.859
  - !!str 'ms'
  !!str 'To Device':
  - !!float 0.037
  - !!str 'ms'
  !!str 'To Host':
  - !!float 0.013
  - !!str 'ms'
  !!str 'Bandwidth (To Device)':
  - !!float 2353679.049
  - !!str 'MB/s'
  !!str 'Bandwidth (To Host)':
  - !!float 6781435.708
  - !!str 'MB/s'
!!str 'elapsed': [!!float 3.21, !!str 's']
---
!!str 'test':
  !!str 'name': !!str 'async-test'
  !!str 'size':
  - !!int 87
  - !!str 'MB'
  !!str 'kiter': !!int 100
!!str 'cuda':
  !!str 'Kernel':
  - !!float 31.451
  - !!str 'ms'
  !!str 'To Device':
  - !!float 13.407
  - !!str 'ms'
  !!str 'To Host':
  - !!float 13.146
  - !!str 'ms'
  !!str 'Bandwidth (To Device)':
  - !!float 6489.134
  - !!str 'MB/s'
  !!str 'Bandwidth (To Host)':
  - !!float 6618.031
  - !!str 'MB/s'
!!str 'host':
  !!str 'Kernel':
  - !!float 0.029
  - !!str 'ms'
  !!str 'Local':
  - !!float 17.345
  - !!str 'ms'
  !!str 'To Device':
  - !!float 0.036
  - !!str 'ms'
  !!str 'To Host':
  - !!float 0.012
  - !!str 'ms'
  !!str 'Bandwidth (To Device)':
  - !!float 2420068.394
  - !!str 'MB/s'
  !!str 'Bandwidth (To Host)':
  - !!float 7265662.159
  - !!str 'MB/s'
!!str 'elapsed': [!!float 3.19, !!str 's']
---
!!str 'test':
  !!str 'name': !!str 'async-test'
  !!str 'size':
  - !!int 87
  - !!str 'MB'
  !!str 'kiter': !!int 100
!!str 'cuda':
  !!str 'Kernel':
  - !!float 31.435
  - !!str 'ms'
  !!str 'To Device':
  - !!float 13.351
  - !!str 'ms'
  !!str 'To Host':
  - !!float 13.139
  - !!str 'ms'
  !!str 'Bandwidth (To Device)':
  - !!float 6516.212
  - !!str 'MB/s'
  !!str 'Bandwidth (To Host)':
  - !!float 6621.189
  - !!str 'MB/s'
!!str 'host':
  !!str 'Kernel':
  - !!float 0.031
  - !!str 'ms'
  !!str 'Local':
  - !!float 17.399
  - !!str 'ms'
  !!str 'To Device':
  - !!float 0.039
  - !!str 'ms'
  !!str 'To Host':
  - !!float 0.013
  - !!str 'ms'
  !!str 'Bandwidth (To Device)':
  - !!float 2232805.633
  - !!str 'MB/s'
  !!str 'Bandwidth (To Host)':
  - !!float 6541281.105
  - !!str 'MB/s'
!!str 'elapsed': [!!float 3.20, !!str 's']
---
!!str 'test':
  !!str 'name': !!str 'async-test'
  !!str 'size':
  - !!int 87
  - !!str 'MB'
  !!str 'kiter': !!int 100
!!str 'cuda':
  !!str 'Kernel':
  - !!float 31.438
  - !!str 'ms'
  !!str 'To Device':
  - !!float 13.419
  - !!str 'ms'
  !!str 'To Host':
  - !!float 13.131
  - !!str 'ms'
  !!str 'Bandwidth (To Device)':
  - !!float 6483.115
  - !!str 'MB/s'
  !!str 'Bandwidth (To Host)':
  - !!float 6625.369
  - !!str 'MB/s'
!!str 'host':
  !!str 'Kernel':
  - !!float 0.018
  - !!str 'ms'
  !!str 'Local':
  - !!float 11.954
  - !!str 'ms'
  !!str 'To Device':
  - !!float 0.022
  - !!str 'ms'
  !!str 'To Host':
  - !!float 0.007
  - !!str 'ms'
  !!str 'Bandwidth (To Device)':
  - !!float 3901827.093
  - !!str 'MB/s'
  !!str 'Bandwidth (To Host)':
  - !!float 12835502.906
  - !!str 'MB/s'
!!str 'elapsed': [!!float 3.17, !!str 's']
---
!!str 'test':
  !!str 'name': !!str 'async-test'
  !!str 'size':
  - !!int 87
  - !!str 'MB'
  !!str 'kiter': !!int 100
!!str 'cuda':
  !!str 'Kernel':
  - !!float 31.428
  - !!str 'ms'
  !!str 'To Device':
  - !!float 13.344
  - !!str 'ms'
  !!str 'To Host':
  - !!float 13.141
  - !!str 'ms'
  !!str 'Bandwidth (To Device)':
  - !!float 6519.900
  - !!str 'MB/s'
  !!str 'Bandwidth (To Host)':
  - !!float 6620.544
  - !!str 'MB/s'
!!str 'host':
  !!str 'Kernel':
  - !!float 0.018
  - !!str 'ms'
  !!str 'Local':
  - !!float 11.957
  - !!str 'ms'
  !!str 'To Device':
  - !!float 0.023
  - !!str 'ms'
  !!str 'To Host':
  - !!float 0.007
  - !!str 'ms'
  !!str 'Bandwidth (To Device)':
  - !!float 3760982.133
  - !!str 'MB/s'
  !!str 'Bandwidth (To Host)':
  - !!float 12726600.160
  - !!str 'MB/s'
!!str 'elapsed': [!!float 3.19, !!str 's']
---
!!str 'test':
  !!str 'name': !!str 'async-test'
  !!str 'size':
  - !!int 87
  - !!str 'MB'
  !!str 'kiter': !!int 100
!!str 'cuda':
  !!str 'Kernel':
  - !!float 31.430
  - !!str 'ms'
  !!str 'To Device':
  - !!float 13.356
  - !!str 'ms'
  !!str 'To Host':
  - !!float 13.138
  - !!str 'ms'
  !!str 'Bandwidth (To Device)':
  - !!float 6513.886
  - !!str 'MB/s'
  !!str 'Bandwidth (To Host)':
  - !!float 6621.705
  - !!str 'MB/s'
!!str 'host':
  !!str 'Kernel':
  - !!float 0.029
  - !!str 'ms'
  !!str 'Local':
  - !!float 17.339
  - !!str 'ms'
  !!str 'To Device':
  - !!float 0.057
  - !!str 'ms'
  !!str 'To Host':
  - !!float 0.013
  - !!str 'ms'
  !!str 'Bandwidth (To Device)':
  - !!float 1533049.722
  - !!str 'MB/s'
  !!str 'Bandwidth (To Host)':
  - !!float 6920614.008
  - !!str 'MB/s'
!!str 'elapsed': [!!float 3.21, !!str 's']
---
!!str 'test':
  !!str 'name': !!str 'async-test'
  !!str 'size':
  - !!int 87
  - !!str 'MB'
  !!str 'kiter': !!int 100
!!str 'cuda':
  !!str 'Kernel':
  - !!float 31.428
  - !!str 'ms'
  !!str 'To Device':
  - !!float 13.337
  - !!str 'ms'
  !!str 'To Host':
  - !!float 13.147
  - !!str 'ms'
  !!str 'Bandwidth (To Device)':
  - !!float 6523.075
  - !!str 'MB/s'
  !!str 'Bandwidth (To Host)':
  - !!float 6617.193
  - !!str 'MB/s'
!!str 'host':
  !!str 'Kernel':
  - !!float 0.030
  - !!str 'ms'
  !!str 'Local':
  - !!float 17.404
  - !!str 'ms'
  !!str 'To Device':
  - !!float 0.037
  - !!str 'ms'
  !!str 'To Host':
  - !!float 0.013
  - !!str 'ms'
  !!str 'Bandwidth (To Device)':
  - !!float 2335858.201
  - !!str 'MB/s'
  !!str 'Bandwidth (To Host)':
  - !!float 6804774.243
  - !!str 'MB/s'
!!str 'elapsed': [!!float 3.20, !!str 's']
---
!!str 'test':
  !!str 'name': !!str 'async-test'
  !!str 'size':
  - !!int 87
  - !!str 'MB'
  !!str 'kiter': !!int 100
!!str 'cuda':
  !!str 'Kernel':
  - !!float 31.434
  - !!str 'ms'
  !!str 'To Device':
  - !!float 13.365
  - !!str 'ms'
  !!str 'To Host':
  - !!float 13.140
  - !!str 'ms'
  !!str 'Bandwidth (To Device)':
  - !!float 6509.300
  - !!str 'MB/s'
  !!str 'Bandwidth (To Host)':
  - !!float 6621.125
  - !!str 'MB/s'
!!str 'host':
  !!str 'Kernel':
  - !!float 0.030
  - !!str 'ms'
  !!str 'Local':
  - !!float 17.426
  - !!str 'ms'
  !!str 'To Device':
  - !!float 0.038
  - !!str 'ms'
  !!str 'To Host':
  - !!float 0.013
  - !!str 'ms'
  !!str 'Bandwidth (To Device)':
  - !!float 2289629.147
  - !!str 'MB/s'
  !!str 'Bandwidth (To Host)':
  - !!float 6834711.187
  - !!str 'MB/s'
!!str 'elapsed': [!!float 3.22, !!str 's']
---
!!str 'test':
  !!str 'name': !!str 'async-test'
  !!str 'size':
  - !!int 87
  - !!str 'MB'
  !!str 'kiter': !!int 100
!!str 'cuda':
  !!str 'Kernel':
  - !!float 31.432
  - !!str 'ms'
  !!str 'To Device':
  - !!float 13.357
  - !!str 'ms'
  !!str 'To Host':
  - !!float 13.145
  - !!str 'ms'
  !!str 'Bandwidth (To Device)':
  - !!float 6513.340
  - !!str 'MB/s'
  !!str 'Bandwidth (To Host)':
  - !!float 6618.417
  - !!str 'MB/s'
!!str 'host':
  !!str 'Kernel':
  - !!float 0.029
  - !!str 'ms'
  !!str 'Local':
  - !!float 16.830
  - !!str 'ms'
  !!str 'To Device':
  - !!float 0.036
  - !!str 'ms'
  !!str 'To Host':
  - !!float 0.012
  - !!str 'ms'
  !!str 'Bandwidth (To Device)':
  - !!float 2392383.850
  - !!str 'MB/s'
  !!str 'Bandwidth (To Host)':
  - !!float 7418695.207
  - !!str 'MB/s'
!!str 'elapsed': [!!float 3.21, !!str 's']
