---
!!str 'test':
  !!str 'name': !!str 'async-test'
  !!str 'size':
  - !!int 59
  - !!str 'MB'
  !!str 'kiter': !!int 100
!!str 'cuda':
  !!str 'Kernel':
  - !!float 21.318
  - !!str 'ms'
  !!str 'To Device':
  - !!float 9.037
  - !!str 'ms'
  !!str 'To Host':
  - !!float 8.911
  - !!str 'ms'
  !!str 'Bandwidth (To Device)':
  - !!float 6528.908
  - !!str 'MB/s'
  !!str 'Bandwidth (To Host)':
  - !!float 6621.003
  - !!str 'MB/s'
!!str 'host':
  !!str 'Kernel':
  - !!float 0.018
  - !!str 'ms'
  !!str 'Local':
  - !!float 8.126
  - !!str 'ms'
  !!str 'To Device':
  - !!float 0.023
  - !!str 'ms'
  !!str 'To Host':
  - !!float 0.006
  - !!str 'ms'
  !!str 'Bandwidth (To Device)':
  - !!float 2598767.091
  - !!str 'MB/s'
  !!str 'Bandwidth (To Host)':
  - !!float 9106314.133
  - !!str 'MB/s'
!!str 'elapsed': [!!float 3.14, !!str 's']
---
!!str 'test':
  !!str 'name': !!str 'async-test'
  !!str 'size':
  - !!int 59
  - !!str 'MB'
  !!str 'kiter': !!int 100
!!str 'cuda':
  !!str 'Kernel':
  - !!float 21.323
  - !!str 'ms'
  !!str 'To Device':
  - !!float 9.114
  - !!str 'ms'
  !!str 'To Host':
  - !!float 8.912
  - !!str 'ms'
  !!str 'Bandwidth (To Device)':
  - !!float 6473.730
  - !!str 'MB/s'
  !!str 'Bandwidth (To Host)':
  - !!float 6620.076
  - !!str 'MB/s'
!!str 'host':
  !!str 'Kernel':
  - !!float 0.019
  - !!str 'ms'
  !!str 'Local':
  - !!float 8.116
  - !!str 'ms'
  !!str 'To Device':
  - !!float 0.023
  - !!str 'ms'
  !!str 'To Host':
  - !!float 0.007
  - !!str 'ms'
  !!str 'Bandwidth (To Device)':
  - !!float 2543204.848
  - !!str 'MB/s'
  !!str 'Bandwidth (To Host)':
  - !!float 8511224.649
  - !!str 'MB/s'
!!str 'elapsed': [!!float 3.16, !!str 's']
---
!!str 'test':
  !!str 'name': !!str 'async-test'
  !!str 'size':
  - !!int 59
  - !!str 'MB'
  !!str 'kiter': !!int 100
!!str 'cuda':
  !!str 'Kernel':
  - !!float 21.320
  - !!str 'ms'
  !!str 'To Device':
  - !!float 9.043
  - !!str 'ms'
  !!str 'To Host':
  - !!float 8.912
  - !!str 'ms'
  !!str 'Bandwidth (To Device)':
  - !!float 6524.265
  - !!str 'MB/s'
  !!str 'Bandwidth (To Host)':
  - !!float 6620.314
  - !!str 'MB/s'
!!str 'host':
  !!str 'Kernel':
  - !!float 0.019
  - !!str 'ms'
  !!str 'Local':
  - !!float 8.113
  - !!str 'ms'
  !!str 'To Device':
  - !!float 0.023
  - !!str 'ms'
  !!str 'To Host':
  - !!float 0.007
  - !!str 'ms'
  !!str 'Bandwidth (To Device)':
  - !!float 2590892.731
  - !!str 'MB/s'
  !!str 'Bandwidth (To Host)':
  - !!float 8186458.896
  - !!str 'MB/s'
!!str 'elapsed': [!!float 3.16, !!str 's']
---
!!str 'test':
  !!str 'name': !!str 'async-test'
  !!str 'size':
  - !!int 59
  - !!str 'MB'
  !!str 'kiter': !!int 100
!!str 'cuda':
  !!str 'Kernel':
  - !!float 21.327
  - !!str 'ms'
  !!str 'To Device':
  - !!float 9.051
  - !!str 'ms'
  !!str 'To Host':
  - !!float 8.910
  - !!str 'ms'
  !!str 'Bandwidth (To Device)':
  - !!float 6518.659
  - !!str 'MB/s'
  !!str 'Bandwidth (To Host)':
  - !!float 6621.907
  - !!str 'MB/s'
!!str 'host':
  !!str 'Kernel':
  - !!float 0.033
  - !!str 'ms'
  !!str 'Local':
  - !!float 8.115
  - !!str 'ms'
  !!str 'To Device':
  - !!float 0.024
  - !!str 'ms'
  !!str 'To Host':
  - !!float 0.007
  - !!str 'ms'
  !!str 'Bandwidth (To Device)':
  - !!float 2483784.174
  - !!str 'MB/s'
  !!str 'Bandwidth (To Host)':
  - !!float 8279512.948
  - !!str 'MB/s'
!!str 'elapsed': [!!float 3.16, !!str 's']
---
!!str 'test':
  !!str 'name': !!str 'async-test'
  !!str 'size':
  - !!int 59
  - !!str 'MB'
  !!str 'kiter': !!int 100
!!str 'cuda':
  !!str 'Kernel':
  - !!float 21.320
  - !!str 'ms'
  !!str 'To Device':
  - !!float 9.107
  - !!str 'ms'
  !!str 'To Host':
  - !!float 8.912
  - !!str 'ms'
  !!str 'Bandwidth (To Device)':
  - !!float 6478.347
  - !!str 'MB/s'
  !!str 'Bandwidth (To Host)':
  - !!float 6620.052
  - !!str 'MB/s'
!!str 'host':
  !!str 'Kernel':
  - !!float 0.019
  - !!str 'ms'
  !!str 'Local':
  - !!float 8.112
  - !!str 'ms'
  !!str 'To Device':
  - !!float 0.023
  - !!str 'ms'
  !!str 'To Host':
  - !!float 0.007
  - !!str 'ms'
  !!str 'Bandwidth (To Device)':
  - !!float 2591120.301
  - !!str 'MB/s'
  !!str 'Bandwidth (To Host)':
  - !!float 8332129.539
  - !!str 'MB/s'
!!str 'elapsed': [!!float 3.15, !!str 's']
---
!!str 'test':
  !!str 'name': !!str 'async-test'
  !!str 'size':
  - !!int 59
  - !!str 'MB'
  !!str 'kiter': !!int 100
!!str 'cuda':
  !!str 'Kernel':
  - !!float 21.321
  - !!str 'ms'
  !!str 'To Device':
  - !!float 9.121
  - !!str 'ms'
  !!str 'To Host':
  - !!float 8.912
  - !!str 'ms'
  !!str 'Bandwidth (To Device)':
  - !!float 6468.574
  - !!str 'MB/s'
  !!str 'Bandwidth (To Host)':
  - !!float 6620.052
  - !!str 'MB/s'
!!str 'host':
  !!str 'Kernel':
  - !!float 0.019
  - !!str 'ms'
  !!str 'Local':
  - !!float 8.108
  - !!str 'ms'
  !!str 'To Device':
  - !!float 0.023
  - !!str 'ms'
  !!str 'To Host':
  - !!float 0.007
  - !!str 'ms'
  !!str 'Bandwidth (To Device)':
  - !!float 2606689.461
  - !!str 'MB/s'
  !!str 'Bandwidth (To Host)':
  - !!float 8848201.749
  - !!str 'MB/s'
!!str 'elapsed': [!!float 3.15, !!str 's']
---
!!str 'test':
  !!str 'name': !!str 'async-test'
  !!str 'size':
  - !!int 59
  - !!str 'MB'
  !!str 'kiter': !!int 100
!!str 'cuda':
  !!str 'Kernel':
  - !!float 21.328
  - !!str 'ms'
  !!str 'To Device':
  - !!float 9.036
  - !!str 'ms'
  !!str 'To Host':
  - !!float 8.911
  - !!str 'ms'
  !!str 'Bandwidth (To Device)':
  - !!float 6529.278
  - !!str 'MB/s'
  !!str 'Bandwidth (To Host)':
  - !!float 6621.264
  - !!str 'MB/s'
!!str 'host':
  !!str 'Kernel':
  - !!float 0.018
  - !!str 'ms'
  !!str 'Local':
  - !!float 8.106
  - !!str 'ms'
  !!str 'To Device':
  - !!float 0.022
  - !!str 'ms'
  !!str 'To Host':
  - !!float 0.007
  - !!str 'ms'
  !!str 'Bandwidth (To Device)':
  - !!float 2626299.099
  - !!str 'MB/s'
  !!str 'Bandwidth (To Host)':
  - !!float 8820422.973
  - !!str 'MB/s'
!!str 'elapsed': [!!float 3.16, !!str 's']
---
!!str 'test':
  !!str 'name': !!str 'async-test'
  !!str 'size':
  - !!int 59
  - !!str 'MB'
  !!str 'kiter': !!int 100
!!str 'cuda':
  !!str 'Kernel':
  - !!float 21.315
  - !!str 'ms'
  !!str 'To Device':
  - !!float 9.066
  - !!str 'ms'
  !!str 'To Host':
  - !!float 8.911
  - !!str 'ms'
  !!str 'Bandwidth (To Device)':
  - !!float 6507.914
  - !!str 'MB/s'
  !!str 'Bandwidth (To Host)':
  - !!float 6620.836
  - !!str 'MB/s'
!!str 'host':
  !!str 'Kernel':
  - !!float 0.025
  - !!str 'ms'
  !!str 'Local':
  - !!float 10.664
  - !!str 'ms'
  !!str 'To Device':
  - !!float 0.031
  - !!str 'ms'
  !!str 'To Host':
  - !!float 0.010
  - !!str 'ms'
  !!str 'Bandwidth (To Device)':
  - !!float 1901747.333
  - !!str 'MB/s'
  !!str 'Bandwidth (To Host)':
  - !!float 5636206.464
  - !!str 'MB/s'
!!str 'elapsed': [!!float 3.17, !!str 's']
---
!!str 'test':
  !!str 'name': !!str 'async-test'
  !!str 'size':
  - !!int 59
  - !!str 'MB'
  !!str 'kiter': !!int 100
!!str 'cuda':
  !!str 'Kernel':
  - !!float 21.317
  - !!str 'ms'
  !!str 'To Device':
  - !!float 9.044
  - !!str 'ms'
  !!str 'To Host':
  - !!float 8.916
  - !!str 'ms'
  !!str 'Bandwidth (To Device)':
  - !!float 6523.803
  - !!str 'MB/s'
  !!str 'Bandwidth (To Host)':
  - !!float 6617.011
  - !!str 'MB/s'
!!str 'host':
  !!str 'Kernel':
  - !!float 0.026
  - !!str 'ms'
  !!str 'Local':
  - !!float 11.359
  - !!str 'ms'
  !!str 'To Device':
  - !!float 0.033
  - !!str 'ms'
  !!str 'To Host':
  - !!float 0.011
  - !!str 'ms'
  !!str 'Bandwidth (To Device)':
  - !!float 1803227.766
  - !!str 'MB/s'
  !!str 'Bandwidth (To Host)':
  - !!float 5505254.200
  - !!str 'MB/s'
!!str 'elapsed': [!!float 3.15, !!str 's']
---
!!str 'test':
  !!str 'name': !!str 'async-test'
  !!str 'size':
  - !!int 59
  - !!str 'MB'
  !!str 'kiter': !!int 100
!!str 'cuda':
  !!str 'Kernel':
  - !!float 21.324
  - !!str 'ms'
  !!str 'To Device':
  - !!float 9.052
  - !!str 'ms'
  !!str 'To Host':
  - !!float 8.912
  - !!str 'ms'
  !!str 'Bandwidth (To Device)':
  - !!float 6517.852
  - !!str 'MB/s'
  !!str 'Bandwidth (To Host)':
  - !!float 6620.076
  - !!str 'MB/s'
!!str 'host':
  !!str 'Kernel':
  - !!float 0.031
  - !!str 'ms'
  !!str 'Local':
  - !!float 13.434
  - !!str 'ms'
  !!str 'To Device':
  - !!float 0.039
  - !!str 'ms'
  !!str 'To Host':
  - !!float 0.013
  - !!str 'ms'
  !!str 'Bandwidth (To Device)':
  - !!float 1505865.474
  - !!str 'MB/s'
  !!str 'Bandwidth (To Host)':
  - !!float 4411530.527
  - !!str 'MB/s'
!!str 'elapsed': [!!float 3.15, !!str 's']
