---
!!str 'test':
  !!str 'name': !!str 'async-test'
  !!str 'size':
  - !!int 22
  - !!str 'MB'
  !!str 'kiter': !!int 100
!!str 'cuda':
  !!str 'Kernel':
  - !!float 7.961
  - !!str 'ms'
  !!str 'To Device':
  - !!float 3.424
  - !!str 'ms'
  !!str 'To Host':
  - !!float 3.328
  - !!str 'ms'
  !!str 'Bandwidth (To Device)':
  - !!float 6426.022
  - !!str 'MB/s'
  !!str 'Bandwidth (To Host)':
  - !!float 6609.890
  - !!str 'MB/s'
!!str 'host':
  !!str 'Kernel':
  - !!float 0.018
  - !!str 'ms'
  !!str 'Local':
  - !!float 3.033
  - !!str 'ms'
  !!str 'To Device':
  - !!float 0.023
  - !!str 'ms'
  !!str 'To Host':
  - !!float 0.007
  - !!str 'ms'
  !!str 'Bandwidth (To Device)':
  - !!float 972229.831
  - !!str 'MB/s'
  !!str 'Bandwidth (To Host)':
  - !!float 3373656.897
  - !!str 'MB/s'
!!str 'elapsed': [!!float 3.12, !!str 's']
---
!!str 'test':
  !!str 'name': !!str 'async-test'
  !!str 'size':
  - !!int 22
  - !!str 'MB'
  !!str 'kiter': !!int 100
!!str 'cuda':
  !!str 'Kernel':
  - !!float 7.963
  - !!str 'ms'
  !!str 'To Device':
  - !!float 3.382
  - !!str 'ms'
  !!str 'To Host':
  - !!float 3.330
  - !!str 'ms'
  !!str 'Bandwidth (To Device)':
  - !!float 6504.821
  - !!str 'MB/s'
  !!str 'Bandwidth (To Host)':
  - !!float 6606.968
  - !!str 'MB/s'
!!str 'host':
  !!str 'Kernel':
  - !!float 0.019
  - !!str 'ms'
  !!str 'Local':
  - !!float 3.035
  - !!str 'ms'
  !!str 'To Device':
  - !!float 0.023
  - !!str 'ms'
  !!str 'To Host':
  - !!float 0.007
  - !!str 'ms'
  !!str 'Bandwidth (To Device)':
  - !!float 974426.036
  - !!str 'MB/s'
  !!str 'Bandwidth (To Host)':
  - !!float 3201807.106
  - !!str 'MB/s'
!!str 'elapsed': [!!float 3.13, !!str 's']
---
!!str 'test':
  !!str 'name': !!str 'async-test'
  !!str 'size':
  - !!int 22
  - !!str 'MB'
  !!str 'kiter': !!int 100
!!str 'cuda':
  !!str 'Kernel':
  - !!float 7.960
  - !!str 'ms'
  !!str 'To Device':
  - !!float 3.404
  - !!str 'ms'
  !!str 'To Host':
  - !!float 3.335
  - !!str 'ms'
  !!str 'Bandwidth (To Device)':
  - !!float 6463.601
  - !!str 'MB/s'
  !!str 'Bandwidth (To Host)':
  - !!float 6596.571
  - !!str 'MB/s'
!!str 'host':
  !!str 'Kernel':
  - !!float 0.030
  - !!str 'ms'
  !!str 'Local':
  - !!float 5.748
  - !!str 'ms'
  !!str 'To Device':
  - !!float 0.037
  - !!str 'ms'
  !!str 'To Host':
  - !!float 0.013
  - !!str 'ms'
  !!str 'Bandwidth (To Device)':
  - !!float 599918.645
  - !!str 'MB/s'
  !!str 'Bandwidth (To Host)':
  - !!float 1726814.492
  - !!str 'MB/s'
!!str 'elapsed': [!!float 3.15, !!str 's']
---
!!str 'test':
  !!str 'name': !!str 'async-test'
  !!str 'size':
  - !!int 22
  - !!str 'MB'
  !!str 'kiter': !!int 100
!!str 'cuda':
  !!str 'Kernel':
  - !!float 7.962
  - !!str 'ms'
  !!str 'To Device':
  - !!float 3.375
  - !!str 'ms'
  !!str 'To Host':
  - !!float 3.335
  - !!str 'ms'
  !!str 'Bandwidth (To Device)':
  - !!float 6518.389
  - !!str 'MB/s'
  !!str 'Bandwidth (To Host)':
  - !!float 6595.938
  - !!str 'MB/s'
!!str 'host':
  !!str 'Kernel':
  - !!float 0.026
  - !!str 'ms'
  !!str 'Local':
  - !!float 4.896
  - !!str 'ms'
  !!str 'To Device':
  - !!float 0.033
  - !!str 'ms'
  !!str 'To Host':
  - !!float 0.011
  - !!str 'ms'
  !!str 'Bandwidth (To Device)':
  - !!float 674731.379
  - !!str 'MB/s'
  !!str 'Bandwidth (To Host)':
  - !!float 1973767.865
  - !!str 'MB/s'
!!str 'elapsed': [!!float 3.11, !!str 's']
---
!!str 'test':
  !!str 'name': !!str 'async-test'
  !!str 'size':
  - !!int 22
  - !!str 'MB'
  !!str 'kiter': !!int 100
!!str 'cuda':
  !!str 'Kernel':
  - !!float 7.962
  - !!str 'ms'
  !!str 'To Device':
  - !!float 3.388
  - !!str 'ms'
  !!str 'To Host':
  - !!float 3.335
  - !!str 'ms'
  !!str 'Bandwidth (To Device)':
  - !!float 6492.780
  - !!str 'MB/s'
  !!str 'Bandwidth (To Host)':
  - !!float 6596.571
  - !!str 'MB/s'
!!str 'host':
  !!str 'Kernel':
  - !!float 0.035
  - !!str 'ms'
  !!str 'Local':
  - !!float 6.008
  - !!str 'ms'
  !!str 'To Device':
  - !!float 0.043
  - !!str 'ms'
  !!str 'To Host':
  - !!float 0.015
  - !!str 'ms'
  !!str 'Bandwidth (To Device)':
  - !!float 516374.440
  - !!str 'MB/s'
  !!str 'Bandwidth (To Host)':
  - !!float 1485055.800
  - !!str 'MB/s'
!!str 'elapsed': [!!float 3.15, !!str 's']
---
!!str 'test':
  !!str 'name': !!str 'async-test'
  !!str 'size':
  - !!int 22
  - !!str 'MB'
  !!str 'kiter': !!int 100
!!str 'cuda':
  !!str 'Kernel':
  - !!float 7.960
  - !!str 'ms'
  !!str 'To Device':
  - !!float 3.396
  - !!str 'ms'
  !!str 'To Host':
  - !!float 3.335
  - !!str 'ms'
  !!str 'Bandwidth (To Device)':
  - !!float 6478.952
  - !!str 'MB/s'
  !!str 'Bandwidth (To Host)':
  - !!float 6596.697
  - !!str 'MB/s'
!!str 'host':
  !!str 'Kernel':
  - !!float 0.029
  - !!str 'ms'
  !!str 'Local':
  - !!float 5.121
  - !!str 'ms'
  !!str 'To Device':
  - !!float 0.034
  - !!str 'ms'
  !!str 'To Host':
  - !!float 0.012
  - !!str 'ms'
  !!str 'Bandwidth (To Device)':
  - !!float 648115.031
  - !!str 'MB/s'
  !!str 'Bandwidth (To Host)':
  - !!float 1818150.134
  - !!str 'MB/s'
!!str 'elapsed': [!!float 3.11, !!str 's']
---
!!str 'test':
  !!str 'name': !!str 'async-test'
  !!str 'size':
  - !!int 22
  - !!str 'MB'
  !!str 'kiter': !!int 100
!!str 'cuda':
  !!str 'Kernel':
  - !!float 7.962
  - !!str 'ms'
  !!str 'To Device':
  - !!float 3.423
  - !!str 'ms'
  !!str 'To Host':
  - !!float 3.356
  - !!str 'ms'
  !!str 'Bandwidth (To Device)':
  - !!float 6426.743
  - !!str 'MB/s'
  !!str 'Bandwidth (To Host)':
  - !!float 6554.684
  - !!str 'MB/s'
!!str 'host':
  !!str 'Kernel':
  - !!float 0.030
  - !!str 'ms'
  !!str 'Local':
  - !!float 5.728
  - !!str 'ms'
  !!str 'To Device':
  - !!float 0.037
  - !!str 'ms'
  !!str 'To Host':
  - !!float 0.013
  - !!str 'ms'
  !!str 'Bandwidth (To Device)':
  - !!float 591085.645
  - !!str 'MB/s'
  !!str 'Bandwidth (To Host)':
  - !!float 1738000.997
  - !!str 'MB/s'
!!str 'elapsed': [!!float 3.14, !!str 's']
---
!!str 'test':
  !!str 'name': !!str 'async-test'
  !!str 'size':
  - !!int 22
  - !!str 'MB'
  !!str 'kiter': !!int 100
!!str 'cuda':
  !!str 'Kernel':
  - !!float 7.962
  - !!str 'ms'
  !!str 'To Device':
  - !!float 3.382
  - !!str 'ms'
  !!str 'To Host':
  - !!float 3.336
  - !!str 'ms'
  !!str 'Bandwidth (To Device)':
  - !!float 6504.883
  - !!str 'MB/s'
  !!str 'Bandwidth (To Host)':
  - !!float 6594.419
  - !!str 'MB/s'
!!str 'host':
  !!str 'Kernel':
  - !!float 0.030
  - !!str 'ms'
  !!str 'Local':
  - !!float 5.750
  - !!str 'ms'
  !!str 'To Device':
  - !!float 0.036
  - !!str 'ms'
  !!str 'To Host':
  - !!float 0.013
  - !!str 'ms'
  !!str 'Bandwidth (To Device)':
  - !!float 619567.890
  - !!str 'MB/s'
  !!str 'Bandwidth (To Host)':
  - !!float 1715503.480
  - !!str 'MB/s'
!!str 'elapsed': [!!float 3.13, !!str 's']
---
!!str 'test':
  !!str 'name': !!str 'async-test'
  !!str 'size':
  - !!int 22
  - !!str 'MB'
  !!str 'kiter': !!int 100
!!str 'cuda':
  !!str 'Kernel':
  - !!float 7.963
  - !!str 'ms'
  !!str 'To Device':
  - !!float 3.382
  - !!str 'ms'
  !!str 'To Host':
  - !!float 3.335
  - !!str 'ms'
  !!str 'Bandwidth (To Device)':
  - !!float 6504.205
  - !!str 'MB/s'
  !!str 'Bandwidth (To Host)':
  - !!float 6596.634
  - !!str 'MB/s'
!!str 'host':
  !!str 'Kernel':
  - !!float 0.030
  - !!str 'ms'
  !!str 'Local':
  - !!float 5.367
  - !!str 'ms'
  !!str 'To Device':
  - !!float 0.037
  - !!str 'ms'
  !!str 'To Host':
  - !!float 0.013
  - !!str 'ms'
  !!str 'Bandwidth (To Device)':
  - !!float 594343.283
  - !!str 'MB/s'
  !!str 'Bandwidth (To Host)':
  - !!float 1682442.385
  - !!str 'MB/s'
!!str 'elapsed': [!!float 3.14, !!str 's']
---
!!str 'test':
  !!str 'name': !!str 'async-test'
  !!str 'size':
  - !!int 22
  - !!str 'MB'
  !!str 'kiter': !!int 100
!!str 'cuda':
  !!str 'Kernel':
  - !!float 7.958
  - !!str 'ms'
  !!str 'To Device':
  - !!float 3.382
  - !!str 'ms'
  !!str 'To Host':
  - !!float 3.329
  - !!str 'ms'
  !!str 'Bandwidth (To Device)':
  - !!float 6504.513
  - !!str 'MB/s'
  !!str 'Bandwidth (To Host)':
  - !!float 6607.602
  - !!str 'MB/s'
!!str 'host':
  !!str 'Kernel':
  - !!float 0.033
  - !!str 'ms'
  !!str 'Local':
  - !!float 5.810
  - !!str 'ms'
  !!str 'To Device':
  - !!float 0.040
  - !!str 'ms'
  !!str 'To Host':
  - !!float 0.014
  - !!str 'ms'
  !!str 'Bandwidth (To Device)':
  - !!float 545206.231
  - !!str 'MB/s'
  !!str 'Bandwidth (To Host)':
  - !!float 1545568.120
  - !!str 'MB/s'
!!str 'elapsed': [!!float 3.12, !!str 's']
