---
!!str 'test':
  !!str 'name': !!str 'async-test'
  !!str 'size':
  - !!int 54
  - !!str 'MB'
  !!str 'kiter': !!int 100
!!str 'cuda':
  !!str 'Kernel':
  - !!float 19.517
  - !!str 'ms'
  !!str 'To Device':
  - !!float 8.293
  - !!str 'ms'
  !!str 'To Host':
  - !!float 8.162
  - !!str 'ms'
  !!str 'Bandwidth (To Device)':
  - !!float 6511.802
  - !!str 'MB/s'
  !!str 'Bandwidth (To Host)':
  - !!float 6615.654
  - !!str 'MB/s'
!!str 'host':
  !!str 'Kernel':
  - !!float 0.029
  - !!str 'ms'
  !!str 'Local':
  - !!float 11.695
  - !!str 'ms'
  !!str 'To Device':
  - !!float 0.037
  - !!str 'ms'
  !!str 'To Host':
  - !!float 0.012
  - !!str 'ms'
  !!str 'Bandwidth (To Device)':
  - !!float 1479036.284
  - !!str 'MB/s'
  !!str 'Bandwidth (To Host)':
  - !!float 4403458.755
  - !!str 'MB/s'
!!str 'elapsed': [!!float 3.16, !!str 's']
---
!!str 'test':
  !!str 'name': !!str 'async-test'
  !!str 'size':
  - !!int 54
  - !!str 'MB'
  !!str 'kiter': !!int 100
!!str 'cuda':
  !!str 'Kernel':
  - !!float 19.512
  - !!str 'ms'
  !!str 'To Device':
  - !!float 8.306
  - !!str 'ms'
  !!str 'To Host':
  - !!float 8.161
  - !!str 'ms'
  !!str 'Bandwidth (To Device)':
  - !!float 6501.065
  - !!str 'MB/s'
  !!str 'Bandwidth (To Host)':
  - !!float 6616.977
  - !!str 'MB/s'
!!str 'host':
  !!str 'Kernel':
  - !!float 0.031
  - !!str 'ms'
  !!str 'Local':
  - !!float 12.162
  - !!str 'ms'
  !!str 'To Device':
  - !!float 0.038
  - !!str 'ms'
  !!str 'To Host':
  - !!float 0.013
  - !!str 'ms'
  !!str 'Bandwidth (To Device)':
  - !!float 1432540.515
  - !!str 'MB/s'
  !!str 'Bandwidth (To Host)':
  - !!float 4054025.129
  - !!str 'MB/s'
!!str 'elapsed': [!!float 3.18, !!str 's']
---
!!str 'test':
  !!str 'name': !!str 'async-test'
  !!str 'size':
  - !!int 54
  - !!str 'MB'
  !!str 'kiter': !!int 100
!!str 'cuda':
  !!str 'Kernel':
  - !!float 19.517
  - !!str 'ms'
  !!str 'To Device':
  - !!float 8.305
  - !!str 'ms'
  !!str 'To Host':
  - !!float 8.156
  - !!str 'ms'
  !!str 'Bandwidth (To Device)':
  - !!float 6501.691
  - !!str 'MB/s'
  !!str 'Bandwidth (To Host)':
  - !!float 6621.079
  - !!str 'MB/s'
!!str 'host':
  !!str 'Kernel':
  - !!float 0.019
  - !!str 'ms'
  !!str 'Local':
  - !!float 7.431
  - !!str 'ms'
  !!str 'To Device':
  - !!float 0.024
  - !!str 'ms'
  !!str 'To Host':
  - !!float 0.007
  - !!str 'ms'
  !!str 'Bandwidth (To Device)':
  - !!float 2285697.977
  - !!str 'MB/s'
  !!str 'Bandwidth (To Host)':
  - !!float 7786534.206
  - !!str 'MB/s'
!!str 'elapsed': [!!float 3.15, !!str 's']
---
!!str 'test':
  !!str 'name': !!str 'async-test'
  !!str 'size':
  - !!int 54
  - !!str 'MB'
  !!str 'kiter': !!int 100
!!str 'cuda':
  !!str 'Kernel':
  - !!float 19.518
  - !!str 'ms'
  !!str 'To Device':
  - !!float 8.285
  - !!str 'ms'
  !!str 'To Host':
  - !!float 8.179
  - !!str 'ms'
  !!str 'Bandwidth (To Device)':
  - !!float 6517.612
  - !!str 'MB/s'
  !!str 'Bandwidth (To Host)':
  - !!float 6601.911
  - !!str 'MB/s'
!!str 'host':
  !!str 'Kernel':
  - !!float 0.019
  - !!str 'ms'
  !!str 'Local':
  - !!float 7.426
  - !!str 'ms'
  !!str 'To Device':
  - !!float 0.023
  - !!str 'ms'
  !!str 'To Host':
  - !!float 0.007
  - !!str 'ms'
  !!str 'Bandwidth (To Device)':
  - !!float 2353232.001
  - !!str 'MB/s'
  !!str 'Bandwidth (To Host)':
  - !!float 7562971.249
  - !!str 'MB/s'
!!str 'elapsed': [!!float 3.12, !!str 's']
---
!!str 'test':
  !!str 'name': !!str 'async-test'
  !!str 'size':
  - !!int 54
  - !!str 'MB'
  !!str 'kiter': !!int 100
!!str 'cuda':
  !!str 'Kernel':
  - !!float 19.517
  - !!str 'ms'
  !!str 'To Device':
  - !!float 8.278
  - !!str 'ms'
  !!str 'To Host':
  - !!float 8.198
  - !!str 'ms'
  !!str 'Bandwidth (To Device)':
  - !!float 6523.155
  - !!str 'MB/s'
  !!str 'Bandwidth (To Host)':
  - !!float 6587.041
  - !!str 'MB/s'
!!str 'host':
  !!str 'Kernel':
  - !!float 0.028
  - !!str 'ms'
  !!str 'Local':
  - !!float 11.273
  - !!str 'ms'
  !!str 'To Device':
  - !!float 0.035
  - !!str 'ms'
  !!str 'To Host':
  - !!float 0.012
  - !!str 'ms'
  !!str 'Bandwidth (To Device)':
  - !!float 1547355.571
  - !!str 'MB/s'
  !!str 'Bandwidth (To Host)':
  - !!float 4480552.167
  - !!str 'MB/s'
!!str 'elapsed': [!!float 3.14, !!str 's']
---
!!str 'test':
  !!str 'name': !!str 'async-test'
  !!str 'size':
  - !!int 54
  - !!str 'MB'
  !!str 'kiter': !!int 100
!!str 'cuda':
  !!str 'Kernel':
  - !!float 19.518
  - !!str 'ms'
  !!str 'To Device':
  - !!float 8.389
  - !!str 'ms'
  !!str 'To Host':
  - !!float 8.155
  - !!str 'ms'
  !!str 'Bandwidth (To Device)':
  - !!float 6437.158
  - !!str 'MB/s'
  !!str 'Bandwidth (To Host)':
  - !!float 6621.443
  - !!str 'MB/s'
!!str 'host':
  !!str 'Kernel':
  - !!float 0.019
  - !!str 'ms'
  !!str 'Local':
  - !!float 7.431
  - !!str 'ms'
  !!str 'To Device':
  - !!float 0.023
  - !!str 'ms'
  !!str 'To Host':
  - !!float 0.007
  - !!str 'ms'
  !!str 'Bandwidth (To Device)':
  - !!float 2389257.764
  - !!str 'MB/s'
  !!str 'Bandwidth (To Host)':
  - !!float 7832842.285
  - !!str 'MB/s'
!!str 'elapsed': [!!float 3.14, !!str 's']
---
!!str 'test':
  !!str 'name': !!str 'async-test'
  !!str 'size':
  - !!int 54
  - !!str 'MB'
  !!str 'kiter': !!int 100
!!str 'cuda':
  !!str 'Kernel':
  - !!float 19.508
  - !!str 'ms'
  !!str 'To Device':
  - !!float 8.272
  - !!str 'ms'
  !!str 'To Host':
  - !!float 8.181
  - !!str 'ms'
  !!str 'Bandwidth (To Device)':
  - !!float 6527.848
  - !!str 'MB/s'
  !!str 'Bandwidth (To Host)':
  - !!float 6600.903
  - !!str 'MB/s'
!!str 'host':
  !!str 'Kernel':
  - !!float 0.018
  - !!str 'ms'
  !!str 'Local':
  - !!float 7.434
  - !!str 'ms'
  !!str 'To Device':
  - !!float 0.023
  - !!str 'ms'
  !!str 'To Host':
  - !!float 0.007
  - !!str 'ms'
  !!str 'Bandwidth (To Device)':
  - !!float 2335017.500
  - !!str 'MB/s'
  !!str 'Bandwidth (To Host)':
  - !!float 7890066.440
  - !!str 'MB/s'
!!str 'elapsed': [!!float 3.12, !!str 's']
---
!!str 'test':
  !!str 'name': !!str 'async-test'
  !!str 'size':
  - !!int 54
  - !!str 'MB'
  !!str 'kiter': !!int 100
!!str 'cuda':
  !!str 'Kernel':
  - !!float 19.515
  - !!str 'ms'
  !!str 'To Device':
  - !!float 8.280
  - !!str 'ms'
  !!str 'To Host':
  - !!float 8.162
  - !!str 'ms'
  !!str 'Bandwidth (To Device)':
  - !!float 6521.743
  - !!str 'MB/s'
  !!str 'Bandwidth (To Host)':
  - !!float 6615.577
  - !!str 'MB/s'
!!str 'host':
  !!str 'Kernel':
  - !!float 0.032
  - !!str 'ms'
  !!str 'Local':
  - !!float 12.687
  - !!str 'ms'
  !!str 'To Device':
  - !!float 0.038
  - !!str 'ms'
  !!str 'To Host':
  - !!float 0.014
  - !!str 'ms'
  !!str 'Bandwidth (To Device)':
  - !!float 1407486.178
  - !!str 'MB/s'
  !!str 'Bandwidth (To Host)':
  - !!float 3930961.252
  - !!str 'MB/s'
!!str 'elapsed': [!!float 3.18, !!str 's']
---
!!str 'test':
  !!str 'name': !!str 'async-test'
  !!str 'size':
  - !!int 54
  - !!str 'MB'
  !!str 'kiter': !!int 100
!!str 'cuda':
  !!str 'Kernel':
  - !!float 19.520
  - !!str 'ms'
  !!str 'To Device':
  - !!float 8.351
  - !!str 'ms'
  !!str 'To Host':
  - !!float 8.159
  - !!str 'ms'
  !!str 'Bandwidth (To Device)':
  - !!float 6466.090
  - !!str 'MB/s'
  !!str 'Bandwidth (To Host)':
  - !!float 6618.638
  - !!str 'MB/s'
!!str 'host':
  !!str 'Kernel':
  - !!float 0.032
  - !!str 'ms'
  !!str 'Local':
  - !!float 12.637
  - !!str 'ms'
  !!str 'To Device':
  - !!float 0.039
  - !!str 'ms'
  !!str 'To Host':
  - !!float 0.013
  - !!str 'ms'
  !!str 'Bandwidth (To Device)':
  - !!float 1401786.374
  - !!str 'MB/s'
  !!str 'Bandwidth (To Host)':
  - !!float 4042189.888
  - !!str 'MB/s'
!!str 'elapsed': [!!float 3.17, !!str 's']
---
!!str 'test':
  !!str 'name': !!str 'async-test'
  !!str 'size':
  - !!int 54
  - !!str 'MB'
  !!str 'kiter': !!int 100
!!str 'cuda':
  !!str 'Kernel':
  - !!float 19.510
  - !!str 'ms'
  !!str 'To Device':
  - !!float 8.278
  - !!str 'ms'
  !!str 'To Host':
  - !!float 8.162
  - !!str 'ms'
  !!str 'Bandwidth (To Device)':
  - !!float 6523.105
  - !!str 'MB/s'
  !!str 'Bandwidth (To Host)':
  - !!float 6615.939
  - !!str 'MB/s'
!!str 'host':
  !!str 'Kernel':
  - !!float 0.029
  - !!str 'ms'
  !!str 'Local':
  - !!float 11.899
  - !!str 'ms'
  !!str 'To Device':
  - !!float 0.036
  - !!str 'ms'
  !!str 'To Host':
  - !!float 0.012
  - !!str 'ms'
  !!str 'Bandwidth (To Device)':
  - !!float 1480293.175
  - !!str 'MB/s'
  !!str 'Bandwidth (To Host)':
  - !!float 4423659.762
  - !!str 'MB/s'
!!str 'elapsed': [!!float 3.18, !!str 's']
