---
!!str 'test':
  !!str 'name': !!str 'async-test'
  !!str 'size':
  - !!int 68
  - !!str 'MB'
  !!str 'kiter': !!int 100
!!str 'cuda':
  !!str 'Kernel':
  - !!float 24.569
  - !!str 'ms'
  !!str 'To Device':
  - !!float 10.429
  - !!str 'ms'
  !!str 'To Host':
  - !!float 10.265
  - !!str 'ms'
  !!str 'Bandwidth (To Device)':
  - !!float 6520.080
  - !!str 'MB/s'
  !!str 'Bandwidth (To Host)':
  - !!float 6624.515
  - !!str 'MB/s'
!!str 'host':
  !!str 'Kernel':
  - !!float 0.018
  - !!str 'ms'
  !!str 'Local':
  - !!float 9.348
  - !!str 'ms'
  !!str 'To Device':
  - !!float 0.022
  - !!str 'ms'
  !!str 'To Host':
  - !!float 0.007
  - !!str 'ms'
  !!str 'Bandwidth (To Device)':
  - !!float 3059743.548
  - !!str 'MB/s'
  !!str 'Bandwidth (To Host)':
  - !!float 10115998.304
  - !!str 'MB/s'
!!str 'elapsed': [!!float 3.15, !!str 's']
---
!!str 'test':
  !!str 'name': !!str 'async-test'
  !!str 'size':
  - !!int 68
  - !!str 'MB'
  !!str 'kiter': !!int 100
!!str 'cuda':
  !!str 'Kernel':
  - !!float 24.578
  - !!str 'ms'
  !!str 'To Device':
  - !!float 10.415
  - !!str 'ms'
  !!str 'To Host':
  - !!float 10.273
  - !!str 'ms'
  !!str 'Bandwidth (To Device)':
  - !!float 6528.854
  - !!str 'MB/s'
  !!str 'Bandwidth (To Host)':
  - !!float 6619.397
  - !!str 'MB/s'
!!str 'host':
  !!str 'Kernel':
  - !!float 0.018
  - !!str 'ms'
  !!str 'Local':
  - !!float 9.385
  - !!str 'ms'
  !!str 'To Device':
  - !!float 0.022
  - !!str 'ms'
  !!str 'To Host':
  - !!float 0.007
  - !!str 'ms'
  !!str 'Bandwidth (To Device)':
  - !!float 3029751.408
  - !!str 'MB/s'
  !!str 'Bandwidth (To Host)':
  - !!float 10002903.884
  - !!str 'MB/s'
!!str 'elapsed': [!!float 3.14, !!str 's']
---
!!str 'test':
  !!str 'name': !!str 'async-test'
  !!str 'size':
  - !!int 68
  - !!str 'MB'
  !!str 'kiter': !!int 100
!!str 'cuda':
  !!str 'Kernel':
  - !!float 24.581
  - !!str 'ms'
  !!str 'To Device':
  - !!float 10.421
  - !!str 'ms'
  !!str 'To Host':
  - !!float 10.272
  - !!str 'ms'
  !!str 'Bandwidth (To Device)':
  - !!float 6525.146
  - !!str 'MB/s'
  !!str 'Bandwidth (To Host)':
  - !!float 6620.119
  - !!str 'MB/s'
!!str 'host':
  !!str 'Kernel':
  - !!float 0.030
  - !!str 'ms'
  !!str 'Local':
  - !!float 14.320
  - !!str 'ms'
  !!str 'To Device':
  - !!float 0.036
  - !!str 'ms'
  !!str 'To Host':
  - !!float 0.012
  - !!str 'ms'
  !!str 'Bandwidth (To Device)':
  - !!float 1901611.919
  - !!str 'MB/s'
  !!str 'Bandwidth (To Host)':
  - !!float 5615172.634
  - !!str 'MB/s'
!!str 'elapsed': [!!float 3.20, !!str 's']
---
!!str 'test':
  !!str 'name': !!str 'async-test'
  !!str 'size':
  - !!int 68
  - !!str 'MB'
  !!str 'kiter': !!int 100
!!str 'cuda':
  !!str 'Kernel':
  - !!float 24.572
  - !!str 'ms'
  !!str 'To Device':
  - !!float 10.455
  - !!str 'ms'
  !!str 'To Host':
  - !!float 10.274
  - !!str 'ms'
  !!str 'Bandwidth (To Device)':
  - !!float 6504.234
  - !!str 'MB/s'
  !!str 'Bandwidth (To Host)':
  - !!float 6618.655
  - !!str 'MB/s'
!!str 'host':
  !!str 'Kernel':
  - !!float 0.018
  - !!str 'ms'
  !!str 'Local':
  - !!float 9.354
  - !!str 'ms'
  !!str 'To Device':
  - !!float 0.024
  - !!str 'ms'
  !!str 'To Host':
  - !!float 0.007
  - !!str 'ms'
  !!str 'Bandwidth (To Device)':
  - !!float 2887094.663
  - !!str 'MB/s'
  !!str 'Bandwidth (To Host)':
  - !!float 9611270.756
  - !!str 'MB/s'
!!str 'elapsed': [!!float 3.17, !!str 's']
---
!!str 'test':
  !!str 'name': !!str 'async-test'
  !!str 'size':
  - !!int 68
  - !!str 'MB'
  !!str 'kiter': !!int 100
!!str 'cuda':
  !!str 'Kernel':
  - !!float 24.564
  - !!str 'ms'
  !!str 'To Device':
  - !!float 10.422
  - !!str 'ms'
  !!str 'To Host':
  - !!float 10.272
  - !!str 'ms'
  !!str 'Bandwidth (To Device)':
  - !!float 6524.464
  - !!str 'MB/s'
  !!str 'Bandwidth (To Host)':
  - !!float 6619.727
  - !!str 'MB/s'
!!str 'host':
  !!str 'Kernel':
  - !!float 0.025
  - !!str 'ms'
  !!str 'Local':
  - !!float 12.134
  - !!str 'ms'
  !!str 'To Device':
  - !!float 0.032
  - !!str 'ms'
  !!str 'To Host':
  - !!float 0.010
  - !!str 'ms'
  !!str 'Bandwidth (To Device)':
  - !!float 2143006.543
  - !!str 'MB/s'
  !!str 'Bandwidth (To Host)':
  - !!float 6810871.454
  - !!str 'MB/s'
!!str 'elapsed': [!!float 3.18, !!str 's']
---
!!str 'test':
  !!str 'name': !!str 'async-test'
  !!str 'size':
  - !!int 68
  - !!str 'MB'
  !!str 'kiter': !!int 100
!!str 'cuda':
  !!str 'Kernel':
  - !!float 24.571
  - !!str 'ms'
  !!str 'To Device':
  - !!float 10.421
  - !!str 'ms'
  !!str 'To Host':
  - !!float 10.279
  - !!str 'ms'
  !!str 'Bandwidth (To Device)':
  - !!float 6525.406
  - !!str 'MB/s'
  !!str 'Bandwidth (To Host)':
  - !!float 6615.090
  - !!str 'MB/s'
!!str 'host':
  !!str 'Kernel':
  - !!float 0.029
  - !!str 'ms'
  !!str 'Local':
  - !!float 14.284
  - !!str 'ms'
  !!str 'To Device':
  - !!float 0.036
  - !!str 'ms'
  !!str 'To Host':
  - !!float 0.012
  - !!str 'ms'
  !!str 'Bandwidth (To Device)':
  - !!float 1895040.565
  - !!str 'MB/s'
  !!str 'Bandwidth (To Host)':
  - !!float 5645943.258
  - !!str 'MB/s'
!!str 'elapsed': [!!float 3.19, !!str 's']
---
!!str 'test':
  !!str 'name': !!str 'async-test'
  !!str 'size':
  - !!int 68
  - !!str 'MB'
  !!str 'kiter': !!int 100
!!str 'cuda':
  !!str 'Kernel':
  - !!float 24.573
  - !!str 'ms'
  !!str 'To Device':
  - !!float 10.500
  - !!str 'ms'
  !!str 'To Host':
  - !!float 10.278
  - !!str 'ms'
  !!str 'Bandwidth (To Device)':
  - !!float 6475.909
  - !!str 'MB/s'
  !!str 'Bandwidth (To Host)':
  - !!float 6616.141
  - !!str 'MB/s'
!!str 'host':
  !!str 'Kernel':
  - !!float 0.030
  - !!str 'ms'
  !!str 'Local':
  - !!float 14.767
  - !!str 'ms'
  !!str 'To Device':
  - !!float 0.036
  - !!str 'ms'
  !!str 'To Host':
  - !!float 0.013
  - !!str 'ms'
  !!str 'Bandwidth (To Device)':
  - !!float 1865920.495
  - !!str 'MB/s'
  !!str 'Bandwidth (To Host)':
  - !!float 5380577.671
  - !!str 'MB/s'
!!str 'elapsed': [!!float 3.18, !!str 's']
---
!!str 'test':
  !!str 'name': !!str 'async-test'
  !!str 'size':
  - !!int 68
  - !!str 'MB'
  !!str 'kiter': !!int 100
!!str 'cuda':
  !!str 'Kernel':
  - !!float 24.584
  - !!str 'ms'
  !!str 'To Device':
  - !!float 10.422
  - !!str 'ms'
  !!str 'To Host':
  - !!float 10.273
  - !!str 'ms'
  !!str 'Bandwidth (To Device)':
  - !!float 6524.424
  - !!str 'MB/s'
  !!str 'Bandwidth (To Host)':
  - !!float 6619.376
  - !!str 'MB/s'
!!str 'host':
  !!str 'Kernel':
  - !!float 0.030
  - !!str 'ms'
  !!str 'Local':
  - !!float 14.807
  - !!str 'ms'
  !!str 'To Device':
  - !!float 0.037
  - !!str 'ms'
  !!str 'To Host':
  - !!float 0.013
  - !!str 'ms'
  !!str 'Bandwidth (To Device)':
  - !!float 1817688.869
  - !!str 'MB/s'
  !!str 'Bandwidth (To Host)':
  - !!float 5400662.426
  - !!str 'MB/s'
!!str 'elapsed': [!!float 3.19, !!str 's']
---
!!str 'test':
  !!str 'name': !!str 'async-test'
  !!str 'size':
  - !!int 68
  - !!str 'MB'
  !!str 'kiter': !!int 100
!!str 'cuda':
  !!str 'Kernel':
  - !!float 24.576
  - !!str 'ms'
  !!str 'To Device':
  - !!float 10.507
  - !!str 'ms'
  !!str 'To Host':
  - !!float 10.270
  - !!str 'ms'
  !!str 'Bandwidth (To Device)':
  - !!float 6472.004
  - !!str 'MB/s'
  !!str 'Bandwidth (To Host)':
  - !!float 6621.026
  - !!str 'MB/s'
!!str 'host':
  !!str 'Kernel':
  - !!float 0.029
  - !!str 'ms'
  !!str 'Local':
  - !!float 13.701
  - !!str 'ms'
  !!str 'To Device':
  - !!float 0.034
  - !!str 'ms'
  !!str 'To Host':
  - !!float 0.012
  - !!str 'ms'
  !!str 'Bandwidth (To Device)':
  - !!float 1983367.088
  - !!str 'MB/s'
  !!str 'Bandwidth (To Host)':
  - !!float 5703719.225
  - !!str 'MB/s'
!!str 'elapsed': [!!float 3.19, !!str 's']
---
!!str 'test':
  !!str 'name': !!str 'async-test'
  !!str 'size':
  - !!int 68
  - !!str 'MB'
  !!str 'kiter': !!int 100
!!str 'cuda':
  !!str 'Kernel':
  - !!float 24.583
  - !!str 'ms'
  !!str 'To Device':
  - !!float 10.434
  - !!str 'ms'
  !!str 'To Host':
  - !!float 10.274
  - !!str 'ms'
  !!str 'Bandwidth (To Device)':
  - !!float 6516.821
  - !!str 'MB/s'
  !!str 'Bandwidth (To Host)':
  - !!float 6618.902
  - !!str 'MB/s'
!!str 'host':
  !!str 'Kernel':
  - !!float 0.019
  - !!str 'ms'
  !!str 'Local':
  - !!float 9.344
  - !!str 'ms'
  !!str 'To Device':
  - !!float 0.023
  - !!str 'ms'
  !!str 'To Host':
  - !!float 0.007
  - !!str 'ms'
  !!str 'Bandwidth (To Device)':
  - !!float 2948817.892
  - !!str 'MB/s'
  !!str 'Bandwidth (To Host)':
  - !!float 10351612.209
  - !!str 'MB/s'
!!str 'elapsed': [!!float 3.17, !!str 's']
