---
!!str 'test':
  !!str 'name': !!str 'async-test'
  !!str 'size':
  - !!int 29
  - !!str 'MB'
  !!str 'kiter': !!int 100
!!str 'cuda':
  !!str 'Kernel':
  - !!float 10.484
  - !!str 'ms'
  !!str 'To Device':
  - !!float 4.474
  - !!str 'ms'
  !!str 'To Host':
  - !!float 4.407
  - !!str 'ms'
  !!str 'Bandwidth (To Device)':
  - !!float 6481.754
  - !!str 'MB/s'
  !!str 'Bandwidth (To Host)':
  - !!float 6580.021
  - !!str 'MB/s'
!!str 'host':
  !!str 'Kernel':
  - !!float 0.018
  - !!str 'ms'
  !!str 'Local':
  - !!float 4.009
  - !!str 'ms'
  !!str 'To Device':
  - !!float 0.023
  - !!str 'ms'
  !!str 'To Host':
  - !!float 0.007
  - !!str 'ms'
  !!str 'Bandwidth (To Device)':
  - !!float 1244407.808
  - !!str 'MB/s'
  !!str 'Bandwidth (To Host)':
  - !!float 4331542.878
  - !!str 'MB/s'
!!str 'elapsed': [!!float 3.12, !!str 's']
---
!!str 'test':
  !!str 'name': !!str 'async-test'
  !!str 'size':
  - !!int 29
  - !!str 'MB'
  !!str 'kiter': !!int 100
!!str 'cuda':
  !!str 'Kernel':
  - !!float 10.487
  - !!str 'ms'
  !!str 'To Device':
  - !!float 4.459
  - !!str 'ms'
  !!str 'To Host':
  - !!float 4.400
  - !!str 'ms'
  !!str 'Bandwidth (To Device)':
  - !!float 6503.710
  - !!str 'MB/s'
  !!str 'Bandwidth (To Host)':
  - !!float 6591.172
  - !!str 'MB/s'
!!str 'host':
  !!str 'Kernel':
  - !!float 0.019
  - !!str 'ms'
  !!str 'Local':
  - !!float 4.078
  - !!str 'ms'
  !!str 'To Device':
  - !!float 0.022
  - !!str 'ms'
  !!str 'To Host':
  - !!float 0.007
  - !!str 'ms'
  !!str 'Bandwidth (To Device)':
  - !!float 1318766.692
  - !!str 'MB/s'
  !!str 'Bandwidth (To Host)':
  - !!float 4330895.992
  - !!str 'MB/s'
!!str 'elapsed': [!!float 3.11, !!str 's']
---
!!str 'test':
  !!str 'name': !!str 'async-test'
  !!str 'size':
  - !!int 29
  - !!str 'MB'
  !!str 'kiter': !!int 100
!!str 'cuda':
  !!str 'Kernel':
  - !!float 10.488
  - !!str 'ms'
  !!str 'To Device':
  - !!float 4.446
  - !!str 'ms'
  !!str 'To Host':
  - !!float 4.406
  - !!str 'ms'
  !!str 'Bandwidth (To Device)':
  - !!float 6521.917
  - !!str 'MB/s'
  !!str 'Bandwidth (To Host)':
  - !!float 6582.458
  - !!str 'MB/s'
!!str 'host':
  !!str 'Kernel':
  - !!float 0.019
  - !!str 'ms'
  !!str 'Local':
  - !!float 4.025
  - !!str 'ms'
  !!str 'To Device':
  - !!float 0.024
  - !!str 'ms'
  !!str 'To Host':
  - !!float 0.007
  - !!str 'ms'
  !!str 'Bandwidth (To Device)':
  - !!float 1205607.365
  - !!str 'MB/s'
  !!str 'Bandwidth (To Host)':
  - !!float 4169016.614
  - !!str 'MB/s'
!!str 'elapsed': [!!float 3.12, !!str 's']
---
!!str 'test':
  !!str 'name': !!str 'async-test'
  !!str 'size':
  - !!int 29
  - !!str 'MB'
  !!str 'kiter': !!int 100
!!str 'cuda':
  !!str 'Kernel':
  - !!float 10.492
  - !!str 'ms'
  !!str 'To Device':
  - !!float 4.459
  - !!str 'ms'
  !!str 'To Host':
  - !!float 4.386
  - !!str 'ms'
  !!str 'Bandwidth (To Device)':
  - !!float 6503.010
  - !!str 'MB/s'
  !!str 'Bandwidth (To Host)':
  - !!float 6611.271
  - !!str 'MB/s'
!!str 'host':
  !!str 'Kernel':
  - !!float 0.018
  - !!str 'ms'
  !!str 'Local':
  - !!float 3.990
  - !!str 'ms'
  !!str 'To Device':
  - !!float 0.023
  - !!str 'ms'
  !!str 'To Host':
  - !!float 0.013
  - !!str 'ms'
  !!str 'Bandwidth (To Device)':
  - !!float 1287787.183
  - !!str 'MB/s'
  !!str 'Bandwidth (To Host)':
  - !!float 2186674.677
  - !!str 'MB/s'
!!str 'elapsed': [!!float 3.13, !!str 's']
---
!!str 'test':
  !!str 'name': !!str 'async-test'
  !!str 'size':
  - !!int 29
  - !!str 'MB'
  !!str 'kiter': !!int 100
!!str 'cuda':
  !!str 'Kernel':
  - !!float 10.487
  - !!str 'ms'
  !!str 'To Device':
  - !!float 4.452
  - !!str 'ms'
  !!str 'To Host':
  - !!float 4.419
  - !!str 'ms'
  !!str 'Bandwidth (To Device)':
  - !!float 6513.152
  - !!str 'MB/s'
  !!str 'Bandwidth (To Host)':
  - !!float 6562.439
  - !!str 'MB/s'
!!str 'host':
  !!str 'Kernel':
  - !!float 0.019
  - !!str 'ms'
  !!str 'Local':
  - !!float 3.990
  - !!str 'ms'
  !!str 'To Device':
  - !!float 0.023
  - !!str 'ms'
  !!str 'To Host':
  - !!float 0.007
  - !!str 'ms'
  !!str 'Bandwidth (To Device)':
  - !!float 1246815.408
  - !!str 'MB/s'
  !!str 'Bandwidth (To Host)':
  - !!float 4184054.186
  - !!str 'MB/s'
!!str 'elapsed': [!!float 3.11, !!str 's']
---
!!str 'test':
  !!str 'name': !!str 'async-test'
  !!str 'size':
  - !!int 29
  - !!str 'MB'
  !!str 'kiter': !!int 100
!!str 'cuda':
  !!str 'Kernel':
  - !!float 10.492
  - !!str 'ms'
  !!str 'To Device':
  - !!float 4.446
  - !!str 'ms'
  !!str 'To Host':
  - !!float 4.382
  - !!str 'ms'
  !!str 'Bandwidth (To Device)':
  - !!float 6522.293
  - !!str 'MB/s'
  !!str 'Bandwidth (To Host)':
  - !!float 6617.789
  - !!str 'MB/s'
!!str 'host':
  !!str 'Kernel':
  - !!float 0.031
  - !!str 'ms'
  !!str 'Local':
  - !!float 7.578
  - !!str 'ms'
  !!str 'To Device':
  - !!float 0.038
  - !!str 'ms'
  !!str 'To Host':
  - !!float 0.013
  - !!str 'ms'
  !!str 'Bandwidth (To Device)':
  - !!float 767451.228
  - !!str 'MB/s'
  !!str 'Bandwidth (To Host)':
  - !!float 2225267.002
  - !!str 'MB/s'
!!str 'elapsed': [!!float 3.15, !!str 's']
---
!!str 'test':
  !!str 'name': !!str 'async-test'
  !!str 'size':
  - !!int 29
  - !!str 'MB'
  !!str 'kiter': !!int 100
!!str 'cuda':
  !!str 'Kernel':
  - !!float 10.487
  - !!str 'ms'
  !!str 'To Device':
  - !!float 4.475
  - !!str 'ms'
  !!str 'To Host':
  - !!float 4.416
  - !!str 'ms'
  !!str 'Bandwidth (To Device)':
  - !!float 6480.920
  - !!str 'MB/s'
  !!str 'Bandwidth (To Host)':
  - !!float 6567.527
  - !!str 'MB/s'
!!str 'host':
  !!str 'Kernel':
  - !!float 0.032
  - !!str 'ms'
  !!str 'Local':
  - !!float 7.926
  - !!str 'ms'
  !!str 'To Device':
  - !!float 0.038
  - !!str 'ms'
  !!str 'To Host':
  - !!float 0.013
  - !!str 'ms'
  !!str 'Bandwidth (To Device)':
  - !!float 754846.155
  - !!str 'MB/s'
  !!str 'Bandwidth (To Host)':
  - !!float 2154988.450
  - !!str 'MB/s'
!!str 'elapsed': [!!float 3.15, !!str 's']
---
!!str 'test':
  !!str 'name': !!str 'async-test'
  !!str 'size':
  - !!int 29
  - !!str 'MB'
  !!str 'kiter': !!int 100
!!str 'cuda':
  !!str 'Kernel':
  - !!float 10.489
  - !!str 'ms'
  !!str 'To Device':
  - !!float 4.446
  - !!str 'ms'
  !!str 'To Host':
  - !!float 4.384
  - !!str 'ms'
  !!str 'Bandwidth (To Device)':
  - !!float 6523.372
  - !!str 'MB/s'
  !!str 'Bandwidth (To Host)':
  - !!float 6614.214
  - !!str 'MB/s'
!!str 'host':
  !!str 'Kernel':
  - !!float 0.028
  - !!str 'ms'
  !!str 'Local':
  - !!float 6.743
  - !!str 'ms'
  !!str 'To Device':
  - !!float 0.034
  - !!str 'ms'
  !!str 'To Host':
  - !!float 0.012
  - !!str 'ms'
  !!str 'Bandwidth (To Device)':
  - !!float 851604.251
  - !!str 'MB/s'
  !!str 'Bandwidth (To Host)':
  - !!float 2473320.219
  - !!str 'MB/s'
!!str 'elapsed': [!!float 3.15, !!str 's']
---
!!str 'test':
  !!str 'name': !!str 'async-test'
  !!str 'size':
  - !!int 29
  - !!str 'MB'
  !!str 'kiter': !!int 100
!!str 'cuda':
  !!str 'Kernel':
  - !!float 10.484
  - !!str 'ms'
  !!str 'To Device':
  - !!float 4.445
  - !!str 'ms'
  !!str 'To Host':
  - !!float 4.415
  - !!str 'ms'
  !!str 'Bandwidth (To Device)':
  - !!float 6523.748
  - !!str 'MB/s'
  !!str 'Bandwidth (To Host)':
  - !!float 6568.337
  - !!str 'MB/s'
!!str 'host':
  !!str 'Kernel':
  - !!float 0.019
  - !!str 'ms'
  !!str 'Local':
  - !!float 3.995
  - !!str 'ms'
  !!str 'To Device':
  - !!float 0.024
  - !!str 'ms'
  !!str 'To Host':
  - !!float 0.007
  - !!str 'ms'
  !!str 'Bandwidth (To Device)':
  - !!float 1225839.268
  - !!str 'MB/s'
  !!str 'Bandwidth (To Host)':
  - !!float 4242200.053
  - !!str 'MB/s'
!!str 'elapsed': [!!float 3.12, !!str 's']
---
!!str 'test':
  !!str 'name': !!str 'async-test'
  !!str 'size':
  - !!int 29
  - !!str 'MB'
  !!str 'kiter': !!int 100
!!str 'cuda':
  !!str 'Kernel':
  - !!float 10.487
  - !!str 'ms'
  !!str 'To Device':
  - !!float 4.480
  - !!str 'ms'
  !!str 'To Host':
  - !!float 4.406
  - !!str 'ms'
  !!str 'Bandwidth (To Device)':
  - !!float 6473.097
  - !!str 'MB/s'
  !!str 'Bandwidth (To Host)':
  - !!float 6582.363
  - !!str 'MB/s'
!!str 'host':
  !!str 'Kernel':
  - !!float 0.039
  - !!str 'ms'
  !!str 'Local':
  - !!float 3.998
  - !!str 'ms'
  !!str 'To Device':
  - !!float 0.024
  - !!str 'ms'
  !!str 'To Host':
  - !!float 0.007
  - !!str 'ms'
  !!str 'Bandwidth (To Device)':
  - !!float 1233189.299
  - !!str 'MB/s'
  !!str 'Bandwidth (To Host)':
  - !!float 3879036.860
  - !!str 'MB/s'
!!str 'elapsed': [!!float 3.12, !!str 's']
