---
!!str 'test':
  !!str 'name': !!str 'async-test'
  !!str 'size':
  - !!int 63
  - !!str 'MB'
  !!str 'kiter': !!int 100
!!str 'cuda':
  !!str 'Kernel':
  - !!float 22.777
  - !!str 'ms'
  !!str 'To Device':
  - !!float 9.657
  - !!str 'ms'
  !!str 'To Host':
  - !!float 9.517
  - !!str 'ms'
  !!str 'Bandwidth (To Device)':
  - !!float 6523.789
  - !!str 'MB/s'
  !!str 'Bandwidth (To Host)':
  - !!float 6620.026
  - !!str 'MB/s'
!!str 'host':
  !!str 'Kernel':
  - !!float 0.020
  - !!str 'ms'
  !!str 'Local':
  - !!float 8.658
  - !!str 'ms'
  !!str 'To Device':
  - !!float 0.024
  - !!str 'ms'
  !!str 'To Host':
  - !!float 0.007
  - !!str 'ms'
  !!str 'Bandwidth (To Device)':
  - !!float 2618870.705
  - !!str 'MB/s'
  !!str 'Bandwidth (To Host)':
  - !!float 8771867.680
  - !!str 'MB/s'
!!str 'elapsed': [!!float 3.17, !!str 's']
---
!!str 'test':
  !!str 'name': !!str 'async-test'
  !!str 'size':
  - !!int 63
  - !!str 'MB'
  !!str 'kiter': !!int 100
!!str 'cuda':
  !!str 'Kernel':
  - !!float 22.767
  - !!str 'ms'
  !!str 'To Device':
  - !!float 9.649
  - !!str 'ms'
  !!str 'To Host':
  - !!float 9.531
  - !!str 'ms'
  !!str 'Bandwidth (To Device)':
  - !!float 6529.198
  - !!str 'MB/s'
  !!str 'Bandwidth (To Host)':
  - !!float 6610.023
  - !!str 'MB/s'
!!str 'host':
  !!str 'Kernel':
  - !!float 0.019
  - !!str 'ms'
  !!str 'Local':
  - !!float 8.665
  - !!str 'ms'
  !!str 'To Device':
  - !!float 0.023
  - !!str 'ms'
  !!str 'To Host':
  - !!float 0.007
  - !!str 'ms'
  !!str 'Bandwidth (To Device)':
  - !!float 2727489.552
  - !!str 'MB/s'
  !!str 'Bandwidth (To Host)':
  - !!float 9302946.497
  - !!str 'MB/s'
!!str 'elapsed': [!!float 3.15, !!str 's']
---
!!str 'test':
  !!str 'name': !!str 'async-test'
  !!str 'size':
  - !!int 63
  - !!str 'MB'
  !!str 'kiter': !!int 100
!!str 'cuda':
  !!str 'Kernel':
  - !!float 22.765
  - !!str 'ms'
  !!str 'To Device':
  - !!float 9.649
  - !!str 'ms'
  !!str 'To Host':
  - !!float 9.523
  - !!str 'ms'
  !!str 'Bandwidth (To Device)':
  - !!float 6529.306
  - !!str 'MB/s'
  !!str 'Bandwidth (To Host)':
  - !!float 6615.532
  - !!str 'MB/s'
!!str 'host':
  !!str 'Kernel':
  - !!float 0.030
  - !!str 'ms'
  !!str 'Local':
  - !!float 14.192
  - !!str 'ms'
  !!str 'To Device':
  - !!float 0.049
  - !!str 'ms'
  !!str 'To Host':
  - !!float 0.013
  - !!str 'ms'
  !!str 'Bandwidth (To Device)':
  - !!float 1296687.325
  - !!str 'MB/s'
  !!str 'Bandwidth (To Host)':
  - !!float 4907271.669
  - !!str 'MB/s'
!!str 'elapsed': [!!float 3.20, !!str 's']
---
!!str 'test':
  !!str 'name': !!str 'async-test'
  !!str 'size':
  - !!int 63
  - !!str 'MB'
  !!str 'kiter': !!int 100
!!str 'cuda':
  !!str 'Kernel':
  - !!float 22.774
  - !!str 'ms'
  !!str 'To Device':
  - !!float 9.705
  - !!str 'ms'
  !!str 'To Host':
  - !!float 9.524
  - !!str 'ms'
  !!str 'Bandwidth (To Device)':
  - !!float 6491.159
  - !!str 'MB/s'
  !!str 'Bandwidth (To Host)':
  - !!float 6615.021
  - !!str 'MB/s'
!!str 'host':
  !!str 'Kernel':
  - !!float 0.027
  - !!str 'ms'
  !!str 'Local':
  - !!float 11.901
  - !!str 'ms'
  !!str 'To Device':
  - !!float 0.032
  - !!str 'ms'
  !!str 'To Host':
  - !!float 0.011
  - !!str 'ms'
  !!str 'Bandwidth (To Device)':
  - !!float 1982427.190
  - !!str 'MB/s'
  !!str 'Bandwidth (To Host)':
  - !!float 5887808.755
  - !!str 'MB/s'
!!str 'elapsed': [!!float 3.16, !!str 's']
---
!!str 'test':
  !!str 'name': !!str 'async-test'
  !!str 'size':
  - !!int 63
  - !!str 'MB'
  !!str 'kiter': !!int 100
!!str 'cuda':
  !!str 'Kernel':
  - !!float 22.774
  - !!str 'ms'
  !!str 'To Device':
  - !!float 9.655
  - !!str 'ms'
  !!str 'To Host':
  - !!float 9.508
  - !!str 'ms'
  !!str 'Bandwidth (To Device)':
  - !!float 6524.762
  - !!str 'MB/s'
  !!str 'Bandwidth (To Host)':
  - !!float 6626.019
  - !!str 'MB/s'
!!str 'host':
  !!str 'Kernel':
  - !!float 0.022
  - !!str 'ms'
  !!str 'Local':
  - !!float 8.656
  - !!str 'ms'
  !!str 'To Device':
  - !!float 0.023
  - !!str 'ms'
  !!str 'To Host':
  - !!float 0.007
  - !!str 'ms'
  !!str 'Bandwidth (To Device)':
  - !!float 2737444.759
  - !!str 'MB/s'
  !!str 'Bandwidth (To Host)':
  - !!float 8922185.764
  - !!str 'MB/s'
!!str 'elapsed': [!!float 3.17, !!str 's']
---
!!str 'test':
  !!str 'name': !!str 'async-test'
  !!str 'size':
  - !!int 63
  - !!str 'MB'
  !!str 'kiter': !!int 100
!!str 'cuda':
  !!str 'Kernel':
  - !!float 22.770
  - !!str 'ms'
  !!str 'To Device':
  - !!float 9.684
  - !!str 'ms'
  !!str 'To Host':
  - !!float 9.517
  - !!str 'ms'
  !!str 'Bandwidth (To Device)':
  - !!float 6505.380
  - !!str 'MB/s'
  !!str 'Bandwidth (To Host)':
  - !!float 6619.380
  - !!str 'MB/s'
!!str 'host':
  !!str 'Kernel':
  - !!float 0.018
  - !!str 'ms'
  !!str 'Local':
  - !!float 8.655
  - !!str 'ms'
  !!str 'To Device':
  - !!float 0.024
  - !!str 'ms'
  !!str 'To Host':
  - !!float 0.007
  - !!str 'ms'
  !!str 'Bandwidth (To Device)':
  - !!float 2670264.641
  - !!str 'MB/s'
  !!str 'Bandwidth (To Host)':
  - !!float 8895729.127
  - !!str 'MB/s'
!!str 'elapsed': [!!float 3.16, !!str 's']
---
!!str 'test':
  !!str 'name': !!str 'async-test'
  !!str 'size':
  - !!int 63
  - !!str 'MB'
  !!str 'kiter': !!int 100
!!str 'cuda':
  !!str 'Kernel':
  - !!float 22.766
  - !!str 'ms'
  !!str 'To Device':
  - !!float 9.678
  - !!str 'ms'
  !!str 'To Host':
  - !!float 9.524
  - !!str 'ms'
  !!str 'Bandwidth (To Device)':
  - !!float 6509.510
  - !!str 'MB/s'
  !!str 'Bandwidth (To Host)':
  - !!float 6614.754
  - !!str 'MB/s'
!!str 'host':
  !!str 'Kernel':
  - !!float 0.030
  - !!str 'ms'
  !!str 'Local':
  - !!float 13.612
  - !!str 'ms'
  !!str 'To Device':
  - !!float 0.036
  - !!str 'ms'
  !!str 'To Host':
  - !!float 0.013
  - !!str 'ms'
  !!str 'Bandwidth (To Device)':
  - !!float 1731137.439
  - !!str 'MB/s'
  !!str 'Bandwidth (To Host)':
  - !!float 4935335.188
  - !!str 'MB/s'
!!str 'elapsed': [!!float 3.15, !!str 's']
---
!!str 'test':
  !!str 'name': !!str 'async-test'
  !!str 'size':
  - !!int 63
  - !!str 'MB'
  !!str 'kiter': !!int 100
!!str 'cuda':
  !!str 'Kernel':
  - !!float 22.764
  - !!str 'ms'
  !!str 'To Device':
  - !!float 9.655
  - !!str 'ms'
  !!str 'To Host':
  - !!float 9.523
  - !!str 'ms'
  !!str 'Bandwidth (To Device)':
  - !!float 6524.806
  - !!str 'MB/s'
  !!str 'Bandwidth (To Host)':
  - !!float 6615.821
  - !!str 'MB/s'
!!str 'host':
  !!str 'Kernel':
  - !!float 0.030
  - !!str 'ms'
  !!str 'Local':
  - !!float 13.987
  - !!str 'ms'
  !!str 'To Device':
  - !!float 0.037
  - !!str 'ms'
  !!str 'To Host':
  - !!float 0.012
  - !!str 'ms'
  !!str 'Bandwidth (To Device)':
  - !!float 1700346.919
  - !!str 'MB/s'
  !!str 'Bandwidth (To Host)':
  - !!float 5052089.309
  - !!str 'MB/s'
!!str 'elapsed': [!!float 3.20, !!str 's']
---
!!str 'test':
  !!str 'name': !!str 'async-test'
  !!str 'size':
  - !!int 63
  - !!str 'MB'
  !!str 'kiter': !!int 100
!!str 'cuda':
  !!str 'Kernel':
  - !!float 22.762
  - !!str 'ms'
  !!str 'To Device':
  - !!float 9.684
  - !!str 'ms'
  !!str 'To Host':
  - !!float 9.522
  - !!str 'ms'
  !!str 'Bandwidth (To Device)':
  - !!float 6505.444
  - !!str 'MB/s'
  !!str 'Bandwidth (To Host)':
  - !!float 6616.466
  - !!str 'MB/s'
!!str 'host':
  !!str 'Kernel':
  - !!float 0.029
  - !!str 'ms'
  !!str 'Local':
  - !!float 13.073
  - !!str 'ms'
  !!str 'To Device':
  - !!float 0.036
  - !!str 'ms'
  !!str 'To Host':
  - !!float 0.012
  - !!str 'ms'
  !!str 'Bandwidth (To Device)':
  - !!float 1751398.451
  - !!str 'MB/s'
  !!str 'Bandwidth (To Host)':
  - !!float 5317764.302
  - !!str 'MB/s'
!!str 'elapsed': [!!float 3.19, !!str 's']
---
!!str 'test':
  !!str 'name': !!str 'async-test'
  !!str 'size':
  - !!int 63
  - !!str 'MB'
  !!str 'kiter': !!int 100
!!str 'cuda':
  !!str 'Kernel':
  - !!float 22.759
  - !!str 'ms'
  !!str 'To Device':
  - !!float 9.740
  - !!str 'ms'
  !!str 'To Host':
  - !!float 9.508
  - !!str 'ms'
  !!str 'Bandwidth (To Device)':
  - !!float 6468.424
  - !!str 'MB/s'
  !!str 'Bandwidth (To Host)':
  - !!float 6625.930
  - !!str 'MB/s'
!!str 'host':
  !!str 'Kernel':
  - !!float 0.019
  - !!str 'ms'
  !!str 'Local':
  - !!float 8.660
  - !!str 'ms'
  !!str 'To Device':
  - !!float 0.023
  - !!str 'ms'
  !!str 'To Host':
  - !!float 0.007
  - !!str 'ms'
  !!str 'Bandwidth (To Device)':
  - !!float 2789565.785
  - !!str 'MB/s'
  !!str 'Bandwidth (To Host)':
  - !!float 9365178.189
  - !!str 'MB/s'
!!str 'elapsed': [!!float 3.15, !!str 's']
