---
!!str 'test':
  !!str 'name': !!str 'async-test'
  !!str 'size':
  - !!int 10
  - !!str 'MB'
  !!str 'kiter': !!int 100
!!str 'cuda':
  !!str 'Kernel':
  - !!float 3.625
  - !!str 'ms'
  !!str 'To Device':
  - !!float 1.539
  - !!str 'ms'
  !!str 'To Host':
  - !!float 1.524
  - !!str 'ms'
  !!str 'Bandwidth (To Device)':
  - !!float 6499.168
  - !!str 'MB/s'
  !!str 'Bandwidth (To Host)':
  - !!float 6561.398
  - !!str 'MB/s'
!!str 'host':
  !!str 'Kernel':
  - !!float 0.032
  - !!str 'ms'
  !!str 'Local':
  - !!float 3.033
  - !!str 'ms'
  !!str 'To Device':
  - !!float 0.040
  - !!str 'ms'
  !!str 'To Host':
  - !!float 0.014
  - !!str 'ms'
  !!str 'Bandwidth (To Device)':
  - !!float 250836.847
  - !!str 'MB/s'
  !!str 'Bandwidth (To Host)':
  - !!float 694930.856
  - !!str 'MB/s'
!!str 'elapsed': [!!float 3.12, !!str 's']
---
!!str 'test':
  !!str 'name': !!str 'async-test'
  !!str 'size':
  - !!int 10
  - !!str 'MB'
  !!str 'kiter': !!int 100
!!str 'cuda':
  !!str 'Kernel':
  - !!float 3.627
  - !!str 'ms'
  !!str 'To Device':
  - !!float 1.536
  - !!str 'ms'
  !!str 'To Host':
  - !!float 1.520
  - !!str 'ms'
  !!str 'Bandwidth (To Device)':
  - !!float 6510.000
  - !!str 'MB/s'
  !!str 'Bandwidth (To Host)':
  - !!float 6577.557
  - !!str 'MB/s'
!!str 'host':
  !!str 'Kernel':
  - !!float 0.019
  - !!str 'ms'
  !!str 'Local':
  - !!float 1.493
  - !!str 'ms'
  !!str 'To Device':
  - !!float 0.024
  - !!str 'ms'
  !!str 'To Host':
  - !!float 0.007
  - !!str 'ms'
  !!str 'Bandwidth (To Device)':
  - !!float 423056.358
  - !!str 'MB/s'
  !!str 'Bandwidth (To Host)':
  - !!float 1378081.599
  - !!str 'MB/s'
!!str 'elapsed': [!!float 3.09, !!str 's']
---
!!str 'test':
  !!str 'name': !!str 'async-test'
  !!str 'size':
  - !!int 10
  - !!str 'MB'
  !!str 'kiter': !!int 100
!!str 'cuda':
  !!str 'Kernel':
  - !!float 3.626
  - !!str 'ms'
  !!str 'To Device':
  - !!float 1.538
  - !!str 'ms'
  !!str 'To Host':
  - !!float 1.554
  - !!str 'ms'
  !!str 'Bandwidth (To Device)':
  - !!float 6500.114
  - !!str 'MB/s'
  !!str 'Bandwidth (To Host)':
  - !!float 6436.649
  - !!str 'MB/s'
!!str 'host':
  !!str 'Kernel':
  - !!float 0.032
  - !!str 'ms'
  !!str 'Local':
  - !!float 3.024
  - !!str 'ms'
  !!str 'To Device':
  - !!float 0.039
  - !!str 'ms'
  !!str 'To Host':
  - !!float 0.014
  - !!str 'ms'
  !!str 'Bandwidth (To Device)':
  - !!float 257039.743
  - !!str 'MB/s'
  !!str 'Bandwidth (To Host)':
  - !!float 712814.377
  - !!str 'MB/s'
!!str 'elapsed': [!!float 3.15, !!str 's']
---
!!str 'test':
  !!str 'name': !!str 'async-test'
  !!str 'size':
  - !!int 10
  - !!str 'MB'
  !!str 'kiter': !!int 100
!!str 'cuda':
  !!str 'Kernel':
  - !!float 3.626
  - !!str 'ms'
  !!str 'To Device':
  - !!float 1.566
  - !!str 'ms'
  !!str 'To Host':
  - !!float 1.532
  - !!str 'ms'
  !!str 'Bandwidth (To Device)':
  - !!float 6384.570
  - !!str 'MB/s'
  !!str 'Bandwidth (To Host)':
  - !!float 6525.907
  - !!str 'MB/s'
!!str 'host':
  !!str 'Kernel':
  - !!float 0.019
  - !!str 'ms'
  !!str 'Local':
  - !!float 1.459
  - !!str 'ms'
  !!str 'To Device':
  - !!float 0.024
  - !!str 'ms'
  !!str 'To Host':
  - !!float 0.007
  - !!str 'ms'
  !!str 'Bandwidth (To Device)':
  - !!float 420512.220
  - !!str 'MB/s'
  !!str 'Bandwidth (To Host)':
  - !!float 1391312.103
  - !!str 'MB/s'
!!str 'elapsed': [!!float 3.08, !!str 's']
---
!!str 'test':
  !!str 'name': !!str 'async-test'
  !!str 'size':
  - !!int 10
  - !!str 'MB'
  !!str 'kiter': !!int 100
!!str 'cuda':
  !!str 'Kernel':
  - !!float 3.626
  - !!str 'ms'
  !!str 'To Device':
  - !!float 1.538
  - !!str 'ms'
  !!str 'To Host':
  - !!float 1.519
  - !!str 'ms'
  !!str 'Bandwidth (To Device)':
  - !!float 6500.114
  - !!str 'MB/s'
  !!str 'Bandwidth (To Host)':
  - !!float 6581.574
  - !!str 'MB/s'
!!str 'host':
  !!str 'Kernel':
  - !!float 0.032
  - !!str 'ms'
  !!str 'Local':
  - !!float 2.867
  - !!str 'ms'
  !!str 'To Device':
  - !!float 0.040
  - !!str 'ms'
  !!str 'To Host':
  - !!float 0.014
  - !!str 'ms'
  !!str 'Bandwidth (To Device)':
  - !!float 248079.988
  - !!str 'MB/s'
  !!str 'Bandwidth (To Host)':
  - !!float 709073.896
  - !!str 'MB/s'
!!str 'elapsed': [!!float 3.14, !!str 's']
---
!!str 'test':
  !!str 'name': !!str 'async-test'
  !!str 'size':
  - !!int 10
  - !!str 'MB'
  !!str 'kiter': !!int 100
!!str 'cuda':
  !!str 'Kernel':
  - !!float 3.626
  - !!str 'ms'
  !!str 'To Device':
  - !!float 1.559
  - !!str 'ms'
  !!str 'To Host':
  - !!float 1.511
  - !!str 'ms'
  !!str 'Bandwidth (To Device)':
  - !!float 6412.345
  - !!str 'MB/s'
  !!str 'Bandwidth (To Host)':
  - !!float 6615.854
  - !!str 'MB/s'
!!str 'host':
  !!str 'Kernel':
  - !!float 0.021
  - !!str 'ms'
  !!str 'Local':
  - !!float 1.769
  - !!str 'ms'
  !!str 'To Device':
  - !!float 0.026
  - !!str 'ms'
  !!str 'To Host':
  - !!float 0.008
  - !!str 'ms'
  !!str 'Bandwidth (To Device)':
  - !!float 383264.089
  - !!str 'MB/s'
  !!str 'Bandwidth (To Host)':
  - !!float 1214103.944
  - !!str 'MB/s'
!!str 'elapsed': [!!float 3.11, !!str 's']
---
!!str 'test':
  !!str 'name': !!str 'async-test'
  !!str 'size':
  - !!int 10
  - !!str 'MB'
  !!str 'kiter': !!int 100
!!str 'cuda':
  !!str 'Kernel':
  - !!float 3.625
  - !!str 'ms'
  !!str 'To Device':
  - !!float 1.536
  - !!str 'ms'
  !!str 'To Host':
  - !!float 1.532
  - !!str 'ms'
  !!str 'Bandwidth (To Device)':
  - !!float 6510.407
  - !!str 'MB/s'
  !!str 'Bandwidth (To Host)':
  - !!float 6527.134
  - !!str 'MB/s'
!!str 'host':
  !!str 'Kernel':
  - !!float 0.026
  - !!str 'ms'
  !!str 'Local':
  - !!float 2.233
  - !!str 'ms'
  !!str 'To Device':
  - !!float 0.032
  - !!str 'ms'
  !!str 'To Host':
  - !!float 0.010
  - !!str 'ms'
  !!str 'Bandwidth (To Device)':
  - !!float 317329.189
  - !!str 'MB/s'
  !!str 'Bandwidth (To Host)':
  - !!float 958527.615
  - !!str 'MB/s'
!!str 'elapsed': [!!float 3.10, !!str 's']
---
!!str 'test':
  !!str 'name': !!str 'async-test'
  !!str 'size':
  - !!int 10
  - !!str 'MB'
  !!str 'kiter': !!int 100
!!str 'cuda':
  !!str 'Kernel':
  - !!float 3.628
  - !!str 'ms'
  !!str 'To Device':
  - !!float 1.553
  - !!str 'ms'
  !!str 'To Host':
  - !!float 1.525
  - !!str 'ms'
  !!str 'Bandwidth (To Device)':
  - !!float 6439.435
  - !!str 'MB/s'
  !!str 'Bandwidth (To Host)':
  - !!float 6558.919
  - !!str 'MB/s'
!!str 'host':
  !!str 'Kernel':
  - !!float 0.033
  - !!str 'ms'
  !!str 'Local':
  - !!float 3.028
  - !!str 'ms'
  !!str 'To Device':
  - !!float 0.022
  - !!str 'ms'
  !!str 'To Host':
  - !!float 0.014
  - !!str 'ms'
  !!str 'Bandwidth (To Device)':
  - !!float 448542.596
  - !!str 'MB/s'
  !!str 'Bandwidth (To Host)':
  - !!float 712357.347
  - !!str 'MB/s'
!!str 'elapsed': [!!float 3.14, !!str 's']
---
!!str 'test':
  !!str 'name': !!str 'async-test'
  !!str 'size':
  - !!int 10
  - !!str 'MB'
  !!str 'kiter': !!int 100
!!str 'cuda':
  !!str 'Kernel':
  - !!float 3.628
  - !!str 'ms'
  !!str 'To Device':
  - !!float 1.552
  - !!str 'ms'
  !!str 'To Host':
  - !!float 1.531
  - !!str 'ms'
  !!str 'Bandwidth (To Device)':
  - !!float 6441.426
  - !!str 'MB/s'
  !!str 'Bandwidth (To Host)':
  - !!float 6531.500
  - !!str 'MB/s'
!!str 'host':
  !!str 'Kernel':
  - !!float 0.018
  - !!str 'ms'
  !!str 'Local':
  - !!float 1.376
  - !!str 'ms'
  !!str 'To Device':
  - !!float 0.022
  - !!str 'ms'
  !!str 'To Host':
  - !!float 0.007
  - !!str 'ms'
  !!str 'Bandwidth (To Device)':
  - !!float 459402.742
  - !!str 'MB/s'
  !!str 'Bandwidth (To Host)':
  - !!float 1481167.247
  - !!str 'MB/s'
!!str 'elapsed': [!!float 3.08, !!str 's']
---
!!str 'test':
  !!str 'name': !!str 'async-test'
  !!str 'size':
  - !!int 10
  - !!str 'MB'
  !!str 'kiter': !!int 100
!!str 'cuda':
  !!str 'Kernel':
  - !!float 3.624
  - !!str 'ms'
  !!str 'To Device':
  - !!float 1.537
  - !!str 'ms'
  !!str 'To Host':
  - !!float 1.526
  - !!str 'ms'
  !!str 'Bandwidth (To Device)':
  - !!float 6505.257
  - !!str 'MB/s'
  !!str 'Bandwidth (To Host)':
  - !!float 6551.905
  - !!str 'MB/s'
!!str 'host':
  !!str 'Kernel':
  - !!float 0.032
  - !!str 'ms'
  !!str 'Local':
  - !!float 3.028
  - !!str 'ms'
  !!str 'To Device':
  - !!float 0.040
  - !!str 'ms'
  !!str 'To Host':
  - !!float 0.014
  - !!str 'ms'
  !!str 'Bandwidth (To Device)':
  - !!float 249665.678
  - !!str 'MB/s'
  !!str 'Bandwidth (To Host)':
  - !!float 697840.748
  - !!str 'MB/s'
!!str 'elapsed': [!!float 3.12, !!str 's']
