---
!!str 'test':
  !!str 'name': !!str 'async-test'
  !!str 'size':
  - !!int 99
  - !!str 'MB'
  !!str 'kiter': !!int 100
!!str 'cuda':
  !!str 'Kernel':
  - !!float 35.771
  - !!str 'ms'
  !!str 'To Device':
  - !!float 15.187
  - !!str 'ms'
  !!str 'To Host':
  - !!float 14.952
  - !!str 'ms'
  !!str 'Bandwidth (To Device)':
  - !!float 6518.546
  - !!str 'MB/s'
  !!str 'Bandwidth (To Host)':
  - !!float 6621.027
  - !!str 'MB/s'
!!str 'host':
  !!str 'Kernel':
  - !!float 0.026
  - !!str 'ms'
  !!str 'Local':
  - !!float 17.344
  - !!str 'ms'
  !!str 'To Device':
  - !!float 0.033
  - !!str 'ms'
  !!str 'To Host':
  - !!float 0.011
  - !!str 'ms'
  !!str 'Bandwidth (To Device)':
  - !!float 3003528.355
  - !!str 'MB/s'
  !!str 'Bandwidth (To Host)':
  - !!float 8968952.536
  - !!str 'MB/s'
!!str 'elapsed': [!!float 3.22, !!str 's']
---
!!str 'test':
  !!str 'name': !!str 'async-test'
  !!str 'size':
  - !!int 99
  - !!str 'MB'
  !!str 'kiter': !!int 100
!!str 'cuda':
  !!str 'Kernel':
  - !!float 35.750
  - !!str 'ms'
  !!str 'To Device':
  - !!float 15.159
  - !!str 'ms'
  !!str 'To Host':
  - !!float 14.946
  - !!str 'ms'
  !!str 'Bandwidth (To Device)':
  - !!float 6530.627
  - !!str 'MB/s'
  !!str 'Bandwidth (To Host)':
  - !!float 6623.622
  - !!str 'MB/s'
!!str 'host':
  !!str 'Kernel':
  - !!float 0.018
  - !!str 'ms'
  !!str 'Local':
  - !!float 13.607
  - !!str 'ms'
  !!str 'To Device':
  - !!float 0.023
  - !!str 'ms'
  !!str 'To Host':
  - !!float 0.007
  - !!str 'ms'
  !!str 'Bandwidth (To Device)':
  - !!float 4273473.975
  - !!str 'MB/s'
  !!str 'Bandwidth (To Host)':
  - !!float 14793678.735
  - !!str 'MB/s'
!!str 'elapsed': [!!float 3.17, !!str 's']
---
!!str 'test':
  !!str 'name': !!str 'async-test'
  !!str 'size':
  - !!int 99
  - !!str 'MB'
  !!str 'kiter': !!int 100
!!str 'cuda':
  !!str 'Kernel':
  - !!float 35.762
  - !!str 'ms'
  !!str 'To Device':
  - !!float 15.241
  - !!str 'ms'
  !!str 'To Host':
  - !!float 14.962
  - !!str 'ms'
  !!str 'Bandwidth (To Device)':
  - !!float 6495.758
  - !!str 'MB/s'
  !!str 'Bandwidth (To Host)':
  - !!float 6616.864
  - !!str 'MB/s'
!!str 'host':
  !!str 'Kernel':
  - !!float 0.019
  - !!str 'ms'
  !!str 'Local':
  - !!float 13.600
  - !!str 'ms'
  !!str 'To Device':
  - !!float 0.024
  - !!str 'ms'
  !!str 'To Host':
  - !!float 0.007
  - !!str 'ms'
  !!str 'Bandwidth (To Device)':
  - !!float 4148478.801
  - !!str 'MB/s'
  !!str 'Bandwidth (To Host)':
  - !!float 13805508.032
  - !!str 'MB/s'
!!str 'elapsed': [!!float 3.17, !!str 's']
---
!!str 'test':
  !!str 'name': !!str 'async-test'
  !!str 'size':
  - !!int 99
  - !!str 'MB'
  !!str 'kiter': !!int 100
!!str 'cuda':
  !!str 'Kernel':
  - !!float 35.763
  - !!str 'ms'
  !!str 'To Device':
  - !!float 15.165
  - !!str 'ms'
  !!str 'To Host':
  - !!float 14.949
  - !!str 'ms'
  !!str 'Bandwidth (To Device)':
  - !!float 6528.174
  - !!str 'MB/s'
  !!str 'Bandwidth (To Host)':
  - !!float 6622.629
  - !!str 'MB/s'
!!str 'host':
  !!str 'Kernel':
  - !!float 0.018
  - !!str 'ms'
  !!str 'Local':
  - !!float 13.603
  - !!str 'ms'
  !!str 'To Device':
  - !!float 0.023
  - !!str 'ms'
  !!str 'To Host':
  - !!float 0.007
  - !!str 'ms'
  !!str 'Bandwidth (To Device)':
  - !!float 4261700.305
  - !!str 'MB/s'
  !!str 'Bandwidth (To Host)':
  - !!float 13875164.414
  - !!str 'MB/s'
!!str 'elapsed': [!!float 3.21, !!str 's']
---
!!str 'test':
  !!str 'name': !!str 'async-test'
  !!str 'size':
  - !!int 99
  - !!str 'MB'
  !!str 'kiter': !!int 100
!!str 'cuda':
  !!str 'Kernel':
  - !!float 35.761
  - !!str 'ms'
  !!str 'To Device':
  - !!float 15.172
  - !!str 'ms'
  !!str 'To Host':
  - !!float 14.941
  - !!str 'ms'
  !!str 'Bandwidth (To Device)':
  - !!float 6525.325
  - !!str 'MB/s'
  !!str 'Bandwidth (To Host)':
  - !!float 6626.189
  - !!str 'MB/s'
!!str 'host':
  !!str 'Kernel':
  - !!float 0.018
  - !!str 'ms'
  !!str 'Local':
  - !!float 13.612
  - !!str 'ms'
  !!str 'To Device':
  - !!float 0.024
  - !!str 'ms'
  !!str 'To Host':
  - !!float 0.007
  - !!str 'ms'
  !!str 'Bandwidth (To Device)':
  - !!float 4200759.456
  - !!str 'MB/s'
  !!str 'Bandwidth (To Host)':
  - !!float 14543748.802
  - !!str 'MB/s'
!!str 'elapsed': [!!float 3.21, !!str 's']
---
!!str 'test':
  !!str 'name': !!str 'async-test'
  !!str 'size':
  - !!int 99
  - !!str 'MB'
  !!str 'kiter': !!int 100
!!str 'cuda':
  !!str 'Kernel':
  - !!float 35.778
  - !!str 'ms'
  !!str 'To Device':
  - !!float 15.158
  - !!str 'ms'
  !!str 'To Host':
  - !!float 14.939
  - !!str 'ms'
  !!str 'Bandwidth (To Device)':
  - !!float 6531.193
  - !!str 'MB/s'
  !!str 'Bandwidth (To Host)':
  - !!float 6626.899
  - !!str 'MB/s'
!!str 'host':
  !!str 'Kernel':
  - !!float 0.017
  - !!str 'ms'
  !!str 'Local':
  - !!float 13.604
  - !!str 'ms'
  !!str 'To Device':
  - !!float 0.023
  - !!str 'ms'
  !!str 'To Host':
  - !!float 0.006
  - !!str 'ms'
  !!str 'Bandwidth (To Device)':
  - !!float 4261333.424
  - !!str 'MB/s'
  !!str 'Bandwidth (To Host)':
  - !!float 15287105.944
  - !!str 'MB/s'
!!str 'elapsed': [!!float 3.20, !!str 's']
---
!!str 'test':
  !!str 'name': !!str 'async-test'
  !!str 'size':
  - !!int 99
  - !!str 'MB'
  !!str 'kiter': !!int 100
!!str 'cuda':
  !!str 'Kernel':
  - !!float 35.771
  - !!str 'ms'
  !!str 'To Device':
  - !!float 15.201
  - !!str 'ms'
  !!str 'To Host':
  - !!float 14.946
  - !!str 'ms'
  !!str 'Bandwidth (To Device)':
  - !!float 6512.714
  - !!str 'MB/s'
  !!str 'Bandwidth (To Host)':
  - !!float 6623.749
  - !!str 'MB/s'
!!str 'host':
  !!str 'Kernel':
  - !!float 0.017
  - !!str 'ms'
  !!str 'Local':
  - !!float 13.655
  - !!str 'ms'
  !!str 'To Device':
  - !!float 0.022
  - !!str 'ms'
  !!str 'To Host':
  - !!float 0.007
  - !!str 'ms'
  !!str 'Bandwidth (To Device)':
  - !!float 4453810.424
  - !!str 'MB/s'
  !!str 'Bandwidth (To Host)':
  - !!float 14907287.772
  - !!str 'MB/s'
!!str 'elapsed': [!!float 3.17, !!str 's']
---
!!str 'test':
  !!str 'name': !!str 'async-test'
  !!str 'size':
  - !!int 99
  - !!str 'MB'
  !!str 'kiter': !!int 100
!!str 'cuda':
  !!str 'Kernel':
  - !!float 35.778
  - !!str 'ms'
  !!str 'To Device':
  - !!float 15.353
  - !!str 'ms'
  !!str 'To Host':
  - !!float 14.948
  - !!str 'ms'
  !!str 'Bandwidth (To Device)':
  - !!float 6448.061
  - !!str 'MB/s'
  !!str 'Bandwidth (To Host)':
  - !!float 6622.700
  - !!str 'MB/s'
!!str 'host':
  !!str 'Kernel':
  - !!float 0.018
  - !!str 'ms'
  !!str 'Local':
  - !!float 13.611
  - !!str 'ms'
  !!str 'To Device':
  - !!float 0.023
  - !!str 'ms'
  !!str 'To Host':
  - !!float 0.007
  - !!str 'ms'
  !!str 'Bandwidth (To Device)':
  - !!float 4309938.968
  - !!str 'MB/s'
  !!str 'Bandwidth (To Host)':
  - !!float 15075270.001
  - !!str 'MB/s'
!!str 'elapsed': [!!float 3.18, !!str 's']
---
!!str 'test':
  !!str 'name': !!str 'async-test'
  !!str 'size':
  - !!int 99
  - !!str 'MB'
  !!str 'kiter': !!int 100
!!str 'cuda':
  !!str 'Kernel':
  - !!float 35.764
  - !!str 'ms'
  !!str 'To Device':
  - !!float 15.251
  - !!str 'ms'
  !!str 'To Host':
  - !!float 14.955
  - !!str 'ms'
  !!str 'Bandwidth (To Device)':
  - !!float 6491.314
  - !!str 'MB/s'
  !!str 'Bandwidth (To Host)':
  - !!float 6619.738
  - !!str 'MB/s'
!!str 'host':
  !!str 'Kernel':
  - !!float 0.028
  - !!str 'ms'
  !!str 'Local':
  - !!float 18.954
  - !!str 'ms'
  !!str 'To Device':
  - !!float 0.035
  - !!str 'ms'
  !!str 'To Host':
  - !!float 0.012
  - !!str 'ms'
  !!str 'Bandwidth (To Device)':
  - !!float 2799991.461
  - !!str 'MB/s'
  !!str 'Bandwidth (To Host)':
  - !!float 8130023.659
  - !!str 'MB/s'
!!str 'elapsed': [!!float 3.21, !!str 's']
---
!!str 'test':
  !!str 'name': !!str 'async-test'
  !!str 'size':
  - !!int 99
  - !!str 'MB'
  !!str 'kiter': !!int 100
!!str 'cuda':
  !!str 'Kernel':
  - !!float 35.748
  - !!str 'ms'
  !!str 'To Device':
  - !!float 15.178
  - !!str 'ms'
  !!str 'To Host':
  - !!float 14.947
  - !!str 'ms'
  !!str 'Bandwidth (To Device)':
  - !!float 6522.463
  - !!str 'MB/s'
  !!str 'Bandwidth (To Host)':
  - !!float 6623.168
  - !!str 'MB/s'
!!str 'host':
  !!str 'Kernel':
  - !!float 0.027
  - !!str 'ms'
  !!str 'Local':
  - !!float 18.351
  - !!str 'ms'
  !!str 'To Device':
  - !!float 0.034
  - !!str 'ms'
  !!str 'To Host':
  - !!float 0.011
  - !!str 'ms'
  !!str 'Bandwidth (To Device)':
  - !!float 2889393.751
  - !!str 'MB/s'
  !!str 'Bandwidth (To Host)':
  - !!float 8708594.132
  - !!str 'MB/s'
!!str 'elapsed': [!!float 3.21, !!str 's']
