---
!!str 'test':
  !!str 'name': !!str 'async-test'
  !!str 'size':
  - !!int 65
  - !!str 'MB'
  !!str 'kiter': !!int 100
!!str 'cuda':
  !!str 'Kernel':
  - !!float 23.480
  - !!str 'ms'
  !!str 'To Device':
  - !!float 9.970
  - !!str 'ms'
  !!str 'To Host':
  - !!float 9.812
  - !!str 'ms'
  !!str 'Bandwidth (To Device)':
  - !!float 6519.491
  - !!str 'MB/s'
  !!str 'Bandwidth (To Host)':
  - !!float 6624.418
  - !!str 'MB/s'
!!str 'host':
  !!str 'Kernel':
  - !!float 0.019
  - !!str 'ms'
  !!str 'Local':
  - !!float 8.935
  - !!str 'ms'
  !!str 'To Device':
  - !!float 0.023
  - !!str 'ms'
  !!str 'To Host':
  - !!float 0.007
  - !!str 'ms'
  !!str 'Bandwidth (To Device)':
  - !!float 2768289.088
  - !!str 'MB/s'
  !!str 'Bandwidth (To Host)':
  - !!float 9198900.056
  - !!str 'MB/s'
!!str 'elapsed': [!!float 3.16, !!str 's']
---
!!str 'test':
  !!str 'name': !!str 'async-test'
  !!str 'size':
  - !!int 65
  - !!str 'MB'
  !!str 'kiter': !!int 100
!!str 'cuda':
  !!str 'Kernel':
  - !!float 23.483
  - !!str 'ms'
  !!str 'To Device':
  - !!float 9.998
  - !!str 'ms'
  !!str 'To Host':
  - !!float 9.825
  - !!str 'ms'
  !!str 'Bandwidth (To Device)':
  - !!float 6501.045
  - !!str 'MB/s'
  !!str 'Bandwidth (To Host)':
  - !!float 6615.680
  - !!str 'MB/s'
!!str 'host':
  !!str 'Kernel':
  - !!float 0.028
  - !!str 'ms'
  !!str 'Local':
  - !!float 12.949
  - !!str 'ms'
  !!str 'To Device':
  - !!float 0.035
  - !!str 'ms'
  !!str 'To Host':
  - !!float 0.012
  - !!str 'ms'
  !!str 'Bandwidth (To Device)':
  - !!float 1870056.614
  - !!str 'MB/s'
  !!str 'Bandwidth (To Host)':
  - !!float 5619385.130
  - !!str 'MB/s'
!!str 'elapsed': [!!float 3.18, !!str 's']
---
!!str 'test':
  !!str 'name': !!str 'async-test'
  !!str 'size':
  - !!int 65
  - !!str 'MB'
  !!str 'kiter': !!int 100
!!str 'cuda':
  !!str 'Kernel':
  - !!float 23.481
  - !!str 'ms'
  !!str 'To Device':
  - !!float 9.983
  - !!str 'ms'
  !!str 'To Host':
  - !!float 9.820
  - !!str 'ms'
  !!str 'Bandwidth (To Device)':
  - !!float 6511.132
  - !!str 'MB/s'
  !!str 'Bandwidth (To Host)':
  - !!float 6618.935
  - !!str 'MB/s'
!!str 'host':
  !!str 'Kernel':
  - !!float 0.018
  - !!str 'ms'
  !!str 'Local':
  - !!float 8.940
  - !!str 'ms'
  !!str 'To Device':
  - !!float 0.023
  - !!str 'ms'
  !!str 'To Host':
  - !!float 0.007
  - !!str 'ms'
  !!str 'Bandwidth (To Device)':
  - !!float 2796035.093
  - !!str 'MB/s'
  !!str 'Bandwidth (To Host)':
  - !!float 9923576.763
  - !!str 'MB/s'
!!str 'elapsed': [!!float 3.16, !!str 's']
---
!!str 'test':
  !!str 'name': !!str 'async-test'
  !!str 'size':
  - !!int 65
  - !!str 'MB'
  !!str 'kiter': !!int 100
!!str 'cuda':
  !!str 'Kernel':
  - !!float 23.490
  - !!str 'ms'
  !!str 'To Device':
  - !!float 9.990
  - !!str 'ms'
  !!str 'To Host':
  - !!float 9.820
  - !!str 'ms'
  !!str 'Bandwidth (To Device)':
  - !!float 6506.168
  - !!str 'MB/s'
  !!str 'Bandwidth (To Host)':
  - !!float 6618.935
  - !!str 'MB/s'
!!str 'host':
  !!str 'Kernel':
  - !!float 0.018
  - !!str 'ms'
  !!str 'Local':
  - !!float 8.948
  - !!str 'ms'
  !!str 'To Device':
  - !!float 0.023
  - !!str 'ms'
  !!str 'To Host':
  - !!float 0.007
  - !!str 'ms'
  !!str 'Bandwidth (To Device)':
  - !!float 2767935.434
  - !!str 'MB/s'
  !!str 'Bandwidth (To Host)':
  - !!float 9561551.603
  - !!str 'MB/s'
!!str 'elapsed': [!!float 3.16, !!str 's']
---
!!str 'test':
  !!str 'name': !!str 'async-test'
  !!str 'size':
  - !!int 65
  - !!str 'MB'
  !!str 'kiter': !!int 100
!!str 'cuda':
  !!str 'Kernel':
  - !!float 23.487
  - !!str 'ms'
  !!str 'To Device':
  - !!float 10.018
  - !!str 'ms'
  !!str 'To Host':
  - !!float 9.827
  - !!str 'ms'
  !!str 'Bandwidth (To Device)':
  - !!float 6487.963
  - !!str 'MB/s'
  !!str 'Bandwidth (To Host)':
  - !!float 6614.603
  - !!str 'MB/s'
!!str 'host':
  !!str 'Kernel':
  - !!float 0.030
  - !!str 'ms'
  !!str 'Local':
  - !!float 13.857
  - !!str 'ms'
  !!str 'To Device':
  - !!float 0.036
  - !!str 'ms'
  !!str 'To Host':
  - !!float 0.012
  - !!str 'ms'
  !!str 'Bandwidth (To Device)':
  - !!float 1805339.068
  - !!str 'MB/s'
  !!str 'Bandwidth (To Host)':
  - !!float 5317796.596
  - !!str 'MB/s'
!!str 'elapsed': [!!float 3.18, !!str 's']
---
!!str 'test':
  !!str 'name': !!str 'async-test'
  !!str 'size':
  - !!int 65
  - !!str 'MB'
  !!str 'kiter': !!int 100
!!str 'cuda':
  !!str 'Kernel':
  - !!float 23.489
  - !!str 'ms'
  !!str 'To Device':
  - !!float 9.977
  - !!str 'ms'
  !!str 'To Host':
  - !!float 9.811
  - !!str 'ms'
  !!str 'Bandwidth (To Device)':
  - !!float 6515.225
  - !!str 'MB/s'
  !!str 'Bandwidth (To Host)':
  - !!float 6625.196
  - !!str 'MB/s'
!!str 'host':
  !!str 'Kernel':
  - !!float 0.019
  - !!str 'ms'
  !!str 'Local':
  - !!float 8.940
  - !!str 'ms'
  !!str 'To Device':
  - !!float 0.023
  - !!str 'ms'
  !!str 'To Host':
  - !!float 0.007
  - !!str 'ms'
  !!str 'Bandwidth (To Device)':
  - !!float 2850477.034
  - !!str 'MB/s'
  !!str 'Bandwidth (To Host)':
  - !!float 9390266.945
  - !!str 'MB/s'
!!str 'elapsed': [!!float 3.16, !!str 's']
---
!!str 'test':
  !!str 'name': !!str 'async-test'
  !!str 'size':
  - !!int 65
  - !!str 'MB'
  !!str 'kiter': !!int 100
!!str 'cuda':
  !!str 'Kernel':
  - !!float 23.486
  - !!str 'ms'
  !!str 'To Device':
  - !!float 9.956
  - !!str 'ms'
  !!str 'To Host':
  - !!float 9.820
  - !!str 'ms'
  !!str 'Bandwidth (To Device)':
  - !!float 6528.627
  - !!str 'MB/s'
  !!str 'Bandwidth (To Host)':
  - !!float 6619.130
  - !!str 'MB/s'
!!str 'host':
  !!str 'Kernel':
  - !!float 0.018
  - !!str 'ms'
  !!str 'Local':
  - !!float 8.932
  - !!str 'ms'
  !!str 'To Device':
  - !!float 0.022
  - !!str 'ms'
  !!str 'To Host':
  - !!float 0.007
  - !!str 'ms'
  !!str 'Bandwidth (To Device)':
  - !!float 2930278.054
  - !!str 'MB/s'
  !!str 'Bandwidth (To Host)':
  - !!float 9931157.799
  - !!str 'MB/s'
!!str 'elapsed': [!!float 3.14, !!str 's']
---
!!str 'test':
  !!str 'name': !!str 'async-test'
  !!str 'size':
  - !!int 65
  - !!str 'MB'
  !!str 'kiter': !!int 100
!!str 'cuda':
  !!str 'Kernel':
  - !!float 23.482
  - !!str 'ms'
  !!str 'To Device':
  - !!float 10.020
  - !!str 'ms'
  !!str 'To Host':
  - !!float 9.826
  - !!str 'ms'
  !!str 'Bandwidth (To Device)':
  - !!float 6486.990
  - !!str 'MB/s'
  !!str 'Bandwidth (To Host)':
  - !!float 6615.227
  - !!str 'MB/s'
!!str 'host':
  !!str 'Kernel':
  - !!float 0.031
  - !!str 'ms'
  !!str 'Local':
  - !!float 14.435
  - !!str 'ms'
  !!str 'To Device':
  - !!float 0.038
  - !!str 'ms'
  !!str 'To Host':
  - !!float 0.013
  - !!str 'ms'
  !!str 'Bandwidth (To Device)':
  - !!float 1729352.094
  - !!str 'MB/s'
  !!str 'Bandwidth (To Host)':
  - !!float 5135452.935
  - !!str 'MB/s'
!!str 'elapsed': [!!float 3.18, !!str 's']
---
!!str 'test':
  !!str 'name': !!str 'async-test'
  !!str 'size':
  - !!int 65
  - !!str 'MB'
  !!str 'kiter': !!int 100
!!str 'cuda':
  !!str 'Kernel':
  - !!float 23.487
  - !!str 'ms'
  !!str 'To Device':
  - !!float 9.963
  - !!str 'ms'
  !!str 'To Host':
  - !!float 9.819
  - !!str 'ms'
  !!str 'Bandwidth (To Device)':
  - !!float 6524.097
  - !!str 'MB/s'
  !!str 'Bandwidth (To Host)':
  - !!float 6619.755
  - !!str 'MB/s'
!!str 'host':
  !!str 'Kernel':
  - !!float 0.019
  - !!str 'ms'
  !!str 'Local':
  - !!float 8.954
  - !!str 'ms'
  !!str 'To Device':
  - !!float 0.024
  - !!str 'ms'
  !!str 'To Host':
  - !!float 0.007
  - !!str 'ms'
  !!str 'Bandwidth (To Device)':
  - !!float 2728775.306
  - !!str 'MB/s'
  !!str 'Bandwidth (To Host)':
  - !!float 9435248.628
  - !!str 'MB/s'
!!str 'elapsed': [!!float 3.16, !!str 's']
---
!!str 'test':
  !!str 'name': !!str 'async-test'
  !!str 'size':
  - !!int 65
  - !!str 'MB'
  !!str 'kiter': !!int 100
!!str 'cuda':
  !!str 'Kernel':
  - !!float 23.484
  - !!str 'ms'
  !!str 'To Device':
  - !!float 9.991
  - !!str 'ms'
  !!str 'To Host':
  - !!float 9.827
  - !!str 'ms'
  !!str 'Bandwidth (To Device)':
  - !!float 6505.959
  - !!str 'MB/s'
  !!str 'Bandwidth (To Host)':
  - !!float 6614.539
  - !!str 'MB/s'
!!str 'host':
  !!str 'Kernel':
  - !!float 0.030
  - !!str 'ms'
  !!str 'Local':
  - !!float 14.193
  - !!str 'ms'
  !!str 'To Device':
  - !!float 0.037
  - !!str 'ms'
  !!str 'To Host':
  - !!float 0.013
  - !!str 'ms'
  !!str 'Bandwidth (To Device)':
  - !!float 1768691.913
  - !!str 'MB/s'
  !!str 'Bandwidth (To Host)':
  - !!float 4991508.815
  - !!str 'MB/s'
!!str 'elapsed': [!!float 3.18, !!str 's']
