---
!!str 'test':
  !!str 'name': !!str 'async-test'
  !!str 'size':
  - !!int 93
  - !!str 'MB'
  !!str 'kiter': !!int 100
!!str 'cuda':
  !!str 'Kernel':
  - !!float 33.598
  - !!str 'ms'
  !!str 'To Device':
  - !!float 14.262
  - !!str 'ms'
  !!str 'To Host':
  - !!float 14.054
  - !!str 'ms'
  !!str 'Bandwidth (To Device)':
  - !!float 6520.590
  - !!str 'MB/s'
  !!str 'Bandwidth (To Host)':
  - !!float 6617.288
  - !!str 'MB/s'
!!str 'host':
  !!str 'Kernel':
  - !!float 0.029
  - !!str 'ms'
  !!str 'Local':
  - !!float 18.161
  - !!str 'ms'
  !!str 'To Device':
  - !!float 0.036
  - !!str 'ms'
  !!str 'To Host':
  - !!float 0.012
  - !!str 'ms'
  !!str 'Bandwidth (To Device)':
  - !!float 2578311.050
  - !!str 'MB/s'
  !!str 'Bandwidth (To Host)':
  - !!float 7766801.367
  - !!str 'MB/s'
!!str 'elapsed': [!!float 3.21, !!str 's']
---
!!str 'test':
  !!str 'name': !!str 'async-test'
  !!str 'size':
  - !!int 93
  - !!str 'MB'
  !!str 'kiter': !!int 100
!!str 'cuda':
  !!str 'Kernel':
  - !!float 33.601
  - !!str 'ms'
  !!str 'To Device':
  - !!float 14.241
  - !!str 'ms'
  !!str 'To Host':
  - !!float 14.041
  - !!str 'ms'
  !!str 'Bandwidth (To Device)':
  - !!float 6530.260
  - !!str 'MB/s'
  !!str 'Bandwidth (To Host)':
  - !!float 6623.592
  - !!str 'MB/s'
!!str 'host':
  !!str 'Kernel':
  - !!float 0.018
  - !!str 'ms'
  !!str 'Local':
  - !!float 12.785
  - !!str 'ms'
  !!str 'To Device':
  - !!float 0.023
  - !!str 'ms'
  !!str 'To Host':
  - !!float 0.007
  - !!str 'ms'
  !!str 'Bandwidth (To Device)':
  - !!float 4119404.658
  - !!str 'MB/s'
  !!str 'Bandwidth (To Host)':
  - !!float 14044047.050
  - !!str 'MB/s'
!!str 'elapsed': [!!float 3.20, !!str 's']
---
!!str 'test':
  !!str 'name': !!str 'async-test'
  !!str 'size':
  - !!int 93
  - !!str 'MB'
  !!str 'kiter': !!int 100
!!str 'cuda':
  !!str 'Kernel':
  - !!float 33.597
  - !!str 'ms'
  !!str 'To Device':
  - !!float 14.255
  - !!str 'ms'
  !!str 'To Host':
  - !!float 14.040
  - !!str 'ms'
  !!str 'Bandwidth (To Device)':
  - !!float 6524.103
  - !!str 'MB/s'
  !!str 'Bandwidth (To Host)':
  - !!float 6624.120
  - !!str 'MB/s'
!!str 'host':
  !!str 'Kernel':
  - !!float 0.019
  - !!str 'ms'
  !!str 'Local':
  - !!float 12.784
  - !!str 'ms'
  !!str 'To Device':
  - !!float 0.024
  - !!str 'ms'
  !!str 'To Host':
  - !!float 0.007
  - !!str 'ms'
  !!str 'Bandwidth (To Device)':
  - !!float 3923540.462
  - !!str 'MB/s'
  !!str 'Bandwidth (To Host)':
  - !!float 13566692.861
  - !!str 'MB/s'
!!str 'elapsed': [!!float 3.20, !!str 's']
---
!!str 'test':
  !!str 'name': !!str 'async-test'
  !!str 'size':
  - !!int 93
  - !!str 'MB'
  !!str 'kiter': !!int 100
!!str 'cuda':
  !!str 'Kernel':
  - !!float 33.596
  - !!str 'ms'
  !!str 'To Device':
  - !!float 14.313
  - !!str 'ms'
  !!str 'To Host':
  - !!float 14.054
  - !!str 'ms'
  !!str 'Bandwidth (To Device)':
  - !!float 6497.789
  - !!str 'MB/s'
  !!str 'Bandwidth (To Host)':
  - !!float 6617.257
  - !!str 'MB/s'
!!str 'host':
  !!str 'Kernel':
  - !!float 0.030
  - !!str 'ms'
  !!str 'Local':
  - !!float 18.114
  - !!str 'ms'
  !!str 'To Device':
  - !!float 0.036
  - !!str 'ms'
  !!str 'To Host':
  - !!float 0.012
  - !!str 'ms'
  !!str 'Bandwidth (To Device)':
  - !!float 2600807.639
  - !!str 'MB/s'
  !!str 'Bandwidth (To Host)':
  - !!float 7588093.959
  - !!str 'MB/s'
!!str 'elapsed': [!!float 3.19, !!str 's']
---
!!str 'test':
  !!str 'name': !!str 'async-test'
  !!str 'size':
  - !!int 93
  - !!str 'MB'
  !!str 'kiter': !!int 100
!!str 'cuda':
  !!str 'Kernel':
  - !!float 33.607
  - !!str 'ms'
  !!str 'To Device':
  - !!float 14.268
  - !!str 'ms'
  !!str 'To Host':
  - !!float 14.049
  - !!str 'ms'
  !!str 'Bandwidth (To Device)':
  - !!float 6517.899
  - !!str 'MB/s'
  !!str 'Bandwidth (To Host)':
  - !!float 6619.684
  - !!str 'MB/s'
!!str 'host':
  !!str 'Kernel':
  - !!float 0.029
  - !!str 'ms'
  !!str 'Local':
  - !!float 17.661
  - !!str 'ms'
  !!str 'To Device':
  - !!float 0.036
  - !!str 'ms'
  !!str 'To Host':
  - !!float 0.012
  - !!str 'ms'
  !!str 'Bandwidth (To Device)':
  - !!float 2585478.998
  - !!str 'MB/s'
  !!str 'Bandwidth (To Host)':
  - !!float 7538884.530
  - !!str 'MB/s'
!!str 'elapsed': [!!float 3.22, !!str 's']
---
!!str 'test':
  !!str 'name': !!str 'async-test'
  !!str 'size':
  - !!int 93
  - !!str 'MB'
  !!str 'kiter': !!int 100
!!str 'cuda':
  !!str 'Kernel':
  - !!float 33.605
  - !!str 'ms'
  !!str 'To Device':
  - !!float 14.263
  - !!str 'ms'
  !!str 'To Host':
  - !!float 14.048
  - !!str 'ms'
  !!str 'Bandwidth (To Device)':
  - !!float 6520.561
  - !!str 'MB/s'
  !!str 'Bandwidth (To Host)':
  - !!float 6620.363
  - !!str 'MB/s'
!!str 'host':
  !!str 'Kernel':
  - !!float 0.025
  - !!str 'ms'
  !!str 'Local':
  - !!float 16.079
  - !!str 'ms'
  !!str 'To Device':
  - !!float 0.032
  - !!str 'ms'
  !!str 'To Host':
  - !!float 0.011
  - !!str 'ms'
  !!str 'Bandwidth (To Device)':
  - !!float 2893670.605
  - !!str 'MB/s'
  !!str 'Bandwidth (To Host)':
  - !!float 8532080.694
  - !!str 'MB/s'
!!str 'elapsed': [!!float 3.17, !!str 's']
---
!!str 'test':
  !!str 'name': !!str 'async-test'
  !!str 'size':
  - !!int 93
  - !!str 'MB'
  !!str 'kiter': !!int 100
!!str 'cuda':
  !!str 'Kernel':
  - !!float 33.595
  - !!str 'ms'
  !!str 'To Device':
  - !!float 14.241
  - !!str 'ms'
  !!str 'To Host':
  - !!float 14.041
  - !!str 'ms'
  !!str 'Bandwidth (To Device)':
  - !!float 6530.304
  - !!str 'MB/s'
  !!str 'Bandwidth (To Host)':
  - !!float 6623.561
  - !!str 'MB/s'
!!str 'host':
  !!str 'Kernel':
  - !!float 0.019
  - !!str 'ms'
  !!str 'Local':
  - !!float 12.780
  - !!str 'ms'
  !!str 'To Device':
  - !!float 0.027
  - !!str 'ms'
  !!str 'To Host':
  - !!float 0.007
  - !!str 'ms'
  !!str 'Bandwidth (To Device)':
  - !!float 3501757.646
  - !!str 'MB/s'
  !!str 'Bandwidth (To Host)':
  - !!float 13787943.598
  - !!str 'MB/s'
!!str 'elapsed': [!!float 3.17, !!str 's']
---
!!str 'test':
  !!str 'name': !!str 'async-test'
  !!str 'size':
  - !!int 93
  - !!str 'MB'
  !!str 'kiter': !!int 100
!!str 'cuda':
  !!str 'Kernel':
  - !!float 33.594
  - !!str 'ms'
  !!str 'To Device':
  - !!float 14.309
  - !!str 'ms'
  !!str 'To Host':
  - !!float 14.038
  - !!str 'ms'
  !!str 'Bandwidth (To Device)':
  - !!float 6499.358
  - !!str 'MB/s'
  !!str 'Bandwidth (To Host)':
  - !!float 6624.664
  - !!str 'MB/s'
!!str 'host':
  !!str 'Kernel':
  - !!float 0.019
  - !!str 'ms'
  !!str 'Local':
  - !!float 12.783
  - !!str 'ms'
  !!str 'To Device':
  - !!float 0.023
  - !!str 'ms'
  !!str 'To Host':
  - !!float 0.007
  - !!str 'ms'
  !!str 'Bandwidth (To Device)':
  - !!float 4125800.966
  - !!str 'MB/s'
  !!str 'Bandwidth (To Host)':
  - !!float 12725736.120
  - !!str 'MB/s'
!!str 'elapsed': [!!float 3.18, !!str 's']
---
!!str 'test':
  !!str 'name': !!str 'async-test'
  !!str 'size':
  - !!int 93
  - !!str 'MB'
  !!str 'kiter': !!int 100
!!str 'cuda':
  !!str 'Kernel':
  - !!float 33.598
  - !!str 'ms'
  !!str 'To Device':
  - !!float 14.241
  - !!str 'ms'
  !!str 'To Host':
  - !!float 14.041
  - !!str 'ms'
  !!str 'Bandwidth (To Device)':
  - !!float 6530.319
  - !!str 'MB/s'
  !!str 'Bandwidth (To Host)':
  - !!float 6623.531
  - !!str 'MB/s'
!!str 'host':
  !!str 'Kernel':
  - !!float 0.018
  - !!str 'ms'
  !!str 'Local':
  - !!float 12.778
  - !!str 'ms'
  !!str 'To Device':
  - !!float 0.023
  - !!str 'ms'
  !!str 'To Host':
  - !!float 0.007
  - !!str 'ms'
  !!str 'Bandwidth (To Device)':
  - !!float 4076966.357
  - !!str 'MB/s'
  !!str 'Bandwidth (To Host)':
  - !!float 14263754.535
  - !!str 'MB/s'
!!str 'elapsed': [!!float 3.20, !!str 's']
---
!!str 'test':
  !!str 'name': !!str 'async-test'
  !!str 'size':
  - !!int 93
  - !!str 'MB'
  !!str 'kiter': !!int 100
!!str 'cuda':
  !!str 'Kernel':
  - !!float 33.611
  - !!str 'ms'
  !!str 'To Device':
  - !!float 14.253
  - !!str 'ms'
  !!str 'To Host':
  - !!float 14.053
  - !!str 'ms'
  !!str 'Bandwidth (To Device)':
  - !!float 6524.865
  - !!str 'MB/s'
  !!str 'Bandwidth (To Host)':
  - !!float 6617.680
  - !!str 'MB/s'
!!str 'host':
  !!str 'Kernel':
  - !!float 0.031
  - !!str 'ms'
  !!str 'Local':
  - !!float 18.301
  - !!str 'ms'
  !!str 'To Device':
  - !!float 0.038
  - !!str 'ms'
  !!str 'To Host':
  - !!float 0.013
  - !!str 'ms'
  !!str 'Bandwidth (To Device)':
  - !!float 2479594.720
  - !!str 'MB/s'
  !!str 'Bandwidth (To Host)':
  - !!float 7372150.580
  - !!str 'MB/s'
!!str 'elapsed': [!!float 3.21, !!str 's']
