---
!!str 'test':
  !!str 'name': !!str 'async-test'
  !!str 'size':
  - !!int 84
  - !!str 'MB'
  !!str 'kiter': !!int 100
!!str 'cuda':
  !!str 'Kernel':
  - !!float 30.351
  - !!str 'ms'
  !!str 'To Device':
  - !!float 12.926
  - !!str 'ms'
  !!str 'To Host':
  - !!float 12.697
  - !!str 'ms'
  !!str 'Bandwidth (To Device)':
  - !!float 6498.679
  - !!str 'MB/s'
  !!str 'Bandwidth (To Host)':
  - !!float 6615.853
  - !!str 'MB/s'
!!str 'host':
  !!str 'Kernel':
  - !!float 0.024
  - !!str 'ms'
  !!str 'Local':
  - !!float 14.096
  - !!str 'ms'
  !!str 'To Device':
  - !!float 0.030
  - !!str 'ms'
  !!str 'To Host':
  - !!float 0.010
  - !!str 'ms'
  !!str 'Bandwidth (To Device)':
  - !!float 2770165.900
  - !!str 'MB/s'
  !!str 'Bandwidth (To Host)':
  - !!float 8695625.321
  - !!str 'MB/s'
!!str 'elapsed': [!!float 3.19, !!str 's']
---
!!str 'test':
  !!str 'name': !!str 'async-test'
  !!str 'size':
  - !!int 84
  - !!str 'MB'
  !!str 'kiter': !!int 100
!!str 'cuda':
  !!str 'Kernel':
  - !!float 30.358
  - !!str 'ms'
  !!str 'To Device':
  - !!float 12.870
  - !!str 'ms'
  !!str 'To Host':
  - !!float 12.685
  - !!str 'ms'
  !!str 'Bandwidth (To Device)':
  - !!float 6526.551
  - !!str 'MB/s'
  !!str 'Bandwidth (To Host)':
  - !!float 6621.795
  - !!str 'MB/s'
!!str 'host':
  !!str 'Kernel':
  - !!float 0.018
  - !!str 'ms'
  !!str 'Local':
  - !!float 11.547
  - !!str 'ms'
  !!str 'To Device':
  - !!float 0.023
  - !!str 'ms'
  !!str 'To Host':
  - !!float 0.007
  - !!str 'ms'
  !!str 'Bandwidth (To Device)':
  - !!float 3617559.888
  - !!str 'MB/s'
  !!str 'Bandwidth (To Host)':
  - !!float 12382037.235
  - !!str 'MB/s'
!!str 'elapsed': [!!float 3.18, !!str 's']
---
!!str 'test':
  !!str 'name': !!str 'async-test'
  !!str 'size':
  - !!int 84
  - !!str 'MB'
  !!str 'kiter': !!int 100
!!str 'cuda':
  !!str 'Kernel':
  - !!float 30.351
  - !!str 'ms'
  !!str 'To Device':
  - !!float 12.885
  - !!str 'ms'
  !!str 'To Host':
  - !!float 12.693
  - !!str 'ms'
  !!str 'Bandwidth (To Device)':
  - !!float 6519.273
  - !!str 'MB/s'
  !!str 'Bandwidth (To Host)':
  - !!float 6618.021
  - !!str 'MB/s'
!!str 'host':
  !!str 'Kernel':
  - !!float 0.028
  - !!str 'ms'
  !!str 'Local':
  - !!float 16.569
  - !!str 'ms'
  !!str 'To Device':
  - !!float 0.035
  - !!str 'ms'
  !!str 'To Host':
  - !!float 0.012
  - !!str 'ms'
  !!str 'Bandwidth (To Device)':
  - !!float 2386627.475
  - !!str 'MB/s'
  !!str 'Bandwidth (To Host)':
  - !!float 6772534.113
  - !!str 'MB/s'
!!str 'elapsed': [!!float 3.20, !!str 's']
---
!!str 'test':
  !!str 'name': !!str 'async-test'
  !!str 'size':
  - !!int 84
  - !!str 'MB'
  !!str 'kiter': !!int 100
!!str 'cuda':
  !!str 'Kernel':
  - !!float 30.351
  - !!str 'ms'
  !!str 'To Device':
  - !!float 12.905
  - !!str 'ms'
  !!str 'To Host':
  - !!float 12.679
  - !!str 'ms'
  !!str 'Bandwidth (To Device)':
  - !!float 6509.170
  - !!str 'MB/s'
  !!str 'Bandwidth (To Host)':
  - !!float 6625.321
  - !!str 'MB/s'
!!str 'host':
  !!str 'Kernel':
  - !!float 0.018
  - !!str 'ms'
  !!str 'Local':
  - !!float 11.543
  - !!str 'ms'
  !!str 'To Device':
  - !!float 0.022
  - !!str 'ms'
  !!str 'To Host':
  - !!float 0.007
  - !!str 'ms'
  !!str 'Bandwidth (To Device)':
  - !!float 3778155.921
  - !!str 'MB/s'
  !!str 'Bandwidth (To Host)':
  - !!float 12387515.204
  - !!str 'MB/s'
!!str 'elapsed': [!!float 3.17, !!str 's']
---
!!str 'test':
  !!str 'name': !!str 'async-test'
  !!str 'size':
  - !!int 84
  - !!str 'MB'
  !!str 'kiter': !!int 100
!!str 'cuda':
  !!str 'Kernel':
  - !!float 30.358
  - !!str 'ms'
  !!str 'To Device':
  - !!float 12.876
  - !!str 'ms'
  !!str 'To Host':
  - !!float 12.700
  - !!str 'ms'
  !!str 'Bandwidth (To Device)':
  - !!float 6523.518
  - !!str 'MB/s'
  !!str 'Bandwidth (To Host)':
  - !!float 6613.970
  - !!str 'MB/s'
!!str 'host':
  !!str 'Kernel':
  - !!float 0.025
  - !!str 'ms'
  !!str 'Local':
  - !!float 14.913
  - !!str 'ms'
  !!str 'To Device':
  - !!float 0.032
  - !!str 'ms'
  !!str 'To Host':
  - !!float 0.011
  - !!str 'ms'
  !!str 'Bandwidth (To Device)':
  - !!float 2629264.448
  - !!str 'MB/s'
  !!str 'Bandwidth (To Host)':
  - !!float 7977940.982
  - !!str 'MB/s'
!!str 'elapsed': [!!float 3.20, !!str 's']
---
!!str 'test':
  !!str 'name': !!str 'async-test'
  !!str 'size':
  - !!int 84
  - !!str 'MB'
  !!str 'kiter': !!int 100
!!str 'cuda':
  !!str 'Kernel':
  - !!float 30.346
  - !!str 'ms'
  !!str 'To Device':
  - !!float 12.913
  - !!str 'ms'
  !!str 'To Host':
  - !!float 12.684
  - !!str 'ms'
  !!str 'Bandwidth (To Device)':
  - !!float 6504.847
  - !!str 'MB/s'
  !!str 'Bandwidth (To Host)':
  - !!float 6622.412
  - !!str 'MB/s'
!!str 'host':
  !!str 'Kernel':
  - !!float 0.030
  - !!str 'ms'
  !!str 'Local':
  - !!float 17.010
  - !!str 'ms'
  !!str 'To Device':
  - !!float 0.036
  - !!str 'ms'
  !!str 'To Host':
  - !!float 0.013
  - !!str 'ms'
  !!str 'Bandwidth (To Device)':
  - !!float 2309144.256
  - !!str 'MB/s'
  !!str 'Bandwidth (To Host)':
  - !!float 6418073.090
  - !!str 'MB/s'
!!str 'elapsed': [!!float 3.20, !!str 's']
---
!!str 'test':
  !!str 'name': !!str 'async-test'
  !!str 'size':
  - !!int 84
  - !!str 'MB'
  !!str 'kiter': !!int 100
!!str 'cuda':
  !!str 'Kernel':
  - !!float 30.353
  - !!str 'ms'
  !!str 'To Device':
  - !!float 12.878
  - !!str 'ms'
  !!str 'To Host':
  - !!float 12.684
  - !!str 'ms'
  !!str 'Bandwidth (To Device)':
  - !!float 6522.756
  - !!str 'MB/s'
  !!str 'Bandwidth (To Host)':
  - !!float 6622.546
  - !!str 'MB/s'
!!str 'host':
  !!str 'Kernel':
  - !!float 0.030
  - !!str 'ms'
  !!str 'Local':
  - !!float 17.055
  - !!str 'ms'
  !!str 'To Device':
  - !!float 0.037
  - !!str 'ms'
  !!str 'To Host':
  - !!float 0.013
  - !!str 'ms'
  !!str 'Bandwidth (To Device)':
  - !!float 2273335.334
  - !!str 'MB/s'
  !!str 'Bandwidth (To Host)':
  - !!float 6366993.148
  - !!str 'MB/s'
!!str 'elapsed': [!!float 3.20, !!str 's']
---
!!str 'test':
  !!str 'name': !!str 'async-test'
  !!str 'size':
  - !!int 84
  - !!str 'MB'
  !!str 'kiter': !!int 100
!!str 'cuda':
  !!str 'Kernel':
  - !!float 30.353
  - !!str 'ms'
  !!str 'To Device':
  - !!float 12.870
  - !!str 'ms'
  !!str 'To Host':
  - !!float 12.692
  - !!str 'ms'
  !!str 'Bandwidth (To Device)':
  - !!float 6526.989
  - !!str 'MB/s'
  !!str 'Bandwidth (To Host)':
  - !!float 6618.088
  - !!str 'MB/s'
!!str 'host':
  !!str 'Kernel':
  - !!float 0.024
  - !!str 'ms'
  !!str 'Local':
  - !!float 14.364
  - !!str 'ms'
  !!str 'To Device':
  - !!float 0.030
  - !!str 'ms'
  !!str 'To Host':
  - !!float 0.010
  - !!str 'ms'
  !!str 'Bandwidth (To Device)':
  - !!float 2785044.945
  - !!str 'MB/s'
  !!str 'Bandwidth (To Host)':
  - !!float 8186311.334
  - !!str 'MB/s'
!!str 'elapsed': [!!float 3.20, !!str 's']
---
!!str 'test':
  !!str 'name': !!str 'async-test'
  !!str 'size':
  - !!int 84
  - !!str 'MB'
  !!str 'kiter': !!int 100
!!str 'cuda':
  !!str 'Kernel':
  - !!float 30.361
  - !!str 'ms'
  !!str 'To Device':
  - !!float 12.864
  - !!str 'ms'
  !!str 'To Host':
  - !!float 12.677
  - !!str 'ms'
  !!str 'Bandwidth (To Device)':
  - !!float 6530.058
  - !!str 'MB/s'
  !!str 'Bandwidth (To Host)':
  - !!float 6625.957
  - !!str 'MB/s'
!!str 'host':
  !!str 'Kernel':
  - !!float 0.018
  - !!str 'ms'
  !!str 'Local':
  - !!float 11.539
  - !!str 'ms'
  !!str 'To Device':
  - !!float 0.022
  - !!str 'ms'
  !!str 'To Host':
  - !!float 0.007
  - !!str 'ms'
  !!str 'Bandwidth (To Device)':
  - !!float 3735978.500
  - !!str 'MB/s'
  !!str 'Bandwidth (To Host)':
  - !!float 12763978.210
  - !!str 'MB/s'
!!str 'elapsed': [!!float 3.19, !!str 's']
---
!!str 'test':
  !!str 'name': !!str 'async-test'
  !!str 'size':
  - !!int 84
  - !!str 'MB'
  !!str 'kiter': !!int 100
!!str 'cuda':
  !!str 'Kernel':
  - !!float 30.357
  - !!str 'ms'
  !!str 'To Device':
  - !!float 12.996
  - !!str 'ms'
  !!str 'To Host':
  - !!float 12.685
  - !!str 'ms'
  !!str 'Bandwidth (To Device)':
  - !!float 6463.635
  - !!str 'MB/s'
  !!str 'Bandwidth (To Host)':
  - !!float 6621.795
  - !!str 'MB/s'
!!str 'host':
  !!str 'Kernel':
  - !!float 0.018
  - !!str 'ms'
  !!str 'Local':
  - !!float 11.538
  - !!str 'ms'
  !!str 'To Device':
  - !!float 0.023
  - !!str 'ms'
  !!str 'To Host':
  - !!float 0.007
  - !!str 'ms'
  !!str 'Bandwidth (To Device)':
  - !!float 3649940.932
  - !!str 'MB/s'
  !!str 'Bandwidth (To Host)':
  - !!float 12641044.485
  - !!str 'MB/s'
!!str 'elapsed': [!!float 3.17, !!str 's']
