---
!!str 'test':
  !!str 'name': !!str 'async-test'
  !!str 'size':
  - !!int 96
  - !!str 'MB'
  !!str 'kiter': !!int 100
!!str 'cuda':
  !!str 'Kernel':
  - !!float 34.688
  - !!str 'ms'
  !!str 'To Device':
  - !!float 14.722
  - !!str 'ms'
  !!str 'To Host':
  - !!float 14.508
  - !!str 'ms'
  !!str 'Bandwidth (To Device)':
  - !!float 6521.002
  - !!str 'MB/s'
  !!str 'Bandwidth (To Host)':
  - !!float 6616.995
  - !!str 'MB/s'
!!str 'host':
  !!str 'Kernel':
  - !!float 0.029
  - !!str 'ms'
  !!str 'Local':
  - !!float 17.368
  - !!str 'ms'
  !!str 'To Device':
  - !!float 0.035
  - !!str 'ms'
  !!str 'To Host':
  - !!float 0.012
  - !!str 'ms'
  !!str 'Bandwidth (To Device)':
  - !!float 2767447.894
  - !!str 'MB/s'
  !!str 'Bandwidth (To Host)':
  - !!float 8224106.913
  - !!str 'MB/s'
!!str 'elapsed': [!!float 3.23, !!str 's']
---
!!str 'test':
  !!str 'name': !!str 'async-test'
  !!str 'size':
  - !!int 96
  - !!str 'MB'
  !!str 'kiter': !!int 100
!!str 'cuda':
  !!str 'Kernel':
  - !!float 34.680
  - !!str 'ms'
  !!str 'To Device':
  - !!float 14.708
  - !!str 'ms'
  !!str 'To Host':
  - !!float 14.501
  - !!str 'ms'
  !!str 'Bandwidth (To Device)':
  - !!float 6527.273
  - !!str 'MB/s'
  !!str 'Bandwidth (To Host)':
  - !!float 6620.032
  - !!str 'MB/s'
!!str 'host':
  !!str 'Kernel':
  - !!float 0.029
  - !!str 'ms'
  !!str 'Local':
  - !!float 18.499
  - !!str 'ms'
  !!str 'To Device':
  - !!float 0.036
  - !!str 'ms'
  !!str 'To Host':
  - !!float 0.012
  - !!str 'ms'
  !!str 'Bandwidth (To Device)':
  - !!float 2671267.182
  - !!str 'MB/s'
  !!str 'Bandwidth (To Host)':
  - !!float 7911653.206
  - !!str 'MB/s'
!!str 'elapsed': [!!float 3.21, !!str 's']
---
!!str 'test':
  !!str 'name': !!str 'async-test'
  !!str 'size':
  - !!int 96
  - !!str 'MB'
  !!str 'kiter': !!int 100
!!str 'cuda':
  !!str 'Kernel':
  - !!float 34.680
  - !!str 'ms'
  !!str 'To Device':
  - !!float 14.700
  - !!str 'ms'
  !!str 'To Host':
  - !!float 14.495
  - !!str 'ms'
  !!str 'Bandwidth (To Device)':
  - !!float 6530.399
  - !!str 'MB/s'
  !!str 'Bandwidth (To Host)':
  - !!float 6623.072
  - !!str 'MB/s'
!!str 'host':
  !!str 'Kernel':
  - !!float 0.018
  - !!str 'ms'
  !!str 'Local':
  - !!float 13.219
  - !!str 'ms'
  !!str 'To Device':
  - !!float 0.022
  - !!str 'ms'
  !!str 'To Host':
  - !!float 0.007
  - !!str 'ms'
  !!str 'Bandwidth (To Device)':
  - !!float 4266666.667
  - !!str 'MB/s'
  !!str 'Bandwidth (To Host)':
  - !!float 14640841.848
  - !!str 'MB/s'
!!str 'elapsed': [!!float 3.17, !!str 's']
---
!!str 'test':
  !!str 'name': !!str 'async-test'
  !!str 'size':
  - !!int 96
  - !!str 'MB'
  !!str 'kiter': !!int 100
!!str 'cuda':
  !!str 'Kernel':
  - !!float 34.692
  - !!str 'ms'
  !!str 'To Device':
  - !!float 14.706
  - !!str 'ms'
  !!str 'To Host':
  - !!float 14.500
  - !!str 'ms'
  !!str 'Bandwidth (To Device)':
  - !!float 6527.784
  - !!str 'MB/s'
  !!str 'Bandwidth (To Host)':
  - !!float 6620.529
  - !!str 'MB/s'
!!str 'host':
  !!str 'Kernel':
  - !!float 0.030
  - !!str 'ms'
  !!str 'Local':
  - !!float 18.537
  - !!str 'ms'
  !!str 'To Device':
  - !!float 0.036
  - !!str 'ms'
  !!str 'To Host':
  - !!float 0.012
  - !!str 'ms'
  !!str 'Bandwidth (To Device)':
  - !!float 2637072.849
  - !!str 'MB/s'
  !!str 'Bandwidth (To Host)':
  - !!float 7733204.447
  - !!str 'MB/s'
!!str 'elapsed': [!!float 3.24, !!str 's']
---
!!str 'test':
  !!str 'name': !!str 'async-test'
  !!str 'size':
  - !!int 96
  - !!str 'MB'
  !!str 'kiter': !!int 100
!!str 'cuda':
  !!str 'Kernel':
  - !!float 34.689
  - !!str 'ms'
  !!str 'To Device':
  - !!float 14.714
  - !!str 'ms'
  !!str 'To Host':
  - !!float 14.501
  - !!str 'ms'
  !!str 'Bandwidth (To Device)':
  - !!float 6524.349
  - !!str 'MB/s'
  !!str 'Bandwidth (To Host)':
  - !!float 6620.061
  - !!str 'MB/s'
!!str 'host':
  !!str 'Kernel':
  - !!float 0.021
  - !!str 'ms'
  !!str 'Local':
  - !!float 13.415
  - !!str 'ms'
  !!str 'To Device':
  - !!float 0.027
  - !!str 'ms'
  !!str 'To Host':
  - !!float 0.008
  - !!str 'ms'
  !!str 'Bandwidth (To Device)':
  - !!float 3590932.894
  - !!str 'MB/s'
  !!str 'Bandwidth (To Host)':
  - !!float 11508031.647
  - !!str 'MB/s'
!!str 'elapsed': [!!float 3.20, !!str 's']
---
!!str 'test':
  !!str 'name': !!str 'async-test'
  !!str 'size':
  - !!int 96
  - !!str 'MB'
  !!str 'kiter': !!int 100
!!str 'cuda':
  !!str 'Kernel':
  - !!float 34.671
  - !!str 'ms'
  !!str 'To Device':
  - !!float 14.824
  - !!str 'ms'
  !!str 'To Host':
  - !!float 14.495
  - !!str 'ms'
  !!str 'Bandwidth (To Device)':
  - !!float 6475.915
  - !!str 'MB/s'
  !!str 'Bandwidth (To Host)':
  - !!float 6622.999
  - !!str 'MB/s'
!!str 'host':
  !!str 'Kernel':
  - !!float 0.018
  - !!str 'ms'
  !!str 'Local':
  - !!float 13.190
  - !!str 'ms'
  !!str 'To Device':
  - !!float 0.023
  - !!str 'ms'
  !!str 'To Host':
  - !!float 0.007
  - !!str 'ms'
  !!str 'Bandwidth (To Device)':
  - !!float 4223121.591
  - !!str 'MB/s'
  !!str 'Bandwidth (To Host)':
  - !!float 14182301.669
  - !!str 'MB/s'
!!str 'elapsed': [!!float 3.18, !!str 's']
---
!!str 'test':
  !!str 'name': !!str 'async-test'
  !!str 'size':
  - !!int 96
  - !!str 'MB'
  !!str 'kiter': !!int 100
!!str 'cuda':
  !!str 'Kernel':
  - !!float 34.686
  - !!str 'ms'
  !!str 'To Device':
  - !!float 14.720
  - !!str 'ms'
  !!str 'To Host':
  - !!float 14.493
  - !!str 'ms'
  !!str 'Bandwidth (To Device)':
  - !!float 6521.767
  - !!str 'MB/s'
  !!str 'Bandwidth (To Host)':
  - !!float 6624.111
  - !!str 'MB/s'
!!str 'host':
  !!str 'Kernel':
  - !!float 0.019
  - !!str 'ms'
  !!str 'Local':
  - !!float 13.190
  - !!str 'ms'
  !!str 'To Device':
  - !!float 0.023
  - !!str 'ms'
  !!str 'To Host':
  - !!float 0.007
  - !!str 'ms'
  !!str 'Bandwidth (To Device)':
  - !!float 4232804.233
  - !!str 'MB/s'
  !!str 'Bandwidth (To Host)':
  - !!float 14260249.554
  - !!str 'MB/s'
!!str 'elapsed': [!!float 3.20, !!str 's']
---
!!str 'test':
  !!str 'name': !!str 'async-test'
  !!str 'size':
  - !!int 96
  - !!str 'MB'
  !!str 'kiter': !!int 100
!!str 'cuda':
  !!str 'Kernel':
  - !!float 34.681
  - !!str 'ms'
  !!str 'To Device':
  - !!float 14.770
  - !!str 'ms'
  !!str 'To Host':
  - !!float 14.492
  - !!str 'ms'
  !!str 'Bandwidth (To Device)':
  - !!float 6499.809
  - !!str 'MB/s'
  !!str 'Bandwidth (To Host)':
  - !!float 6624.154
  - !!str 'MB/s'
!!str 'host':
  !!str 'Kernel':
  - !!float 0.018
  - !!str 'ms'
  !!str 'Local':
  - !!float 13.189
  - !!str 'ms'
  !!str 'To Device':
  - !!float 0.023
  - !!str 'ms'
  !!str 'To Host':
  - !!float 0.007
  - !!str 'ms'
  !!str 'Bandwidth (To Device)':
  - !!float 4167390.172
  - !!str 'MB/s'
  !!str 'Bandwidth (To Host)':
  - !!float 14082440.956
  - !!str 'MB/s'
!!str 'elapsed': [!!float 3.17, !!str 's']
---
!!str 'test':
  !!str 'name': !!str 'async-test'
  !!str 'size':
  - !!int 96
  - !!str 'MB'
  !!str 'kiter': !!int 100
!!str 'cuda':
  !!str 'Kernel':
  - !!float 34.683
  - !!str 'ms'
  !!str 'To Device':
  - !!float 14.713
  - !!str 'ms'
  !!str 'To Host':
  - !!float 14.493
  - !!str 'ms'
  !!str 'Bandwidth (To Device)':
  - !!float 6524.831
  - !!str 'MB/s'
  !!str 'Bandwidth (To Host)':
  - !!float 6623.686
  - !!str 'MB/s'
!!str 'host':
  !!str 'Kernel':
  - !!float 0.023
  - !!str 'ms'
  !!str 'Local':
  - !!float 13.191
  - !!str 'ms'
  !!str 'To Device':
  - !!float 0.023
  - !!str 'ms'
  !!str 'To Host':
  - !!float 0.007
  - !!str 'ms'
  !!str 'Bandwidth (To Device)':
  - !!float 4199291.370
  - !!str 'MB/s'
  !!str 'Bandwidth (To Host)':
  - !!float 13515416.021
  - !!str 'MB/s'
!!str 'elapsed': [!!float 3.20, !!str 's']
---
!!str 'test':
  !!str 'name': !!str 'async-test'
  !!str 'size':
  - !!int 96
  - !!str 'MB'
  !!str 'kiter': !!int 100
!!str 'cuda':
  !!str 'Kernel':
  - !!float 34.676
  - !!str 'ms'
  !!str 'To Device':
  - !!float 14.809
  - !!str 'ms'
  !!str 'To Host':
  - !!float 14.495
  - !!str 'ms'
  !!str 'Bandwidth (To Device)':
  - !!float 6482.394
  - !!str 'MB/s'
  !!str 'Bandwidth (To Host)':
  - !!float 6622.999
  - !!str 'MB/s'
!!str 'host':
  !!str 'Kernel':
  - !!float 0.019
  - !!str 'ms'
  !!str 'Local':
  - !!float 13.199
  - !!str 'ms'
  !!str 'To Device':
  - !!float 0.023
  - !!str 'ms'
  !!str 'To Host':
  - !!float 0.007
  - !!str 'ms'
  !!str 'Bandwidth (To Device)':
  - !!float 4123357.100
  - !!str 'MB/s'
  !!str 'Bandwidth (To Host)':
  - !!float 13259668.508
  - !!str 'MB/s'
!!str 'elapsed': [!!float 3.17, !!str 's']
