---
!!str 'test':
  !!str 'name': !!str 'sync-test'
  !!str 'size':
  - !!int 53
  - !!str 'MB'
  !!str 'kiter': !!int 100
!!str 'cuda':
  !!str 'Kernel':
  - !!float 19.152
  - !!str 'ms'
  !!str 'To Device':
  - !!float 9.902
  - !!str 'ms'
  !!str 'To Host':
  - !!float 9.405
  - !!str 'ms'
  !!str 'Bandwidth (To Device)':
  - !!float 5352.257
  - !!str 'MB/s'
  !!str 'Bandwidth (To Host)':
  - !!float 5635.389
  - !!str 'MB/s'
!!str 'host':
  !!str 'Kernel':
  - !!float 0.041
  - !!str 'ms'
  !!str 'Local':
  - !!float 11.604
  - !!str 'ms'
  !!str 'To Device':
  - !!float 10.036
  - !!str 'ms'
  !!str 'To Host':
  - !!float 28.615
  - !!str 'ms'
  !!str 'Bandwidth (To Device)':
  - !!float 5280.879
  - !!str 'MB/s'
  !!str 'Bandwidth (To Host)':
  - !!float 1852.171
  - !!str 'MB/s'
!!str 'elapsed': [!!float 3.17, !!str 's']
---
!!str 'test':
  !!str 'name': !!str 'sync-test'
  !!str 'size':
  - !!int 53
  - !!str 'MB'
  !!str 'kiter': !!int 100
!!str 'cuda':
  !!str 'Kernel':
  - !!float 19.149
  - !!str 'ms'
  !!str 'To Device':
  - !!float 9.084
  - !!str 'ms'
  !!str 'To Host':
  - !!float 8.900
  - !!str 'ms'
  !!str 'Bandwidth (To Device)':
  - !!float 5834.158
  - !!str 'MB/s'
  !!str 'Bandwidth (To Host)':
  - !!float 5955.262
  - !!str 'MB/s'
!!str 'host':
  !!str 'Kernel':
  - !!float 0.034
  - !!str 'ms'
  !!str 'Local':
  - !!float 8.507
  - !!str 'ms'
  !!str 'To Device':
  - !!float 9.210
  - !!str 'ms'
  !!str 'To Host':
  - !!float 28.127
  - !!str 'ms'
  !!str 'Bandwidth (To Device)':
  - !!float 5754.709
  - !!str 'MB/s'
  !!str 'Bandwidth (To Host)':
  - !!float 1884.287
  - !!str 'MB/s'
!!str 'elapsed': [!!float 3.16, !!str 's']
---
!!str 'test':
  !!str 'name': !!str 'sync-test'
  !!str 'size':
  - !!int 53
  - !!str 'MB'
  !!str 'kiter': !!int 100
!!str 'cuda':
  !!str 'Kernel':
  - !!float 19.152
  - !!str 'ms'
  !!str 'To Device':
  - !!float 9.132
  - !!str 'ms'
  !!str 'To Host':
  - !!float 8.986
  - !!str 'ms'
  !!str 'Bandwidth (To Device)':
  - !!float 5803.737
  - !!str 'MB/s'
  !!str 'Bandwidth (To Host)':
  - !!float 5898.191
  - !!str 'MB/s'
!!str 'host':
  !!str 'Kernel':
  - !!float 0.036
  - !!str 'ms'
  !!str 'Local':
  - !!float 9.289
  - !!str 'ms'
  !!str 'To Device':
  - !!float 9.263
  - !!str 'ms'
  !!str 'To Host':
  - !!float 28.208
  - !!str 'ms'
  !!str 'Bandwidth (To Device)':
  - !!float 5721.626
  - !!str 'MB/s'
  !!str 'Bandwidth (To Host)':
  - !!float 1878.887
  - !!str 'MB/s'
!!str 'elapsed': [!!float 3.17, !!str 's']
---
!!str 'test':
  !!str 'name': !!str 'sync-test'
  !!str 'size':
  - !!int 53
  - !!str 'MB'
  !!str 'kiter': !!int 100
!!str 'cuda':
  !!str 'Kernel':
  - !!float 19.156
  - !!str 'ms'
  !!str 'To Device':
  - !!float 10.083
  - !!str 'ms'
  !!str 'To Host':
  - !!float 9.492
  - !!str 'ms'
  !!str 'Bandwidth (To Device)':
  - !!float 5256.436
  - !!str 'MB/s'
  !!str 'Bandwidth (To Host)':
  - !!float 5583.298
  - !!str 'MB/s'
!!str 'host':
  !!str 'Kernel':
  - !!float 0.046
  - !!str 'ms'
  !!str 'Local':
  - !!float 12.060
  - !!str 'ms'
  !!str 'To Device':
  - !!float 10.222
  - !!str 'ms'
  !!str 'To Host':
  - !!float 28.696
  - !!str 'ms'
  !!str 'Bandwidth (To Device)':
  - !!float 5185.042
  - !!str 'MB/s'
  !!str 'Bandwidth (To Host)':
  - !!float 1846.928
  - !!str 'MB/s'
!!str 'elapsed': [!!float 3.18, !!str 's']
---
!!str 'test':
  !!str 'name': !!str 'sync-test'
  !!str 'size':
  - !!int 53
  - !!str 'MB'
  !!str 'kiter': !!int 100
!!str 'cuda':
  !!str 'Kernel':
  - !!float 19.154
  - !!str 'ms'
  !!str 'To Device':
  - !!float 9.854
  - !!str 'ms'
  !!str 'To Host':
  - !!float 9.377
  - !!str 'ms'
  !!str 'Bandwidth (To Device)':
  - !!float 5378.696
  - !!str 'MB/s'
  !!str 'Bandwidth (To Host)':
  - !!float 5652.198
  - !!str 'MB/s'
!!str 'host':
  !!str 'Kernel':
  - !!float 0.042
  - !!str 'ms'
  !!str 'Local':
  - !!float 11.622
  - !!str 'ms'
  !!str 'To Device':
  - !!float 9.986
  - !!str 'ms'
  !!str 'To Host':
  - !!float 28.593
  - !!str 'ms'
  !!str 'Bandwidth (To Device)':
  - !!float 5307.262
  - !!str 'MB/s'
  !!str 'Bandwidth (To Host)':
  - !!float 1853.583
  - !!str 'MB/s'
!!str 'elapsed': [!!float 3.18, !!str 's']
---
!!str 'test':
  !!str 'name': !!str 'sync-test'
  !!str 'size':
  - !!int 53
  - !!str 'MB'
  !!str 'kiter': !!int 100
!!str 'cuda':
  !!str 'Kernel':
  - !!float 19.149
  - !!str 'ms'
  !!str 'To Device':
  - !!float 9.132
  - !!str 'ms'
  !!str 'To Host':
  - !!float 8.907
  - !!str 'ms'
  !!str 'Bandwidth (To Device)':
  - !!float 5803.534
  - !!str 'MB/s'
  !!str 'Bandwidth (To Host)':
  - !!float 5950.042
  - !!str 'MB/s'
!!str 'host':
  !!str 'Kernel':
  - !!float 0.035
  - !!str 'ms'
  !!str 'Local':
  - !!float 8.784
  - !!str 'ms'
  !!str 'To Device':
  - !!float 9.253
  - !!str 'ms'
  !!str 'To Host':
  - !!float 28.139
  - !!str 'ms'
  !!str 'Bandwidth (To Device)':
  - !!float 5727.812
  - !!str 'MB/s'
  !!str 'Bandwidth (To Host)':
  - !!float 1883.481
  - !!str 'MB/s'
!!str 'elapsed': [!!float 3.16, !!str 's']
---
!!str 'test':
  !!str 'name': !!str 'sync-test'
  !!str 'size':
  - !!int 53
  - !!str 'MB'
  !!str 'kiter': !!int 100
!!str 'cuda':
  !!str 'Kernel':
  - !!float 19.151
  - !!str 'ms'
  !!str 'To Device':
  - !!float 10.366
  - !!str 'ms'
  !!str 'To Host':
  - !!float 9.672
  - !!str 'ms'
  !!str 'Bandwidth (To Device)':
  - !!float 5112.639
  - !!str 'MB/s'
  !!str 'Bandwidth (To Host)':
  - !!float 5479.813
  - !!str 'MB/s'
!!str 'host':
  !!str 'Kernel':
  - !!float 0.047
  - !!str 'ms'
  !!str 'Local':
  - !!float 12.580
  - !!str 'ms'
  !!str 'To Device':
  - !!float 10.503
  - !!str 'ms'
  !!str 'To Host':
  - !!float 28.869
  - !!str 'ms'
  !!str 'Bandwidth (To Device)':
  - !!float 5045.915
  - !!str 'MB/s'
  !!str 'Bandwidth (To Host)':
  - !!float 1835.863
  - !!str 'MB/s'
!!str 'elapsed': [!!float 3.16, !!str 's']
---
!!str 'test':
  !!str 'name': !!str 'sync-test'
  !!str 'size':
  - !!int 53
  - !!str 'MB'
  !!str 'kiter': !!int 100
!!str 'cuda':
  !!str 'Kernel':
  - !!float 19.154
  - !!str 'ms'
  !!str 'To Device':
  - !!float 10.090
  - !!str 'ms'
  !!str 'To Host':
  - !!float 9.517
  - !!str 'ms'
  !!str 'Bandwidth (To Device)':
  - !!float 5252.901
  - !!str 'MB/s'
  !!str 'Bandwidth (To Host)':
  - !!float 5568.731
  - !!str 'MB/s'
!!str 'host':
  !!str 'Kernel':
  - !!float 0.042
  - !!str 'ms'
  !!str 'Local':
  - !!float 12.015
  - !!str 'ms'
  !!str 'To Device':
  - !!float 10.233
  - !!str 'ms'
  !!str 'To Host':
  - !!float 28.717
  - !!str 'ms'
  !!str 'Bandwidth (To Device)':
  - !!float 5179.023
  - !!str 'MB/s'
  !!str 'Bandwidth (To Host)':
  - !!float 1845.598
  - !!str 'MB/s'
!!str 'elapsed': [!!float 3.17, !!str 's']
---
!!str 'test':
  !!str 'name': !!str 'sync-test'
  !!str 'size':
  - !!int 53
  - !!str 'MB'
  !!str 'kiter': !!int 100
!!str 'cuda':
  !!str 'Kernel':
  - !!float 19.156
  - !!str 'ms'
  !!str 'To Device':
  - !!float 10.149
  - !!str 'ms'
  !!str 'To Host':
  - !!float 9.488
  - !!str 'ms'
  !!str 'Bandwidth (To Device)':
  - !!float 5221.897
  - !!str 'MB/s'
  !!str 'Bandwidth (To Host)':
  - !!float 5585.859
  - !!str 'MB/s'
!!str 'host':
  !!str 'Kernel':
  - !!float 0.044
  - !!str 'ms'
  !!str 'Local':
  - !!float 12.021
  - !!str 'ms'
  !!str 'To Device':
  - !!float 10.285
  - !!str 'ms'
  !!str 'To Host':
  - !!float 28.699
  - !!str 'ms'
  !!str 'Bandwidth (To Device)':
  - !!float 5153.233
  - !!str 'MB/s'
  !!str 'Bandwidth (To Host)':
  - !!float 1846.748
  - !!str 'MB/s'
!!str 'elapsed': [!!float 3.17, !!str 's']
---
!!str 'test':
  !!str 'name': !!str 'sync-test'
  !!str 'size':
  - !!int 53
  - !!str 'MB'
  !!str 'kiter': !!int 100
!!str 'cuda':
  !!str 'Kernel':
  - !!float 19.160
  - !!str 'ms'
  !!str 'To Device':
  - !!float 8.944
  - !!str 'ms'
  !!str 'To Host':
  - !!float 8.790
  - !!str 'ms'
  !!str 'Bandwidth (To Device)':
  - !!float 5925.879
  - !!str 'MB/s'
  !!str 'Bandwidth (To Host)':
  - !!float 6029.342
  - !!str 'MB/s'
!!str 'host':
  !!str 'Kernel':
  - !!float 0.031
  - !!str 'ms'
  !!str 'Local':
  - !!float 7.283
  - !!str 'ms'
  !!str 'To Device':
  - !!float 9.061
  - !!str 'ms'
  !!str 'To Host':
  - !!float 28.045
  - !!str 'ms'
  !!str 'Bandwidth (To Device)':
  - !!float 5849.361
  - !!str 'MB/s'
  !!str 'Bandwidth (To Host)':
  - !!float 1889.790
  - !!str 'MB/s'
!!str 'elapsed': [!!float 3.15, !!str 's']
