---
!!str 'test':
  !!str 'name': !!str 'sync-test'
  !!str 'size':
  - !!int 80
  - !!str 'MB'
  !!str 'kiter': !!int 100
!!str 'cuda':
  !!str 'Kernel':
  - !!float 28.901
  - !!str 'ms'
  !!str 'To Device':
  - !!float 13.166
  - !!str 'ms'
  !!str 'To Host':
  - !!float 13.127
  - !!str 'ms'
  !!str 'Bandwidth (To Device)':
  - !!float 6076.220
  - !!str 'MB/s'
  !!str 'Bandwidth (To Host)':
  - !!float 6094.232
  - !!str 'MB/s'
!!str 'host':
  !!str 'Kernel':
  - !!float 0.031
  - !!str 'ms'
  !!str 'Local':
  - !!float 10.983
  - !!str 'ms'
  !!str 'To Device':
  - !!float 13.422
  - !!str 'ms'
  !!str 'To Host':
  - !!float 42.121
  - !!str 'ms'
  !!str 'Bandwidth (To Device)':
  - !!float 5960.543
  - !!str 'MB/s'
  !!str 'Bandwidth (To Host)':
  - !!float 1899.268
  - !!str 'MB/s'
!!str 'elapsed': [!!float 3.18, !!str 's']
---
!!str 'test':
  !!str 'name': !!str 'sync-test'
  !!str 'size':
  - !!int 80
  - !!str 'MB'
  !!str 'kiter': !!int 100
!!str 'cuda':
  !!str 'Kernel':
  - !!float 28.909
  - !!str 'ms'
  !!str 'To Device':
  - !!float 13.137
  - !!str 'ms'
  !!str 'To Host':
  - !!float 13.154
  - !!str 'ms'
  !!str 'Bandwidth (To Device)':
  - !!float 6089.481
  - !!str 'MB/s'
  !!str 'Bandwidth (To Host)':
  - !!float 6081.600
  - !!str 'MB/s'
!!str 'host':
  !!str 'Kernel':
  - !!float 0.032
  - !!str 'ms'
  !!str 'Local':
  - !!float 10.989
  - !!str 'ms'
  !!str 'To Device':
  - !!float 13.392
  - !!str 'ms'
  !!str 'To Host':
  - !!float 42.158
  - !!str 'ms'
  !!str 'Bandwidth (To Device)':
  - !!float 5973.760
  - !!str 'MB/s'
  !!str 'Bandwidth (To Host)':
  - !!float 1897.643
  - !!str 'MB/s'
!!str 'elapsed': [!!float 3.18, !!str 's']
---
!!str 'test':
  !!str 'name': !!str 'sync-test'
  !!str 'size':
  - !!int 80
  - !!str 'MB'
  !!str 'kiter': !!int 100
!!str 'cuda':
  !!str 'Kernel':
  - !!float 28.905
  - !!str 'ms'
  !!str 'To Device':
  - !!float 14.923
  - !!str 'ms'
  !!str 'To Host':
  - !!float 14.028
  - !!str 'ms'
  !!str 'Bandwidth (To Device)':
  - !!float 5360.700
  - !!str 'MB/s'
  !!str 'Bandwidth (To Host)':
  - !!float 5702.802
  - !!str 'MB/s'
!!str 'host':
  !!str 'Kernel':
  - !!float 0.042
  - !!str 'ms'
  !!str 'Local':
  - !!float 16.707
  - !!str 'ms'
  !!str 'To Device':
  - !!float 15.186
  - !!str 'ms'
  !!str 'To Host':
  - !!float 42.984
  - !!str 'ms'
  !!str 'Bandwidth (To Device)':
  - !!float 5267.901
  - !!str 'MB/s'
  !!str 'Bandwidth (To Host)':
  - !!float 1861.136
  - !!str 'MB/s'
!!str 'elapsed': [!!float 3.21, !!str 's']
---
!!str 'test':
  !!str 'name': !!str 'sync-test'
  !!str 'size':
  - !!int 80
  - !!str 'MB'
  !!str 'kiter': !!int 100
!!str 'cuda':
  !!str 'Kernel':
  - !!float 28.912
  - !!str 'ms'
  !!str 'To Device':
  - !!float 13.177
  - !!str 'ms'
  !!str 'To Host':
  - !!float 13.199
  - !!str 'ms'
  !!str 'Bandwidth (To Device)':
  - !!float 6071.188
  - !!str 'MB/s'
  !!str 'Bandwidth (To Host)':
  - !!float 6061.194
  - !!str 'MB/s'
!!str 'host':
  !!str 'Kernel':
  - !!float 0.031
  - !!str 'ms'
  !!str 'Local':
  - !!float 10.984
  - !!str 'ms'
  !!str 'To Device':
  - !!float 13.433
  - !!str 'ms'
  !!str 'To Host':
  - !!float 42.201
  - !!str 'ms'
  !!str 'Bandwidth (To Device)':
  - !!float 5955.442
  - !!str 'MB/s'
  !!str 'Bandwidth (To Host)':
  - !!float 1895.683
  - !!str 'MB/s'
!!str 'elapsed': [!!float 3.19, !!str 's']
---
!!str 'test':
  !!str 'name': !!str 'sync-test'
  !!str 'size':
  - !!int 80
  - !!str 'MB'
  !!str 'kiter': !!int 100
!!str 'cuda':
  !!str 'Kernel':
  - !!float 28.934
  - !!str 'ms'
  !!str 'To Device':
  - !!float 13.099
  - !!str 'ms'
  !!str 'To Host':
  - !!float 13.156
  - !!str 'ms'
  !!str 'Bandwidth (To Device)':
  - !!float 6107.512
  - !!str 'MB/s'
  !!str 'Bandwidth (To Host)':
  - !!float 6080.905
  - !!str 'MB/s'
!!str 'host':
  !!str 'Kernel':
  - !!float 0.040
  - !!str 'ms'
  !!str 'Local':
  - !!float 10.989
  - !!str 'ms'
  !!str 'To Device':
  - !!float 13.345
  - !!str 'ms'
  !!str 'To Host':
  - !!float 42.059
  - !!str 'ms'
  !!str 'Bandwidth (To Device)':
  - !!float 5994.809
  - !!str 'MB/s'
  !!str 'Bandwidth (To Host)':
  - !!float 1902.108
  - !!str 'MB/s'
!!str 'elapsed': [!!float 3.15, !!str 's']
---
!!str 'test':
  !!str 'name': !!str 'sync-test'
  !!str 'size':
  - !!int 80
  - !!str 'MB'
  !!str 'kiter': !!int 100
!!str 'cuda':
  !!str 'Kernel':
  - !!float 28.906
  - !!str 'ms'
  !!str 'To Device':
  - !!float 13.180
  - !!str 'ms'
  !!str 'To Host':
  - !!float 13.146
  - !!str 'ms'
  !!str 'Bandwidth (To Device)':
  - !!float 6069.773
  - !!str 'MB/s'
  !!str 'Bandwidth (To Host)':
  - !!float 6085.376
  - !!str 'MB/s'
!!str 'host':
  !!str 'Kernel':
  - !!float 0.030
  - !!str 'ms'
  !!str 'Local':
  - !!float 10.982
  - !!str 'ms'
  !!str 'To Device':
  - !!float 13.430
  - !!str 'ms'
  !!str 'To Host':
  - !!float 42.152
  - !!str 'ms'
  !!str 'Bandwidth (To Device)':
  - !!float 5956.624
  - !!str 'MB/s'
  !!str 'Bandwidth (To Host)':
  - !!float 1897.904
  - !!str 'MB/s'
!!str 'elapsed': [!!float 3.17, !!str 's']
---
!!str 'test':
  !!str 'name': !!str 'sync-test'
  !!str 'size':
  - !!int 80
  - !!str 'MB'
  !!str 'kiter': !!int 100
!!str 'cuda':
  !!str 'Kernel':
  - !!float 28.905
  - !!str 'ms'
  !!str 'To Device':
  - !!float 13.981
  - !!str 'ms'
  !!str 'To Host':
  - !!float 13.617
  - !!str 'ms'
  !!str 'Bandwidth (To Device)':
  - !!float 5722.002
  - !!str 'MB/s'
  !!str 'Bandwidth (To Host)':
  - !!float 5874.985
  - !!str 'MB/s'
!!str 'host':
  !!str 'Kernel':
  - !!float 0.038
  - !!str 'ms'
  !!str 'Local':
  - !!float 14.729
  - !!str 'ms'
  !!str 'To Device':
  - !!float 14.241
  - !!str 'ms'
  !!str 'To Host':
  - !!float 42.595
  - !!str 'ms'
  !!str 'Bandwidth (To Device)':
  - !!float 5617.544
  - !!str 'MB/s'
  !!str 'Bandwidth (To Host)':
  - !!float 1878.151
  - !!str 'MB/s'
!!str 'elapsed': [!!float 3.20, !!str 's']
---
!!str 'test':
  !!str 'name': !!str 'sync-test'
  !!str 'size':
  - !!int 80
  - !!str 'MB'
  !!str 'kiter': !!int 100
!!str 'cuda':
  !!str 'Kernel':
  - !!float 28.911
  - !!str 'ms'
  !!str 'To Device':
  - !!float 13.149
  - !!str 'ms'
  !!str 'To Host':
  - !!float 13.145
  - !!str 'ms'
  !!str 'Bandwidth (To Device)':
  - !!float 6083.939
  - !!str 'MB/s'
  !!str 'Bandwidth (To Host)':
  - !!float 6085.909
  - !!str 'MB/s'
!!str 'host':
  !!str 'Kernel':
  - !!float 0.031
  - !!str 'ms'
  !!str 'Local':
  - !!float 10.992
  - !!str 'ms'
  !!str 'To Device':
  - !!float 13.402
  - !!str 'ms'
  !!str 'To Host':
  - !!float 42.152
  - !!str 'ms'
  !!str 'Bandwidth (To Device)':
  - !!float 5969.250
  - !!str 'MB/s'
  !!str 'Bandwidth (To Host)':
  - !!float 1897.916
  - !!str 'MB/s'
!!str 'elapsed': [!!float 3.17, !!str 's']
---
!!str 'test':
  !!str 'name': !!str 'sync-test'
  !!str 'size':
  - !!int 80
  - !!str 'MB'
  !!str 'kiter': !!int 100
!!str 'cuda':
  !!str 'Kernel':
  - !!float 28.906
  - !!str 'ms'
  !!str 'To Device':
  - !!float 13.089
  - !!str 'ms'
  !!str 'To Host':
  - !!float 13.206
  - !!str 'ms'
  !!str 'Bandwidth (To Device)':
  - !!float 6112.066
  - !!str 'MB/s'
  !!str 'Bandwidth (To Host)':
  - !!float 6058.021
  - !!str 'MB/s'
!!str 'host':
  !!str 'Kernel':
  - !!float 0.029
  - !!str 'ms'
  !!str 'Local':
  - !!float 10.986
  - !!str 'ms'
  !!str 'To Device':
  - !!float 13.345
  - !!str 'ms'
  !!str 'To Host':
  - !!float 42.207
  - !!str 'ms'
  !!str 'Bandwidth (To Device)':
  - !!float 5994.674
  - !!str 'MB/s'
  !!str 'Bandwidth (To Host)':
  - !!float 1895.435
  - !!str 'MB/s'
!!str 'elapsed': [!!float 3.17, !!str 's']
---
!!str 'test':
  !!str 'name': !!str 'sync-test'
  !!str 'size':
  - !!int 80
  - !!str 'MB'
  !!str 'kiter': !!int 100
!!str 'cuda':
  !!str 'Kernel':
  - !!float 28.900
  - !!str 'ms'
  !!str 'To Device':
  - !!float 14.952
  - !!str 'ms'
  !!str 'To Host':
  - !!float 13.977
  - !!str 'ms'
  !!str 'Bandwidth (To Device)':
  - !!float 5350.375
  - !!str 'MB/s'
  !!str 'Bandwidth (To Host)':
  - !!float 5723.627
  - !!str 'MB/s'
!!str 'host':
  !!str 'Kernel':
  - !!float 0.049
  - !!str 'ms'
  !!str 'Local':
  - !!float 16.714
  - !!str 'ms'
  !!str 'To Device':
  - !!float 15.215
  - !!str 'ms'
  !!str 'To Host':
  - !!float 42.931
  - !!str 'ms'
  !!str 'Bandwidth (To Device)':
  - !!float 5257.983
  - !!str 'MB/s'
  !!str 'Bandwidth (To Host)':
  - !!float 1863.438
  - !!str 'MB/s'
!!str 'elapsed': [!!float 3.19, !!str 's']
