---
!!str 'test':
  !!str 'name': !!str 'sync-test'
  !!str 'size':
  - !!int 95
  - !!str 'MB'
  !!str 'kiter': !!int 100
!!str 'cuda':
  !!str 'Kernel':
  - !!float 34.323
  - !!str 'ms'
  !!str 'To Device':
  - !!float 15.496
  - !!str 'ms'
  !!str 'To Host':
  - !!float 15.685
  - !!str 'ms'
  !!str 'Bandwidth (To Device)':
  - !!float 6130.750
  - !!str 'MB/s'
  !!str 'Bandwidth (To Host)':
  - !!float 6056.630
  - !!str 'MB/s'
!!str 'host':
  !!str 'Kernel':
  - !!float 0.030
  - !!str 'ms'
  !!str 'Local':
  - !!float 12.975
  - !!str 'ms'
  !!str 'To Device':
  - !!float 15.819
  - !!str 'ms'
  !!str 'To Host':
  - !!float 50.106
  - !!str 'ms'
  !!str 'Bandwidth (To Device)':
  - !!float 6005.351
  - !!str 'MB/s'
  !!str 'Bandwidth (To Host)':
  - !!float 1895.967
  - !!str 'MB/s'
!!str 'elapsed': [!!float 3.19, !!str 's']
---
!!str 'test':
  !!str 'name': !!str 'sync-test'
  !!str 'size':
  - !!int 95
  - !!str 'MB'
  !!str 'kiter': !!int 100
!!str 'cuda':
  !!str 'Kernel':
  - !!float 34.316
  - !!str 'ms'
  !!str 'To Device':
  - !!float 15.708
  - !!str 'ms'
  !!str 'To Host':
  - !!float 15.604
  - !!str 'ms'
  !!str 'Bandwidth (To Device)':
  - !!float 6047.759
  - !!str 'MB/s'
  !!str 'Bandwidth (To Host)':
  - !!float 6088.329
  - !!str 'MB/s'
!!str 'host':
  !!str 'Kernel':
  - !!float 0.030
  - !!str 'ms'
  !!str 'Local':
  - !!float 13.043
  - !!str 'ms'
  !!str 'To Device':
  - !!float 16.036
  - !!str 'ms'
  !!str 'To Host':
  - !!float 50.014
  - !!str 'ms'
  !!str 'Bandwidth (To Device)':
  - !!float 5923.995
  - !!str 'MB/s'
  !!str 'Bandwidth (To Host)':
  - !!float 1899.473
  - !!str 'MB/s'
!!str 'elapsed': [!!float 3.18, !!str 's']
---
!!str 'test':
  !!str 'name': !!str 'sync-test'
  !!str 'size':
  - !!int 95
  - !!str 'MB'
  !!str 'kiter': !!int 100
!!str 'cuda':
  !!str 'Kernel':
  - !!float 34.332
  - !!str 'ms'
  !!str 'To Device':
  - !!float 15.523
  - !!str 'ms'
  !!str 'To Host':
  - !!float 15.591
  - !!str 'ms'
  !!str 'Bandwidth (To Device)':
  - !!float 6119.932
  - !!str 'MB/s'
  !!str 'Bandwidth (To Host)':
  - !!float 6093.164
  - !!str 'MB/s'
!!str 'host':
  !!str 'Kernel':
  - !!float 0.030
  - !!str 'ms'
  !!str 'Local':
  - !!float 13.048
  - !!str 'ms'
  !!str 'To Device':
  - !!float 15.849
  - !!str 'ms'
  !!str 'To Host':
  - !!float 50.019
  - !!str 'ms'
  !!str 'Bandwidth (To Device)':
  - !!float 5994.162
  - !!str 'MB/s'
  !!str 'Bandwidth (To Host)':
  - !!float 1899.261
  - !!str 'MB/s'
!!str 'elapsed': [!!float 3.21, !!str 's']
---
!!str 'test':
  !!str 'name': !!str 'sync-test'
  !!str 'size':
  - !!int 95
  - !!str 'MB'
  !!str 'kiter': !!int 100
!!str 'cuda':
  !!str 'Kernel':
  - !!float 34.336
  - !!str 'ms'
  !!str 'To Device':
  - !!float 15.523
  - !!str 'ms'
  !!str 'To Host':
  - !!float 15.564
  - !!str 'ms'
  !!str 'Bandwidth (To Device)':
  - !!float 6119.970
  - !!str 'MB/s'
  !!str 'Bandwidth (To Host)':
  - !!float 6103.989
  - !!str 'MB/s'
!!str 'host':
  !!str 'Kernel':
  - !!float 0.029
  - !!str 'ms'
  !!str 'Local':
  - !!float 13.048
  - !!str 'ms'
  !!str 'To Device':
  - !!float 15.853
  - !!str 'ms'
  !!str 'To Host':
  - !!float 49.994
  - !!str 'ms'
  !!str 'Bandwidth (To Device)':
  - !!float 5992.344
  - !!str 'MB/s'
  !!str 'Bandwidth (To Host)':
  - !!float 1900.236
  - !!str 'MB/s'
!!str 'elapsed': [!!float 3.18, !!str 's']
---
!!str 'test':
  !!str 'name': !!str 'sync-test'
  !!str 'size':
  - !!int 95
  - !!str 'MB'
  !!str 'kiter': !!int 100
!!str 'cuda':
  !!str 'Kernel':
  - !!float 34.334
  - !!str 'ms'
  !!str 'To Device':
  - !!float 16.373
  - !!str 'ms'
  !!str 'To Host':
  - !!float 15.958
  - !!str 'ms'
  !!str 'Bandwidth (To Device)':
  - !!float 5802.381
  - !!str 'MB/s'
  !!str 'Bandwidth (To Host)':
  - !!float 5952.985
  - !!str 'MB/s'
!!str 'host':
  !!str 'Kernel':
  - !!float 0.038
  - !!str 'ms'
  !!str 'Local':
  - !!float 16.466
  - !!str 'ms'
  !!str 'To Device':
  - !!float 16.708
  - !!str 'ms'
  !!str 'To Host':
  - !!float 50.366
  - !!str 'ms'
  !!str 'Bandwidth (To Device)':
  - !!float 5685.787
  - !!str 'MB/s'
  !!str 'Bandwidth (To Host)':
  - !!float 1886.191
  - !!str 'MB/s'
!!str 'elapsed': [!!float 3.20, !!str 's']
---
!!str 'test':
  !!str 'name': !!str 'sync-test'
  !!str 'size':
  - !!int 95
  - !!str 'MB'
  !!str 'kiter': !!int 100
!!str 'cuda':
  !!str 'Kernel':
  - !!float 34.315
  - !!str 'ms'
  !!str 'To Device':
  - !!float 17.583
  - !!str 'ms'
  !!str 'To Host':
  - !!float 16.353
  - !!str 'ms'
  !!str 'Bandwidth (To Device)':
  - !!float 5402.937
  - !!str 'MB/s'
  !!str 'Bandwidth (To Host)':
  - !!float 5809.170
  - !!str 'MB/s'
!!str 'host':
  !!str 'Kernel':
  - !!float 0.041
  - !!str 'ms'
  !!str 'Local':
  - !!float 18.661
  - !!str 'ms'
  !!str 'To Device':
  - !!float 17.923
  - !!str 'ms'
  !!str 'To Host':
  - !!float 50.728
  - !!str 'ms'
  !!str 'Bandwidth (To Device)':
  - !!float 5300.317
  - !!str 'MB/s'
  !!str 'Bandwidth (To Host)':
  - !!float 1872.728
  - !!str 'MB/s'
!!str 'elapsed': [!!float 3.19, !!str 's']
---
!!str 'test':
  !!str 'name': !!str 'sync-test'
  !!str 'size':
  - !!int 95
  - !!str 'MB'
  !!str 'kiter': !!int 100
!!str 'cuda':
  !!str 'Kernel':
  - !!float 34.320
  - !!str 'ms'
  !!str 'To Device':
  - !!float 15.516
  - !!str 'ms'
  !!str 'To Host':
  - !!float 15.583
  - !!str 'ms'
  !!str 'Bandwidth (To Device)':
  - !!float 6122.506
  - !!str 'MB/s'
  !!str 'Bandwidth (To Host)':
  - !!float 6096.230
  - !!str 'MB/s'
!!str 'host':
  !!str 'Kernel':
  - !!float 0.030
  - !!str 'ms'
  !!str 'Local':
  - !!float 13.037
  - !!str 'ms'
  !!str 'To Device':
  - !!float 15.843
  - !!str 'ms'
  !!str 'To Host':
  - !!float 50.001
  - !!str 'ms'
  !!str 'Bandwidth (To Device)':
  - !!float 5996.324
  - !!str 'MB/s'
  !!str 'Bandwidth (To Host)':
  - !!float 1899.965
  - !!str 'MB/s'
!!str 'elapsed': [!!float 3.19, !!str 's']
---
!!str 'test':
  !!str 'name': !!str 'sync-test'
  !!str 'size':
  - !!int 95
  - !!str 'MB'
  !!str 'kiter': !!int 100
!!str 'cuda':
  !!str 'Kernel':
  - !!float 34.318
  - !!str 'ms'
  !!str 'To Device':
  - !!float 17.084
  - !!str 'ms'
  !!str 'To Host':
  - !!float 16.264
  - !!str 'ms'
  !!str 'Bandwidth (To Device)':
  - !!float 5560.816
  - !!str 'MB/s'
  !!str 'Bandwidth (To Host)':
  - !!float 5840.921
  - !!str 'MB/s'
!!str 'host':
  !!str 'Kernel':
  - !!float 0.040
  - !!str 'ms'
  !!str 'Local':
  - !!float 18.093
  - !!str 'ms'
  !!str 'To Device':
  - !!float 17.422
  - !!str 'ms'
  !!str 'To Host':
  - !!float 50.647
  - !!str 'ms'
  !!str 'Bandwidth (To Device)':
  - !!float 5452.872
  - !!str 'MB/s'
  !!str 'Bandwidth (To Host)':
  - !!float 1875.727
  - !!str 'MB/s'
!!str 'elapsed': [!!float 3.21, !!str 's']
---
!!str 'test':
  !!str 'name': !!str 'sync-test'
  !!str 'size':
  - !!int 95
  - !!str 'MB'
  !!str 'kiter': !!int 100
!!str 'cuda':
  !!str 'Kernel':
  - !!float 34.322
  - !!str 'ms'
  !!str 'To Device':
  - !!float 15.535
  - !!str 'ms'
  !!str 'To Host':
  - !!float 15.637
  - !!str 'ms'
  !!str 'Bandwidth (To Device)':
  - !!float 6115.229
  - !!str 'MB/s'
  !!str 'Bandwidth (To Host)':
  - !!float 6075.283
  - !!str 'MB/s'
!!str 'host':
  !!str 'Kernel':
  - !!float 0.031
  - !!str 'ms'
  !!str 'Local':
  - !!float 13.040
  - !!str 'ms'
  !!str 'To Device':
  - !!float 15.860
  - !!str 'ms'
  !!str 'To Host':
  - !!float 50.055
  - !!str 'ms'
  !!str 'Bandwidth (To Device)':
  - !!float 5989.994
  - !!str 'MB/s'
  !!str 'Bandwidth (To Host)':
  - !!float 1897.918
  - !!str 'MB/s'
!!str 'elapsed': [!!float 3.18, !!str 's']
---
!!str 'test':
  !!str 'name': !!str 'sync-test'
  !!str 'size':
  - !!int 95
  - !!str 'MB'
  !!str 'kiter': !!int 100
!!str 'cuda':
  !!str 'Kernel':
  - !!float 34.321
  - !!str 'ms'
  !!str 'To Device':
  - !!float 15.728
  - !!str 'ms'
  !!str 'To Host':
  - !!float 15.584
  - !!str 'ms'
  !!str 'Bandwidth (To Device)':
  - !!float 6040.253
  - !!str 'MB/s'
  !!str 'Bandwidth (To Host)':
  - !!float 6095.979
  - !!str 'MB/s'
!!str 'host':
  !!str 'Kernel':
  - !!float 0.030
  - !!str 'ms'
  !!str 'Local':
  - !!float 13.041
  - !!str 'ms'
  !!str 'To Device':
  - !!float 16.056
  - !!str 'ms'
  !!str 'To Host':
  - !!float 49.997
  - !!str 'ms'
  !!str 'Bandwidth (To Device)':
  - !!float 5916.782
  - !!str 'MB/s'
  !!str 'Bandwidth (To Host)':
  - !!float 1900.102
  - !!str 'MB/s'
!!str 'elapsed': [!!float 3.17, !!str 's']
