---
!!str 'test':
  !!str 'name': !!str 'sync-test'
  !!str 'size':
  - !!int 90
  - !!str 'MB'
  !!str 'kiter': !!int 100
!!str 'cuda':
  !!str 'Kernel':
  - !!float 32.522
  - !!str 'ms'
  !!str 'To Device':
  - !!float 16.606
  - !!str 'ms'
  !!str 'To Host':
  - !!float 15.594
  - !!str 'ms'
  !!str 'Bandwidth (To Device)':
  - !!float 5419.601
  - !!str 'MB/s'
  !!str 'Bandwidth (To Host)':
  - !!float 5771.273
  - !!str 'MB/s'
!!str 'host':
  !!str 'Kernel':
  - !!float 0.040
  - !!str 'ms'
  !!str 'Local':
  - !!float 18.010
  - !!str 'ms'
  !!str 'To Device':
  - !!float 16.927
  - !!str 'ms'
  !!str 'To Host':
  - !!float 48.174
  - !!str 'ms'
  !!str 'Bandwidth (To Device)':
  - !!float 5316.948
  - !!str 'MB/s'
  !!str 'Bandwidth (To Host)':
  - !!float 1868.224
  - !!str 'MB/s'
!!str 'elapsed': [!!float 3.21, !!str 's']
---
!!str 'test':
  !!str 'name': !!str 'sync-test'
  !!str 'size':
  - !!int 90
  - !!str 'MB'
  !!str 'kiter': !!int 100
!!str 'cuda':
  !!str 'Kernel':
  - !!float 32.517
  - !!str 'ms'
  !!str 'To Device':
  - !!float 14.760
  - !!str 'ms'
  !!str 'To Host':
  - !!float 14.739
  - !!str 'ms'
  !!str 'Bandwidth (To Device)':
  - !!float 6097.584
  - !!str 'MB/s'
  !!str 'Bandwidth (To Host)':
  - !!float 6106.255
  - !!str 'MB/s'
!!str 'host':
  !!str 'Kernel':
  - !!float 0.030
  - !!str 'ms'
  !!str 'Local':
  - !!float 12.368
  - !!str 'ms'
  !!str 'To Device':
  - !!float 15.059
  - !!str 'ms'
  !!str 'To Host':
  - !!float 47.355
  - !!str 'ms'
  !!str 'Bandwidth (To Device)':
  - !!float 5976.603
  - !!str 'MB/s'
  !!str 'Bandwidth (To Host)':
  - !!float 1900.535
  - !!str 'MB/s'
!!str 'elapsed': [!!float 3.18, !!str 's']
---
!!str 'test':
  !!str 'name': !!str 'sync-test'
  !!str 'size':
  - !!int 90
  - !!str 'MB'
  !!str 'kiter': !!int 100
!!str 'cuda':
  !!str 'Kernel':
  - !!float 32.520
  - !!str 'ms'
  !!str 'To Device':
  - !!float 14.937
  - !!str 'ms'
  !!str 'To Host':
  - !!float 14.771
  - !!str 'ms'
  !!str 'Bandwidth (To Device)':
  - !!float 6025.112
  - !!str 'MB/s'
  !!str 'Bandwidth (To Host)':
  - !!float 6092.868
  - !!str 'MB/s'
!!str 'host':
  !!str 'Kernel':
  - !!float 0.031
  - !!str 'ms'
  !!str 'Local':
  - !!float 12.363
  - !!str 'ms'
  !!str 'To Device':
  - !!float 15.247
  - !!str 'ms'
  !!str 'To Host':
  - !!float 47.378
  - !!str 'ms'
  !!str 'Bandwidth (To Device)':
  - !!float 5902.628
  - !!str 'MB/s'
  !!str 'Bandwidth (To Host)':
  - !!float 1899.587
  - !!str 'MB/s'
!!str 'elapsed': [!!float 3.17, !!str 's']
---
!!str 'test':
  !!str 'name': !!str 'sync-test'
  !!str 'size':
  - !!int 90
  - !!str 'MB'
  !!str 'kiter': !!int 100
!!str 'cuda':
  !!str 'Kernel':
  - !!float 32.528
  - !!str 'ms'
  !!str 'To Device':
  - !!float 14.781
  - !!str 'ms'
  !!str 'To Host':
  - !!float 14.746
  - !!str 'ms'
  !!str 'Bandwidth (To Device)':
  - !!float 6088.963
  - !!str 'MB/s'
  !!str 'Bandwidth (To Host)':
  - !!float 6103.194
  - !!str 'MB/s'
!!str 'host':
  !!str 'Kernel':
  - !!float 0.030
  - !!str 'ms'
  !!str 'Local':
  - !!float 12.367
  - !!str 'ms'
  !!str 'To Device':
  - !!float 15.079
  - !!str 'ms'
  !!str 'To Host':
  - !!float 47.371
  - !!str 'ms'
  !!str 'Bandwidth (To Device)':
  - !!float 5968.718
  - !!str 'MB/s'
  !!str 'Bandwidth (To Host)':
  - !!float 1899.889
  - !!str 'MB/s'
!!str 'elapsed': [!!float 3.18, !!str 's']
---
!!str 'test':
  !!str 'name': !!str 'sync-test'
  !!str 'size':
  - !!int 90
  - !!str 'MB'
  !!str 'kiter': !!int 100
!!str 'cuda':
  !!str 'Kernel':
  - !!float 32.518
  - !!str 'ms'
  !!str 'To Device':
  - !!float 14.787
  - !!str 'ms'
  !!str 'To Host':
  - !!float 14.744
  - !!str 'ms'
  !!str 'Bandwidth (To Device)':
  - !!float 6086.341
  - !!str 'MB/s'
  !!str 'Bandwidth (To Host)':
  - !!float 6104.241
  - !!str 'MB/s'
!!str 'host':
  !!str 'Kernel':
  - !!float 0.029
  - !!str 'ms'
  !!str 'Local':
  - !!float 12.358
  - !!str 'ms'
  !!str 'To Device':
  - !!float 15.090
  - !!str 'ms'
  !!str 'To Host':
  - !!float 47.354
  - !!str 'ms'
  !!str 'Bandwidth (To Device)':
  - !!float 5964.032
  - !!str 'MB/s'
  !!str 'Bandwidth (To Host)':
  - !!float 1900.581
  - !!str 'MB/s'
!!str 'elapsed': [!!float 3.18, !!str 's']
---
!!str 'test':
  !!str 'name': !!str 'sync-test'
  !!str 'size':
  - !!int 90
  - !!str 'MB'
  !!str 'kiter': !!int 100
!!str 'cuda':
  !!str 'Kernel':
  - !!float 32.515
  - !!str 'ms'
  !!str 'To Device':
  - !!float 14.735
  - !!str 'ms'
  !!str 'To Host':
  - !!float 14.776
  - !!str 'ms'
  !!str 'Bandwidth (To Device)':
  - !!float 6107.992
  - !!str 'MB/s'
  !!str 'Bandwidth (To Host)':
  - !!float 6090.994
  - !!str 'MB/s'
!!str 'host':
  !!str 'Kernel':
  - !!float 0.029
  - !!str 'ms'
  !!str 'Local':
  - !!float 12.361
  - !!str 'ms'
  !!str 'To Device':
  - !!float 15.039
  - !!str 'ms'
  !!str 'To Host':
  - !!float 47.382
  - !!str 'ms'
  !!str 'Bandwidth (To Device)':
  - !!float 5984.566
  - !!str 'MB/s'
  !!str 'Bandwidth (To Host)':
  - !!float 1899.427
  - !!str 'MB/s'
!!str 'elapsed': [!!float 3.18, !!str 's']
---
!!str 'test':
  !!str 'name': !!str 'sync-test'
  !!str 'size':
  - !!int 90
  - !!str 'MB'
  !!str 'kiter': !!int 100
!!str 'cuda':
  !!str 'Kernel':
  - !!float 32.513
  - !!str 'ms'
  !!str 'To Device':
  - !!float 15.450
  - !!str 'ms'
  !!str 'To Host':
  - !!float 15.115
  - !!str 'ms'
  !!str 'Bandwidth (To Device)':
  - !!float 5825.159
  - !!str 'MB/s'
  !!str 'Bandwidth (To Host)':
  - !!float 5954.242
  - !!str 'MB/s'
!!str 'host':
  !!str 'Kernel':
  - !!float 0.036
  - !!str 'ms'
  !!str 'Local':
  - !!float 15.410
  - !!str 'ms'
  !!str 'To Device':
  - !!float 15.759
  - !!str 'ms'
  !!str 'To Host':
  - !!float 47.704
  - !!str 'ms'
  !!str 'Bandwidth (To Device)':
  - !!float 5711.072
  - !!str 'MB/s'
  !!str 'Bandwidth (To Host)':
  - !!float 1886.632
  - !!str 'MB/s'
!!str 'elapsed': [!!float 3.20, !!str 's']
---
!!str 'test':
  !!str 'name': !!str 'sync-test'
  !!str 'size':
  - !!int 90
  - !!str 'MB'
  !!str 'kiter': !!int 100
!!str 'cuda':
  !!str 'Kernel':
  - !!float 32.554
  - !!str 'ms'
  !!str 'To Device':
  - !!float 14.836
  - !!str 'ms'
  !!str 'To Host':
  - !!float 14.766
  - !!str 'ms'
  !!str 'Bandwidth (To Device)':
  - !!float 6066.099
  - !!str 'MB/s'
  !!str 'Bandwidth (To Host)':
  - !!float 6095.192
  - !!str 'MB/s'
!!str 'host':
  !!str 'Kernel':
  - !!float 0.049
  - !!str 'ms'
  !!str 'Local':
  - !!float 12.383
  - !!str 'ms'
  !!str 'To Device':
  - !!float 15.131
  - !!str 'ms'
  !!str 'To Host':
  - !!float 47.279
  - !!str 'ms'
  !!str 'Bandwidth (To Device)':
  - !!float 5947.895
  - !!str 'MB/s'
  !!str 'Bandwidth (To Host)':
  - !!float 1903.565
  - !!str 'MB/s'
!!str 'elapsed': [!!float 3.17, !!str 's']
---
!!str 'test':
  !!str 'name': !!str 'sync-test'
  !!str 'size':
  - !!int 90
  - !!str 'MB'
  !!str 'kiter': !!int 100
!!str 'cuda':
  !!str 'Kernel':
  - !!float 32.554
  - !!str 'ms'
  !!str 'To Device':
  - !!float 14.700
  - !!str 'ms'
  !!str 'To Host':
  - !!float 14.803
  - !!str 'ms'
  !!str 'Bandwidth (To Device)':
  - !!float 6122.512
  - !!str 'MB/s'
  !!str 'Bandwidth (To Host)':
  - !!float 6079.750
  - !!str 'MB/s'
!!str 'host':
  !!str 'Kernel':
  - !!float 0.040
  - !!str 'ms'
  !!str 'Local':
  - !!float 12.356
  - !!str 'ms'
  !!str 'To Device':
  - !!float 14.998
  - !!str 'ms'
  !!str 'To Host':
  - !!float 47.325
  - !!str 'ms'
  !!str 'Bandwidth (To Device)':
  - !!float 6000.621
  - !!str 'MB/s'
  !!str 'Bandwidth (To Host)':
  - !!float 1901.721
  - !!str 'MB/s'
!!str 'elapsed': [!!float 3.15, !!str 's']
---
!!str 'test':
  !!str 'name': !!str 'sync-test'
  !!str 'size':
  - !!int 90
  - !!str 'MB'
  !!str 'kiter': !!int 100
!!str 'cuda':
  !!str 'Kernel':
  - !!float 32.520
  - !!str 'ms'
  !!str 'To Device':
  - !!float 14.827
  - !!str 'ms'
  !!str 'To Host':
  - !!float 14.787
  - !!str 'ms'
  !!str 'Bandwidth (To Device)':
  - !!float 6070.092
  - !!str 'MB/s'
  !!str 'Bandwidth (To Host)':
  - !!float 6086.486
  - !!str 'MB/s'
!!str 'host':
  !!str 'Kernel':
  - !!float 0.030
  - !!str 'ms'
  !!str 'Local':
  - !!float 12.355
  - !!str 'ms'
  !!str 'To Device':
  - !!float 15.130
  - !!str 'ms'
  !!str 'To Host':
  - !!float 47.399
  - !!str 'ms'
  !!str 'Bandwidth (To Device)':
  - !!float 5948.314
  - !!str 'MB/s'
  !!str 'Bandwidth (To Host)':
  - !!float 1898.748
  - !!str 'MB/s'
!!str 'elapsed': [!!float 3.18, !!str 's']
