---
!!str 'test':
  !!str 'name': !!str 'sync-test'
  !!str 'size':
  - !!int 60
  - !!str 'MB'
  !!str 'kiter': !!int 100
!!str 'cuda':
  !!str 'Kernel':
  - !!float 21.690
  - !!str 'ms'
  !!str 'To Device':
  - !!float 10.035
  - !!str 'ms'
  !!str 'To Host':
  - !!float 9.879
  - !!str 'ms'
  !!str 'Bandwidth (To Device)':
  - !!float 5979.221
  - !!str 'MB/s'
  !!str 'Bandwidth (To Host)':
  - !!float 6073.446
  - !!str 'MB/s'
!!str 'host':
  !!str 'Kernel':
  - !!float 0.030
  - !!str 'ms'
  !!str 'Local':
  - !!float 8.257
  - !!str 'ms'
  !!str 'To Device':
  - !!float 10.185
  - !!str 'ms'
  !!str 'To Host':
  - !!float 31.657
  - !!str 'ms'
  !!str 'Bandwidth (To Device)':
  - !!float 5891.125
  - !!str 'MB/s'
  !!str 'Bandwidth (To Host)':
  - !!float 1895.314
  - !!str 'MB/s'
!!str 'elapsed': [!!float 3.16, !!str 's']
---
!!str 'test':
  !!str 'name': !!str 'sync-test'
  !!str 'size':
  - !!int 60
  - !!str 'MB'
  !!str 'kiter': !!int 100
!!str 'cuda':
  !!str 'Kernel':
  - !!float 21.712
  - !!str 'ms'
  !!str 'To Device':
  - !!float 10.018
  - !!str 'ms'
  !!str 'To Host':
  - !!float 9.901
  - !!str 'ms'
  !!str 'Bandwidth (To Device)':
  - !!float 5989.191
  - !!str 'MB/s'
  !!str 'Bandwidth (To Host)':
  - !!float 6060.156
  - !!str 'MB/s'
!!str 'host':
  !!str 'Kernel':
  - !!float 0.036
  - !!str 'ms'
  !!str 'Local':
  - !!float 8.234
  - !!str 'ms'
  !!str 'To Device':
  - !!float 10.167
  - !!str 'ms'
  !!str 'To Host':
  - !!float 31.583
  - !!str 'ms'
  !!str 'Bandwidth (To Device)':
  - !!float 5901.159
  - !!str 'MB/s'
  !!str 'Bandwidth (To Host)':
  - !!float 1899.730
  - !!str 'MB/s'
!!str 'elapsed': [!!float 3.14, !!str 's']
---
!!str 'test':
  !!str 'name': !!str 'sync-test'
  !!str 'size':
  - !!int 60
  - !!str 'MB'
  !!str 'kiter': !!int 100
!!str 'cuda':
  !!str 'Kernel':
  - !!float 21.685
  - !!str 'ms'
  !!str 'To Device':
  - !!float 10.014
  - !!str 'ms'
  !!str 'To Host':
  - !!float 9.908
  - !!str 'ms'
  !!str 'Bandwidth (To Device)':
  - !!float 5991.315
  - !!str 'MB/s'
  !!str 'Bandwidth (To Host)':
  - !!float 6055.537
  - !!str 'MB/s'
!!str 'host':
  !!str 'Kernel':
  - !!float 0.030
  - !!str 'ms'
  !!str 'Local':
  - !!float 8.258
  - !!str 'ms'
  !!str 'To Device':
  - !!float 10.163
  - !!str 'ms'
  !!str 'To Host':
  - !!float 31.693
  - !!str 'ms'
  !!str 'Bandwidth (To Device)':
  - !!float 5903.832
  - !!str 'MB/s'
  !!str 'Bandwidth (To Host)':
  - !!float 1893.138
  - !!str 'MB/s'
!!str 'elapsed': [!!float 3.13, !!str 's']
---
!!str 'test':
  !!str 'name': !!str 'sync-test'
  !!str 'size':
  - !!int 60
  - !!str 'MB'
  !!str 'kiter': !!int 100
!!str 'cuda':
  !!str 'Kernel':
  - !!float 21.744
  - !!str 'ms'
  !!str 'To Device':
  - !!float 11.608
  - !!str 'ms'
  !!str 'To Host':
  - !!float 10.724
  - !!str 'ms'
  !!str 'Bandwidth (To Device)':
  - !!float 5168.769
  - !!str 'MB/s'
  !!str 'Bandwidth (To Host)':
  - !!float 5594.606
  - !!str 'MB/s'
!!str 'host':
  !!str 'Kernel':
  - !!float 0.080
  - !!str 'ms'
  !!str 'Local':
  - !!float 13.667
  - !!str 'ms'
  !!str 'To Device':
  - !!float 11.767
  - !!str 'ms'
  !!str 'To Host':
  - !!float 32.403
  - !!str 'ms'
  !!str 'Bandwidth (To Device)':
  - !!float 5099.096
  - !!str 'MB/s'
  !!str 'Bandwidth (To Host)':
  - !!float 1851.683
  - !!str 'MB/s'
!!str 'elapsed': [!!float 3.16, !!str 's']
---
!!str 'test':
  !!str 'name': !!str 'sync-test'
  !!str 'size':
  - !!int 60
  - !!str 'MB'
  !!str 'kiter': !!int 100
!!str 'cuda':
  !!str 'Kernel':
  - !!float 21.724
  - !!str 'ms'
  !!str 'To Device':
  - !!float 11.569
  - !!str 'ms'
  !!str 'To Host':
  - !!float 10.583
  - !!str 'ms'
  !!str 'Bandwidth (To Device)':
  - !!float 5186.153
  - !!str 'MB/s'
  !!str 'Bandwidth (To Host)':
  - !!float 5669.187
  - !!str 'MB/s'
!!str 'host':
  !!str 'Kernel':
  - !!float 0.060
  - !!str 'ms'
  !!str 'Local':
  - !!float 13.167
  - !!str 'ms'
  !!str 'To Device':
  - !!float 11.723
  - !!str 'ms'
  !!str 'To Host':
  - !!float 32.262
  - !!str 'ms'
  !!str 'Bandwidth (To Device)':
  - !!float 5117.862
  - !!str 'MB/s'
  !!str 'Bandwidth (To Host)':
  - !!float 1859.769
  - !!str 'MB/s'
!!str 'elapsed': [!!float 3.16, !!str 's']
---
!!str 'test':
  !!str 'name': !!str 'sync-test'
  !!str 'size':
  - !!int 60
  - !!str 'MB'
  !!str 'kiter': !!int 100
!!str 'cuda':
  !!str 'Kernel':
  - !!float 21.689
  - !!str 'ms'
  !!str 'To Device':
  - !!float 9.994
  - !!str 'ms'
  !!str 'To Host':
  - !!float 9.903
  - !!str 'ms'
  !!str 'Bandwidth (To Device)':
  - !!float 6003.285
  - !!str 'MB/s'
  !!str 'Bandwidth (To Host)':
  - !!float 6058.962
  - !!str 'MB/s'
!!str 'host':
  !!str 'Kernel':
  - !!float 0.031
  - !!str 'ms'
  !!str 'Local':
  - !!float 8.248
  - !!str 'ms'
  !!str 'To Device':
  - !!float 10.147
  - !!str 'ms'
  !!str 'To Host':
  - !!float 31.684
  - !!str 'ms'
  !!str 'Bandwidth (To Device)':
  - !!float 5913.079
  - !!str 'MB/s'
  !!str 'Bandwidth (To Host)':
  - !!float 1893.648
  - !!str 'MB/s'
!!str 'elapsed': [!!float 3.17, !!str 's']
---
!!str 'test':
  !!str 'name': !!str 'sync-test'
  !!str 'size':
  - !!int 60
  - !!str 'MB'
  !!str 'kiter': !!int 100
!!str 'cuda':
  !!str 'Kernel':
  - !!float 21.686
  - !!str 'ms'
  !!str 'To Device':
  - !!float 9.971
  - !!str 'ms'
  !!str 'To Host':
  - !!float 9.894
  - !!str 'ms'
  !!str 'Bandwidth (To Device)':
  - !!float 6017.214
  - !!str 'MB/s'
  !!str 'Bandwidth (To Host)':
  - !!float 6064.214
  - !!str 'MB/s'
!!str 'host':
  !!str 'Kernel':
  - !!float 0.029
  - !!str 'ms'
  !!str 'Local':
  - !!float 8.258
  - !!str 'ms'
  !!str 'To Device':
  - !!float 10.131
  - !!str 'ms'
  !!str 'To Host':
  - !!float 31.672
  - !!str 'ms'
  !!str 'Bandwidth (To Device)':
  - !!float 5922.195
  - !!str 'MB/s'
  !!str 'Bandwidth (To Host)':
  - !!float 1894.416
  - !!str 'MB/s'
!!str 'elapsed': [!!float 3.15, !!str 's']
---
!!str 'test':
  !!str 'name': !!str 'sync-test'
  !!str 'size':
  - !!int 60
  - !!str 'MB'
  !!str 'kiter': !!int 100
!!str 'cuda':
  !!str 'Kernel':
  - !!float 21.716
  - !!str 'ms'
  !!str 'To Device':
  - !!float 9.982
  - !!str 'ms'
  !!str 'To Host':
  - !!float 9.900
  - !!str 'ms'
  !!str 'Bandwidth (To Device)':
  - !!float 6010.829
  - !!str 'MB/s'
  !!str 'Bandwidth (To Host)':
  - !!float 6060.587
  - !!str 'MB/s'
!!str 'host':
  !!str 'Kernel':
  - !!float 0.039
  - !!str 'ms'
  !!str 'Local':
  - !!float 8.242
  - !!str 'ms'
  !!str 'To Device':
  - !!float 10.131
  - !!str 'ms'
  !!str 'To Host':
  - !!float 31.585
  - !!str 'ms'
  !!str 'Bandwidth (To Device)':
  - !!float 5922.524
  - !!str 'MB/s'
  !!str 'Bandwidth (To Host)':
  - !!float 1899.613
  - !!str 'MB/s'
!!str 'elapsed': [!!float 3.14, !!str 's']
---
!!str 'test':
  !!str 'name': !!str 'sync-test'
  !!str 'size':
  - !!int 60
  - !!str 'MB'
  !!str 'kiter': !!int 100
!!str 'cuda':
  !!str 'Kernel':
  - !!float 21.688
  - !!str 'ms'
  !!str 'To Device':
  - !!float 10.014
  - !!str 'ms'
  !!str 'To Host':
  - !!float 9.907
  - !!str 'ms'
  !!str 'Bandwidth (To Device)':
  - !!float 5991.411
  - !!str 'MB/s'
  !!str 'Bandwidth (To Host)':
  - !!float 6056.339
  - !!str 'MB/s'
!!str 'host':
  !!str 'Kernel':
  - !!float 0.030
  - !!str 'ms'
  !!str 'Local':
  - !!float 8.252
  - !!str 'ms'
  !!str 'To Device':
  - !!float 10.169
  - !!str 'ms'
  !!str 'To Host':
  - !!float 31.687
  - !!str 'ms'
  !!str 'Bandwidth (To Device)':
  - !!float 5900.145
  - !!str 'MB/s'
  !!str 'Bandwidth (To Host)':
  - !!float 1893.495
  - !!str 'MB/s'
!!str 'elapsed': [!!float 3.15, !!str 's']
---
!!str 'test':
  !!str 'name': !!str 'sync-test'
  !!str 'size':
  - !!int 60
  - !!str 'MB'
  !!str 'kiter': !!int 100
!!str 'cuda':
  !!str 'Kernel':
  - !!float 21.686
  - !!str 'ms'
  !!str 'To Device':
  - !!float 10.622
  - !!str 'ms'
  !!str 'To Host':
  - !!float 10.314
  - !!str 'ms'
  !!str 'Bandwidth (To Device)':
  - !!float 5648.403
  - !!str 'MB/s'
  !!str 'Bandwidth (To Host)':
  - !!float 5817.469
  - !!str 'MB/s'
!!str 'host':
  !!str 'Kernel':
  - !!float 0.037
  - !!str 'ms'
  !!str 'Local':
  - !!float 11.608
  - !!str 'ms'
  !!str 'To Device':
  - !!float 10.786
  - !!str 'ms'
  !!str 'To Host':
  - !!float 32.062
  - !!str 'ms'
  !!str 'Bandwidth (To Device)':
  - !!float 5562.441
  - !!str 'MB/s'
  !!str 'Bandwidth (To Host)':
  - !!float 1871.332
  - !!str 'MB/s'
!!str 'elapsed': [!!float 3.19, !!str 's']
