---
!!str 'test':
  !!str 'name': !!str 'sync-test'
  !!str 'size':
  - !!int 11
  - !!str 'MB'
  !!str 'kiter': !!int 100
!!str 'cuda':
  !!str 'Kernel':
  - !!float 3.993
  - !!str 'ms'
  !!str 'To Device':
  - !!float 2.566
  - !!str 'ms'
  !!str 'To Host':
  - !!float 2.503
  - !!str 'ms'
  !!str 'Bandwidth (To Device)':
  - !!float 4286.459
  - !!str 'MB/s'
  !!str 'Bandwidth (To Host)':
  - !!float 4395.141
  - !!str 'MB/s'
!!str 'host':
  !!str 'Kernel':
  - !!float 0.048
  - !!str 'ms'
  !!str 'Local':
  - !!float 3.295
  - !!str 'ms'
  !!str 'To Device':
  - !!float 2.495
  - !!str 'ms'
  !!str 'To Host':
  - !!float 6.534
  - !!str 'ms'
  !!str 'Bandwidth (To Device)':
  - !!float 4409.105
  - !!str 'MB/s'
  !!str 'Bandwidth (To Host)':
  - !!float 1683.577
  - !!str 'MB/s'
!!str 'elapsed': [!!float 3.14, !!str 's']
---
!!str 'test':
  !!str 'name': !!str 'sync-test'
  !!str 'size':
  - !!int 11
  - !!str 'MB'
  !!str 'kiter': !!int 100
!!str 'cuda':
  !!str 'Kernel':
  - !!float 3.990
  - !!str 'ms'
  !!str 'To Device':
  - !!float 2.395
  - !!str 'ms'
  !!str 'To Host':
  - !!float 2.197
  - !!str 'ms'
  !!str 'Bandwidth (To Device)':
  - !!float 4591.886
  - !!str 'MB/s'
  !!str 'Bandwidth (To Host)':
  - !!float 5005.956
  - !!str 'MB/s'
!!str 'host':
  !!str 'Kernel':
  - !!float 0.040
  - !!str 'ms'
  !!str 'Local':
  - !!float 2.696
  - !!str 'ms'
  !!str 'To Device':
  - !!float 2.314
  - !!str 'ms'
  !!str 'To Host':
  - !!float 6.257
  - !!str 'ms'
  !!str 'Bandwidth (To Device)':
  - !!float 4754.291
  - !!str 'MB/s'
  !!str 'Bandwidth (To Host)':
  - !!float 1757.885
  - !!str 'MB/s'
!!str 'elapsed': [!!float 3.10, !!str 's']
---
!!str 'test':
  !!str 'name': !!str 'sync-test'
  !!str 'size':
  - !!int 11
  - !!str 'MB'
  !!str 'kiter': !!int 100
!!str 'cuda':
  !!str 'Kernel':
  - !!float 3.990
  - !!str 'ms'
  !!str 'To Device':
  - !!float 2.105
  - !!str 'ms'
  !!str 'To Host':
  - !!float 2.002
  - !!str 'ms'
  !!str 'Bandwidth (To Device)':
  - !!float 5225.582
  - !!str 'MB/s'
  !!str 'Bandwidth (To Host)':
  - !!float 5495.420
  - !!str 'MB/s'
!!str 'host':
  !!str 'Kernel':
  - !!float 0.026
  - !!str 'ms'
  !!str 'Local':
  - !!float 1.542
  - !!str 'ms'
  !!str 'To Device':
  - !!float 2.011
  - !!str 'ms'
  !!str 'To Host':
  - !!float 6.099
  - !!str 'ms'
  !!str 'Bandwidth (To Device)':
  - !!float 5469.798
  - !!str 'MB/s'
  !!str 'Bandwidth (To Host)':
  - !!float 1803.457
  - !!str 'MB/s'
!!str 'elapsed': [!!float 3.11, !!str 's']
---
!!str 'test':
  !!str 'name': !!str 'sync-test'
  !!str 'size':
  - !!int 11
  - !!str 'MB'
  !!str 'kiter': !!int 100
!!str 'cuda':
  !!str 'Kernel':
  - !!float 3.988
  - !!str 'ms'
  !!str 'To Device':
  - !!float 2.123
  - !!str 'ms'
  !!str 'To Host':
  - !!float 1.969
  - !!str 'ms'
  !!str 'Bandwidth (To Device)':
  - !!float 5181.315
  - !!str 'MB/s'
  !!str 'Bandwidth (To Host)':
  - !!float 5585.247
  - !!str 'MB/s'
!!str 'host':
  !!str 'Kernel':
  - !!float 0.027
  - !!str 'ms'
  !!str 'Local':
  - !!float 1.616
  - !!str 'ms'
  !!str 'To Device':
  - !!float 2.029
  - !!str 'ms'
  !!str 'To Host':
  - !!float 6.060
  - !!str 'ms'
  !!str 'Bandwidth (To Device)':
  - !!float 5420.467
  - !!str 'MB/s'
  !!str 'Bandwidth (To Host)':
  - !!float 1815.018
  - !!str 'MB/s'
!!str 'elapsed': [!!float 3.10, !!str 's']
---
!!str 'test':
  !!str 'name': !!str 'sync-test'
  !!str 'size':
  - !!int 11
  - !!str 'MB'
  !!str 'kiter': !!int 100
!!str 'cuda':
  !!str 'Kernel':
  - !!float 3.991
  - !!str 'ms'
  !!str 'To Device':
  - !!float 2.344
  - !!str 'ms'
  !!str 'To Host':
  - !!float 1.972
  - !!str 'ms'
  !!str 'Bandwidth (To Device)':
  - !!float 4693.520
  - !!str 'MB/s'
  !!str 'Bandwidth (To Host)':
  - !!float 5577.001
  - !!str 'MB/s'
!!str 'host':
  !!str 'Kernel':
  - !!float 0.033
  - !!str 'ms'
  !!str 'Local':
  - !!float 1.796
  - !!str 'ms'
  !!str 'To Device':
  - !!float 2.262
  - !!str 'ms'
  !!str 'To Host':
  - !!float 6.038
  - !!str 'ms'
  !!str 'Bandwidth (To Device)':
  - !!float 4863.479
  - !!str 'MB/s'
  !!str 'Bandwidth (To Host)':
  - !!float 1821.841
  - !!str 'MB/s'
!!str 'elapsed': [!!float 3.11, !!str 's']
---
!!str 'test':
  !!str 'name': !!str 'sync-test'
  !!str 'size':
  - !!int 11
  - !!str 'MB'
  !!str 'kiter': !!int 100
!!str 'cuda':
  !!str 'Kernel':
  - !!float 3.990
  - !!str 'ms'
  !!str 'To Device':
  - !!float 2.171
  - !!str 'ms'
  !!str 'To Host':
  - !!float 1.959
  - !!str 'ms'
  !!str 'Bandwidth (To Device)':
  - !!float 5065.861
  - !!str 'MB/s'
  !!str 'Bandwidth (To Host)':
  - !!float 5614.622
  - !!str 'MB/s'
!!str 'host':
  !!str 'Kernel':
  - !!float 0.031
  - !!str 'ms'
  !!str 'Local':
  - !!float 1.641
  - !!str 'ms'
  !!str 'To Device':
  - !!float 2.074
  - !!str 'ms'
  !!str 'To Host':
  - !!float 6.054
  - !!str 'ms'
  !!str 'Bandwidth (To Device)':
  - !!float 5302.418
  - !!str 'MB/s'
  !!str 'Bandwidth (To Host)':
  - !!float 1816.895
  - !!str 'MB/s'
!!str 'elapsed': [!!float 3.12, !!str 's']
---
!!str 'test':
  !!str 'name': !!str 'sync-test'
  !!str 'size':
  - !!int 11
  - !!str 'MB'
  !!str 'kiter': !!int 100
!!str 'cuda':
  !!str 'Kernel':
  - !!float 3.991
  - !!str 'ms'
  !!str 'To Device':
  - !!float 2.164
  - !!str 'ms'
  !!str 'To Host':
  - !!float 1.928
  - !!str 'ms'
  !!str 'Bandwidth (To Device)':
  - !!float 5083.617
  - !!str 'MB/s'
  !!str 'Bandwidth (To Host)':
  - !!float 5705.105
  - !!str 'MB/s'
!!str 'host':
  !!str 'Kernel':
  - !!float 0.031
  - !!str 'ms'
  !!str 'Local':
  - !!float 1.562
  - !!str 'ms'
  !!str 'To Device':
  - !!float 2.076
  - !!str 'ms'
  !!str 'To Host':
  - !!float 6.012
  - !!str 'ms'
  !!str 'Bandwidth (To Device)':
  - !!float 5297.332
  - !!str 'MB/s'
  !!str 'Bandwidth (To Host)':
  - !!float 1829.563
  - !!str 'MB/s'
!!str 'elapsed': [!!float 3.09, !!str 's']
---
!!str 'test':
  !!str 'name': !!str 'sync-test'
  !!str 'size':
  - !!int 11
  - !!str 'MB'
  !!str 'kiter': !!int 100
!!str 'cuda':
  !!str 'Kernel':
  - !!float 3.992
  - !!str 'ms'
  !!str 'To Device':
  - !!float 2.259
  - !!str 'ms'
  !!str 'To Host':
  - !!float 1.950
  - !!str 'ms'
  !!str 'Bandwidth (To Device)':
  - !!float 4870.206
  - !!str 'MB/s'
  !!str 'Bandwidth (To Host)':
  - !!float 5640.141
  - !!str 'MB/s'
!!str 'host':
  !!str 'Kernel':
  - !!float 0.036
  - !!str 'ms'
  !!str 'Local':
  - !!float 1.562
  - !!str 'ms'
  !!str 'To Device':
  - !!float 2.166
  - !!str 'ms'
  !!str 'To Host':
  - !!float 6.038
  - !!str 'ms'
  !!str 'Bandwidth (To Device)':
  - !!float 5077.469
  - !!str 'MB/s'
  !!str 'Bandwidth (To Host)':
  - !!float 1821.620
  - !!str 'MB/s'
!!str 'elapsed': [!!float 3.11, !!str 's']
---
!!str 'test':
  !!str 'name': !!str 'sync-test'
  !!str 'size':
  - !!int 11
  - !!str 'MB'
  !!str 'kiter': !!int 100
!!str 'cuda':
  !!str 'Kernel':
  - !!float 3.990
  - !!str 'ms'
  !!str 'To Device':
  - !!float 2.105
  - !!str 'ms'
  !!str 'To Host':
  - !!float 1.963
  - !!str 'ms'
  !!str 'Bandwidth (To Device)':
  - !!float 5224.390
  - !!str 'MB/s'
  !!str 'Bandwidth (To Host)':
  - !!float 5603.822
  - !!str 'MB/s'
!!str 'host':
  !!str 'Kernel':
  - !!float 0.026
  - !!str 'ms'
  !!str 'Local':
  - !!float 1.518
  - !!str 'ms'
  !!str 'To Device':
  - !!float 2.020
  - !!str 'ms'
  !!str 'To Host':
  - !!float 6.053
  - !!str 'ms'
  !!str 'Bandwidth (To Device)':
  - !!float 5445.183
  - !!str 'MB/s'
  !!str 'Bandwidth (To Host)':
  - !!float 1817.147
  - !!str 'MB/s'
!!str 'elapsed': [!!float 3.10, !!str 's']
---
!!str 'test':
  !!str 'name': !!str 'sync-test'
  !!str 'size':
  - !!int 11
  - !!str 'MB'
  !!str 'kiter': !!int 100
!!str 'cuda':
  !!str 'Kernel':
  - !!float 4.023
  - !!str 'ms'
  !!str 'To Device':
  - !!float 2.605
  - !!str 'ms'
  !!str 'To Host':
  - !!float 2.449
  - !!str 'ms'
  !!str 'Bandwidth (To Device)':
  - !!float 4222.744
  - !!str 'MB/s'
  !!str 'Bandwidth (To Host)':
  - !!float 4492.270
  - !!str 'MB/s'
!!str 'host':
  !!str 'Kernel':
  - !!float 0.051
  - !!str 'ms'
  !!str 'Local':
  - !!float 3.359
  - !!str 'ms'
  !!str 'To Device':
  - !!float 2.537
  - !!str 'ms'
  !!str 'To Host':
  - !!float 6.431
  - !!str 'ms'
  !!str 'Bandwidth (To Device)':
  - !!float 4336.286
  - !!str 'MB/s'
  !!str 'Bandwidth (To Host)':
  - !!float 1710.464
  - !!str 'MB/s'
!!str 'elapsed': [!!float 3.13, !!str 's']
