---
!!str 'test':
  !!str 'name': !!str 'sync-test'
  !!str 'size':
  - !!int 83
  - !!str 'MB'
  !!str 'kiter': !!int 100
!!str 'cuda':
  !!str 'Kernel':
  - !!float 29.997
  - !!str 'ms'
  !!str 'To Device':
  - !!float 13.754
  - !!str 'ms'
  !!str 'To Host':
  - !!float 13.701
  - !!str 'ms'
  !!str 'Bandwidth (To Device)':
  - !!float 6034.550
  - !!str 'MB/s'
  !!str 'Bandwidth (To Host)':
  - !!float 6058.117
  - !!str 'MB/s'
!!str 'host':
  !!str 'Kernel':
  - !!float 0.033
  - !!str 'ms'
  !!str 'Local':
  - !!float 11.399
  - !!str 'ms'
  !!str 'To Device':
  - !!float 14.022
  - !!str 'ms'
  !!str 'To Host':
  - !!float 43.787
  - !!str 'ms'
  !!str 'Bandwidth (To Device)':
  - !!float 5919.410
  - !!str 'MB/s'
  !!str 'Bandwidth (To Host)':
  - !!float 1895.529
  - !!str 'MB/s'
!!str 'elapsed': [!!float 3.18, !!str 's']
---
!!str 'test':
  !!str 'name': !!str 'sync-test'
  !!str 'size':
  - !!int 83
  - !!str 'MB'
  !!str 'kiter': !!int 100
!!str 'cuda':
  !!str 'Kernel':
  - !!float 29.995
  - !!str 'ms'
  !!str 'To Device':
  - !!float 14.562
  - !!str 'ms'
  !!str 'To Host':
  - !!float 14.047
  - !!str 'ms'
  !!str 'Bandwidth (To Device)':
  - !!float 5699.662
  - !!str 'MB/s'
  !!str 'Bandwidth (To Host)':
  - !!float 5908.574
  - !!str 'MB/s'
!!str 'host':
  !!str 'Kernel':
  - !!float 0.038
  - !!str 'ms'
  !!str 'Local':
  - !!float 15.262
  - !!str 'ms'
  !!str 'To Device':
  - !!float 14.833
  - !!str 'ms'
  !!str 'To Host':
  - !!float 44.117
  - !!str 'ms'
  !!str 'Bandwidth (To Device)':
  - !!float 5595.524
  - !!str 'MB/s'
  !!str 'Bandwidth (To Host)':
  - !!float 1881.326
  - !!str 'MB/s'
!!str 'elapsed': [!!float 3.18, !!str 's']
---
!!str 'test':
  !!str 'name': !!str 'sync-test'
  !!str 'size':
  - !!int 83
  - !!str 'MB'
  !!str 'kiter': !!int 100
!!str 'cuda':
  !!str 'Kernel':
  - !!float 30.006
  - !!str 'ms'
  !!str 'To Device':
  - !!float 15.226
  - !!str 'ms'
  !!str 'To Host':
  - !!float 14.310
  - !!str 'ms'
  !!str 'Bandwidth (To Device)':
  - !!float 5451.070
  - !!str 'MB/s'
  !!str 'Bandwidth (To Host)':
  - !!float 5800.149
  - !!str 'MB/s'
!!str 'host':
  !!str 'Kernel':
  - !!float 0.042
  - !!str 'ms'
  !!str 'Local':
  - !!float 16.519
  - !!str 'ms'
  !!str 'To Device':
  - !!float 15.501
  - !!str 'ms'
  !!str 'To Host':
  - !!float 44.380
  - !!str 'ms'
  !!str 'Bandwidth (To Device)':
  - !!float 5354.341
  - !!str 'MB/s'
  !!str 'Bandwidth (To Host)':
  - !!float 1870.186
  - !!str 'MB/s'
!!str 'elapsed': [!!float 3.20, !!str 's']
---
!!str 'test':
  !!str 'name': !!str 'sync-test'
  !!str 'size':
  - !!int 83
  - !!str 'MB'
  !!str 'kiter': !!int 100
!!str 'cuda':
  !!str 'Kernel':
  - !!float 29.985
  - !!str 'ms'
  !!str 'To Device':
  - !!float 15.417
  - !!str 'ms'
  !!str 'To Host':
  - !!float 14.452
  - !!str 'ms'
  !!str 'Bandwidth (To Device)':
  - !!float 5383.614
  - !!str 'MB/s'
  !!str 'Bandwidth (To Host)':
  - !!float 5743.279
  - !!str 'MB/s'
!!str 'host':
  !!str 'Kernel':
  - !!float 0.041
  - !!str 'ms'
  !!str 'Local':
  - !!float 17.033
  - !!str 'ms'
  !!str 'To Device':
  - !!float 15.690
  - !!str 'ms'
  !!str 'To Host':
  - !!float 44.498
  - !!str 'ms'
  !!str 'Bandwidth (To Device)':
  - !!float 5290.105
  - !!str 'MB/s'
  !!str 'Bandwidth (To Host)':
  - !!float 1865.251
  - !!str 'MB/s'
!!str 'elapsed': [!!float 3.21, !!str 's']
---
!!str 'test':
  !!str 'name': !!str 'sync-test'
  !!str 'size':
  - !!int 83
  - !!str 'MB'
  !!str 'kiter': !!int 100
!!str 'cuda':
  !!str 'Kernel':
  - !!float 29.985
  - !!str 'ms'
  !!str 'To Device':
  - !!float 15.099
  - !!str 'ms'
  !!str 'To Host':
  - !!float 14.347
  - !!str 'ms'
  !!str 'Bandwidth (To Device)':
  - !!float 5497.120
  - !!str 'MB/s'
  !!str 'Bandwidth (To Host)':
  - !!float 5785.181
  - !!str 'MB/s'
!!str 'host':
  !!str 'Kernel':
  - !!float 0.040
  - !!str 'ms'
  !!str 'Local':
  - !!float 16.575
  - !!str 'ms'
  !!str 'To Device':
  - !!float 15.370
  - !!str 'ms'
  !!str 'To Host':
  - !!float 44.403
  - !!str 'ms'
  !!str 'Bandwidth (To Device)':
  - !!float 5400.020
  - !!str 'MB/s'
  !!str 'Bandwidth (To Host)':
  - !!float 1869.236
  - !!str 'MB/s'
!!str 'elapsed': [!!float 3.20, !!str 's']
---
!!str 'test':
  !!str 'name': !!str 'sync-test'
  !!str 'size':
  - !!int 83
  - !!str 'MB'
  !!str 'kiter': !!int 100
!!str 'cuda':
  !!str 'Kernel':
  - !!float 29.984
  - !!str 'ms'
  !!str 'To Device':
  - !!float 15.118
  - !!str 'ms'
  !!str 'To Host':
  - !!float 14.349
  - !!str 'ms'
  !!str 'Bandwidth (To Device)':
  - !!float 5490.231
  - !!str 'MB/s'
  !!str 'Bandwidth (To Host)':
  - !!float 5784.291
  - !!str 'MB/s'
!!str 'host':
  !!str 'Kernel':
  - !!float 0.043
  - !!str 'ms'
  !!str 'Local':
  - !!float 16.569
  - !!str 'ms'
  !!str 'To Device':
  - !!float 15.395
  - !!str 'ms'
  !!str 'To Host':
  - !!float 44.397
  - !!str 'ms'
  !!str 'Bandwidth (To Device)':
  - !!float 5391.174
  - !!str 'MB/s'
  !!str 'Bandwidth (To Host)':
  - !!float 1869.466
  - !!str 'MB/s'
!!str 'elapsed': [!!float 3.20, !!str 's']
---
!!str 'test':
  !!str 'name': !!str 'sync-test'
  !!str 'size':
  - !!int 83
  - !!str 'MB'
  !!str 'kiter': !!int 100
!!str 'cuda':
  !!str 'Kernel':
  - !!float 29.992
  - !!str 'ms'
  !!str 'To Device':
  - !!float 15.450
  - !!str 'ms'
  !!str 'To Host':
  - !!float 14.446
  - !!str 'ms'
  !!str 'Bandwidth (To Device)':
  - !!float 5372.284
  - !!str 'MB/s'
  !!str 'Bandwidth (To Host)':
  - !!float 5745.417
  - !!str 'MB/s'
!!str 'host':
  !!str 'Kernel':
  - !!float 0.043
  - !!str 'ms'
  !!str 'Local':
  - !!float 17.182
  - !!str 'ms'
  !!str 'To Device':
  - !!float 15.723
  - !!str 'ms'
  !!str 'To Host':
  - !!float 44.504
  - !!str 'ms'
  !!str 'Bandwidth (To Device)':
  - !!float 5278.840
  - !!str 'MB/s'
  !!str 'Bandwidth (To Host)':
  - !!float 1864.964
  - !!str 'MB/s'
!!str 'elapsed': [!!float 3.20, !!str 's']
---
!!str 'test':
  !!str 'name': !!str 'sync-test'
  !!str 'size':
  - !!int 83
  - !!str 'MB'
  !!str 'kiter': !!int 100
!!str 'cuda':
  !!str 'Kernel':
  - !!float 29.992
  - !!str 'ms'
  !!str 'To Device':
  - !!float 15.088
  - !!str 'ms'
  !!str 'To Host':
  - !!float 14.320
  - !!str 'ms'
  !!str 'Bandwidth (To Device)':
  - !!float 5500.897
  - !!str 'MB/s'
  !!str 'Bandwidth (To Host)':
  - !!float 5795.963
  - !!str 'MB/s'
!!str 'host':
  !!str 'Kernel':
  - !!float 0.041
  - !!str 'ms'
  !!str 'Local':
  - !!float 16.559
  - !!str 'ms'
  !!str 'To Device':
  - !!float 15.361
  - !!str 'ms'
  !!str 'To Host':
  - !!float 44.382
  - !!str 'ms'
  !!str 'Bandwidth (To Device)':
  - !!float 5403.247
  - !!str 'MB/s'
  !!str 'Bandwidth (To Host)':
  - !!float 1870.118
  - !!str 'MB/s'
!!str 'elapsed': [!!float 3.20, !!str 's']
---
!!str 'test':
  !!str 'name': !!str 'sync-test'
  !!str 'size':
  - !!int 83
  - !!str 'MB'
  !!str 'kiter': !!int 100
!!str 'cuda':
  !!str 'Kernel':
  - !!float 30.032
  - !!str 'ms'
  !!str 'To Device':
  - !!float 14.748
  - !!str 'ms'
  !!str 'To Host':
  - !!float 14.132
  - !!str 'ms'
  !!str 'Bandwidth (To Device)':
  - !!float 5627.834
  - !!str 'MB/s'
  !!str 'Bandwidth (To Host)':
  - !!float 5873.199
  - !!str 'MB/s'
!!str 'host':
  !!str 'Kernel':
  - !!float 0.051
  - !!str 'ms'
  !!str 'Local':
  - !!float 15.520
  - !!str 'ms'
  !!str 'To Device':
  - !!float 15.016
  - !!str 'ms'
  !!str 'To Host':
  - !!float 44.124
  - !!str 'ms'
  !!str 'Bandwidth (To Device)':
  - !!float 5527.503
  - !!str 'MB/s'
  !!str 'Bandwidth (To Host)':
  - !!float 1881.054
  - !!str 'MB/s'
!!str 'elapsed': [!!float 3.17, !!str 's']
---
!!str 'test':
  !!str 'name': !!str 'sync-test'
  !!str 'size':
  - !!int 83
  - !!str 'MB'
  !!str 'kiter': !!int 100
!!str 'cuda':
  !!str 'Kernel':
  - !!float 29.991
  - !!str 'ms'
  !!str 'To Device':
  - !!float 13.603
  - !!str 'ms'
  !!str 'To Host':
  - !!float 13.615
  - !!str 'ms'
  !!str 'Bandwidth (To Device)':
  - !!float 6101.540
  - !!str 'MB/s'
  !!str 'Bandwidth (To Host)':
  - !!float 6095.976
  - !!str 'MB/s'
!!str 'host':
  !!str 'Kernel':
  - !!float 0.030
  - !!str 'ms'
  !!str 'Local':
  - !!float 11.401
  - !!str 'ms'
  !!str 'To Device':
  - !!float 13.873
  - !!str 'ms'
  !!str 'To Host':
  - !!float 43.700
  - !!str 'ms'
  !!str 'Bandwidth (To Device)':
  - !!float 5982.950
  - !!str 'MB/s'
  !!str 'Bandwidth (To Host)':
  - !!float 1899.304
  - !!str 'MB/s'
!!str 'elapsed': [!!float 3.19, !!str 's']
