---
!!str 'test':
  !!str 'name': !!str 'sync-test'
  !!str 'size':
  - !!int 65
  - !!str 'MB'
  !!str 'kiter': !!int 100
!!str 'cuda':
  !!str 'Kernel':
  - !!float 23.488
  - !!str 'ms'
  !!str 'To Device':
  - !!float 10.837
  - !!str 'ms'
  !!str 'To Host':
  - !!float 10.728
  - !!str 'ms'
  !!str 'Bandwidth (To Device)':
  - !!float 5997.851
  - !!str 'MB/s'
  !!str 'Bandwidth (To Host)':
  - !!float 6059.057
  - !!str 'MB/s'
!!str 'host':
  !!str 'Kernel':
  - !!float 0.030
  - !!str 'ms'
  !!str 'Local':
  - !!float 8.935
  - !!str 'ms'
  !!str 'To Device':
  - !!float 11.015
  - !!str 'ms'
  !!str 'To Host':
  - !!float 34.310
  - !!str 'ms'
  !!str 'Bandwidth (To Device)':
  - !!float 5900.982
  - !!str 'MB/s'
  !!str 'Bandwidth (To Host)':
  - !!float 1894.469
  - !!str 'MB/s'
!!str 'elapsed': [!!float 3.16, !!str 's']
---
!!str 'test':
  !!str 'name': !!str 'sync-test'
  !!str 'size':
  - !!int 65
  - !!str 'MB'
  !!str 'kiter': !!int 100
!!str 'cuda':
  !!str 'Kernel':
  - !!float 23.489
  - !!str 'ms'
  !!str 'To Device':
  - !!float 10.746
  - !!str 'ms'
  !!str 'To Host':
  - !!float 10.719
  - !!str 'ms'
  !!str 'Bandwidth (To Device)':
  - !!float 6048.754
  - !!str 'MB/s'
  !!str 'Bandwidth (To Host)':
  - !!float 6064.212
  - !!str 'MB/s'
!!str 'host':
  !!str 'Kernel':
  - !!float 0.030
  - !!str 'ms'
  !!str 'Local':
  - !!float 8.933
  - !!str 'ms'
  !!str 'To Device':
  - !!float 10.924
  - !!str 'ms'
  !!str 'To Host':
  - !!float 34.306
  - !!str 'ms'
  !!str 'Bandwidth (To Device)':
  - !!float 5950.069
  - !!str 'MB/s'
  !!str 'Bandwidth (To Host)':
  - !!float 1894.708
  - !!str 'MB/s'
!!str 'elapsed': [!!float 3.17, !!str 's']
---
!!str 'test':
  !!str 'name': !!str 'sync-test'
  !!str 'size':
  - !!int 65
  - !!str 'MB'
  !!str 'kiter': !!int 100
!!str 'cuda':
  !!str 'Kernel':
  - !!float 23.483
  - !!str 'ms'
  !!str 'To Device':
  - !!float 12.027
  - !!str 'ms'
  !!str 'To Host':
  - !!float 11.434
  - !!str 'ms'
  !!str 'Bandwidth (To Device)':
  - !!float 5404.585
  - !!str 'MB/s'
  !!str 'Bandwidth (To Host)':
  - !!float 5684.981
  - !!str 'MB/s'
!!str 'host':
  !!str 'Kernel':
  - !!float 0.041
  - !!str 'ms'
  !!str 'Local':
  - !!float 13.846
  - !!str 'ms'
  !!str 'To Device':
  - !!float 12.207
  - !!str 'ms'
  !!str 'To Host':
  - !!float 34.987
  - !!str 'ms'
  !!str 'Bandwidth (To Device)':
  - !!float 5324.857
  - !!str 'MB/s'
  !!str 'Bandwidth (To Host)':
  - !!float 1857.807
  - !!str 'MB/s'
!!str 'elapsed': [!!float 3.18, !!str 's']
---
!!str 'test':
  !!str 'name': !!str 'sync-test'
  !!str 'size':
  - !!int 65
  - !!str 'MB'
  !!str 'kiter': !!int 100
!!str 'cuda':
  !!str 'Kernel':
  - !!float 23.484
  - !!str 'ms'
  !!str 'To Device':
  - !!float 10.930
  - !!str 'ms'
  !!str 'To Host':
  - !!float 10.704
  - !!str 'ms'
  !!str 'Bandwidth (To Device)':
  - !!float 5946.822
  - !!str 'MB/s'
  !!str 'Bandwidth (To Host)':
  - !!float 6072.225
  - !!str 'MB/s'
!!str 'host':
  !!str 'Kernel':
  - !!float 0.029
  - !!str 'ms'
  !!str 'Local':
  - !!float 8.930
  - !!str 'ms'
  !!str 'To Device':
  - !!float 11.109
  - !!str 'ms'
  !!str 'To Host':
  - !!float 34.283
  - !!str 'ms'
  !!str 'Bandwidth (To Device)':
  - !!float 5850.923
  - !!str 'MB/s'
  !!str 'Bandwidth (To Host)':
  - !!float 1895.944
  - !!str 'MB/s'
!!str 'elapsed': [!!float 3.15, !!str 's']
---
!!str 'test':
  !!str 'name': !!str 'sync-test'
  !!str 'size':
  - !!int 65
  - !!str 'MB'
  !!str 'kiter': !!int 100
!!str 'cuda':
  !!str 'Kernel':
  - !!float 23.492
  - !!str 'ms'
  !!str 'To Device':
  - !!float 10.798
  - !!str 'ms'
  !!str 'To Host':
  - !!float 10.742
  - !!str 'ms'
  !!str 'Bandwidth (To Device)':
  - !!float 6019.535
  - !!str 'MB/s'
  !!str 'Bandwidth (To Host)':
  - !!float 6050.970
  - !!str 'MB/s'
!!str 'host':
  !!str 'Kernel':
  - !!float 0.030
  - !!str 'ms'
  !!str 'Local':
  - !!float 8.927
  - !!str 'ms'
  !!str 'To Device':
  - !!float 10.975
  - !!str 'ms'
  !!str 'To Host':
  - !!float 34.331
  - !!str 'ms'
  !!str 'Bandwidth (To Device)':
  - !!float 5922.673
  - !!str 'MB/s'
  !!str 'Bandwidth (To Host)':
  - !!float 1893.343
  - !!str 'MB/s'
!!str 'elapsed': [!!float 3.17, !!str 's']
---
!!str 'test':
  !!str 'name': !!str 'sync-test'
  !!str 'size':
  - !!int 65
  - !!str 'MB'
  !!str 'kiter': !!int 100
!!str 'cuda':
  !!str 'Kernel':
  - !!float 23.489
  - !!str 'ms'
  !!str 'To Device':
  - !!float 11.693
  - !!str 'ms'
  !!str 'To Host':
  - !!float 11.234
  - !!str 'ms'
  !!str 'Bandwidth (To Device)':
  - !!float 5558.852
  - !!str 'MB/s'
  !!str 'Bandwidth (To Host)':
  - !!float 5785.700
  - !!str 'MB/s'
!!str 'host':
  !!str 'Kernel':
  - !!float 0.039
  - !!str 'ms'
  !!str 'Local':
  - !!float 12.967
  - !!str 'ms'
  !!str 'To Device':
  - !!float 11.874
  - !!str 'ms'
  !!str 'To Host':
  - !!float 34.800
  - !!str 'ms'
  !!str 'Bandwidth (To Device)':
  - !!float 5474.186
  - !!str 'MB/s'
  !!str 'Bandwidth (To Host)':
  - !!float 1867.813
  - !!str 'MB/s'
!!str 'elapsed': [!!float 3.18, !!str 's']
---
!!str 'test':
  !!str 'name': !!str 'sync-test'
  !!str 'size':
  - !!int 65
  - !!str 'MB'
  !!str 'kiter': !!int 100
!!str 'cuda':
  !!str 'Kernel':
  - !!float 23.495
  - !!str 'ms'
  !!str 'To Device':
  - !!float 10.742
  - !!str 'ms'
  !!str 'To Host':
  - !!float 10.727
  - !!str 'ms'
  !!str 'Bandwidth (To Device)':
  - !!float 6050.989
  - !!str 'MB/s'
  !!str 'Bandwidth (To Host)':
  - !!float 6059.527
  - !!str 'MB/s'
!!str 'host':
  !!str 'Kernel':
  - !!float 0.030
  - !!str 'ms'
  !!str 'Local':
  - !!float 8.929
  - !!str 'ms'
  !!str 'To Device':
  - !!float 10.921
  - !!str 'ms'
  !!str 'To Host':
  - !!float 34.316
  - !!str 'ms'
  !!str 'Bandwidth (To Device)':
  - !!float 5951.895
  - !!str 'MB/s'
  !!str 'Bandwidth (To Host)':
  - !!float 1894.136
  - !!str 'MB/s'
!!str 'elapsed': [!!float 3.17, !!str 's']
---
!!str 'test':
  !!str 'name': !!str 'sync-test'
  !!str 'size':
  - !!int 65
  - !!str 'MB'
  !!str 'kiter': !!int 100
!!str 'cuda':
  !!str 'Kernel':
  - !!float 23.487
  - !!str 'ms'
  !!str 'To Device':
  - !!float 12.449
  - !!str 'ms'
  !!str 'To Host':
  - !!float 11.574
  - !!str 'ms'
  !!str 'Bandwidth (To Device)':
  - !!float 5221.368
  - !!str 'MB/s'
  !!str 'Bandwidth (To Host)':
  - !!float 5615.808
  - !!str 'MB/s'
!!str 'host':
  !!str 'Kernel':
  - !!float 0.045
  - !!str 'ms'
  !!str 'Local':
  - !!float 14.604
  - !!str 'ms'
  !!str 'To Device':
  - !!float 12.631
  - !!str 'ms'
  !!str 'To Host':
  - !!float 35.126
  - !!str 'ms'
  !!str 'Bandwidth (To Device)':
  - !!float 5145.822
  - !!str 'MB/s'
  !!str 'Bandwidth (To Host)':
  - !!float 1850.469
  - !!str 'MB/s'
!!str 'elapsed': [!!float 3.20, !!str 's']
---
!!str 'test':
  !!str 'name': !!str 'sync-test'
  !!str 'size':
  - !!int 65
  - !!str 'MB'
  !!str 'kiter': !!int 100
!!str 'cuda':
  !!str 'Kernel':
  - !!float 23.486
  - !!str 'ms'
  !!str 'To Device':
  - !!float 11.343
  - !!str 'ms'
  !!str 'To Host':
  - !!float 11.053
  - !!str 'ms'
  !!str 'Bandwidth (To Device)':
  - !!float 5730.530
  - !!str 'MB/s'
  !!str 'Bandwidth (To Host)':
  - !!float 5880.488
  - !!str 'MB/s'
!!str 'host':
  !!str 'Kernel':
  - !!float 0.037
  - !!str 'ms'
  !!str 'Local':
  - !!float 12.031
  - !!str 'ms'
  !!str 'To Device':
  - !!float 11.520
  - !!str 'ms'
  !!str 'To Host':
  - !!float 34.621
  - !!str 'ms'
  !!str 'Bandwidth (To Device)':
  - !!float 5642.484
  - !!str 'MB/s'
  !!str 'Bandwidth (To Host)':
  - !!float 1877.455
  - !!str 'MB/s'
!!str 'elapsed': [!!float 3.18, !!str 's']
---
!!str 'test':
  !!str 'name': !!str 'sync-test'
  !!str 'size':
  - !!int 65
  - !!str 'MB'
  !!str 'kiter': !!int 100
!!str 'cuda':
  !!str 'Kernel':
  - !!float 23.490
  - !!str 'ms'
  !!str 'To Device':
  - !!float 11.999
  - !!str 'ms'
  !!str 'To Host':
  - !!float 11.444
  - !!str 'ms'
  !!str 'Bandwidth (To Device)':
  - !!float 5416.894
  - !!str 'MB/s'
  !!str 'Bandwidth (To Host)':
  - !!float 5679.925
  - !!str 'MB/s'
!!str 'host':
  !!str 'Kernel':
  - !!float 0.040
  - !!str 'ms'
  !!str 'Local':
  - !!float 13.753
  - !!str 'ms'
  !!str 'To Device':
  - !!float 12.182
  - !!str 'ms'
  !!str 'To Host':
  - !!float 35.009
  - !!str 'ms'
  !!str 'Bandwidth (To Device)':
  - !!float 5335.750
  - !!str 'MB/s'
  !!str 'Bandwidth (To Host)':
  - !!float 1856.667
  - !!str 'MB/s'
!!str 'elapsed': [!!float 3.18, !!str 's']
