---
!!str 'test':
  !!str 'name': !!str 'sync-test'
  !!str 'size':
  - !!int 78
  - !!str 'MB'
  !!str 'kiter': !!int 100
!!str 'cuda':
  !!str 'Kernel':
  - !!float 28.191
  - !!str 'ms'
  !!str 'To Device':
  - !!float 12.788
  - !!str 'ms'
  !!str 'To Host':
  - !!float 12.880
  - !!str 'ms'
  !!str 'Bandwidth (To Device)':
  - !!float 6099.627
  - !!str 'MB/s'
  !!str 'Bandwidth (To Host)':
  - !!float 6055.681
  - !!str 'MB/s'
!!str 'host':
  !!str 'Kernel':
  - !!float 0.030
  - !!str 'ms'
  !!str 'Local':
  - !!float 10.705
  - !!str 'ms'
  !!str 'To Device':
  - !!float 13.034
  - !!str 'ms'
  !!str 'To Host':
  - !!float 41.165
  - !!str 'ms'
  !!str 'Bandwidth (To Device)':
  - !!float 5984.259
  - !!str 'MB/s'
  !!str 'Bandwidth (To Host)':
  - !!float 1894.780
  - !!str 'MB/s'
!!str 'elapsed': [!!float 3.19, !!str 's']
---
!!str 'test':
  !!str 'name': !!str 'sync-test'
  !!str 'size':
  - !!int 78
  - !!str 'MB'
  !!str 'kiter': !!int 100
!!str 'cuda':
  !!str 'Kernel':
  - !!float 28.212
  - !!str 'ms'
  !!str 'To Device':
  - !!float 12.816
  - !!str 'ms'
  !!str 'To Host':
  - !!float 12.848
  - !!str 'ms'
  !!str 'Bandwidth (To Device)':
  - !!float 6086.118
  - !!str 'MB/s'
  !!str 'Bandwidth (To Host)':
  - !!float 6070.960
  - !!str 'MB/s'
!!str 'host':
  !!str 'Kernel':
  - !!float 0.040
  - !!str 'ms'
  !!str 'Local':
  - !!float 10.717
  - !!str 'ms'
  !!str 'To Device':
  - !!float 13.055
  - !!str 'ms'
  !!str 'To Host':
  - !!float 41.029
  - !!str 'ms'
  !!str 'Bandwidth (To Device)':
  - !!float 5974.518
  - !!str 'MB/s'
  !!str 'Bandwidth (To Host)':
  - !!float 1901.093
  - !!str 'MB/s'
!!str 'elapsed': [!!float 3.15, !!str 's']
---
!!str 'test':
  !!str 'name': !!str 'sync-test'
  !!str 'size':
  - !!int 78
  - !!str 'MB'
  !!str 'kiter': !!int 100
!!str 'cuda':
  !!str 'Kernel':
  - !!float 28.172
  - !!str 'ms'
  !!str 'To Device':
  - !!float 14.261
  - !!str 'ms'
  !!str 'To Host':
  - !!float 13.510
  - !!str 'ms'
  !!str 'Bandwidth (To Device)':
  - !!float 5469.268
  - !!str 'MB/s'
  !!str 'Bandwidth (To Host)':
  - !!float 5773.633
  - !!str 'MB/s'
!!str 'host':
  !!str 'Kernel':
  - !!float 0.048
  - !!str 'ms'
  !!str 'Local':
  - !!float 15.872
  - !!str 'ms'
  !!str 'To Device':
  - !!float 14.514
  - !!str 'ms'
  !!str 'To Host':
  - !!float 41.737
  - !!str 'ms'
  !!str 'Bandwidth (To Device)':
  - !!float 5374.042
  - !!str 'MB/s'
  !!str 'Bandwidth (To Host)':
  - !!float 1868.817
  - !!str 'MB/s'
!!str 'elapsed': [!!float 3.20, !!str 's']
---
!!str 'test':
  !!str 'name': !!str 'sync-test'
  !!str 'size':
  - !!int 78
  - !!str 'MB'
  !!str 'kiter': !!int 100
!!str 'cuda':
  !!str 'Kernel':
  - !!float 28.180
  - !!str 'ms'
  !!str 'To Device':
  - !!float 14.606
  - !!str 'ms'
  !!str 'To Host':
  - !!float 13.671
  - !!str 'ms'
  !!str 'Bandwidth (To Device)':
  - !!float 5340.146
  - !!str 'MB/s'
  !!str 'Bandwidth (To Host)':
  - !!float 5705.292
  - !!str 'MB/s'
!!str 'host':
  !!str 'Kernel':
  - !!float 0.041
  - !!str 'ms'
  !!str 'Local':
  - !!float 16.458
  - !!str 'ms'
  !!str 'To Device':
  - !!float 14.862
  - !!str 'ms'
  !!str 'To Host':
  - !!float 41.915
  - !!str 'ms'
  !!str 'Bandwidth (To Device)':
  - !!float 5248.185
  - !!str 'MB/s'
  !!str 'Bandwidth (To Host)':
  - !!float 1860.908
  - !!str 'MB/s'
!!str 'elapsed': [!!float 3.20, !!str 's']
---
!!str 'test':
  !!str 'name': !!str 'sync-test'
  !!str 'size':
  - !!int 78
  - !!str 'MB'
  !!str 'kiter': !!int 100
!!str 'cuda':
  !!str 'Kernel':
  - !!float 28.218
  - !!str 'ms'
  !!str 'To Device':
  - !!float 13.557
  - !!str 'ms'
  !!str 'To Host':
  - !!float 13.126
  - !!str 'ms'
  !!str 'Bandwidth (To Device)':
  - !!float 5753.409
  - !!str 'MB/s'
  !!str 'Bandwidth (To Host)':
  - !!float 5942.126
  - !!str 'MB/s'
!!str 'host':
  !!str 'Kernel':
  - !!float 0.049
  - !!str 'ms'
  !!str 'Local':
  - !!float 13.489
  - !!str 'ms'
  !!str 'To Device':
  - !!float 13.797
  - !!str 'ms'
  !!str 'To Host':
  - !!float 41.307
  - !!str 'ms'
  !!str 'Bandwidth (To Device)':
  - !!float 5653.327
  - !!str 'MB/s'
  !!str 'Bandwidth (To Host)':
  - !!float 1888.267
  - !!str 'MB/s'
!!str 'elapsed': [!!float 3.17, !!str 's']
---
!!str 'test':
  !!str 'name': !!str 'sync-test'
  !!str 'size':
  - !!int 78
  - !!str 'MB'
  !!str 'kiter': !!int 100
!!str 'cuda':
  !!str 'Kernel':
  - !!float 28.194
  - !!str 'ms'
  !!str 'To Device':
  - !!float 12.898
  - !!str 'ms'
  !!str 'To Host':
  - !!float 12.800
  - !!str 'ms'
  !!str 'Bandwidth (To Device)':
  - !!float 6047.553
  - !!str 'MB/s'
  !!str 'Bandwidth (To Host)':
  - !!float 6093.589
  - !!str 'MB/s'
!!str 'host':
  !!str 'Kernel':
  - !!float 0.031
  - !!str 'ms'
  !!str 'Local':
  - !!float 10.706
  - !!str 'ms'
  !!str 'To Device':
  - !!float 13.141
  - !!str 'ms'
  !!str 'To Host':
  - !!float 41.089
  - !!str 'ms'
  !!str 'Bandwidth (To Device)':
  - !!float 5935.772
  - !!str 'MB/s'
  !!str 'Bandwidth (To Host)':
  - !!float 1898.315
  - !!str 'MB/s'
!!str 'elapsed': [!!float 3.17, !!str 's']
---
!!str 'test':
  !!str 'name': !!str 'sync-test'
  !!str 'size':
  - !!int 78
  - !!str 'MB'
  !!str 'kiter': !!int 100
!!str 'cuda':
  !!str 'Kernel':
  - !!float 28.185
  - !!str 'ms'
  !!str 'To Device':
  - !!float 14.670
  - !!str 'ms'
  !!str 'To Host':
  - !!float 13.783
  - !!str 'ms'
  !!str 'Bandwidth (To Device)':
  - !!float 5316.930
  - !!str 'MB/s'
  !!str 'Bandwidth (To Host)':
  - !!float 5659.196
  - !!str 'MB/s'
!!str 'host':
  !!str 'Kernel':
  - !!float 0.043
  - !!str 'ms'
  !!str 'Local':
  - !!float 16.487
  - !!str 'ms'
  !!str 'To Device':
  - !!float 14.929
  - !!str 'ms'
  !!str 'To Host':
  - !!float 42.019
  - !!str 'ms'
  !!str 'Bandwidth (To Device)':
  - !!float 5224.721
  - !!str 'MB/s'
  !!str 'Bandwidth (To Host)':
  - !!float 1856.264
  - !!str 'MB/s'
!!str 'elapsed': [!!float 3.19, !!str 's']
---
!!str 'test':
  !!str 'name': !!str 'sync-test'
  !!str 'size':
  - !!int 78
  - !!str 'MB'
  !!str 'kiter': !!int 100
!!str 'cuda':
  !!str 'Kernel':
  - !!float 28.196
  - !!str 'ms'
  !!str 'To Device':
  - !!float 12.857
  - !!str 'ms'
  !!str 'To Host':
  - !!float 12.813
  - !!str 'ms'
  !!str 'Bandwidth (To Device)':
  - !!float 6066.744
  - !!str 'MB/s'
  !!str 'Bandwidth (To Host)':
  - !!float 6087.623
  - !!str 'MB/s'
!!str 'host':
  !!str 'Kernel':
  - !!float 0.031
  - !!str 'ms'
  !!str 'Local':
  - !!float 10.719
  - !!str 'ms'
  !!str 'To Device':
  - !!float 13.101
  - !!str 'ms'
  !!str 'To Host':
  - !!float 41.099
  - !!str 'ms'
  !!str 'Bandwidth (To Device)':
  - !!float 5953.842
  - !!str 'MB/s'
  !!str 'Bandwidth (To Host)':
  - !!float 1897.828
  - !!str 'MB/s'
!!str 'elapsed': [!!float 3.14, !!str 's']
---
!!str 'test':
  !!str 'name': !!str 'sync-test'
  !!str 'size':
  - !!int 78
  - !!str 'MB'
  !!str 'kiter': !!int 100
!!str 'cuda':
  !!str 'Kernel':
  - !!float 28.173
  - !!str 'ms'
  !!str 'To Device':
  - !!float 12.789
  - !!str 'ms'
  !!str 'To Host':
  - !!float 12.862
  - !!str 'ms'
  !!str 'Bandwidth (To Device)':
  - !!float 6099.063
  - !!str 'MB/s'
  !!str 'Bandwidth (To Host)':
  - !!float 6064.374
  - !!str 'MB/s'
!!str 'host':
  !!str 'Kernel':
  - !!float 0.031
  - !!str 'ms'
  !!str 'Local':
  - !!float 10.717
  - !!str 'ms'
  !!str 'To Device':
  - !!float 13.034
  - !!str 'ms'
  !!str 'To Host':
  - !!float 41.130
  - !!str 'ms'
  !!str 'Bandwidth (To Device)':
  - !!float 5984.323
  - !!str 'MB/s'
  !!str 'Bandwidth (To Host)':
  - !!float 1896.392
  - !!str 'MB/s'
!!str 'elapsed': [!!float 3.17, !!str 's']
---
!!str 'test':
  !!str 'name': !!str 'sync-test'
  !!str 'size':
  - !!int 78
  - !!str 'MB'
  !!str 'kiter': !!int 100
!!str 'cuda':
  !!str 'Kernel':
  - !!float 28.191
  - !!str 'ms'
  !!str 'To Device':
  - !!float 14.286
  - !!str 'ms'
  !!str 'To Host':
  - !!float 13.488
  - !!str 'ms'
  !!str 'Bandwidth (To Device)':
  - !!float 5460.018
  - !!str 'MB/s'
  !!str 'Bandwidth (To Host)':
  - !!float 5782.797
  - !!str 'MB/s'
!!str 'host':
  !!str 'Kernel':
  - !!float 0.042
  - !!str 'ms'
  !!str 'Local':
  - !!float 15.886
  - !!str 'ms'
  !!str 'To Device':
  - !!float 14.538
  - !!str 'ms'
  !!str 'To Host':
  - !!float 41.739
  - !!str 'ms'
  !!str 'Bandwidth (To Device)':
  - !!float 5365.338
  - !!str 'MB/s'
  !!str 'Bandwidth (To Host)':
  - !!float 1868.720
  - !!str 'MB/s'
!!str 'elapsed': [!!float 3.21, !!str 's']
