---
!!str 'test':
  !!str 'name': !!str 'sync-test'
  !!str 'size':
  - !!int 82
  - !!str 'MB'
  !!str 'kiter': !!int 100
!!str 'cuda':
  !!str 'Kernel':
  - !!float 29.629
  - !!str 'ms'
  !!str 'To Device':
  - !!float 14.964
  - !!str 'ms'
  !!str 'To Host':
  - !!float 14.190
  - !!str 'ms'
  !!str 'Bandwidth (To Device)':
  - !!float 5479.973
  - !!str 'MB/s'
  !!str 'Bandwidth (To Host)':
  - !!float 5778.506
  - !!str 'MB/s'
!!str 'host':
  !!str 'Kernel':
  - !!float 0.042
  - !!str 'ms'
  !!str 'Local':
  - !!float 16.447
  - !!str 'ms'
  !!str 'To Device':
  - !!float 15.233
  - !!str 'ms'
  !!str 'To Host':
  - !!float 43.880
  - !!str 'ms'
  !!str 'Bandwidth (To Device)':
  - !!float 5383.073
  - !!str 'MB/s'
  !!str 'Bandwidth (To Host)':
  - !!float 1868.714
  - !!str 'MB/s'
!!str 'elapsed': [!!float 3.20, !!str 's']
---
!!str 'test':
  !!str 'name': !!str 'sync-test'
  !!str 'size':
  - !!int 82
  - !!str 'MB'
  !!str 'kiter': !!int 100
!!str 'cuda':
  !!str 'Kernel':
  - !!float 29.675
  - !!str 'ms'
  !!str 'To Device':
  - !!float 13.488
  - !!str 'ms'
  !!str 'To Host':
  - !!float 13.520
  - !!str 'ms'
  !!str 'Bandwidth (To Device)':
  - !!float 6079.468
  - !!str 'MB/s'
  !!str 'Bandwidth (To Host)':
  - !!float 6065.208
  - !!str 'MB/s'
!!str 'host':
  !!str 'Kernel':
  - !!float 0.063
  - !!str 'ms'
  !!str 'Local':
  - !!float 11.255
  - !!str 'ms'
  !!str 'To Device':
  - !!float 13.747
  - !!str 'ms'
  !!str 'To Host':
  - !!float 43.146
  - !!str 'ms'
  !!str 'Bandwidth (To Device)':
  - !!float 5965.056
  - !!str 'MB/s'
  !!str 'Bandwidth (To Host)':
  - !!float 1900.499
  - !!str 'MB/s'
!!str 'elapsed': [!!float 3.15, !!str 's']
---
!!str 'test':
  !!str 'name': !!str 'sync-test'
  !!str 'size':
  - !!int 82
  - !!str 'MB'
  !!str 'kiter': !!int 100
!!str 'cuda':
  !!str 'Kernel':
  - !!float 29.633
  - !!str 'ms'
  !!str 'To Device':
  - !!float 14.445
  - !!str 'ms'
  !!str 'To Host':
  - !!float 13.946
  - !!str 'ms'
  !!str 'Bandwidth (To Device)':
  - !!float 5676.812
  - !!str 'MB/s'
  !!str 'Bandwidth (To Host)':
  - !!float 5879.779
  - !!str 'MB/s'
!!str 'host':
  !!str 'Kernel':
  - !!float 0.039
  - !!str 'ms'
  !!str 'Local':
  - !!float 15.339
  - !!str 'ms'
  !!str 'To Device':
  - !!float 14.711
  - !!str 'ms'
  !!str 'To Host':
  - !!float 43.652
  - !!str 'ms'
  !!str 'Bandwidth (To Device)':
  - !!float 5573.988
  - !!str 'MB/s'
  !!str 'Bandwidth (To Host)':
  - !!float 1878.478
  - !!str 'MB/s'
!!str 'elapsed': [!!float 3.20, !!str 's']
---
!!str 'test':
  !!str 'name': !!str 'sync-test'
  !!str 'size':
  - !!int 82
  - !!str 'MB'
  !!str 'kiter': !!int 100
!!str 'cuda':
  !!str 'Kernel':
  - !!float 29.624
  - !!str 'ms'
  !!str 'To Device':
  - !!float 13.422
  - !!str 'ms'
  !!str 'To Host':
  - !!float 13.501
  - !!str 'ms'
  !!str 'Bandwidth (To Device)':
  - !!float 6109.268
  - !!str 'MB/s'
  !!str 'Bandwidth (To Host)':
  - !!float 6073.575
  - !!str 'MB/s'
!!str 'host':
  !!str 'Kernel':
  - !!float 0.030
  - !!str 'ms'
  !!str 'Local':
  - !!float 11.258
  - !!str 'ms'
  !!str 'To Device':
  - !!float 13.693
  - !!str 'ms'
  !!str 'To Host':
  - !!float 43.213
  - !!str 'ms'
  !!str 'Bandwidth (To Device)':
  - !!float 5988.540
  - !!str 'MB/s'
  !!str 'Bandwidth (To Host)':
  - !!float 1897.557
  - !!str 'MB/s'
!!str 'elapsed': [!!float 3.18, !!str 's']
---
!!str 'test':
  !!str 'name': !!str 'sync-test'
  !!str 'size':
  - !!int 82
  - !!str 'MB'
  !!str 'kiter': !!int 100
!!str 'cuda':
  !!str 'Kernel':
  - !!float 29.626
  - !!str 'ms'
  !!str 'To Device':
  - !!float 13.492
  - !!str 'ms'
  !!str 'To Host':
  - !!float 13.474
  - !!str 'ms'
  !!str 'Bandwidth (To Device)':
  - !!float 6077.623
  - !!str 'MB/s'
  !!str 'Bandwidth (To Host)':
  - !!float 6085.561
  - !!str 'MB/s'
!!str 'host':
  !!str 'Kernel':
  - !!float 0.032
  - !!str 'ms'
  !!str 'Local':
  - !!float 11.265
  - !!str 'ms'
  !!str 'To Device':
  - !!float 13.759
  - !!str 'ms'
  !!str 'To Host':
  - !!float 43.188
  - !!str 'ms'
  !!str 'Bandwidth (To Device)':
  - !!float 5959.567
  - !!str 'MB/s'
  !!str 'Bandwidth (To Host)':
  - !!float 1898.661
  - !!str 'MB/s'
!!str 'elapsed': [!!float 3.18, !!str 's']
---
!!str 'test':
  !!str 'name': !!str 'sync-test'
  !!str 'size':
  - !!int 82
  - !!str 'MB'
  !!str 'kiter': !!int 100
!!str 'cuda':
  !!str 'Kernel':
  - !!float 29.626
  - !!str 'ms'
  !!str 'To Device':
  - !!float 13.629
  - !!str 'ms'
  !!str 'To Host':
  - !!float 13.444
  - !!str 'ms'
  !!str 'Bandwidth (To Device)':
  - !!float 6016.492
  - !!str 'MB/s'
  !!str 'Bandwidth (To Host)':
  - !!float 6099.438
  - !!str 'MB/s'
!!str 'host':
  !!str 'Kernel':
  - !!float 0.031
  - !!str 'ms'
  !!str 'Local':
  - !!float 11.256
  - !!str 'ms'
  !!str 'To Device':
  - !!float 13.874
  - !!str 'ms'
  !!str 'To Host':
  - !!float 43.178
  - !!str 'ms'
  !!str 'Bandwidth (To Device)':
  - !!float 5910.247
  - !!str 'MB/s'
  !!str 'Bandwidth (To Host)':
  - !!float 1899.133
  - !!str 'MB/s'
!!str 'elapsed': [!!float 3.17, !!str 's']
---
!!str 'test':
  !!str 'name': !!str 'sync-test'
  !!str 'size':
  - !!int 82
  - !!str 'MB'
  !!str 'kiter': !!int 100
!!str 'cuda':
  !!str 'Kernel':
  - !!float 29.630
  - !!str 'ms'
  !!str 'To Device':
  - !!float 13.569
  - !!str 'ms'
  !!str 'To Host':
  - !!float 13.480
  - !!str 'ms'
  !!str 'Bandwidth (To Device)':
  - !!float 6043.095
  - !!str 'MB/s'
  !!str 'Bandwidth (To Host)':
  - !!float 6083.062
  - !!str 'MB/s'
!!str 'host':
  !!str 'Kernel':
  - !!float 0.030
  - !!str 'ms'
  !!str 'Local':
  - !!float 11.260
  - !!str 'ms'
  !!str 'To Device':
  - !!float 13.829
  - !!str 'ms'
  !!str 'To Host':
  - !!float 43.207
  - !!str 'ms'
  !!str 'Bandwidth (To Device)':
  - !!float 5929.631
  - !!str 'MB/s'
  !!str 'Bandwidth (To Host)':
  - !!float 1897.845
  - !!str 'MB/s'
!!str 'elapsed': [!!float 3.17, !!str 's']
---
!!str 'test':
  !!str 'name': !!str 'sync-test'
  !!str 'size':
  - !!int 82
  - !!str 'MB'
  !!str 'kiter': !!int 100
!!str 'cuda':
  !!str 'Kernel':
  - !!float 29.625
  - !!str 'ms'
  !!str 'To Device':
  - !!float 14.413
  - !!str 'ms'
  !!str 'To Host':
  - !!float 14.015
  - !!str 'ms'
  !!str 'Bandwidth (To Device)':
  - !!float 5689.454
  - !!str 'MB/s'
  !!str 'Bandwidth (To Host)':
  - !!float 5850.995
  - !!str 'MB/s'
!!str 'host':
  !!str 'Kernel':
  - !!float 0.039
  - !!str 'ms'
  !!str 'Local':
  - !!float 15.379
  - !!str 'ms'
  !!str 'To Device':
  - !!float 14.681
  - !!str 'ms'
  !!str 'To Host':
  - !!float 43.713
  - !!str 'ms'
  !!str 'Bandwidth (To Device)':
  - !!float 5585.611
  - !!str 'MB/s'
  !!str 'Bandwidth (To Host)':
  - !!float 1875.886
  - !!str 'MB/s'
!!str 'elapsed': [!!float 3.20, !!str 's']
---
!!str 'test':
  !!str 'name': !!str 'sync-test'
  !!str 'size':
  - !!int 82
  - !!str 'MB'
  !!str 'kiter': !!int 100
!!str 'cuda':
  !!str 'Kernel':
  - !!float 29.630
  - !!str 'ms'
  !!str 'To Device':
  - !!float 15.307
  - !!str 'ms'
  !!str 'To Host':
  - !!float 14.256
  - !!str 'ms'
  !!str 'Bandwidth (To Device)':
  - !!float 5357.104
  - !!str 'MB/s'
  !!str 'Bandwidth (To Host)':
  - !!float 5752.007
  - !!str 'MB/s'
!!str 'host':
  !!str 'Kernel':
  - !!float 0.043
  - !!str 'ms'
  !!str 'Local':
  - !!float 17.045
  - !!str 'ms'
  !!str 'To Device':
  - !!float 15.579
  - !!str 'ms'
  !!str 'To Host':
  - !!float 43.949
  - !!str 'ms'
  !!str 'Bandwidth (To Device)':
  - !!float 5263.499
  - !!str 'MB/s'
  !!str 'Bandwidth (To Host)':
  - !!float 1865.776
  - !!str 'MB/s'
!!str 'elapsed': [!!float 3.20, !!str 's']
---
!!str 'test':
  !!str 'name': !!str 'sync-test'
  !!str 'size':
  - !!int 82
  - !!str 'MB'
  !!str 'kiter': !!int 100
!!str 'cuda':
  !!str 'Kernel':
  - !!float 29.629
  - !!str 'ms'
  !!str 'To Device':
  - !!float 13.448
  - !!str 'ms'
  !!str 'To Host':
  - !!float 13.489
  - !!str 'ms'
  !!str 'Bandwidth (To Device)':
  - !!float 6097.755
  - !!str 'MB/s'
  !!str 'Bandwidth (To Host)':
  - !!float 6079.093
  - !!str 'MB/s'
!!str 'host':
  !!str 'Kernel':
  - !!float 0.032
  - !!str 'ms'
  !!str 'Local':
  - !!float 11.253
  - !!str 'ms'
  !!str 'To Device':
  - !!float 13.712
  - !!str 'ms'
  !!str 'To Host':
  - !!float 43.208
  - !!str 'ms'
  !!str 'Bandwidth (To Device)':
  - !!float 5979.956
  - !!str 'MB/s'
  !!str 'Bandwidth (To Host)':
  - !!float 1897.781
  - !!str 'MB/s'
!!str 'elapsed': [!!float 3.14, !!str 's']
