---
!!str 'test':
  !!str 'name': !!str 'sync-test'
  !!str 'size':
  - !!int 84
  - !!str 'MB'
  !!str 'kiter': !!int 100
!!str 'cuda':
  !!str 'Kernel':
  - !!float 30.350
  - !!str 'ms'
  !!str 'To Device':
  - !!float 15.242
  - !!str 'ms'
  !!str 'To Host':
  - !!float 14.419
  - !!str 'ms'
  !!str 'Bandwidth (To Device)':
  - !!float 5510.892
  - !!str 'MB/s'
  !!str 'Bandwidth (To Host)':
  - !!float 5825.496
  - !!str 'MB/s'
!!str 'host':
  !!str 'Kernel':
  - !!float 0.040
  - !!str 'ms'
  !!str 'Local':
  - !!float 16.393
  - !!str 'ms'
  !!str 'To Device':
  - !!float 15.525
  - !!str 'ms'
  !!str 'To Host':
  - !!float 44.835
  - !!str 'ms'
  !!str 'Bandwidth (To Device)':
  - !!float 5410.612
  - !!str 'MB/s'
  !!str 'Bandwidth (To Host)':
  - !!float 1873.541
  - !!str 'MB/s'
!!str 'elapsed': [!!float 3.18, !!str 's']
---
!!str 'test':
  !!str 'name': !!str 'sync-test'
  !!str 'size':
  - !!int 84
  - !!str 'MB'
  !!str 'kiter': !!int 100
!!str 'cuda':
  !!str 'Kernel':
  - !!float 30.352
  - !!str 'ms'
  !!str 'To Device':
  - !!float 13.860
  - !!str 'ms'
  !!str 'To Host':
  - !!float 13.859
  - !!str 'ms'
  !!str 'Bandwidth (To Device)':
  - !!float 6060.741
  - !!str 'MB/s'
  !!str 'Bandwidth (To Host)':
  - !!float 6060.909
  - !!str 'MB/s'
!!str 'host':
  !!str 'Kernel':
  - !!float 0.030
  - !!str 'ms'
  !!str 'Local':
  - !!float 11.542
  - !!str 'ms'
  !!str 'To Device':
  - !!float 14.130
  - !!str 'ms'
  !!str 'To Host':
  - !!float 44.310
  - !!str 'ms'
  !!str 'Bandwidth (To Device)':
  - !!float 5944.663
  - !!str 'MB/s'
  !!str 'Bandwidth (To Host)':
  - !!float 1895.727
  - !!str 'MB/s'
!!str 'elapsed': [!!float 3.18, !!str 's']
---
!!str 'test':
  !!str 'name': !!str 'sync-test'
  !!str 'size':
  - !!int 84
  - !!str 'MB'
  !!str 'kiter': !!int 100
!!str 'cuda':
  !!str 'Kernel':
  - !!float 30.350
  - !!str 'ms'
  !!str 'To Device':
  - !!float 13.854
  - !!str 'ms'
  !!str 'To Host':
  - !!float 13.824
  - !!str 'ms'
  !!str 'Bandwidth (To Device)':
  - !!float 6063.205
  - !!str 'MB/s'
  !!str 'Bandwidth (To Host)':
  - !!float 6076.553
  - !!str 'MB/s'
!!str 'host':
  !!str 'Kernel':
  - !!float 0.029
  - !!str 'ms'
  !!str 'Local':
  - !!float 11.533
  - !!str 'ms'
  !!str 'To Device':
  - !!float 14.129
  - !!str 'ms'
  !!str 'To Host':
  - !!float 44.270
  - !!str 'ms'
  !!str 'Bandwidth (To Device)':
  - !!float 5945.331
  - !!str 'MB/s'
  !!str 'Bandwidth (To Host)':
  - !!float 1897.457
  - !!str 'MB/s'
!!str 'elapsed': [!!float 3.18, !!str 's']
---
!!str 'test':
  !!str 'name': !!str 'sync-test'
  !!str 'size':
  - !!int 84
  - !!str 'MB'
  !!str 'kiter': !!int 100
!!str 'cuda':
  !!str 'Kernel':
  - !!float 30.348
  - !!str 'ms'
  !!str 'To Device':
  - !!float 14.835
  - !!str 'ms'
  !!str 'To Host':
  - !!float 14.351
  - !!str 'ms'
  !!str 'Bandwidth (To Device)':
  - !!float 5662.350
  - !!str 'MB/s'
  !!str 'Bandwidth (To Host)':
  - !!float 5853.112
  - !!str 'MB/s'
!!str 'host':
  !!str 'Kernel':
  - !!float 0.039
  - !!str 'ms'
  !!str 'Local':
  - !!float 15.735
  - !!str 'ms'
  !!str 'To Device':
  - !!float 15.110
  - !!str 'ms'
  !!str 'To Host':
  - !!float 44.775
  - !!str 'ms'
  !!str 'Bandwidth (To Device)':
  - !!float 5559.133
  - !!str 'MB/s'
  !!str 'Bandwidth (To Host)':
  - !!float 1876.053
  - !!str 'MB/s'
!!str 'elapsed': [!!float 3.19, !!str 's']
---
!!str 'test':
  !!str 'name': !!str 'sync-test'
  !!str 'size':
  - !!int 84
  - !!str 'MB'
  !!str 'kiter': !!int 100
!!str 'cuda':
  !!str 'Kernel':
  - !!float 30.348
  - !!str 'ms'
  !!str 'To Device':
  - !!float 13.923
  - !!str 'ms'
  !!str 'To Host':
  - !!float 13.841
  - !!str 'ms'
  !!str 'Bandwidth (To Device)':
  - !!float 6033.216
  - !!str 'MB/s'
  !!str 'Bandwidth (To Host)':
  - !!float 6068.981
  - !!str 'MB/s'
!!str 'host':
  !!str 'Kernel':
  - !!float 0.029
  - !!str 'ms'
  !!str 'Local':
  - !!float 11.543
  - !!str 'ms'
  !!str 'To Device':
  - !!float 14.199
  - !!str 'ms'
  !!str 'To Host':
  - !!float 44.284
  - !!str 'ms'
  !!str 'Bandwidth (To Device)':
  - !!float 5916.074
  - !!str 'MB/s'
  !!str 'Bandwidth (To Host)':
  - !!float 1896.853
  - !!str 'MB/s'
!!str 'elapsed': [!!float 3.17, !!str 's']
---
!!str 'test':
  !!str 'name': !!str 'sync-test'
  !!str 'size':
  - !!int 84
  - !!str 'MB'
  !!str 'kiter': !!int 100
!!str 'cuda':
  !!str 'Kernel':
  - !!float 30.353
  - !!str 'ms'
  !!str 'To Device':
  - !!float 13.900
  - !!str 'ms'
  !!str 'To Host':
  - !!float 13.804
  - !!str 'ms'
  !!str 'Bandwidth (To Device)':
  - !!float 6042.966
  - !!str 'MB/s'
  !!str 'Bandwidth (To Host)':
  - !!float 6085.160
  - !!str 'MB/s'
!!str 'host':
  !!str 'Kernel':
  - !!float 0.029
  - !!str 'ms'
  !!str 'Local':
  - !!float 11.538
  - !!str 'ms'
  !!str 'To Device':
  - !!float 14.171
  - !!str 'ms'
  !!str 'To Host':
  - !!float 44.256
  - !!str 'ms'
  !!str 'Bandwidth (To Device)':
  - !!float 5927.540
  - !!str 'MB/s'
  !!str 'Bandwidth (To Host)':
  - !!float 1898.058
  - !!str 'MB/s'
!!str 'elapsed': [!!float 3.17, !!str 's']
---
!!str 'test':
  !!str 'name': !!str 'sync-test'
  !!str 'size':
  - !!int 84
  - !!str 'MB'
  !!str 'kiter': !!int 100
!!str 'cuda':
  !!str 'Kernel':
  - !!float 30.355
  - !!str 'ms'
  !!str 'To Device':
  - !!float 13.899
  - !!str 'ms'
  !!str 'To Host':
  - !!float 13.792
  - !!str 'ms'
  !!str 'Bandwidth (To Device)':
  - !!float 6043.634
  - !!str 'MB/s'
  !!str 'Bandwidth (To Host)':
  - !!float 6090.581
  - !!str 'MB/s'
!!str 'host':
  !!str 'Kernel':
  - !!float 0.032
  - !!str 'ms'
  !!str 'Local':
  - !!float 11.526
  - !!str 'ms'
  !!str 'To Device':
  - !!float 14.174
  - !!str 'ms'
  !!str 'To Host':
  - !!float 44.236
  - !!str 'ms'
  !!str 'Bandwidth (To Device)':
  - !!float 5926.250
  - !!str 'MB/s'
  !!str 'Bandwidth (To Host)':
  - !!float 1898.920
  - !!str 'MB/s'
!!str 'elapsed': [!!float 3.18, !!str 's']
---
!!str 'test':
  !!str 'name': !!str 'sync-test'
  !!str 'size':
  - !!int 84
  - !!str 'MB'
  !!str 'kiter': !!int 100
!!str 'cuda':
  !!str 'Kernel':
  - !!float 30.346
  - !!str 'ms'
  !!str 'To Device':
  - !!float 13.785
  - !!str 'ms'
  !!str 'To Host':
  - !!float 13.807
  - !!str 'ms'
  !!str 'Bandwidth (To Device)':
  - !!float 6093.692
  - !!str 'MB/s'
  !!str 'Bandwidth (To Host)':
  - !!float 6083.876
  - !!str 'MB/s'
!!str 'host':
  !!str 'Kernel':
  - !!float 0.031
  - !!str 'ms'
  !!str 'Local':
  - !!float 11.528
  - !!str 'ms'
  !!str 'To Device':
  - !!float 14.055
  - !!str 'ms'
  !!str 'To Host':
  - !!float 44.248
  - !!str 'ms'
  !!str 'Bandwidth (To Device)':
  - !!float 5976.385
  - !!str 'MB/s'
  !!str 'Bandwidth (To Host)':
  - !!float 1898.394
  - !!str 'MB/s'
!!str 'elapsed': [!!float 3.17, !!str 's']
---
!!str 'test':
  !!str 'name': !!str 'sync-test'
  !!str 'size':
  - !!int 84
  - !!str 'MB'
  !!str 'kiter': !!int 100
!!str 'cuda':
  !!str 'Kernel':
  - !!float 30.355
  - !!str 'ms'
  !!str 'To Device':
  - !!float 14.015
  - !!str 'ms'
  !!str 'To Host':
  - !!float 13.819
  - !!str 'ms'
  !!str 'Bandwidth (To Device)':
  - !!float 5993.570
  - !!str 'MB/s'
  !!str 'Bandwidth (To Host)':
  - !!float 6078.509
  - !!str 'MB/s'
!!str 'host':
  !!str 'Kernel':
  - !!float 0.030
  - !!str 'ms'
  !!str 'Local':
  - !!float 11.543
  - !!str 'ms'
  !!str 'To Device':
  - !!float 14.288
  - !!str 'ms'
  !!str 'To Host':
  - !!float 44.270
  - !!str 'ms'
  !!str 'Bandwidth (To Device)':
  - !!float 5879.030
  - !!str 'MB/s'
  !!str 'Bandwidth (To Host)':
  - !!float 1897.438
  - !!str 'MB/s'
!!str 'elapsed': [!!float 3.17, !!str 's']
---
!!str 'test':
  !!str 'name': !!str 'sync-test'
  !!str 'size':
  - !!int 84
  - !!str 'MB'
  !!str 'kiter': !!int 100
!!str 'cuda':
  !!str 'Kernel':
  - !!float 30.354
  - !!str 'ms'
  !!str 'To Device':
  - !!float 15.324
  - !!str 'ms'
  !!str 'To Host':
  - !!float 14.485
  - !!str 'ms'
  !!str 'Bandwidth (To Device)':
  - !!float 5481.718
  - !!str 'MB/s'
  !!str 'Bandwidth (To Host)':
  - !!float 5798.896
  - !!str 'MB/s'
!!str 'host':
  !!str 'Kernel':
  - !!float 0.039
  - !!str 'ms'
  !!str 'Local':
  - !!float 16.723
  - !!str 'ms'
  !!str 'To Device':
  - !!float 15.598
  - !!str 'ms'
  !!str 'To Host':
  - !!float 44.910
  - !!str 'ms'
  !!str 'Bandwidth (To Device)':
  - !!float 5385.246
  - !!str 'MB/s'
  !!str 'Bandwidth (To Host)':
  - !!float 1870.417
  - !!str 'MB/s'
!!str 'elapsed': [!!float 3.20, !!str 's']
