---
!!str 'test':
  !!str 'name': !!str 'sync-test'
  !!str 'size':
  - !!int 96
  - !!str 'MB'
  !!str 'kiter': !!int 100
!!str 'cuda':
  !!str 'Kernel':
  - !!float 34.689
  - !!str 'ms'
  !!str 'To Device':
  - !!float 17.542
  - !!str 'ms'
  !!str 'To Host':
  - !!float 16.424
  - !!str 'ms'
  !!str 'Bandwidth (To Device)':
  - !!float 5472.655
  - !!str 'MB/s'
  !!str 'Bandwidth (To Host)':
  - !!float 5845.241
  - !!str 'MB/s'
!!str 'host':
  !!str 'Kernel':
  - !!float 0.042
  - !!str 'ms'
  !!str 'Local':
  - !!float 18.788
  - !!str 'ms'
  !!str 'To Device':
  - !!float 17.887
  - !!str 'ms'
  !!str 'To Host':
  - !!float 51.172
  - !!str 'ms'
  !!str 'Bandwidth (To Device)':
  - !!float 5366.887
  - !!str 'MB/s'
  !!str 'Bandwidth (To Host)':
  - !!float 1876.020
  - !!str 'MB/s'
!!str 'elapsed': [!!float 3.22, !!str 's']
---
!!str 'test':
  !!str 'name': !!str 'sync-test'
  !!str 'size':
  - !!int 96
  - !!str 'MB'
  !!str 'kiter': !!int 100
!!str 'cuda':
  !!str 'Kernel':
  - !!float 34.696
  - !!str 'ms'
  !!str 'To Device':
  - !!float 15.678
  - !!str 'ms'
  !!str 'To Host':
  - !!float 15.740
  - !!str 'ms'
  !!str 'Bandwidth (To Device)':
  - !!float 6123.299
  - !!str 'MB/s'
  !!str 'Bandwidth (To Host)':
  - !!float 6099.259
  - !!str 'MB/s'
!!str 'host':
  !!str 'Kernel':
  - !!float 0.031
  - !!str 'ms'
  !!str 'Local':
  - !!float 13.184
  - !!str 'ms'
  !!str 'To Device':
  - !!float 16.012
  - !!str 'ms'
  !!str 'To Host':
  - !!float 50.527
  - !!str 'ms'
  !!str 'Bandwidth (To Device)':
  - !!float 5995.527
  - !!str 'MB/s'
  !!str 'Bandwidth (To Host)':
  - !!float 1899.968
  - !!str 'MB/s'
!!str 'elapsed': [!!float 3.18, !!str 's']
---
!!str 'test':
  !!str 'name': !!str 'sync-test'
  !!str 'size':
  - !!int 96
  - !!str 'MB'
  !!str 'kiter': !!int 100
!!str 'cuda':
  !!str 'Kernel':
  - !!float 34.681
  - !!str 'ms'
  !!str 'To Device':
  - !!float 17.252
  - !!str 'ms'
  !!str 'To Host':
  - !!float 16.354
  - !!str 'ms'
  !!str 'Bandwidth (To Device)':
  - !!float 5564.645
  - !!str 'MB/s'
  !!str 'Bandwidth (To Host)':
  - !!float 5870.083
  - !!str 'MB/s'
!!str 'host':
  !!str 'Kernel':
  - !!float 0.040
  - !!str 'ms'
  !!str 'Local':
  - !!float 18.272
  - !!str 'ms'
  !!str 'To Device':
  - !!float 17.604
  - !!str 'ms'
  !!str 'To Host':
  - !!float 51.084
  - !!str 'ms'
  !!str 'Bandwidth (To Device)':
  - !!float 5453.257
  - !!str 'MB/s'
  !!str 'Bandwidth (To Host)':
  - !!float 1879.255
  - !!str 'MB/s'
!!str 'elapsed': [!!float 3.22, !!str 's']
---
!!str 'test':
  !!str 'name': !!str 'sync-test'
  !!str 'size':
  - !!int 96
  - !!str 'MB'
  !!str 'kiter': !!int 100
!!str 'cuda':
  !!str 'Kernel':
  - !!float 34.699
  - !!str 'ms'
  !!str 'To Device':
  - !!float 17.255
  - !!str 'ms'
  !!str 'To Host':
  - !!float 16.337
  - !!str 'ms'
  !!str 'Bandwidth (To Device)':
  - !!float 5563.520
  - !!str 'MB/s'
  !!str 'Bandwidth (To Host)':
  - !!float 5876.154
  - !!str 'MB/s'
!!str 'host':
  !!str 'Kernel':
  - !!float 0.041
  - !!str 'ms'
  !!str 'Local':
  - !!float 18.184
  - !!str 'ms'
  !!str 'To Device':
  - !!float 17.596
  - !!str 'ms'
  !!str 'To Host':
  - !!float 51.104
  - !!str 'ms'
  !!str 'Bandwidth (To Device)':
  - !!float 5455.694
  - !!str 'MB/s'
  !!str 'Bandwidth (To Host)':
  - !!float 1878.514
  - !!str 'MB/s'
!!str 'elapsed': [!!float 3.21, !!str 's']
---
!!str 'test':
  !!str 'name': !!str 'sync-test'
  !!str 'size':
  - !!int 96
  - !!str 'MB'
  !!str 'kiter': !!int 100
!!str 'cuda':
  !!str 'Kernel':
  - !!float 34.695
  - !!str 'ms'
  !!str 'To Device':
  - !!float 15.833
  - !!str 'ms'
  !!str 'To Host':
  - !!float 15.778
  - !!str 'ms'
  !!str 'Bandwidth (To Device)':
  - !!float 6063.117
  - !!str 'MB/s'
  !!str 'Bandwidth (To Host)':
  - !!float 6084.563
  - !!str 'MB/s'
!!str 'host':
  !!str 'Kernel':
  - !!float 0.031
  - !!str 'ms'
  !!str 'Local':
  - !!float 13.181
  - !!str 'ms'
  !!str 'To Device':
  - !!float 16.161
  - !!str 'ms'
  !!str 'To Host':
  - !!float 50.568
  - !!str 'ms'
  !!str 'Bandwidth (To Device)':
  - !!float 5940.142
  - !!str 'MB/s'
  !!str 'Bandwidth (To Host)':
  - !!float 1898.430
  - !!str 'MB/s'
!!str 'elapsed': [!!float 3.18, !!str 's']
---
!!str 'test':
  !!str 'name': !!str 'sync-test'
  !!str 'size':
  - !!int 96
  - !!str 'MB'
  !!str 'kiter': !!int 100
!!str 'cuda':
  !!str 'Kernel':
  - !!float 34.683
  - !!str 'ms'
  !!str 'To Device':
  - !!float 15.738
  - !!str 'ms'
  !!str 'To Host':
  - !!float 15.803
  - !!str 'ms'
  !!str 'Bandwidth (To Device)':
  - !!float 6099.743
  - !!str 'MB/s'
  !!str 'Bandwidth (To Host)':
  - !!float 6074.621
  - !!str 'MB/s'
!!str 'host':
  !!str 'Kernel':
  - !!float 0.030
  - !!str 'ms'
  !!str 'Local':
  - !!float 13.182
  - !!str 'ms'
  !!str 'To Device':
  - !!float 16.070
  - !!str 'ms'
  !!str 'To Host':
  - !!float 50.582
  - !!str 'ms'
  !!str 'Bandwidth (To Device)':
  - !!float 5973.944
  - !!str 'MB/s'
  !!str 'Bandwidth (To Host)':
  - !!float 1897.905
  - !!str 'MB/s'
!!str 'elapsed': [!!float 3.18, !!str 's']
---
!!str 'test':
  !!str 'name': !!str 'sync-test'
  !!str 'size':
  - !!int 96
  - !!str 'MB'
  !!str 'kiter': !!int 100
!!str 'cuda':
  !!str 'Kernel':
  - !!float 34.698
  - !!str 'ms'
  !!str 'To Device':
  - !!float 15.753
  - !!str 'ms'
  !!str 'To Host':
  - !!float 15.806
  - !!str 'ms'
  !!str 'Bandwidth (To Device)':
  - !!float 6094.056
  - !!str 'MB/s'
  !!str 'Bandwidth (To Host)':
  - !!float 6073.834
  - !!str 'MB/s'
!!str 'host':
  !!str 'Kernel':
  - !!float 0.029
  - !!str 'ms'
  !!str 'Local':
  - !!float 13.182
  - !!str 'ms'
  !!str 'To Device':
  - !!float 16.086
  - !!str 'ms'
  !!str 'To Host':
  - !!float 50.598
  - !!str 'ms'
  !!str 'Bandwidth (To Device)':
  - !!float 5967.855
  - !!str 'MB/s'
  !!str 'Bandwidth (To Host)':
  - !!float 1897.308
  - !!str 'MB/s'
!!str 'elapsed': [!!float 3.19, !!str 's']
---
!!str 'test':
  !!str 'name': !!str 'sync-test'
  !!str 'size':
  - !!int 96
  - !!str 'MB'
  !!str 'kiter': !!int 100
!!str 'cuda':
  !!str 'Kernel':
  - !!float 34.702
  - !!str 'ms'
  !!str 'To Device':
  - !!float 17.609
  - !!str 'ms'
  !!str 'To Host':
  - !!float 16.506
  - !!str 'ms'
  !!str 'Bandwidth (To Device)':
  - !!float 5451.770
  - !!str 'MB/s'
  !!str 'Bandwidth (To Host)':
  - !!float 5816.241
  - !!str 'MB/s'
!!str 'host':
  !!str 'Kernel':
  - !!float 0.041
  - !!str 'ms'
  !!str 'Local':
  - !!float 18.759
  - !!str 'ms'
  !!str 'To Device':
  - !!float 17.955
  - !!str 'ms'
  !!str 'To Host':
  - !!float 51.268
  - !!str 'ms'
  !!str 'Bandwidth (To Device)':
  - !!float 5346.795
  - !!str 'MB/s'
  !!str 'Bandwidth (To Host)':
  - !!float 1872.523
  - !!str 'MB/s'
!!str 'elapsed': [!!float 3.21, !!str 's']
---
!!str 'test':
  !!str 'name': !!str 'sync-test'
  !!str 'size':
  - !!int 96
  - !!str 'MB'
  !!str 'kiter': !!int 100
!!str 'cuda':
  !!str 'Kernel':
  - !!float 34.692
  - !!str 'ms'
  !!str 'To Device':
  - !!float 15.673
  - !!str 'ms'
  !!str 'To Host':
  - !!float 15.752
  - !!str 'ms'
  !!str 'Bandwidth (To Device)':
  - !!float 6125.312
  - !!str 'MB/s'
  !!str 'Bandwidth (To Host)':
  - !!float 6094.353
  - !!str 'MB/s'
!!str 'host':
  !!str 'Kernel':
  - !!float 0.031
  - !!str 'ms'
  !!str 'Local':
  - !!float 13.181
  - !!str 'ms'
  !!str 'To Device':
  - !!float 16.002
  - !!str 'ms'
  !!str 'To Host':
  - !!float 50.541
  - !!str 'ms'
  !!str 'Bandwidth (To Device)':
  - !!float 5999.277
  - !!str 'MB/s'
  !!str 'Bandwidth (To Host)':
  - !!float 1899.448
  - !!str 'MB/s'
!!str 'elapsed': [!!float 3.18, !!str 's']
---
!!str 'test':
  !!str 'name': !!str 'sync-test'
  !!str 'size':
  - !!int 96
  - !!str 'MB'
  !!str 'kiter': !!int 100
!!str 'cuda':
  !!str 'Kernel':
  - !!float 34.682
  - !!str 'ms'
  !!str 'To Device':
  - !!float 17.267
  - !!str 'ms'
  !!str 'To Host':
  - !!float 16.490
  - !!str 'ms'
  !!str 'Bandwidth (To Device)':
  - !!float 5559.715
  - !!str 'MB/s'
  !!str 'Bandwidth (To Host)':
  - !!float 5821.795
  - !!str 'MB/s'
!!str 'host':
  !!str 'Kernel':
  - !!float 0.039
  - !!str 'ms'
  !!str 'Local':
  - !!float 18.327
  - !!str 'ms'
  !!str 'To Device':
  - !!float 17.607
  - !!str 'ms'
  !!str 'To Host':
  - !!float 51.241
  - !!str 'ms'
  !!str 'Bandwidth (To Device)':
  - !!float 5452.429
  - !!str 'MB/s'
  !!str 'Bandwidth (To Host)':
  - !!float 1873.504
  - !!str 'MB/s'
!!str 'elapsed': [!!float 3.22, !!str 's']
