---
!!str 'test':
  !!str 'name': !!str 'sync-test'
  !!str 'size':
  - !!int 9
  - !!str 'MB'
  !!str 'kiter': !!int 100
!!str 'cuda':
  !!str 'Kernel':
  - !!float 3.268
  - !!str 'ms'
  !!str 'To Device':
  - !!float 1.710
  - !!str 'ms'
  !!str 'To Host':
  - !!float 1.639
  - !!str 'ms'
  !!str 'Bandwidth (To Device)':
  - !!float 5263.662
  - !!str 'MB/s'
  !!str 'Bandwidth (To Host)':
  - !!float 5492.267
  - !!str 'MB/s'
!!str 'host':
  !!str 'Kernel':
  - !!float 0.023
  - !!str 'ms'
  !!str 'Local':
  - !!float 1.269
  - !!str 'ms'
  !!str 'To Device':
  - !!float 1.609
  - !!str 'ms'
  !!str 'To Host':
  - !!float 5.019
  - !!str 'ms'
  !!str 'Bandwidth (To Device)':
  - !!float 5593.438
  - !!str 'MB/s'
  !!str 'Bandwidth (To Host)':
  - !!float 1793.125
  - !!str 'MB/s'
!!str 'elapsed': [!!float 3.08, !!str 's']
---
!!str 'test':
  !!str 'name': !!str 'sync-test'
  !!str 'size':
  - !!int 9
  - !!str 'MB'
  !!str 'kiter': !!int 100
!!str 'cuda':
  !!str 'Kernel':
  - !!float 3.269
  - !!str 'ms'
  !!str 'To Device':
  - !!float 1.749
  - !!str 'ms'
  !!str 'To Host':
  - !!float 1.653
  - !!str 'ms'
  !!str 'Bandwidth (To Device)':
  - !!float 5145.126
  - !!str 'MB/s'
  !!str 'Bandwidth (To Host)':
  - !!float 5445.583
  - !!str 'MB/s'
!!str 'host':
  !!str 'Kernel':
  - !!float 0.026
  - !!str 'ms'
  !!str 'Local':
  - !!float 1.277
  - !!str 'ms'
  !!str 'To Device':
  - !!float 1.663
  - !!str 'ms'
  !!str 'To Host':
  - !!float 5.015
  - !!str 'ms'
  !!str 'Bandwidth (To Device)':
  - !!float 5412.727
  - !!str 'MB/s'
  !!str 'Bandwidth (To Host)':
  - !!float 1794.751
  - !!str 'MB/s'
!!str 'elapsed': [!!float 3.11, !!str 's']
---
!!str 'test':
  !!str 'name': !!str 'sync-test'
  !!str 'size':
  - !!int 9
  - !!str 'MB'
  !!str 'kiter': !!int 100
!!str 'cuda':
  !!str 'Kernel':
  - !!float 3.269
  - !!str 'ms'
  !!str 'To Device':
  - !!float 2.195
  - !!str 'ms'
  !!str 'To Host':
  - !!float 2.194
  - !!str 'ms'
  !!str 'Bandwidth (To Device)':
  - !!float 4099.347
  - !!str 'MB/s'
  !!str 'Bandwidth (To Host)':
  - !!float 4101.499
  - !!str 'MB/s'
!!str 'host':
  !!str 'Kernel':
  - !!float 0.044
  - !!str 'ms'
  !!str 'Local':
  - !!float 2.744
  - !!str 'ms'
  !!str 'To Device':
  - !!float 2.117
  - !!str 'ms'
  !!str 'To Host':
  - !!float 5.519
  - !!str 'ms'
  !!str 'Bandwidth (To Device)':
  - !!float 4252.054
  - !!str 'MB/s'
  !!str 'Bandwidth (To Host)':
  - !!float 1630.612
  - !!str 'MB/s'
!!str 'elapsed': [!!float 3.13, !!str 's']
---
!!str 'test':
  !!str 'name': !!str 'sync-test'
  !!str 'size':
  - !!int 9
  - !!str 'MB'
  !!str 'kiter': !!int 100
!!str 'cuda':
  !!str 'Kernel':
  - !!float 3.268
  - !!str 'ms'
  !!str 'To Device':
  - !!float 1.710
  - !!str 'ms'
  !!str 'To Host':
  - !!float 1.685
  - !!str 'ms'
  !!str 'Bandwidth (To Device)':
  - !!float 5263.662
  - !!str 'MB/s'
  !!str 'Bandwidth (To Host)':
  - !!float 5342.147
  - !!str 'MB/s'
!!str 'host':
  !!str 'Kernel':
  - !!float 0.024
  - !!str 'ms'
  !!str 'Local':
  - !!float 1.281
  - !!str 'ms'
  !!str 'To Device':
  - !!float 1.606
  - !!str 'ms'
  !!str 'To Host':
  - !!float 5.065
  - !!str 'ms'
  !!str 'Bandwidth (To Device)':
  - !!float 5602.620
  - !!str 'MB/s'
  !!str 'Bandwidth (To Host)':
  - !!float 1776.768
  - !!str 'MB/s'
!!str 'elapsed': [!!float 3.11, !!str 's']
---
!!str 'test':
  !!str 'name': !!str 'sync-test'
  !!str 'size':
  - !!int 9
  - !!str 'MB'
  !!str 'kiter': !!int 100
!!str 'cuda':
  !!str 'Kernel':
  - !!float 3.267
  - !!str 'ms'
  !!str 'To Device':
  - !!float 1.968
  - !!str 'ms'
  !!str 'To Host':
  - !!float 1.986
  - !!str 'ms'
  !!str 'Bandwidth (To Device)':
  - !!float 4573.807
  - !!str 'MB/s'
  !!str 'Bandwidth (To Host)':
  - !!float 4530.777
  - !!str 'MB/s'
!!str 'host':
  !!str 'Kernel':
  - !!float 0.036
  - !!str 'ms'
  !!str 'Local':
  - !!float 2.364
  - !!str 'ms'
  !!str 'To Device':
  - !!float 1.873
  - !!str 'ms'
  !!str 'To Host':
  - !!float 5.339
  - !!str 'ms'
  !!str 'Bandwidth (To Device)':
  - !!float 4805.528
  - !!str 'MB/s'
  !!str 'Bandwidth (To Host)':
  - !!float 1685.684
  - !!str 'MB/s'
!!str 'elapsed': [!!float 3.10, !!str 's']
---
!!str 'test':
  !!str 'name': !!str 'sync-test'
  !!str 'size':
  - !!int 9
  - !!str 'MB'
  !!str 'kiter': !!int 100
!!str 'cuda':
  !!str 'Kernel':
  - !!float 3.269
  - !!str 'ms'
  !!str 'To Device':
  - !!float 1.829
  - !!str 'ms'
  !!str 'To Host':
  - !!float 1.689
  - !!str 'ms'
  !!str 'Bandwidth (To Device)':
  - !!float 4921.483
  - !!str 'MB/s'
  !!str 'Bandwidth (To Host)':
  - !!float 5327.979
  - !!str 'MB/s'
!!str 'host':
  !!str 'Kernel':
  - !!float 0.032
  - !!str 'ms'
  !!str 'Local':
  - !!float 1.598
  - !!str 'ms'
  !!str 'To Device':
  - !!float 1.730
  - !!str 'ms'
  !!str 'To Host':
  - !!float 5.047
  - !!str 'ms'
  !!str 'Bandwidth (To Device)':
  - !!float 5201.929
  - !!str 'MB/s'
  !!str 'Bandwidth (To Host)':
  - !!float 1783.181
  - !!str 'MB/s'
!!str 'elapsed': [!!float 3.11, !!str 's']
---
!!str 'test':
  !!str 'name': !!str 'sync-test'
  !!str 'size':
  - !!int 9
  - !!str 'MB'
  !!str 'kiter': !!int 100
!!str 'cuda':
  !!str 'Kernel':
  - !!float 3.269
  - !!str 'ms'
  !!str 'To Device':
  - !!float 1.722
  - !!str 'ms'
  !!str 'To Host':
  - !!float 1.665
  - !!str 'ms'
  !!str 'Bandwidth (To Device)':
  - !!float 5227.075
  - !!str 'MB/s'
  !!str 'Bandwidth (To Host)':
  - !!float 5404.770
  - !!str 'MB/s'
!!str 'host':
  !!str 'Kernel':
  - !!float 0.025
  - !!str 'ms'
  !!str 'Local':
  - !!float 1.354
  - !!str 'ms'
  !!str 'To Device':
  - !!float 1.620
  - !!str 'ms'
  !!str 'To Host':
  - !!float 5.043
  - !!str 'ms'
  !!str 'Bandwidth (To Device)':
  - !!float 5553.857
  - !!str 'MB/s'
  !!str 'Bandwidth (To Host)':
  - !!float 1784.723
  - !!str 'MB/s'
!!str 'elapsed': [!!float 3.10, !!str 's']
---
!!str 'test':
  !!str 'name': !!str 'sync-test'
  !!str 'size':
  - !!int 9
  - !!str 'MB'
  !!str 'kiter': !!int 100
!!str 'cuda':
  !!str 'Kernel':
  - !!float 3.268
  - !!str 'ms'
  !!str 'To Device':
  - !!float 1.755
  - !!str 'ms'
  !!str 'To Host':
  - !!float 1.642
  - !!str 'ms'
  !!str 'Bandwidth (To Device)':
  - !!float 5129.361
  - !!str 'MB/s'
  !!str 'Bandwidth (To Host)':
  - !!float 5480.494
  - !!str 'MB/s'
!!str 'host':
  !!str 'Kernel':
  - !!float 0.030
  - !!str 'ms'
  !!str 'Local':
  - !!float 1.342
  - !!str 'ms'
  !!str 'To Device':
  - !!float 1.644
  - !!str 'ms'
  !!str 'To Host':
  - !!float 5.022
  - !!str 'ms'
  !!str 'Bandwidth (To Device)':
  - !!float 5475.080
  - !!str 'MB/s'
  !!str 'Bandwidth (To Host)':
  - !!float 1792.017
  - !!str 'MB/s'
!!str 'elapsed': [!!float 3.12, !!str 's']
---
!!str 'test':
  !!str 'name': !!str 'sync-test'
  !!str 'size':
  - !!int 9
  - !!str 'MB'
  !!str 'kiter': !!int 100
!!str 'cuda':
  !!str 'Kernel':
  - !!float 3.268
  - !!str 'ms'
  !!str 'To Device':
  - !!float 2.151
  - !!str 'ms'
  !!str 'To Host':
  - !!float 2.103
  - !!str 'ms'
  !!str 'Bandwidth (To Device)':
  - !!float 4183.806
  - !!str 'MB/s'
  !!str 'Bandwidth (To Host)':
  - !!float 4280.075
  - !!str 'MB/s'
!!str 'host':
  !!str 'Kernel':
  - !!float 0.042
  - !!str 'ms'
  !!str 'Local':
  - !!float 2.563
  - !!str 'ms'
  !!str 'To Device':
  - !!float 2.070
  - !!str 'ms'
  !!str 'To Host':
  - !!float 5.430
  - !!str 'ms'
  !!str 'Bandwidth (To Device)':
  - !!float 4348.493
  - !!str 'MB/s'
  !!str 'Bandwidth (To Host)':
  - !!float 1657.483
  - !!str 'MB/s'
!!str 'elapsed': [!!float 3.13, !!str 's']
---
!!str 'test':
  !!str 'name': !!str 'sync-test'
  !!str 'size':
  - !!int 9
  - !!str 'MB'
  !!str 'kiter': !!int 100
!!str 'cuda':
  !!str 'Kernel':
  - !!float 3.266
  - !!str 'ms'
  !!str 'To Device':
  - !!float 2.179
  - !!str 'ms'
  !!str 'To Host':
  - !!float 2.098
  - !!str 'ms'
  !!str 'Bandwidth (To Device)':
  - !!float 4130.533
  - !!str 'MB/s'
  !!str 'Bandwidth (To Host)':
  - !!float 4290.456
  - !!str 'MB/s'
!!str 'host':
  !!str 'Kernel':
  - !!float 0.041
  - !!str 'ms'
  !!str 'Local':
  - !!float 2.580
  - !!str 'ms'
  !!str 'To Device':
  - !!float 2.112
  - !!str 'ms'
  !!str 'To Host':
  - !!float 5.413
  - !!str 'ms'
  !!str 'Bandwidth (To Device)':
  - !!float 4261.118
  - !!str 'MB/s'
  !!str 'Bandwidth (To Host)':
  - !!float 1662.627
  - !!str 'MB/s'
!!str 'elapsed': [!!float 3.13, !!str 's']
